#
# A fatal error has been detected by the Java Runtime Environment:
#
#  EXCEPTION_ACCESS_VIOLATION (0xc0000005) at pc=0x00007ffb9b8bcf2c, pid=7196, tid=7016
#
# JRE version: OpenJDK Runtime Environment Temurin-17.0.5+8 (17.0.5+8) (build 17.0.5+8)
# Java VM: OpenJDK 64-Bit Server VM Temurin-17.0.5+8 (17.0.5+8, mixed mode, sharing, tiered, compressed oops, compressed class ptrs, g1 gc, windows-amd64)
# Problematic frame:
# C  [igxelpicd64.dll+0x30cf2c]
#
# No core dump will be written. Minidumps are not enabled by default on client versions of Windows
#
# If you would like to submit a bug report, please visit:
#   https://github.com/adoptium/adoptium-support/issues
# The crash happened outside the Java Virtual Machine in native code.
# See problematic frame for where to report the bug.
#

---------------  S U M M A R Y ------------

Command Line: -agentlib:jdwp=transport=dt_socket,address=8409,server=y,suspend=y,quiet=y -Djna.nosys=true -Djava.library.path=;D:\GIT_HUB\WEB-DEVELOPMENT\processing_related\processing-4.1.1\core\library\windows-amd64;C:\Users\HP PC\OneDrive\Documents\Processing\libraries\peasycam\library;D:\GIT_HUB\WEB-DEVELOPMENT\processing_related\processing-4.1.1\java\bin;C:\WINDOWS\system32;C:\WINDOWS;C:\Program Files\Common Files\Oracle\Java\javapath;C:\Program Files (x86)\Common Files\Oracle\Java\javapath;C:\WINDOWS\system32;C:\WINDOWS;C:\WINDOWS\System32\Wbem;C:\WINDOWS\System32\WindowsPowerShell\v1.0;C:\WINDOWS\System32\OpenSSH;C:\mingw\mingw32\bin;C:\Program Files\Python310;C:\Program Files\Java\jdk-18.0.1.1\bin;C:\Program Files\Git\cmd;C:\Program Files\nodejs;C:\Program Files\MySQL\MySQL Shell 8.0\bin;C:\Users\HP PC\AppData\Local\Microsoft\WindowsApps;C:\Users\HP PC\AppData\Local\Programs\Microsoft VS Code\bin;C:\Program Files\Python310\Scripts;C:\Users\HP PC\AppData\Local\Programs\MiKTeX\miktex\bin\x64;C:\Users\HP PC\AppData\Roaming\npm;D:\GIT_HUB\WEB-DEVELOPMENT\processing_related\processing-4.1.1\java\bin;. -ea processing.core.PApplet --location=1209,138 --external --display=1 --sketch-path=D:\GIT_HUB\WEB-DEVELOPMENT\processing_related\madelbulb_3d --ui-scale=1 madelbulb_3d

Host: 11th Gen Intel(R) Core(TM) i5-1135G7 @ 2.40GHz, 8 cores, 7G,  Windows 11 , 64 bit Build 22621 (10.0.22621.1105)
Time: Mon Jan 16 15:27:45 2023 India Standard Time elapsed time: 15.975367 seconds (0d 0h 0m 15s)

---------------  T H R E A D  ---------------

Current thread (0x000001b6ffd068d0):  JavaThread "JDWP Transport Listener: dt_socket" daemon [_thread_in_native, id=7016, stack(0x0000006252600000,0x0000006252700000)]

Stack: [0x0000006252600000,0x0000006252700000],  sp=0x00000062526fe930,  free space=1018k
Native frames: (J=compiled Java code, j=interpreted, Vv=VM code, C=native code)
C  [igxelpicd64.dll+0x30cf2c]


siginfo: EXCEPTION_ACCESS_VIOLATION (0xc0000005), reading address 0x00000000000356f8


Register to memory mapping:

RIP=0x00007ffb9b8bcf2c igxelpicd64.dll
RAX=0x000001b6ad168280 points into unknown readable memory: 0x0000000000019a6f | 6f 9a 01 00 00 00 00 00
RBX=0x000001b69cd782b0 points into unknown readable memory: 0xffffffffffffffff | ff ff ff ff ff ff ff ff
RCX=0x0 is NULL
RDX=0x0000000000000004 is an unknown value
RSP=0x00000062526fe930 is pointing into the stack for thread: 0x000001b6ffd068d0
RBP=0x0000000000000016 is an unknown value
RSI=0x000001b69efb30f0 points into unknown readable memory: 0x65706f2f706d6100 | 00 61 6d 70 2f 6f 70 65
RDI=0x0 is NULL
R8 =0x0000000000000014 is an unknown value
R9 =0x0 is NULL
R10=0x0 is NULL
R11=0x0000000000000246 is an unknown value
R12=0x000001b6ad168628 points into unknown readable memory: 0x000001b6ad169350 | 50 93 16 ad b6 01 00 00
R13=0x0 is NULL
R14=0x000001b6ad168060 points into unknown readable memory: 0x000001b69cdebf90 | 90 bf de 9c b6 01 00 00
R15=0x0 is NULL


Registers:
RAX=0x000001b6ad168280, RBX=0x000001b69cd782b0, RCX=0x0000000000000000, RDX=0x0000000000000004
RSP=0x00000062526fe930, RBP=0x0000000000000016, RSI=0x000001b69efb30f0, RDI=0x0000000000000000
R8 =0x0000000000000014, R9 =0x0000000000000000, R10=0x0000000000000000, R11=0x0000000000000246
R12=0x000001b6ad168628, R13=0x0000000000000000, R14=0x000001b6ad168060, R15=0x0000000000000000
RIP=0x00007ffb9b8bcf2c, EFLAGS=0x0000000000010202

Top of Stack: (sp=0x00000062526fe930)
0x00000062526fe930:   000001b69cd782b0 00007ffbf82841a9
0x00000062526fe940:   00000062526fe9c8 0000000000000000
0x00000062526fe950:   0000000000000054 000001b69cd782b0
0x00000062526fe960:   0000000000000000 00007ffbfa4f2e44
0x00000062526fe970:   0000200100000000 00007ffb9b5fe41d
0x00000062526fe980:   000000007a000004 000001b69f4b2b78
0x00000062526fe990:   0000000000019a76 0000000000000000
0x00000062526fe9a0:   0000000000000015 0000000000000000
0x00000062526fe9b0:   0000000000000000 00000062526fead0
0x00000062526fe9c0:   000001b69efb30f0 00007ffb9b79d62c
0x00000062526fe9d0:   000001b600000016 000001b6ad169350
0x00000062526fe9e0:   000001b69f4b2800 000001b69f47dd00
0x00000062526fe9f0:   0000006200000808 0000b80219b30000
0x00000062526fea00:   0000000000000000 0237efde022769de
0x00000062526fea10:   0000002802432900 000080040035e000
0x00000062526fea20:   0201bce001a11fe0 027e66e1022518e1 

Instructions: (pc=0x00007ffb9b8bcf2c)
0x00007ffb9b8bce2c:   41 bf 20 00 00 00 48 8b 04 38 4d 8b 3c 07 0f b6
0x00007ffb9b8bce3c:   bc 24 b0 00 00 00 4c 3b 3d f7 b6 c3 00 41 0f 44
0x00007ffb9b8bce4c:   e9 89 ac 24 a0 00 00 00 48 85 c9 0f 84 d4 07 00
0x00007ffb9b8bce5c:   00 0f 1f 00 4c 8b f1 4c 8d a1 c8 05 00 00 49 8b
0x00007ffb9b8bce6c:   04 24 48 89 84 24 a8 00 00 00 40 84 ff 74 10 48
0x00007ffb9b8bce7c:   8b d1 48 8b 09 e8 0a 49 ee ff e9 4f 07 00 00 8b
0x00007ffb9b8bce8c:   96 c8 01 00 00 48 8b 05 78 9a b3 00 83 b8 64 03
0x00007ffb9b8bce9c:   00 00 02 0f 85 18 02 00 00 83 fa 10 73 0e 48 8d
0x00007ffb9b8bceac:   42 04 48 8d 04 c2 48 8d 04 c1 eb 60 8d 4a f0 8b
0x00007ffb9b8bcebc:   c1 c1 e8 04 83 f8 03 73 1d 0f ae e8 83 e1 0f 4d
0x00007ffb9b8bcecc:   8b 84 c6 80 05 00 00 4d 85 c0 74 25 48 8d 0c c9
0x00007ffb9b8bcedc:   49 8d 04 c8 eb 36 49 8b 86 98 05 00 00 48 85 c0
0x00007ffb9b8bceec:   74 0f 66 90 39 10 74 2f 48 8b 40 50 48 85 c0 75
0x00007ffb9b8bcefc:   f3 41 80 be a0 05 00 00 00 74 22 8b c2 83 e0 0f
0x00007ffb9b8bcf0c:   48 8d 04 c0 48 8d 40 20 49 8d 04 c6 48 85 c0 74
0x00007ffb9b8bcf1c:   0c 48 8b 48 08 eb 09 48 83 c0 08 eb ef 49 8b c9
0x00007ffb9b8bcf2c:   49 3b 8f f8 56 03 00 0f 86 84 01 00 00 83 fa 10
0x00007ffb9b8bcf3c:   73 0a 48 8d 42 04 48 8d 04 c2 eb 5c 8d 4a f0 8b
0x00007ffb9b8bcf4c:   c1 c1 e8 04 83 f8 03 73 1d 0f ae e8 83 e1 0f 4d
0x00007ffb9b8bcf5c:   8b 84 c6 80 05 00 00 4d 85 c0 74 25 48 8d 0c c9
0x00007ffb9b8bcf6c:   49 8d 04 c8 eb 36 49 8b 86 98 05 00 00 48 85 c0
0x00007ffb9b8bcf7c:   74 0f 66 90 39 10 74 2f 48 8b 40 50 48 85 c0 75
0x00007ffb9b8bcf8c:   f3 41 80 be a0 05 00 00 00 74 22 8b c2 83 e0 0f
0x00007ffb9b8bcf9c:   48 8d 04 c0 48 8d 40 20 49 8d 04 c6 48 85 c0 74
0x00007ffb9b8bcfac:   0c 48 8b 48 08 eb 09 48 83 c0 08 eb ef 49 8b c9
0x00007ffb9b8bcfbc:   49 3b 8e 40 06 00 00 0f 86 f4 00 00 00 48 8b 86
0x00007ffb9b8bcfcc:   78 02 00 00 49 89 04 24 4c 89 b6 78 02 00 00 ff
0x00007ffb9b8bcfdc:   86 80 02 00 00 49 8b 46 08 48 8b 88 18 01 00 00
0x00007ffb9b8bcfec:   48 81 e1 00 00 ff ff 48 81 c1 00 00 01 00 48 01
0x00007ffb9b8bcffc:   8e 88 02 00 00 ba 01 00 00 00 49 8b 4e 08 e8 b1
0x00007ffb9b8bd00c:   91 d4 ff 48 01 86 98 02 00 00 85 ed 74 75 49 8b
0x00007ffb9b8bd01c:   9f 58 4f 03 00 0f 57 c0 f3 0f 7f 44 24 30 c7 44 


Stack slot to memory mapping:
stack at sp + 0 slots: 0x000001b69cd782b0 points into unknown readable memory: 0xffffffffffffffff | ff ff ff ff ff ff ff ff
stack at sp + 1 slots: 0x00007ffbf82841a9 USER32.dll
stack at sp + 2 slots: 0x00000062526fe9c8 is pointing into the stack for thread: 0x000001b6ffd068d0
stack at sp + 3 slots: 0x0 is NULL
stack at sp + 4 slots: 0x0000000000000054 is an unknown value
stack at sp + 5 slots: 0x000001b69cd782b0 points into unknown readable memory: 0xffffffffffffffff | ff ff ff ff ff ff ff ff
stack at sp + 6 slots: 0x0 is NULL
stack at sp + 7 slots: 0x00007ffbfa4f2e44 ntdll.dll


---------------  P R O C E S S  ---------------

Threads class SMR info:
_java_thread_list=0x000001b69f081560, length=21, elements={
0x000001b6ff0f51c0, 0x000001b6ff0f5b70, 0x000001b6ff10c4c0, 0x000001b6ff10ce70,
0x000001b6ff10d820, 0x000001b6ff10e1d0, 0x000001b6ff11a9d0, 0x000001b6ff11e3e0,
0x000001b6ff11fcf0, 0x000001b6ffd068d0, 0x000001b6ffd09b80, 0x000001b6ffd10d70,
0x000001b6ffd1a700, 0x000001b69c7bdaf0, 0x000001b69c7c4290, 0x000001b69ce87060,
0x000001b69efdf840, 0x000001b69eff2cc0, 0x000001b69efe5b50, 0x000001b69efe1600,
0x000001b69f380bd0
}

Java Threads: ( => current thread )
  0x000001b6ff0f51c0 JavaThread "Reference Handler" daemon [_thread_blocked, id=19712, stack(0x0000006251d00000,0x0000006251e00000)]
  0x000001b6ff0f5b70 JavaThread "Finalizer" daemon [_thread_blocked, id=20088, stack(0x0000006251e00000,0x0000006251f00000)]
  0x000001b6ff10c4c0 JavaThread "Signal Dispatcher" daemon [_thread_blocked, id=8464, stack(0x0000006251f00000,0x0000006252000000)]
  0x000001b6ff10ce70 JavaThread "Attach Listener" daemon [_thread_blocked, id=7164, stack(0x0000006252000000,0x0000006252100000)]
  0x000001b6ff10d820 JavaThread "Service Thread" daemon [_thread_blocked, id=2436, stack(0x0000006252100000,0x0000006252200000)]
  0x000001b6ff10e1d0 JavaThread "Monitor Deflation Thread" daemon [_thread_blocked, id=8796, stack(0x0000006252200000,0x0000006252300000)]
  0x000001b6ff11a9d0 JavaThread "C2 CompilerThread0" daemon [_thread_blocked, id=18572, stack(0x0000006252300000,0x0000006252400000)]
  0x000001b6ff11e3e0 JavaThread "C1 CompilerThread0" daemon [_thread_blocked, id=4444, stack(0x0000006252400000,0x0000006252500000)]
  0x000001b6ff11fcf0 JavaThread "Sweeper thread" daemon [_thread_blocked, id=18080, stack(0x0000006252500000,0x0000006252600000)]
=>0x000001b6ffd068d0 JavaThread "JDWP Transport Listener: dt_socket" daemon [_thread_in_native, id=7016, stack(0x0000006252600000,0x0000006252700000)]
  0x000001b6ffd09b80 JavaThread "JDWP Event Helper Thread" daemon [_thread_blocked, id=9528, stack(0x0000006252700000,0x0000006252800000)]
  0x000001b6ffd10d70 JavaThread "Notification Thread" daemon [_thread_blocked, id=5332, stack(0x0000006252900000,0x0000006252a00000)]
  0x000001b6ffd1a700 JavaThread "Common-Cleaner" daemon [_thread_blocked, id=10736, stack(0x0000006252b00000,0x0000006252c00000)]
  0x000001b69c7bdaf0 JavaThread "Java2D Disposer" daemon [_thread_blocked, id=13816, stack(0x0000006252c00000,0x0000006252d00000)]
  0x000001b69c7c4290 JavaThread "AWT-Windows" daemon [_thread_in_native, id=10740, stack(0x0000006252e00000,0x0000006252f00000)]
  0x000001b69ce87060 JavaThread "main-SharedResourceRunner" daemon [_thread_blocked, id=3300, stack(0x0000006252f00000,0x0000006253000000)]
  0x000001b69efdf840 JavaThread "main-Display-.windows_nil-1-EDT-1" daemon [_thread_blocked, id=8028, stack(0x0000006253b00000,0x0000006253c00000)]
  0x000001b69eff2cc0 JavaThread "HighResTimerThread" daemon [_thread_blocked, id=7336, stack(0x0000006253c00000,0x0000006253d00000)]
  0x000001b69efe5b50 JavaThread "Thread-2" [_thread_blocked, id=10856, stack(0x0000006253d00000,0x0000006253e00000)]
  0x000001b69efe1600 JavaThread "main-FPSAWTAnimator#00-Timer0" [_thread_in_native, id=19664, stack(0x0000006253e00000,0x0000006253f00000)]
  0x000001b69f380bd0 JavaThread "DestroyJavaVM" [_thread_blocked, id=2692, stack(0x0000006251600000,0x0000006251700000)]

Other Threads:
  0x000001b6ff0ed800 VMThread "VM Thread" [stack: 0x0000006251c00000,0x0000006251d00000] [id=12852]
  0x000001b6fd7c29f0 WatcherThread [stack: 0x0000006252a00000,0x0000006252b00000] [id=15640]
  0x000001b6fd7a8090 GCTaskThread "GC Thread#0" [stack: 0x0000006251700000,0x0000006251800000] [id=5308]
  0x000001b69eb0f290 GCTaskThread "GC Thread#1" [stack: 0x0000006253400000,0x0000006253500000] [id=19824]
  0x000001b69eb0f540 GCTaskThread "GC Thread#2" [stack: 0x0000006253500000,0x0000006253600000] [id=9692]
  0x000001b69eb0f7f0 GCTaskThread "GC Thread#3" [stack: 0x0000006253600000,0x0000006253700000] [id=3456]
  0x000001b69eb0faa0 GCTaskThread "GC Thread#4" [stack: 0x0000006253700000,0x0000006253800000] [id=17560]
  0x000001b69eb0fd50 GCTaskThread "GC Thread#5" [stack: 0x0000006253800000,0x0000006253900000] [id=19372]
  0x000001b69eb31a80 GCTaskThread "GC Thread#6" [stack: 0x0000006253900000,0x0000006253a00000] [id=20288]
  0x000001b69eb31d30 GCTaskThread "GC Thread#7" [stack: 0x0000006253a00000,0x0000006253b00000] [id=5480]
  0x000001b6fd7b84d0 ConcurrentGCThread "G1 Main Marker" [stack: 0x0000006251800000,0x0000006251900000] [id=14588]
  0x000001b6fd7b8ee0 ConcurrentGCThread "G1 Conc#0" [stack: 0x0000006251900000,0x0000006251a00000] [id=9832]
  0x000001b6fd80e5f0 ConcurrentGCThread "G1 Refine#0" [stack: 0x0000006251a00000,0x0000006251b00000] [id=14328]
  0x000001b6fef9a0f0 ConcurrentGCThread "G1 Service" [stack: 0x0000006251b00000,0x0000006251c00000] [id=20364]

Threads with active compile tasks:

VM state: not at safepoint (normal execution)

VM Mutex/Monitor currently owned by a thread: None

Heap address: 0x0000000085800000, size: 1960 MB, Compressed Oops mode: 32-bit

CDS archive(s) mapped at: [0x0000000800000000-0x0000000800bc0000-0x0000000800bc0000), size 12320768, SharedBaseAddress: 0x0000000800000000, ArchiveRelocationMode: 0.
Compressed class space mapped at: 0x0000000800c00000-0x0000000840c00000, reserved size: 1073741824
Narrow klass base: 0x0000000800000000, Narrow klass shift: 0, Narrow klass range: 0x100000000

GC Precious Log:
 CPUs: 8 total, 8 available
 Memory: 7834M
 Large Page Support: Disabled
 NUMA Support: Disabled
 Compressed Oops: Enabled (32-bit)
 Heap Region Size: 1M
 Heap Min Capacity: 8M
 Heap Initial Capacity: 124M
 Heap Max Capacity: 1960M
 Pre-touch: Disabled
 Parallel Workers: 8
 Concurrent Workers: 2
 Concurrent Refinement Workers: 8
 Periodic GC: Disabled

Heap:
 garbage-first heap   total 126976K, used 53720K [0x0000000085800000, 0x0000000100000000)
  region size 1024K, 47 young (48128K), 1 survivors (1024K)
 Metaspace       used 12971K, committed 13184K, reserved 1064960K
  class space    used 928K, committed 1024K, reserved 1048576K

Heap Regions: E=young(eden), S=young(survivor), O=old, HS=humongous(starts), HC=humongous(continues), CS=collection set, F=free, OA=open archive, CA=closed archive, TAMS=top-at-mark-start (previous, next)
|   0|0x0000000085800000, 0x0000000085900000, 0x0000000085900000|100%| O|  |TAMS 0x0000000085800000, 0x0000000085800000| Untracked 
|   1|0x0000000085900000, 0x000000008595b400, 0x0000000085a00000| 35%| O|  |TAMS 0x0000000085900000, 0x0000000085900000| Untracked 
|   2|0x0000000085a00000, 0x0000000085a00000, 0x0000000085b00000|  0%| F|  |TAMS 0x0000000085a00000, 0x0000000085a00000| Untracked 
|   3|0x0000000085b00000, 0x0000000085c00000, 0x0000000085c00000|100%|HS|  |TAMS 0x0000000085b00000, 0x0000000085b00000| Complete 
|   4|0x0000000085c00000, 0x0000000085d00000, 0x0000000085d00000|100%|HC|  |TAMS 0x0000000085c00000, 0x0000000085c00000| Complete 
|   5|0x0000000085d00000, 0x0000000085e00000, 0x0000000085e00000|100%|HS|  |TAMS 0x0000000085d00000, 0x0000000085d00000| Complete 
|   6|0x0000000085e00000, 0x0000000085f00000, 0x0000000085f00000|100%| O|  |TAMS 0x0000000085e00000, 0x0000000085e00000| Untracked 
|   7|0x0000000085f00000, 0x0000000086000000, 0x0000000086000000|100%| O|  |TAMS 0x0000000085f00000, 0x0000000085f00000| Untracked 
|   8|0x0000000086000000, 0x0000000086100000, 0x0000000086100000|100%| O|  |TAMS 0x0000000086000000, 0x0000000086000000| Untracked 
|   9|0x0000000086100000, 0x0000000086100000, 0x0000000086200000|  0%| F|  |TAMS 0x0000000086100000, 0x0000000086100000| Untracked 
|  10|0x0000000086200000, 0x0000000086200000, 0x0000000086300000|  0%| F|  |TAMS 0x0000000086200000, 0x0000000086200000| Untracked 
|  11|0x0000000086300000, 0x0000000086300000, 0x0000000086400000|  0%| F|  |TAMS 0x0000000086300000, 0x0000000086300000| Untracked 
|  12|0x0000000086400000, 0x0000000086400000, 0x0000000086500000|  0%| F|  |TAMS 0x0000000086400000, 0x0000000086400000| Untracked 
|  13|0x0000000086500000, 0x0000000086500000, 0x0000000086600000|  0%| F|  |TAMS 0x0000000086500000, 0x0000000086500000| Untracked 
|  14|0x0000000086600000, 0x0000000086600000, 0x0000000086700000|  0%| F|  |TAMS 0x0000000086600000, 0x0000000086600000| Untracked 
|  15|0x0000000086700000, 0x0000000086700000, 0x0000000086800000|  0%| F|  |TAMS 0x0000000086700000, 0x0000000086700000| Untracked 
|  16|0x0000000086800000, 0x0000000086800000, 0x0000000086900000|  0%| F|  |TAMS 0x0000000086800000, 0x0000000086800000| Untracked 
|  17|0x0000000086900000, 0x0000000086900000, 0x0000000086a00000|  0%| F|  |TAMS 0x0000000086900000, 0x0000000086900000| Untracked 
|  18|0x0000000086a00000, 0x0000000086a00000, 0x0000000086b00000|  0%| F|  |TAMS 0x0000000086a00000, 0x0000000086a00000| Untracked 
|  19|0x0000000086b00000, 0x0000000086b00000, 0x0000000086c00000|  0%| F|  |TAMS 0x0000000086b00000, 0x0000000086b00000| Untracked 
|  20|0x0000000086c00000, 0x0000000086c00000, 0x0000000086d00000|  0%| F|  |TAMS 0x0000000086c00000, 0x0000000086c00000| Untracked 
|  21|0x0000000086d00000, 0x0000000086d00000, 0x0000000086e00000|  0%| F|  |TAMS 0x0000000086d00000, 0x0000000086d00000| Untracked 
|  22|0x0000000086e00000, 0x0000000086e00000, 0x0000000086f00000|  0%| F|  |TAMS 0x0000000086e00000, 0x0000000086e00000| Untracked 
|  23|0x0000000086f00000, 0x0000000086f00000, 0x0000000087000000|  0%| F|  |TAMS 0x0000000086f00000, 0x0000000086f00000| Untracked 
|  24|0x0000000087000000, 0x0000000087000000, 0x0000000087100000|  0%| F|  |TAMS 0x0000000087000000, 0x0000000087000000| Untracked 
|  25|0x0000000087100000, 0x0000000087100000, 0x0000000087200000|  0%| F|  |TAMS 0x0000000087100000, 0x0000000087100000| Untracked 
|  26|0x0000000087200000, 0x0000000087200000, 0x0000000087300000|  0%| F|  |TAMS 0x0000000087200000, 0x0000000087200000| Untracked 
|  27|0x0000000087300000, 0x0000000087300000, 0x0000000087400000|  0%| F|  |TAMS 0x0000000087300000, 0x0000000087300000| Untracked 
|  28|0x0000000087400000, 0x0000000087400000, 0x0000000087500000|  0%| F|  |TAMS 0x0000000087400000, 0x0000000087400000| Untracked 
|  29|0x0000000087500000, 0x0000000087500000, 0x0000000087600000|  0%| F|  |TAMS 0x0000000087500000, 0x0000000087500000| Untracked 
|  30|0x0000000087600000, 0x0000000087600000, 0x0000000087700000|  0%| F|  |TAMS 0x0000000087600000, 0x0000000087600000| Untracked 
|  31|0x0000000087700000, 0x0000000087700000, 0x0000000087800000|  0%| F|  |TAMS 0x0000000087700000, 0x0000000087700000| Untracked 
|  32|0x0000000087800000, 0x0000000087800000, 0x0000000087900000|  0%| F|  |TAMS 0x0000000087800000, 0x0000000087800000| Untracked 
|  33|0x0000000087900000, 0x0000000087900000, 0x0000000087a00000|  0%| F|  |TAMS 0x0000000087900000, 0x0000000087900000| Untracked 
|  34|0x0000000087a00000, 0x0000000087a00000, 0x0000000087b00000|  0%| F|  |TAMS 0x0000000087a00000, 0x0000000087a00000| Untracked 
|  35|0x0000000087b00000, 0x0000000087b00000, 0x0000000087c00000|  0%| F|  |TAMS 0x0000000087b00000, 0x0000000087b00000| Untracked 
|  36|0x0000000087c00000, 0x0000000087c00000, 0x0000000087d00000|  0%| F|  |TAMS 0x0000000087c00000, 0x0000000087c00000| Untracked 
|  37|0x0000000087d00000, 0x0000000087d00000, 0x0000000087e00000|  0%| F|  |TAMS 0x0000000087d00000, 0x0000000087d00000| Untracked 
|  38|0x0000000087e00000, 0x0000000087e00000, 0x0000000087f00000|  0%| F|  |TAMS 0x0000000087e00000, 0x0000000087e00000| Untracked 
|  39|0x0000000087f00000, 0x0000000087f00000, 0x0000000088000000|  0%| F|  |TAMS 0x0000000087f00000, 0x0000000087f00000| Untracked 
|  40|0x0000000088000000, 0x0000000088000000, 0x0000000088100000|  0%| F|  |TAMS 0x0000000088000000, 0x0000000088000000| Untracked 
|  41|0x0000000088100000, 0x0000000088100000, 0x0000000088200000|  0%| F|  |TAMS 0x0000000088100000, 0x0000000088100000| Untracked 
|  42|0x0000000088200000, 0x0000000088200000, 0x0000000088300000|  0%| F|  |TAMS 0x0000000088200000, 0x0000000088200000| Untracked 
|  43|0x0000000088300000, 0x0000000088300000, 0x0000000088400000|  0%| F|  |TAMS 0x0000000088300000, 0x0000000088300000| Untracked 
|  44|0x0000000088400000, 0x0000000088400000, 0x0000000088500000|  0%| F|  |TAMS 0x0000000088400000, 0x0000000088400000| Untracked 
|  45|0x0000000088500000, 0x0000000088500000, 0x0000000088600000|  0%| F|  |TAMS 0x0000000088500000, 0x0000000088500000| Untracked 
|  46|0x0000000088600000, 0x0000000088600000, 0x0000000088700000|  0%| F|  |TAMS 0x0000000088600000, 0x0000000088600000| Untracked 
|  47|0x0000000088700000, 0x0000000088700000, 0x0000000088800000|  0%| F|  |TAMS 0x0000000088700000, 0x0000000088700000| Untracked 
|  48|0x0000000088800000, 0x0000000088800000, 0x0000000088900000|  0%| F|  |TAMS 0x0000000088800000, 0x0000000088800000| Untracked 
|  49|0x0000000088900000, 0x000000008891acd0, 0x0000000088a00000| 10%| S|CS|TAMS 0x0000000088900000, 0x0000000088900000| Complete 
|  50|0x0000000088a00000, 0x0000000088a00000, 0x0000000088b00000|  0%| F|  |TAMS 0x0000000088a00000, 0x0000000088a00000| Untracked 
|  51|0x0000000088b00000, 0x0000000088b00000, 0x0000000088c00000|  0%| F|  |TAMS 0x0000000088b00000, 0x0000000088b00000| Untracked 
|  52|0x0000000088c00000, 0x0000000088c00000, 0x0000000088d00000|  0%| F|  |TAMS 0x0000000088c00000, 0x0000000088c00000| Untracked 
|  53|0x0000000088d00000, 0x0000000088d00000, 0x0000000088e00000|  0%| F|  |TAMS 0x0000000088d00000, 0x0000000088d00000| Untracked 
|  54|0x0000000088e00000, 0x0000000088e00000, 0x0000000088f00000|  0%| F|  |TAMS 0x0000000088e00000, 0x0000000088e00000| Untracked 
|  55|0x0000000088f00000, 0x0000000088f00000, 0x0000000089000000|  0%| F|  |TAMS 0x0000000088f00000, 0x0000000088f00000| Untracked 
|  56|0x0000000089000000, 0x0000000089000000, 0x0000000089100000|  0%| F|  |TAMS 0x0000000089000000, 0x0000000089000000| Untracked 
|  57|0x0000000089100000, 0x0000000089100000, 0x0000000089200000|  0%| F|  |TAMS 0x0000000089100000, 0x0000000089100000| Untracked 
|  58|0x0000000089200000, 0x0000000089200000, 0x0000000089300000|  0%| F|  |TAMS 0x0000000089200000, 0x0000000089200000| Untracked 
|  59|0x0000000089300000, 0x0000000089300000, 0x0000000089400000|  0%| F|  |TAMS 0x0000000089300000, 0x0000000089300000| Untracked 
|  60|0x0000000089400000, 0x0000000089400000, 0x0000000089500000|  0%| F|  |TAMS 0x0000000089400000, 0x0000000089400000| Untracked 
|  61|0x0000000089500000, 0x0000000089500000, 0x0000000089600000|  0%| F|  |TAMS 0x0000000089500000, 0x0000000089500000| Untracked 
|  62|0x0000000089600000, 0x0000000089600000, 0x0000000089700000|  0%| F|  |TAMS 0x0000000089600000, 0x0000000089600000| Untracked 
|  63|0x0000000089700000, 0x0000000089700000, 0x0000000089800000|  0%| F|  |TAMS 0x0000000089700000, 0x0000000089700000| Untracked 
|  64|0x0000000089800000, 0x0000000089800000, 0x0000000089900000|  0%| F|  |TAMS 0x0000000089800000, 0x0000000089800000| Untracked 
|  65|0x0000000089900000, 0x0000000089900000, 0x0000000089a00000|  0%| F|  |TAMS 0x0000000089900000, 0x0000000089900000| Untracked 
|  66|0x0000000089a00000, 0x0000000089a00000, 0x0000000089b00000|  0%| F|  |TAMS 0x0000000089a00000, 0x0000000089a00000| Untracked 
|  67|0x0000000089b00000, 0x0000000089b00000, 0x0000000089c00000|  0%| F|  |TAMS 0x0000000089b00000, 0x0000000089b00000| Untracked 
|  68|0x0000000089c00000, 0x0000000089c00000, 0x0000000089d00000|  0%| F|  |TAMS 0x0000000089c00000, 0x0000000089c00000| Untracked 
|  69|0x0000000089d00000, 0x0000000089d00000, 0x0000000089e00000|  0%| F|  |TAMS 0x0000000089d00000, 0x0000000089d00000| Untracked 
|  70|0x0000000089e00000, 0x0000000089e00000, 0x0000000089f00000|  0%| F|  |TAMS 0x0000000089e00000, 0x0000000089e00000| Untracked 
|  71|0x0000000089f00000, 0x0000000089f00000, 0x000000008a000000|  0%| F|  |TAMS 0x0000000089f00000, 0x0000000089f00000| Untracked 
|  72|0x000000008a000000, 0x000000008a000000, 0x000000008a100000|  0%| F|  |TAMS 0x000000008a000000, 0x000000008a000000| Untracked 
|  73|0x000000008a100000, 0x000000008a100000, 0x000000008a200000|  0%| F|  |TAMS 0x000000008a100000, 0x000000008a100000| Untracked 
|  74|0x000000008a200000, 0x000000008a200000, 0x000000008a300000|  0%| F|  |TAMS 0x000000008a200000, 0x000000008a200000| Untracked 
|  75|0x000000008a300000, 0x000000008a300000, 0x000000008a400000|  0%| F|  |TAMS 0x000000008a300000, 0x000000008a300000| Untracked 
|  76|0x000000008a400000, 0x000000008a400000, 0x000000008a500000|  0%| F|  |TAMS 0x000000008a400000, 0x000000008a400000| Untracked 
|  77|0x000000008a500000, 0x000000008a500000, 0x000000008a600000|  0%| F|  |TAMS 0x000000008a500000, 0x000000008a500000| Untracked 
|  78|0x000000008a600000, 0x000000008a700000, 0x000000008a700000|100%| E|  |TAMS 0x000000008a600000, 0x000000008a600000| Complete 
|  79|0x000000008a700000, 0x000000008a800000, 0x000000008a800000|100%| E|CS|TAMS 0x000000008a700000, 0x000000008a700000| Complete 
|  80|0x000000008a800000, 0x000000008a900000, 0x000000008a900000|100%| E|CS|TAMS 0x000000008a800000, 0x000000008a800000| Complete 
|  81|0x000000008a900000, 0x000000008aa00000, 0x000000008aa00000|100%| E|CS|TAMS 0x000000008a900000, 0x000000008a900000| Complete 
|  82|0x000000008aa00000, 0x000000008ab00000, 0x000000008ab00000|100%| E|CS|TAMS 0x000000008aa00000, 0x000000008aa00000| Complete 
|  83|0x000000008ab00000, 0x000000008ac00000, 0x000000008ac00000|100%| E|CS|TAMS 0x000000008ab00000, 0x000000008ab00000| Complete 
|  84|0x000000008ac00000, 0x000000008ad00000, 0x000000008ad00000|100%| E|CS|TAMS 0x000000008ac00000, 0x000000008ac00000| Complete 
|  85|0x000000008ad00000, 0x000000008ae00000, 0x000000008ae00000|100%| E|CS|TAMS 0x000000008ad00000, 0x000000008ad00000| Complete 
|  86|0x000000008ae00000, 0x000000008af00000, 0x000000008af00000|100%| E|CS|TAMS 0x000000008ae00000, 0x000000008ae00000| Complete 
|  87|0x000000008af00000, 0x000000008b000000, 0x000000008b000000|100%| E|CS|TAMS 0x000000008af00000, 0x000000008af00000| Complete 
|  88|0x000000008b000000, 0x000000008b100000, 0x000000008b100000|100%| E|CS|TAMS 0x000000008b000000, 0x000000008b000000| Complete 
|  89|0x000000008b100000, 0x000000008b200000, 0x000000008b200000|100%| E|CS|TAMS 0x000000008b100000, 0x000000008b100000| Complete 
|  90|0x000000008b200000, 0x000000008b300000, 0x000000008b300000|100%| E|CS|TAMS 0x000000008b200000, 0x000000008b200000| Complete 
|  91|0x000000008b300000, 0x000000008b400000, 0x000000008b400000|100%| E|CS|TAMS 0x000000008b300000, 0x000000008b300000| Complete 
|  92|0x000000008b400000, 0x000000008b500000, 0x000000008b500000|100%| E|CS|TAMS 0x000000008b400000, 0x000000008b400000| Complete 
|  93|0x000000008b500000, 0x000000008b600000, 0x000000008b600000|100%| E|CS|TAMS 0x000000008b500000, 0x000000008b500000| Complete 
|  94|0x000000008b600000, 0x000000008b700000, 0x000000008b700000|100%| E|CS|TAMS 0x000000008b600000, 0x000000008b600000| Complete 
|  95|0x000000008b700000, 0x000000008b800000, 0x000000008b800000|100%| E|CS|TAMS 0x000000008b700000, 0x000000008b700000| Complete 
|  96|0x000000008b800000, 0x000000008b900000, 0x000000008b900000|100%| E|CS|TAMS 0x000000008b800000, 0x000000008b800000| Complete 
|  97|0x000000008b900000, 0x000000008ba00000, 0x000000008ba00000|100%| E|CS|TAMS 0x000000008b900000, 0x000000008b900000| Complete 
|  98|0x000000008ba00000, 0x000000008bb00000, 0x000000008bb00000|100%| E|CS|TAMS 0x000000008ba00000, 0x000000008ba00000| Complete 
|  99|0x000000008bb00000, 0x000000008bc00000, 0x000000008bc00000|100%| E|CS|TAMS 0x000000008bb00000, 0x000000008bb00000| Complete 
| 100|0x000000008bc00000, 0x000000008bd00000, 0x000000008bd00000|100%| E|CS|TAMS 0x000000008bc00000, 0x000000008bc00000| Complete 
| 101|0x000000008bd00000, 0x000000008be00000, 0x000000008be00000|100%| E|CS|TAMS 0x000000008bd00000, 0x000000008bd00000| Complete 
| 102|0x000000008be00000, 0x000000008bf00000, 0x000000008bf00000|100%| E|CS|TAMS 0x000000008be00000, 0x000000008be00000| Complete 
| 103|0x000000008bf00000, 0x000000008c000000, 0x000000008c000000|100%| E|CS|TAMS 0x000000008bf00000, 0x000000008bf00000| Complete 
| 104|0x000000008c000000, 0x000000008c100000, 0x000000008c100000|100%| E|CS|TAMS 0x000000008c000000, 0x000000008c000000| Complete 
| 105|0x000000008c100000, 0x000000008c200000, 0x000000008c200000|100%| E|CS|TAMS 0x000000008c100000, 0x000000008c100000| Complete 
| 106|0x000000008c200000, 0x000000008c300000, 0x000000008c300000|100%| E|CS|TAMS 0x000000008c200000, 0x000000008c200000| Complete 
| 107|0x000000008c300000, 0x000000008c400000, 0x000000008c400000|100%| E|CS|TAMS 0x000000008c300000, 0x000000008c300000| Complete 
| 108|0x000000008c400000, 0x000000008c500000, 0x000000008c500000|100%| E|CS|TAMS 0x000000008c400000, 0x000000008c400000| Complete 
| 109|0x000000008c500000, 0x000000008c600000, 0x000000008c600000|100%| E|CS|TAMS 0x000000008c500000, 0x000000008c500000| Complete 
| 110|0x000000008c600000, 0x000000008c700000, 0x000000008c700000|100%| E|CS|TAMS 0x000000008c600000, 0x000000008c600000| Complete 
| 111|0x000000008c700000, 0x000000008c800000, 0x000000008c800000|100%| E|CS|TAMS 0x000000008c700000, 0x000000008c700000| Complete 
| 112|0x000000008c800000, 0x000000008c900000, 0x000000008c900000|100%| E|CS|TAMS 0x000000008c800000, 0x000000008c800000| Complete 
| 113|0x000000008c900000, 0x000000008ca00000, 0x000000008ca00000|100%| E|CS|TAMS 0x000000008c900000, 0x000000008c900000| Complete 
| 114|0x000000008ca00000, 0x000000008cb00000, 0x000000008cb00000|100%| E|CS|TAMS 0x000000008ca00000, 0x000000008ca00000| Complete 
| 115|0x000000008cb00000, 0x000000008cc00000, 0x000000008cc00000|100%| E|CS|TAMS 0x000000008cb00000, 0x000000008cb00000| Complete 
| 116|0x000000008cc00000, 0x000000008cd00000, 0x000000008cd00000|100%| E|CS|TAMS 0x000000008cc00000, 0x000000008cc00000| Complete 
| 117|0x000000008cd00000, 0x000000008ce00000, 0x000000008ce00000|100%| E|CS|TAMS 0x000000008cd00000, 0x000000008cd00000| Complete 
| 118|0x000000008ce00000, 0x000000008cf00000, 0x000000008cf00000|100%| E|CS|TAMS 0x000000008ce00000, 0x000000008ce00000| Complete 
| 119|0x000000008cf00000, 0x000000008d000000, 0x000000008d000000|100%| E|CS|TAMS 0x000000008cf00000, 0x000000008cf00000| Complete 
| 120|0x000000008d000000, 0x000000008d100000, 0x000000008d100000|100%| E|CS|TAMS 0x000000008d000000, 0x000000008d000000| Complete 
| 121|0x000000008d100000, 0x000000008d200000, 0x000000008d200000|100%| E|CS|TAMS 0x000000008d100000, 0x000000008d100000| Complete 
| 122|0x000000008d200000, 0x000000008d300000, 0x000000008d300000|100%| E|CS|TAMS 0x000000008d200000, 0x000000008d200000| Complete 
| 123|0x000000008d300000, 0x000000008d400000, 0x000000008d400000|100%| E|CS|TAMS 0x000000008d300000, 0x000000008d300000| Complete 

Card table byte_map: [0x000001b6fdf20000,0x000001b6fe300000] _byte_map_base: 0x000001b6fdaf4000

Marking Bits (Prev, Next): (CMBitMap*) 0x000001b6fd7a86a0, (CMBitMap*) 0x000001b6fd7a86e0
 Prev Bits: [0x000001b696a20000, 0x000001b6988c0000)
 Next Bits: [0x000001b6988c0000, 0x000001b69a760000)

Polling page: 0x000001b6fb730000

Metaspace:

Usage:
  Non-class:     11.76 MB used.
      Class:    928.52 KB used.
       Both:     12.67 MB used.

Virtual space:
  Non-class space:       16.00 MB reserved,      11.88 MB ( 74%) committed,  2 nodes.
      Class space:        1.00 GB reserved,       1.00 MB ( <1%) committed,  1 nodes.
             Both:        1.02 GB reserved,      12.88 MB (  1%) committed. 

Chunk freelists:
   Non-Class:  15.00 KB
       Class:  2.90 MB
        Both:  2.91 MB

MaxMetaspaceSize: unlimited
CompressedClassSpaceSize: 1.00 GB
Initial GC threshold: 21.00 MB
Current GC threshold: 21.00 MB
CDS: on
MetaspaceReclaimPolicy: balanced
 - commit_granule_bytes: 65536.
 - commit_granule_words: 8192.
 - virtual_space_node_default_size: 1048576.
 - enlarge_chunks_in_place: 1.
 - new_chunks_are_fully_committed: 0.
 - uncommit_free_chunks: 1.
 - use_allocation_guard: 0.
 - handle_deallocations: 1.


Internal statistics:

num_allocs_failed_limit: 0.
num_arena_births: 128.
num_arena_deaths: 0.
num_vsnodes_births: 3.
num_vsnodes_deaths: 0.
num_space_committed: 202.
num_space_uncommitted: 0.
num_chunks_returned_to_freelist: 0.
num_chunks_taken_from_freelist: 416.
num_chunk_merges: 0.
num_chunk_splits: 315.
num_chunks_enlarged: 248.
num_purges: 0.
num_inconsistent_stats: 0.

CodeHeap 'non-profiled nmethods': size=120000Kb used=666Kb max_used=666Kb free=119333Kb
 bounds [0x000001b68f4f0000, 0x000001b68f760000, 0x000001b696a20000]
CodeHeap 'profiled nmethods': size=120000Kb used=2943Kb max_used=2943Kb free=117056Kb
 bounds [0x000001b687fc0000, 0x000001b6882a0000, 0x000001b68f4f0000]
CodeHeap 'non-nmethods': size=5760Kb used=1608Kb max_used=1640Kb free=4151Kb
 bounds [0x000001b687a20000, 0x000001b687c90000, 0x000001b687fc0000]
 total_blobs=2471 nmethods=1541 adapters=843
 compilation: enabled
              stopped_count=0, restarted_count=0
 full_count=0

Compilation events (20 events):
Event: 12.873 Thread 0x000001b6ff11a9d0 1532       4       jogamp.opengl.gl4.GL4bcImpl::glDisableVertexAttribArray (44 bytes)
Event: 12.874 Thread 0x000001b6ff11a9d0 nmethod 1532 0x000001b68f595810 code [0x000001b68f5959a0, 0x000001b68f595aa8]
Event: 13.641 Thread 0x000001b6ff11e3e0 1533       3       com.jogamp.opengl.GLContext::isGL2GL3 (20 bytes)
Event: 13.642 Thread 0x000001b6ff11e3e0 nmethod 1533 0x000001b68829e810 code [0x000001b68829e9e0, 0x000001b68829ede8]
Event: 14.134 Thread 0x000001b6ff11e3e0 1534       1       com.jogamp.nativewindow.DefaultGraphicsConfiguration::getChosenCapabilities (5 bytes)
Event: 14.135 Thread 0x000001b6ff11e3e0 nmethod 1534 0x000001b68f595b90 code [0x000001b68f595d20, 0x000001b68f595df8]
Event: 14.900 Thread 0x000001b6ff11e3e0 1535       3       java.util.concurrent.locks.AbstractQueuedSynchronizer$ConditionObject::signal (34 bytes)
Event: 14.901 Thread 0x000001b6ff11e3e0 nmethod 1535 0x000001b68829ef10 code [0x000001b68829f0e0, 0x000001b68829f448]
Event: 14.911 Thread 0x000001b6ff11e3e0 1536       3       com.jogamp.newt.event.NEWTEvent::isConsumed (16 bytes)
Event: 14.912 Thread 0x000001b6ff11e3e0 nmethod 1536 0x000001b68829f590 code [0x000001b68829f720, 0x000001b68829f898]
Event: 14.934 Thread 0x000001b6ff11e3e0 1537       1       processing.event.Event::getFlavor (5 bytes)
Event: 14.934 Thread 0x000001b6ff11e3e0 nmethod 1537 0x000001b68f595e90 code [0x000001b68f596020, 0x000001b68f5960f8]
Event: 14.986 Thread 0x000001b6ff11e3e0 1538       1       com.jogamp.nativewindow.util.Point::getX (5 bytes)
Event: 14.986 Thread 0x000001b6ff11e3e0 nmethod 1538 0x000001b68f596190 code [0x000001b68f596320, 0x000001b68f5963f8]
Event: 15.007 Thread 0x000001b6ff11e3e0 1539       3       java.util.EventObject::<init> (24 bytes)
Event: 15.008 Thread 0x000001b6ff11e3e0 nmethod 1539 0x000001b68829f910 code [0x000001b68829fac0, 0x000001b68829fda8]
Event: 15.577 Thread 0x000001b6ff11a9d0 1540       4       jogamp.newt.DefaultEDTUtil::access$100 (4 bytes)
Event: 15.577 Thread 0x000001b6ff11a9d0 nmethod 1540 0x000001b68f596490 code [0x000001b68f596600, 0x000001b68f596678]
Event: 15.794 Thread 0x000001b6ff11a9d0 1541       4       processing.core.PMatrix3D::set (127 bytes)
Event: 15.797 Thread 0x000001b6ff11a9d0 nmethod 1541 0x000001b68f596790 code [0x000001b68f596900, 0x000001b68f596a58]

GC Heap History (20 events):
Event: 7.497 GC heap before
{Heap before GC invocations=7 (full 0):
 garbage-first heap   total 126976K, used 81276K [0x0000000085800000, 0x0000000100000000)
  region size 1024K, 74 young (75776K), 2 survivors (2048K)
 Metaspace       used 12932K, committed 13120K, reserved 1064960K
  class space    used 928K, committed 1024K, reserved 1048576K
}
Event: 7.500 GC heap after
{Heap after GC invocations=8 (full 0):
 garbage-first heap   total 126976K, used 7617K [0x0000000085800000, 0x0000000100000000)
  region size 1024K, 2 young (2048K), 2 survivors (2048K)
 Metaspace       used 12932K, committed 13120K, reserved 1064960K
  class space    used 928K, committed 1024K, reserved 1048576K
}
Event: 8.196 GC heap before
{Heap before GC invocations=8 (full 0):
 garbage-first heap   total 126976K, used 81345K [0x0000000085800000, 0x0000000100000000)
  region size 1024K, 74 young (75776K), 2 survivors (2048K)
 Metaspace       used 12937K, committed 13120K, reserved 1064960K
  class space    used 928K, committed 1024K, reserved 1048576K
}
Event: 8.198 GC heap after
{Heap after GC invocations=9 (full 0):
 garbage-first heap   total 126976K, used 7788K [0x0000000085800000, 0x0000000100000000)
  region size 1024K, 3 young (3072K), 3 survivors (3072K)
 Metaspace       used 12937K, committed 13120K, reserved 1064960K
  class space    used 928K, committed 1024K, reserved 1048576K
}
Event: 8.893 GC heap before
{Heap before GC invocations=9 (full 0):
 garbage-first heap   total 126976K, used 80492K [0x0000000085800000, 0x0000000100000000)
  region size 1024K, 74 young (75776K), 3 survivors (3072K)
 Metaspace       used 12951K, committed 13120K, reserved 1064960K
  class space    used 928K, committed 1024K, reserved 1048576K
}
Event: 8.895 GC heap after
{Heap after GC invocations=10 (full 0):
 garbage-first heap   total 126976K, used 7620K [0x0000000085800000, 0x0000000100000000)
  region size 1024K, 2 young (2048K), 2 survivors (2048K)
 Metaspace       used 12951K, committed 13120K, reserved 1064960K
  class space    used 928K, committed 1024K, reserved 1048576K
}
Event: 9.883 GC heap before
{Heap before GC invocations=10 (full 0):
 garbage-first heap   total 126976K, used 81348K [0x0000000085800000, 0x0000000100000000)
  region size 1024K, 74 young (75776K), 2 survivors (2048K)
 Metaspace       used 12955K, committed 13120K, reserved 1064960K
  class space    used 928K, committed 1024K, reserved 1048576K
}
Event: 9.885 GC heap after
{Heap after GC invocations=11 (full 0):
 garbage-first heap   total 126976K, used 7611K [0x0000000085800000, 0x0000000100000000)
  region size 1024K, 2 young (2048K), 2 survivors (2048K)
 Metaspace       used 12955K, committed 13120K, reserved 1064960K
  class space    used 928K, committed 1024K, reserved 1048576K
}
Event: 10.686 GC heap before
{Heap before GC invocations=11 (full 0):
 garbage-first heap   total 126976K, used 81339K [0x0000000085800000, 0x0000000100000000)
  region size 1024K, 74 young (75776K), 2 survivors (2048K)
 Metaspace       used 12957K, committed 13120K, reserved 1064960K
  class space    used 928K, committed 1024K, reserved 1048576K
}
Event: 10.688 GC heap after
{Heap after GC invocations=12 (full 0):
 garbage-first heap   total 126976K, used 7583K [0x0000000085800000, 0x0000000100000000)
  region size 1024K, 2 young (2048K), 2 survivors (2048K)
 Metaspace       used 12957K, committed 13120K, reserved 1064960K
  class space    used 928K, committed 1024K, reserved 1048576K
}
Event: 11.495 GC heap before
{Heap before GC invocations=12 (full 0):
 garbage-first heap   total 126976K, used 81311K [0x0000000085800000, 0x0000000100000000)
  region size 1024K, 74 young (75776K), 2 survivors (2048K)
 Metaspace       used 12959K, committed 13120K, reserved 1064960K
  class space    used 928K, committed 1024K, reserved 1048576K
}
Event: 11.497 GC heap after
{Heap after GC invocations=13 (full 0):
 garbage-first heap   total 126976K, used 7641K [0x0000000085800000, 0x0000000100000000)
  region size 1024K, 2 young (2048K), 2 survivors (2048K)
 Metaspace       used 12959K, committed 13120K, reserved 1064960K
  class space    used 928K, committed 1024K, reserved 1048576K
}
Event: 12.165 GC heap before
{Heap before GC invocations=13 (full 0):
 garbage-first heap   total 126976K, used 81369K [0x0000000085800000, 0x0000000100000000)
  region size 1024K, 74 young (75776K), 2 survivors (2048K)
 Metaspace       used 12966K, committed 13184K, reserved 1064960K
  class space    used 928K, committed 1024K, reserved 1048576K
}
Event: 12.166 GC heap after
{Heap after GC invocations=14 (full 0):
 garbage-first heap   total 126976K, used 7644K [0x0000000085800000, 0x0000000100000000)
  region size 1024K, 2 young (2048K), 2 survivors (2048K)
 Metaspace       used 12966K, committed 13184K, reserved 1064960K
  class space    used 928K, committed 1024K, reserved 1048576K
}
Event: 12.880 GC heap before
{Heap before GC invocations=14 (full 0):
 garbage-first heap   total 126976K, used 81372K [0x0000000085800000, 0x0000000100000000)
  region size 1024K, 74 young (75776K), 2 survivors (2048K)
 Metaspace       used 12968K, committed 13184K, reserved 1064960K
  class space    used 928K, committed 1024K, reserved 1048576K
}
Event: 12.881 GC heap after
{Heap after GC invocations=15 (full 0):
 garbage-first heap   total 126976K, used 7875K [0x0000000085800000, 0x0000000100000000)
  region size 1024K, 3 young (3072K), 3 survivors (3072K)
 Metaspace       used 12968K, committed 13184K, reserved 1064960K
  class space    used 928K, committed 1024K, reserved 1048576K
}
Event: 13.855 GC heap before
{Heap before GC invocations=15 (full 0):
 garbage-first heap   total 126976K, used 80579K [0x0000000085800000, 0x0000000100000000)
  region size 1024K, 74 young (75776K), 3 survivors (3072K)
 Metaspace       used 12969K, committed 13184K, reserved 1064960K
  class space    used 928K, committed 1024K, reserved 1048576K
}
Event: 13.858 GC heap after
{Heap after GC invocations=16 (full 0):
 garbage-first heap   total 126976K, used 7859K [0x0000000085800000, 0x0000000100000000)
  region size 1024K, 3 young (3072K), 3 survivors (3072K)
 Metaspace       used 12969K, committed 13184K, reserved 1064960K
  class space    used 928K, committed 1024K, reserved 1048576K
}
Event: 15.174 GC heap before
{Heap before GC invocations=16 (full 0):
 garbage-first heap   total 126976K, used 80563K [0x0000000085800000, 0x0000000100000000)
  region size 1024K, 74 young (75776K), 3 survivors (3072K)
 Metaspace       used 12971K, committed 13184K, reserved 1064960K
  class space    used 928K, committed 1024K, reserved 1048576K
}
Event: 15.176 GC heap after
{Heap after GC invocations=17 (full 0):
 garbage-first heap   total 126976K, used 7640K [0x0000000085800000, 0x0000000100000000)
  region size 1024K, 1 young (1024K), 1 survivors (1024K)
 Metaspace       used 12971K, committed 13184K, reserved 1064960K
  class space    used 928K, committed 1024K, reserved 1048576K
}

Dll operation events (15 events):
Event: 0.014 Loaded shared library D:\GIT_HUB\WEB-DEVELOPMENT\processing_related\processing-4.1.1\java\bin\java.dll
Event: 0.034 Loaded shared library D:\GIT_HUB\WEB-DEVELOPMENT\processing_related\processing-4.1.1\java\bin\jsvml.dll
Event: 0.173 Loaded shared library D:\GIT_HUB\WEB-DEVELOPMENT\processing_related\processing-4.1.1\java\bin\net.dll
Event: 0.174 Loaded shared library D:\GIT_HUB\WEB-DEVELOPMENT\processing_related\processing-4.1.1\java\bin\nio.dll
Event: 0.185 Loaded shared library D:\GIT_HUB\WEB-DEVELOPMENT\processing_related\processing-4.1.1\java\bin\zip.dll
Event: 0.304 Loaded shared library D:\GIT_HUB\WEB-DEVELOPMENT\processing_related\processing-4.1.1\java\bin\jimage.dll
Event: 0.310 Loaded shared library D:\GIT_HUB\WEB-DEVELOPMENT\processing_related\processing-4.1.1\java\bin\awt.dll
Event: 0.721 Loaded shared library C:\Users\HP PC\AppData\Local\Temp\jogamp_0000\file_cache\jln12375939540768567601\jln17284890922212464451\natives\windows-amd64\gluegen_rt.dll
Event: 0.730 Loaded shared library D:\GIT_HUB\WEB-DEVELOPMENT\processing_related\processing-4.1.1\java\bin\jawt.dll
Event: 0.768 Loaded shared library C:\Users\HP PC\AppData\Local\Temp\jogamp_0000\file_cache\jln12375939540768567601\jln17284890922212464451\natives\windows-amd64\nativewindow_awt.dll
Event: 0.828 Loaded shared library C:\Users\HP PC\AppData\Local\Temp\jogamp_0000\file_cache\jln12375939540768567601\jln17284890922212464451\natives\windows-amd64\nativewindow_win32.dll
Event: 1.127 Loaded shared library C:\Users\HP PC\AppData\Local\Temp\jogamp_0000\file_cache\jln12375939540768567601\jln17284890922212464451\natives\windows-amd64\jogl_desktop.dll
Event: 1.252 Loaded shared library C:\Users\HP PC\AppData\Local\Temp\jogamp_0000\file_cache\jln12375939540768567601\jln17284890922212464451\natives\windows-amd64\jogl_mobile.dll
Event: 2.009 Loaded shared library C:\Users\HP PC\AppData\Local\Temp\jogamp_0000\file_cache\jln12375939540768567601\jln17284890922212464451\natives\windows-amd64\newt_head.dll
Event: 2.203 Loaded shared library D:\GIT_HUB\WEB-DEVELOPMENT\processing_related\processing-4.1.1\java\bin\verify.dll

Deoptimization events (20 events):
Event: 2.325 Thread 0x000001b69efe1600 DEOPT PACKING pc=0x000001b6881bf06a sp=0x0000006253efeb00
Event: 2.325 Thread 0x000001b69efe1600 DEOPT UNPACKING pc=0x000001b687a766e3 sp=0x0000006253efdfe0 mode 0
Event: 2.330 Thread 0x000001b69efe1600 DEOPT PACKING pc=0x000001b6881bf06a sp=0x0000006253efeb00
Event: 2.330 Thread 0x000001b69efe1600 DEOPT UNPACKING pc=0x000001b687a766e3 sp=0x0000006253efdfe0 mode 0
Event: 2.335 Thread 0x000001b69efe1600 DEOPT PACKING pc=0x000001b6881bf06a sp=0x0000006253efeb00
Event: 2.335 Thread 0x000001b69efe1600 DEOPT UNPACKING pc=0x000001b687a766e3 sp=0x0000006253efdfe0 mode 0
Event: 2.336 Thread 0x000001b69efe1600 DEOPT PACKING pc=0x000001b6881bf06a sp=0x0000006253efeb00
Event: 2.336 Thread 0x000001b69efe1600 DEOPT UNPACKING pc=0x000001b687a766e3 sp=0x0000006253efdfe0 mode 0
Event: 2.340 Thread 0x000001b69efe1600 DEOPT PACKING pc=0x000001b6881bf06a sp=0x0000006253efeb00
Event: 2.340 Thread 0x000001b69efe1600 DEOPT UNPACKING pc=0x000001b687a766e3 sp=0x0000006253efdfe0 mode 0
Event: 2.347 Thread 0x000001b69efe1600 DEOPT PACKING pc=0x000001b6881bf06a sp=0x0000006253efeaa0
Event: 2.347 Thread 0x000001b69efe1600 DEOPT UNPACKING pc=0x000001b687a766e3 sp=0x0000006253efdf80 mode 0
Event: 2.348 Thread 0x000001b69efe1600 DEOPT PACKING pc=0x000001b6881bf06a sp=0x0000006253efeaa0
Event: 2.348 Thread 0x000001b69efe1600 DEOPT UNPACKING pc=0x000001b687a766e3 sp=0x0000006253efdf80 mode 0
Event: 2.351 Thread 0x000001b69efe1600 DEOPT PACKING pc=0x000001b6881bf06a sp=0x0000006253efeb40
Event: 2.351 Thread 0x000001b69efe1600 DEOPT UNPACKING pc=0x000001b687a766e3 sp=0x0000006253efe020 mode 0
Event: 2.400 Thread 0x000001b69efe1600 DEOPT PACKING pc=0x000001b68820c6bd sp=0x0000006253efee20
Event: 2.400 Thread 0x000001b69efe1600 DEOPT UNPACKING pc=0x000001b687a766e3 sp=0x0000006253efe3b0 mode 0
Event: 2.466 Thread 0x000001b69efe1600 DEOPT PACKING pc=0x000001b68820fa49 sp=0x0000006253efee70
Event: 2.466 Thread 0x000001b69efe1600 DEOPT UNPACKING pc=0x000001b687a766e3 sp=0x0000006253efe3b0 mode 0

Classes unloaded (0 events):
No events

Classes redefined (0 events):
No events

Internal exceptions (20 events):
Event: 0.291 Thread 0x000001b6fd74d810 Exception <a 'java/lang/ClassNotFoundException'{0x000000008cf08530}: sun/awt/resources/spi/awtProvider> (0x000000008cf08530) 
thrown [s\src\hotspot\share\classfile\systemDictionary.cpp, line 256]
Event: 0.334 Thread 0x000001b6fd74d810 Exception <a 'java/io/FileNotFoundException'{0x000000008cf5e530}> (0x000000008cf5e530) 
thrown [s\src\hotspot\share\prims\jni.cpp, line 516]
Event: 0.347 Thread 0x000001b6fd74d810 Exception <a 'java/io/FileNotFoundException'{0x000000008cf8b6c0}> (0x000000008cf8b6c0) 
thrown [s\src\hotspot\share\prims\jni.cpp, line 516]
Event: 0.418 Thread 0x000001b6fd74d810 Exception <a 'java/lang/NoSuchMethodError'{0x000000008ce1a128}: 'java.lang.Object java.lang.invoke.DirectMethodHandle$Holder.invokeStaticInit(java.lang.Object)'> (0x000000008ce1a128) 
thrown [s\src\hotspot\share\interpreter\linkResolver.cpp, line 759]
Event: 0.561 Thread 0x000001b6fd74d810 Exception <a 'java/lang/NoSuchMethodError'{0x000000008ca21140}: 'java.lang.Object java.lang.invoke.DirectMethodHandle$Holder.invokeStaticInit(java.lang.Object, int, int, int, int)'> (0x000000008ca21140) 
thrown [s\src\hotspot\share\interpreter\linkResolver.cpp, line 759]
Event: 0.596 Thread 0x000001b6fd74d810 Exception <a 'java/lang/NoSuchMethodError'{0x000000008cab1ea0}: 'java.lang.Object java.lang.invoke.DirectMethodHandle$Holder.invokeStaticInit(java.lang.Object, java.lang.Object, int, int, int, int)'> (0x000000008cab1ea0) 
thrown [s\src\hotspot\share\interpreter\linkResolver.cpp, line 759]
Event: 0.614 Thread 0x000001b6fd74d810 Exception <a 'java/lang/NoSuchMethodError'{0x000000008cabd7a0}: 'void java.lang.invoke.DirectMethodHandle$Holder.invokeStatic(java.lang.Object, long)'> (0x000000008cabd7a0) 
thrown [s\src\hotspot\share\interpreter\linkResolver.cpp, line 759]
Event: 0.615 Thread 0x000001b6fd74d810 Exception <a 'java/lang/NoSuchMethodError'{0x000000008cac2d80}: 'java.lang.Object java.lang.invoke.DirectMethodHandle$Holder.newInvokeSpecial(java.lang.Object, long)'> (0x000000008cac2d80) 
thrown [s\src\hotspot\share\interpreter\linkResolver.cpp, line 759]
Event: 0.617 Thread 0x000001b6fd74d810 Exception <a 'java/lang/NoSuchMethodError'{0x000000008cac9fd8}: 'java.lang.Object java.lang.invoke.DirectMethodHandle$Holder.invokeStatic(java.lang.Object, java.lang.Object, long, java.lang.Object)'> (0x000000008cac9fd8) 
thrown [s\src\hotspot\share\interpreter\linkResolver.cpp, line 759]
Event: 0.617 Thread 0x000001b6fd74d810 Exception <a 'java/lang/NoSuchMethodError'{0x000000008cacda70}: 'java.lang.Object java.lang.invoke.DirectMethodHandle$Holder.invokeStaticInit(java.lang.Object, java.lang.Object, long, java.lang.Object)'> (0x000000008cacda70) 
thrown [s\src\hotspot\share\interpreter\linkResolver.cpp, line 759]
Event: 0.618 Thread 0x000001b6fd74d810 Exception <a 'java/lang/NoSuchMethodError'{0x000000008cad4030}: 'java.lang.Object java.lang.invoke.DirectMethodHandle$Holder.newInvokeSpecial(java.lang.Object, java.lang.Object, long)'> (0x000000008cad4030) 
thrown [s\src\hotspot\share\interpreter\linkResolver.cpp, line 759]
Event: 0.618 Thread 0x000001b6fd74d810 Exception <a 'java/lang/NoSuchMethodError'{0x000000008cad7ba0}: 'java.lang.Object java.lang.invoke.Invokers$Holder.linkToTargetMethod(java.lang.Object, long, java.lang.Object)'> (0x000000008cad7ba0) 
thrown [s\src\hotspot\share\interpreter\linkResolver.cpp, line 759]
Event: 0.781 Thread 0x000001b6fd74d810 Exception <a 'java/lang/NoSuchMethodError'{0x000000008c846640}: 'java.lang.Object java.lang.invoke.DirectMethodHandle$Holder.invokeInterface(java.lang.Object, java.lang.Object)'> (0x000000008c846640) 
thrown [s\src\hotspot\share\interpreter\linkResolver.cpp, line 759]
Event: 0.781 Thread 0x000001b6fd74d810 Exception <a 'java/lang/IncompatibleClassChangeError'{0x000000008c849e38}: Found class java.lang.Object, but interface was expected> (0x000000008c849e38) 
thrown [s\src\hotspot\share\interpreter\linkResolver.cpp, line 826]
Event: 2.112 Thread 0x000001b6fd74d810 Exception <a 'java/lang/NoSuchMethodError'{0x000000008c84c370}: 'void java.lang.invoke.DirectMethodHandle$Holder.invokeSpecial(java.lang.Object, java.lang.Object, java.lang.Object, java.lang.Object, java.lang.Object)'> (0x000000008c84c370) 
thrown [s\src\hotspot\share\interpreter\linkResolver.cpp, line 759]
Event: 2.114 Thread 0x000001b6fd74d810 Exception <a 'java/lang/NoSuchMethodError'{0x000000008c855330}: 'void java.lang.invoke.DirectMethodHandle$Holder.invokeSpecial(java.lang.Object, java.lang.Object, java.lang.Object)'> (0x000000008c855330) 
thrown [s\src\hotspot\share\interpreter\linkResolver.cpp, line 759]
Event: 2.115 Thread 0x000001b6fd74d810 Exception <a 'java/lang/NoSuchMethodError'{0x000000008c85e490}: 'void java.lang.invoke.DirectMethodHandle$Holder.invokeSpecial(java.lang.Object, java.lang.Object, int)'> (0x000000008c85e490) 
thrown [s\src\hotspot\share\interpreter\linkResolver.cpp, line 759]
Event: 2.116 Thread 0x000001b6fd74d810 Exception <a 'java/lang/NoSuchMethodError'{0x000000008c8644a8}: 'java.lang.Object java.lang.invoke.DirectMethodHandle$Holder.newInvokeSpecial(java.lang.Object, java.lang.Object, int)'> (0x000000008c8644a8) 
thrown [s\src\hotspot\share\interpreter\linkResolver.cpp, line 759]
Event: 2.197 Thread 0x000001b69efe1600 Exception <a 'java/lang/NoSuchMethodError'{0x000000008c8cd690}: 'void java.lang.invoke.DirectMethodHandle$Holder.invokeSpecial(java.lang.Object, java.lang.Object, int, int)'> (0x000000008c8cd690) 
thrown [s\src\hotspot\share\interpreter\linkResolver.cpp, line 759]
Event: 2.198 Thread 0x000001b69efe1600 Exception <a 'java/lang/NoSuchMethodError'{0x000000008c8d3bb0}: 'java.lang.Object java.lang.invoke.DirectMethodHandle$Holder.newInvokeSpecial(java.lang.Object, java.lang.Object, int, int)'> (0x000000008c8d3bb0) 
thrown [s\src\hotspot\share\interpreter\linkResolver.cpp, line 759]

VM Operations (20 events):
Event: 7.497 Executing VM operation: G1CollectForAllocation
Event: 7.500 Executing VM operation: G1CollectForAllocation done
Event: 8.196 Executing VM operation: G1CollectForAllocation
Event: 8.198 Executing VM operation: G1CollectForAllocation done
Event: 8.892 Executing VM operation: G1CollectForAllocation
Event: 8.895 Executing VM operation: G1CollectForAllocation done
Event: 9.883 Executing VM operation: G1CollectForAllocation
Event: 9.885 Executing VM operation: G1CollectForAllocation done
Event: 10.686 Executing VM operation: G1CollectForAllocation
Event: 10.688 Executing VM operation: G1CollectForAllocation done
Event: 11.495 Executing VM operation: G1CollectForAllocation
Event: 11.497 Executing VM operation: G1CollectForAllocation done
Event: 12.165 Executing VM operation: G1CollectForAllocation
Event: 12.166 Executing VM operation: G1CollectForAllocation done
Event: 12.880 Executing VM operation: G1CollectForAllocation
Event: 12.881 Executing VM operation: G1CollectForAllocation done
Event: 13.855 Executing VM operation: G1CollectForAllocation
Event: 13.858 Executing VM operation: G1CollectForAllocation done
Event: 15.174 Executing VM operation: G1CollectForAllocation
Event: 15.176 Executing VM operation: G1CollectForAllocation done

Events (20 events):
Event: 2.689 loading class jdk/internal/reflect/ByteVectorFactory done
Event: 2.689 loading class jdk/internal/reflect/ByteVectorImpl
Event: 2.689 loading class jdk/internal/reflect/ByteVector
Event: 2.689 loading class jdk/internal/reflect/ByteVector done
Event: 2.689 loading class jdk/internal/reflect/ByteVectorImpl done
Event: 2.689 loading class jdk/internal/reflect/ClassFileAssembler
Event: 2.689 loading class jdk/internal/reflect/ClassFileAssembler done
Event: 2.689 loading class jdk/internal/reflect/UTF8
Event: 2.689 loading class jdk/internal/reflect/UTF8 done
Event: 2.690 loading class jdk/internal/reflect/Label
Event: 2.690 loading class jdk/internal/reflect/Label done
Event: 2.690 loading class jdk/internal/reflect/Label$PatchInfo
Event: 2.690 loading class jdk/internal/reflect/Label$PatchInfo done
Event: 2.690 loading class jdk/internal/reflect/MethodAccessorGenerator$1
Event: 2.690 loading class jdk/internal/reflect/MethodAccessorGenerator$1 done
Event: 2.690 loading class jdk/internal/reflect/ClassDefiner
Event: 2.690 loading class jdk/internal/reflect/ClassDefiner done
Event: 2.690 loading class jdk/internal/reflect/ClassDefiner$1
Event: 2.690 loading class jdk/internal/reflect/ClassDefiner$1 done
Event: 15.946 Thread 0x000001b6ffd0c270 Thread exited: 0x000001b6ffd0c270


Dynamic libraries:
0x00007ff790db0000 - 0x00007ff790dbe000 	D:\GIT_HUB\WEB-DEVELOPMENT\processing_related\processing-4.1.1\java\bin\java.exe
0x00007ffbfa450000 - 0x00007ffbfa664000 	C:\WINDOWS\SYSTEM32\ntdll.dll
0x00007ffbf98b0000 - 0x00007ffbf9973000 	C:\WINDOWS\System32\KERNEL32.DLL
0x00007ffbf7ce0000 - 0x00007ffbf807d000 	C:\WINDOWS\System32\KERNELBASE.dll
0x00007ffbf7870000 - 0x00007ffbf7981000 	C:\WINDOWS\System32\ucrtbase.dll
0x00007ffbcd790000 - 0x00007ffbcd7a9000 	D:\GIT_HUB\WEB-DEVELOPMENT\processing_related\processing-4.1.1\java\bin\VCRUNTIME140.dll
0x00007ffbce5b0000 - 0x00007ffbce5c7000 	D:\GIT_HUB\WEB-DEVELOPMENT\processing_related\processing-4.1.1\java\bin\jli.dll
0x00007ffbf8280000 - 0x00007ffbf842d000 	C:\WINDOWS\System32\USER32.dll
0x00007ffbda230000 - 0x00007ffbda4be000 	C:\WINDOWS\WinSxS\amd64_microsoft.windows.common-controls_6595b64144ccf1df_6.0.22621.608_none_a9444ca7c10bb01d\COMCTL32.dll
0x00007ffbf8080000 - 0x00007ffbf80a6000 	C:\WINDOWS\System32\win32u.dll
0x00007ffbf9b40000 - 0x00007ffbf9be7000 	C:\WINDOWS\System32\msvcrt.dll
0x00007ffbf8250000 - 0x00007ffbf8279000 	C:\WINDOWS\System32\GDI32.dll
0x00007ffbf8120000 - 0x00007ffbf8232000 	C:\WINDOWS\System32\gdi32full.dll
0x00007ffbf7990000 - 0x00007ffbf7a2a000 	C:\WINDOWS\System32\msvcp_win.dll
0x00007ffbfa2b0000 - 0x00007ffbfa2e2000 	C:\WINDOWS\System32\IMM32.DLL
0x00007ffbe5e20000 - 0x00007ffbe5e2c000 	D:\GIT_HUB\WEB-DEVELOPMENT\processing_related\processing-4.1.1\java\bin\vcruntime140_1.dll
0x00007ffbaa3a0000 - 0x00007ffbaa431000 	D:\GIT_HUB\WEB-DEVELOPMENT\processing_related\processing-4.1.1\java\bin\msvcp140.dll
0x00007ffba5860000 - 0x00007ffba64a4000 	D:\GIT_HUB\WEB-DEVELOPMENT\processing_related\processing-4.1.1\java\bin\server\jvm.dll
0x00007ffbf96f0000 - 0x00007ffbf979e000 	C:\WINDOWS\System32\ADVAPI32.dll
0x00007ffbfa1e0000 - 0x00007ffbfa284000 	C:\WINDOWS\System32\sechost.dll
0x00007ffbf9420000 - 0x00007ffbf9535000 	C:\WINDOWS\System32\RPCRT4.dll
0x00007ffbeea00000 - 0x00007ffbeea34000 	C:\WINDOWS\SYSTEM32\WINMM.dll
0x00007ffbdcde0000 - 0x00007ffbdcde9000 	C:\WINDOWS\SYSTEM32\WSOCK32.dll
0x00007ffbef0e0000 - 0x00007ffbef0ea000 	C:\WINDOWS\SYSTEM32\VERSION.dll
0x00007ffbf9810000 - 0x00007ffbf9881000 	C:\WINDOWS\System32\WS2_32.dll
0x00007ffbf68a0000 - 0x00007ffbf68b8000 	C:\WINDOWS\SYSTEM32\kernel.appcore.dll
0x00007ffbdb580000 - 0x00007ffbdb58a000 	D:\GIT_HUB\WEB-DEVELOPMENT\processing_related\processing-4.1.1\java\bin\jimage.dll
0x00007ffbf51a0000 - 0x00007ffbf53ce000 	C:\WINDOWS\SYSTEM32\DBGHELP.DLL
0x00007ffbf8840000 - 0x00007ffbf8bca000 	C:\WINDOWS\System32\combase.dll
0x00007ffbf9c70000 - 0x00007ffbf9d47000 	C:\WINDOWS\System32\OLEAUT32.dll
0x00007ffbe6d90000 - 0x00007ffbe6dc2000 	C:\WINDOWS\SYSTEM32\dbgcore.DLL
0x00007ffbf7a30000 - 0x00007ffbf7aab000 	C:\WINDOWS\System32\bcryptPrimitives.dll
0x00007ffbc2310000 - 0x00007ffbc234b000 	D:\GIT_HUB\WEB-DEVELOPMENT\processing_related\processing-4.1.1\java\bin\jdwp.dll
0x00007ffbc3d10000 - 0x00007ffbc3d35000 	D:\GIT_HUB\WEB-DEVELOPMENT\processing_related\processing-4.1.1\java\bin\java.dll
0x00007ffbaa1f0000 - 0x00007ffbaa2c6000 	D:\GIT_HUB\WEB-DEVELOPMENT\processing_related\processing-4.1.1\java\bin\jsvml.dll
0x00007ffbf8bd0000 - 0x00007ffbf93bf000 	C:\WINDOWS\System32\SHELL32.dll
0x00007ffbf5840000 - 0x00007ffbf6108000 	C:\WINDOWS\SYSTEM32\windows.storage.dll
0x00007ffbf5700000 - 0x00007ffbf583e000 	C:\WINDOWS\SYSTEM32\wintypes.dll
0x00007ffbf9560000 - 0x00007ffbf9651000 	C:\WINDOWS\System32\SHCORE.dll
0x00007ffbf93c0000 - 0x00007ffbf941e000 	C:\WINDOWS\System32\shlwapi.dll
0x00007ffbf77a0000 - 0x00007ffbf77c1000 	C:\WINDOWS\SYSTEM32\profapi.dll
0x00007ffbe6640000 - 0x00007ffbe664c000 	D:\GIT_HUB\WEB-DEVELOPMENT\processing_related\processing-4.1.1\java\bin\dt_socket.dll
0x00007ffbf6360000 - 0x00007ffbf638d000 	C:\WINDOWS\SYSTEM32\IPHLPAPI.DLL
0x00007ffbf6da0000 - 0x00007ffbf6e09000 	C:\WINDOWS\system32\mswsock.dll
0x00007ffbccfd0000 - 0x00007ffbccfe9000 	D:\GIT_HUB\WEB-DEVELOPMENT\processing_related\processing-4.1.1\java\bin\net.dll
0x00007ffbf2570000 - 0x00007ffbf269f000 	C:\WINDOWS\SYSTEM32\WINHTTP.dll
0x00007ffbcbdb0000 - 0x00007ffbcbdc5000 	D:\GIT_HUB\WEB-DEVELOPMENT\processing_related\processing-4.1.1\java\bin\nio.dll
0x00007ffbc23e0000 - 0x00007ffbc23f8000 	D:\GIT_HUB\WEB-DEVELOPMENT\processing_related\processing-4.1.1\java\bin\zip.dll
0x00007ffba56d0000 - 0x00007ffba585e000 	D:\GIT_HUB\WEB-DEVELOPMENT\processing_related\processing-4.1.1\java\bin\awt.dll
0x00007ffbf4720000 - 0x00007ffbf47b7000 	C:\WINDOWS\SYSTEM32\apphelp.dll
0x00007ffbf49d0000 - 0x00007ffbf4a7b000 	C:\WINDOWS\system32\uxtheme.dll
0x00007ffbfa2f0000 - 0x00007ffbfa40e000 	C:\WINDOWS\System32\MSCTF.dll
0x00007ffbf86a0000 - 0x00007ffbf883c000 	C:\WINDOWS\System32\ole32.dll
0x00007ffbf4cf0000 - 0x00007ffbf4d1b000 	C:\WINDOWS\system32\DWMAPI.DLL
0x00007ffbdfe10000 - 0x00007ffbdff10000 	C:\WINDOWS\system32\opengl32.dll
0x00007ffbe5dc0000 - 0x00007ffbe5ded000 	C:\WINDOWS\SYSTEM32\GLU32.dll
0x00007ffbf4ab0000 - 0x00007ffbf4ae6000 	C:\WINDOWS\SYSTEM32\dxcore.dll
0x00007ffbf7000000 - 0x00007ffbf701b000 	C:\WINDOWS\SYSTEM32\CRYPTSP.dll
0x00007ffbf6810000 - 0x00007ffbf6845000 	C:\WINDOWS\system32\rsaenh.dll
0x00007ffbf6e90000 - 0x00007ffbf6eb8000 	C:\WINDOWS\SYSTEM32\USERENV.dll
0x00007ffbf7230000 - 0x00007ffbf7258000 	C:\WINDOWS\SYSTEM32\bcrypt.dll
0x00007ffbf6ff0000 - 0x00007ffbf6ffc000 	C:\WINDOWS\SYSTEM32\CRYPTBASE.dll
0x00007ffbfa290000 - 0x00007ffbfa299000 	C:\WINDOWS\System32\NSI.dll
0x00007ffbef1d0000 - 0x00007ffbef1e9000 	C:\WINDOWS\SYSTEM32\dhcpcsvc6.DLL
0x00007ffbef1b0000 - 0x00007ffbef1cf000 	C:\WINDOWS\SYSTEM32\dhcpcsvc.DLL
0x00007ffbf6390000 - 0x00007ffbf6482000 	C:\WINDOWS\SYSTEM32\DNSAPI.dll
0x000000006e8c0000 - 0x000000006e8cd000 	C:\Users\HP PC\AppData\Local\Temp\jogamp_0000\file_cache\jln12375939540768567601\jln17284890922212464451\natives\windows-amd64\gluegen_rt.dll
0x00007ffbd9060000 - 0x00007ffbd9067000 	D:\GIT_HUB\WEB-DEVELOPMENT\processing_related\processing-4.1.1\java\bin\jawt.dll
0x000000006a440000 - 0x000000006a44d000 	C:\Users\HP PC\AppData\Local\Temp\jogamp_0000\file_cache\jln12375939540768567601\jln17284890922212464451\natives\windows-amd64\nativewindow_awt.dll
0x000000006c100000 - 0x000000006c110000 	C:\Users\HP PC\AppData\Local\Temp\jogamp_0000\file_cache\jln12375939540768567601\jln17284890922212464451\natives\windows-amd64\nativewindow_win32.dll
0x0000000064500000 - 0x0000000064585000 	C:\Users\HP PC\AppData\Local\Temp\jogamp_0000\file_cache\jln12375939540768567601\jln17284890922212464451\natives\windows-amd64\jogl_desktop.dll
0x00007ffba4710000 - 0x00007ffba4a4e000 	C:\Users\HP PC\AppData\Local\Programs\MiKTeX\miktex\bin\x64\libGLESv2.dll
0x00007ffbb54f0000 - 0x00007ffbb5699000 	C:\WINDOWS\SYSTEM32\d3d9.dll
0x0000000064340000 - 0x0000000064391000 	C:\Users\HP PC\AppData\Local\Temp\jogamp_0000\file_cache\jln12375939540768567601\jln17284890922212464451\natives\windows-amd64\jogl_mobile.dll
0x00007ffbe75a0000 - 0x00007ffbe75e9000 	C:\WINDOWS\SYSTEM32\directxdatabasehelper.dll
0x00007ffbf8430000 - 0x00007ffbf84e7000 	C:\WINDOWS\System32\clbcatq.dll
0x00007ffbecc80000 - 0x00007ffbecdb6000 	C:\Windows\System32\AppXDeploymentClient.dll
0x00007ffb9b5b0000 - 0x00007ffb9c5b6000 	C:\WINDOWS\System32\DriverStore\FileRepository\iigd_dch.inf_amd64_9dbfad2c6843c394\igxelpicd64.dll
0x00007ffbf4af0000 - 0x00007ffbf4be7000 	C:\WINDOWS\system32\dxgi.dll
0x00007ffb9f9b0000 - 0x00007ffba0103000 	C:\WINDOWS\System32\DriverStore\FileRepository\iigd_dch.inf_amd64_9dbfad2c6843c394\igdml64.dll
0x00007ffbd5d70000 - 0x00007ffbd6131000 	C:\WINDOWS\System32\DriverStore\FileRepository\iigd_dch.inf_amd64_9dbfad2c6843c394\igdgmm64.dll
0x00007ffbd2b10000 - 0x00007ffbd5d70000 	C:\WINDOWS\System32\DriverStore\FileRepository\iigd_dch.inf_amd64_9dbfad2c6843c394\igc64.dll
0x00007ffbf70a0000 - 0x00007ffbf70ed000 	C:\WINDOWS\SYSTEM32\powrprof.dll
0x00007ffbf7060000 - 0x00007ffbf7073000 	C:\WINDOWS\SYSTEM32\UMPDC.dll
0x0000000070d80000 - 0x0000000070d93000 	C:\Users\HP PC\AppData\Local\Temp\jogamp_0000\file_cache\jln12375939540768567601\jln17284890922212464451\natives\windows-amd64\newt_head.dll
0x00007ffbf22c0000 - 0x00007ffbf237d000 	C:\WINDOWS\SYSTEM32\mscms.dll
0x00007ffbb8040000 - 0x00007ffbb8089000 	C:\WINDOWS\SYSTEM32\icm32.dll
0x00007ffbf9d60000 - 0x00007ffbfa1da000 	C:\WINDOWS\System32\setupapi.dll
0x00007ffbf7520000 - 0x00007ffbf7553000 	C:\WINDOWS\SYSTEM32\DEVOBJ.dll
0x00007ffbf7560000 - 0x00007ffbf75ae000 	C:\WINDOWS\SYSTEM32\cfgmgr32.dll
0x00007ffbf80b0000 - 0x00007ffbf811b000 	C:\WINDOWS\System32\WINTRUST.dll
0x00007ffbf7b70000 - 0x00007ffbf7cd6000 	C:\WINDOWS\System32\CRYPT32.dll
0x00007ffbf7080000 - 0x00007ffbf7092000 	C:\WINDOWS\SYSTEM32\MSASN1.dll
0x00007ffbdb5f0000 - 0x00007ffbdb71d000 	C:\WINDOWS\SYSTEM32\textinputframework.dll
0x00007ffbf42a0000 - 0x00007ffbf43d3000 	C:\WINDOWS\SYSTEM32\CoreMessaging.dll
0x00007ffbd90b0000 - 0x00007ffbd941c000 	C:\WINDOWS\SYSTEM32\CoreUIComponents.dll
0x00007ffbd1140000 - 0x00007ffbd1150000 	D:\GIT_HUB\WEB-DEVELOPMENT\processing_related\processing-4.1.1\java\bin\verify.dll
0x00007ffbdcc60000 - 0x00007ffbdcccb000 	C:\WINDOWS\system32\Ninput.dll

dbghelp: loaded successfully - version: 4.0.5 - missing functions: none
symbol engine: initialized successfully - sym options: 0x614 - pdb path: .;D:\GIT_HUB\WEB-DEVELOPMENT\processing_related\processing-4.1.1\java\bin;C:\WINDOWS\SYSTEM32;C:\WINDOWS\WinSxS\amd64_microsoft.windows.common-controls_6595b64144ccf1df_6.0.22621.608_none_a9444ca7c10bb01d;D:\GIT_HUB\WEB-DEVELOPMENT\processing_related\processing-4.1.1\java\bin\server;C:\Users\HP PC\AppData\Local\Temp\jogamp_0000\file_cache\jln12375939540768567601\jln17284890922212464451\natives\windows-amd64;C:\Users\HP PC\AppData\Local\Programs\MiKTeX\miktex\bin\x64;C:\WINDOWS\System32\DriverStore\FileRepository\iigd_dch.inf_amd64_9dbfad2c6843c394

VM Arguments:
jvm_args: -agentlib:jdwp=transport=dt_socket,address=8409,server=y,suspend=y,quiet=y -Djna.nosys=true -Djava.library.path=;D:\GIT_HUB\WEB-DEVELOPMENT\processing_related\processing-4.1.1\core\library\windows-amd64;C:\Users\HP PC\OneDrive\Documents\Processing\libraries\peasycam\library;D:\GIT_HUB\WEB-DEVELOPMENT\processing_related\processing-4.1.1\java\bin;C:\WINDOWS\system32;C:\WINDOWS;C:\Program Files\Common Files\Oracle\Java\javapath;C:\Program Files (x86)\Common Files\Oracle\Java\javapath;C:\WINDOWS\system32;C:\WINDOWS;C:\WINDOWS\System32\Wbem;C:\WINDOWS\System32\WindowsPowerShell\v1.0;C:\WINDOWS\System32\OpenSSH;C:\mingw\mingw32\bin;C:\Program Files\Python310;C:\Program Files\Java\jdk-18.0.1.1\bin;C:\Program Files\Git\cmd;C:\Program Files\nodejs;C:\Program Files\MySQL\MySQL Shell 8.0\bin;C:\Users\HP PC\AppData\Local\Microsoft\WindowsApps;C:\Users\HP PC\AppData\Local\Programs\Microsoft VS Code\bin;C:\Program Files\Python310\Scripts;C:\Users\HP PC\AppData\Local\Programs\MiKTeX\miktex\bin\x64;C:\Users\HP PC\AppData\Roaming\npm;D:\GIT_HUB\WEB-DEVELOPMENT\processing_related\processing-4.1.1\java\bin;. -ea 
java_command: processing.core.PApplet --location=1209,138 --external --display=1 --sketch-path=D:\GIT_HUB\WEB-DEVELOPMENT\processing_related\madelbulb_3d --ui-scale=1 madelbulb_3d
java_class_path (initial): C:\Users\HPPC~1\AppData\Local\Temp\processing\madelbulb_3d9104214347715596732temp;D:\GIT_HUB\WEB-DEVELOPMENT\processing_related\processing-4.1.1\core\library\core.jar;D:\GIT_HUB\WEB-DEVELOPMENT\processing_related\processing-4.1.1\core\library\gluegen-rt-natives-linux-aarch64.jar;D:\GIT_HUB\WEB-DEVELOPMENT\processing_related\processing-4.1.1\core\library\gluegen-rt-natives-linux-amd64.jar;D:\GIT_HUB\WEB-DEVELOPMENT\processing_related\processing-4.1.1\core\library\gluegen-rt-natives-linux-armv6hf.jar;D:\GIT_HUB\WEB-DEVELOPMENT\processing_related\processing-4.1.1\core\library\gluegen-rt-natives-linux-i586.jar;D:\GIT_HUB\WEB-DEVELOPMENT\processing_related\processing-4.1.1\core\library\gluegen-rt-natives-macosx-universal.jar;D:\GIT_HUB\WEB-DEVELOPMENT\processing_related\processing-4.1.1\core\library\gluegen-rt-natives-windows-amd64.jar;D:\GIT_HUB\WEB-DEVELOPMENT\processing_related\processing-4.1.1\core\library\gluegen-rt-natives-windows-i586.jar;D:\GIT_HUB\WEB-DEVELOPMENT\processing_related\processing-4.1.1\core\library\gluegen-rt.jar;D:\GIT_HUB\WEB-DEVELOPMENT\processing_related\processing-4.1.1\core\library\jogl-all-natives-linux-aarch64.jar;D:\GIT_HUB\WEB-DEVELOPMENT\processing_related\processing-4.1.1\core\library\jogl-all-natives-linux-amd64.jar;D:\GIT_HUB\WEB-DEVELOPMENT\processing_related\processing-4.1.1\core\library\jogl-all-natives-linux-armv6hf.jar;D:\GIT_HUB\WEB-DEVELOPMENT\processing_related\processing-4.1.1\core\library\jogl-all-natives-linux-i586.jar;D:\GIT_HUB\WEB-DEVELOPMENT\processing_related\processing-4.1.1\core\library\jogl-all-natives-macosx-universal.jar;D:\GIT_HUB\WEB-DEVELOPMENT\processing_related\processing-4.1.1\core\library\jogl-all-natives-windows-amd64.jar;D:\GIT_HUB\WEB-DEVELOPMENT\processing_related\processing-4.1.1\core\library\jogl-all-natives-windows-i586.jar;D:\GIT_HUB\WEB-DEVELOPMENT\processing_related\processing-4.1.1\core\library\jogl-all.jar;C:\Users\HP PC\OneDrive\Documents\Processing\libraries\peasyca
Launcher Type: SUN_STANDARD

[Global flags]
     intx CICompilerCount                          = 4                                         {product} {ergonomic}
     uint ConcGCThreads                            = 2                                         {product} {ergonomic}
     uint G1ConcRefinementThreads                  = 8                                         {product} {ergonomic}
   size_t G1HeapRegionSize                         = 1048576                                   {product} {ergonomic}
    uintx GCDrainStackTargetSize                   = 64                                        {product} {ergonomic}
   size_t InitialHeapSize                          = 130023424                                 {product} {ergonomic}
   size_t MarkStackSize                            = 4194304                                   {product} {ergonomic}
   size_t MaxHeapSize                              = 2055208960                                {product} {ergonomic}
   size_t MaxNewSize                               = 1233125376                                {product} {ergonomic}
   size_t MinHeapDeltaBytes                        = 1048576                                   {product} {ergonomic}
   size_t MinHeapSize                              = 8388608                                   {product} {ergonomic}
    uintx NonNMethodCodeHeapSize                   = 5839372                                {pd product} {ergonomic}
    uintx NonProfiledCodeHeapSize                  = 122909434                              {pd product} {ergonomic}
    uintx ProfiledCodeHeapSize                     = 122909434                              {pd product} {ergonomic}
    uintx ReservedCodeCacheSize                    = 251658240                              {pd product} {ergonomic}
     bool SegmentedCodeCache                       = true                                      {product} {ergonomic}
   size_t SoftMaxHeapSize                          = 2055208960                             {manageable} {ergonomic}
     bool UseCompressedClassPointers               = true                           {product lp64_product} {ergonomic}
     bool UseCompressedOops                        = true                           {product lp64_product} {ergonomic}
     bool UseG1GC                                  = true                                      {product} {ergonomic}
     bool UseLargePagesIndividualAllocation        = false                                  {pd product} {ergonomic}

Logging:
Log output configuration:
 #0: stdout all=warning uptime,level,tags
 #1: stderr all=off uptime,level,tags

Environment Variables:
JAVA_HOME=C:\Program Files\Java\jdk-18.0.1.1
PATH=C:\Program Files\Common Files\Oracle\Java\javapath;C:\Program Files (x86)\Common Files\Oracle\Java\javapath;C:\WINDOWS\system32;C:\WINDOWS;C:\WINDOWS\System32\Wbem;C:\WINDOWS\System32\WindowsPowerShell\v1.0\;C:\WINDOWS\System32\OpenSSH\;C:\mingw\mingw32\bin;C:\Program Files\Python310;C:\Program Files\Java\jdk-18.0.1.1\bin;C:\Program Files\Git\cmd;C:\Program Files\nodejs\;C:\Program Files\MySQL\MySQL Shell 8.0\bin\;C:\Users\HP PC\AppData\Local\Microsoft\WindowsApps;C:\Users\HP PC\AppData\Local\Programs\Microsoft VS Code\bin;C:\Program Files\Python310\Scripts;C:\Users\HP PC\AppData\Local\Programs\MiKTeX\miktex\bin\x64\;C:\Users\HP PC\AppData\Roaming\npm;D:\GIT_HUB\WEB-DEVELOPMENT\processing_related\processing-4.1.1\java\bin
USERNAME=AADITYA RAJ
OS=Windows_NT
PROCESSOR_IDENTIFIER=Intel64 Family 6 Model 140 Stepping 1, GenuineIntel
TMP=C:\Users\HPPC~1\AppData\Local\Temp
TEMP=C:\Users\HPPC~1\AppData\Local\Temp



---------------  S Y S T E M  ---------------

OS:
 Windows 11 , 64 bit Build 22621 (10.0.22621.1105)
OS uptime: 3 days 16:44 hours
Hyper-V role detected

CPU: total 8 (initial active 8) (4 cores per cpu, 2 threads per core) family 6 model 140 stepping 1 microcode 0x9a, cx8, cmov, fxsr, ht, mmx, 3dnowpref, sse, sse2, sse3, ssse3, sse4.1, sse4.2, popcnt, lzcnt, tsc, tscinvbit, avx, avx2, aes, erms, clmul, bmi1, bmi2, adx, avx512f, avx512dq, avx512cd, avx512bw, avx512vl, sha, fma, vzeroupper, avx512_vpopcntdq, avx512_vpclmulqdq, avx512_vaes, avx512_vnni, clflush, clflushopt, clwb, avx512_vbmi2, avx512_vbmi, hv

Memory: 4k page, system-wide physical 7834M (3000M free)
TotalPageFile size 11802M (AvailPageFile size 4138M)
current process WorkingSet (physical memory assigned to process): 382M, peak: 390M
current process commit charge ("private bytes"): 443M, peak: 454M

vm_info: OpenJDK 64-Bit Server VM (17.0.5+8) for windows-amd64 JRE (17.0.5+8), built on Oct 19 2022 04:48:13 by "temurin" with MS VC++ 16.7 (VS2019)

END.
