#
# A fatal error has been detected by the Java Runtime Environment:
#
#  EXCEPTION_ACCESS_VIOLATION (0xc0000005) at pc=0x00007ffd948bcf2c, pid=12704, tid=4784
#
# JRE version: OpenJDK Runtime Environment Temurin-17.0.5+8 (17.0.5+8) (build 17.0.5+8)
# Java VM: OpenJDK 64-Bit Server VM Temurin-17.0.5+8 (17.0.5+8, mixed mode, sharing, tiered, compressed oops, compressed class ptrs, g1 gc, windows-amd64)
# Problematic frame:
# C  [igxelpicd64.dll+0x30cf2c]
#
# No core dump will be written. Minidumps are not enabled by default on client versions of Windows
#
# If you would like to submit a bug report, please visit:
#   https://github.com/adoptium/adoptium-support/issues
# The crash happened outside the Java Virtual Machine in native code.
# See problematic frame for where to report the bug.
#

---------------  S U M M A R Y ------------

Command Line: -agentlib:jdwp=transport=dt_socket,address=8154,server=y,suspend=y,quiet=y -Djna.nosys=true -Djava.library.path=;D:\GIT_HUB\WEB-DEVELOPMENT\processing_related\processing-4.1.1\core\library\windows-amd64;C:\Users\HP PC\OneDrive\Documents\Processing\libraries\peasycam\library;D:\GIT_HUB\WEB-DEVELOPMENT\processing_related\processing-4.1.1\java\bin;C:\WINDOWS\system32;C:\WINDOWS;C:\Program Files\Common Files\Oracle\Java\javapath;C:\Program Files (x86)\Common Files\Oracle\Java\javapath;C:\WINDOWS\system32;C:\WINDOWS;C:\WINDOWS\System32\Wbem;C:\WINDOWS\System32\WindowsPowerShell\v1.0;C:\WINDOWS\System32\OpenSSH;C:\mingw\mingw32\bin;C:\Program Files\Python310;C:\Program Files\Java\jdk-18.0.1.1\bin;C:\Program Files\Git\cmd;C:\Program Files\nodejs;C:\Program Files\MySQL\MySQL Shell 8.0\bin;C:\Users\HP PC\AppData\Local\Microsoft\WindowsApps;C:\Users\HP PC\AppData\Local\Programs\Microsoft VS Code\bin;C:\Program Files\Python310\Scripts;C:\Users\HP PC\AppData\Local\Programs\MiKTeX\miktex\bin\x64;C:\Users\HP PC\AppData\Roaming\npm;D:\GIT_HUB\WEB-DEVELOPMENT\processing_related\processing-4.1.1\java\bin;. -ea processing.core.PApplet --editor-location=446,160 --external --display=1 --sketch-path=D:\GIT_HUB\WEB-DEVELOPMENT\processing_related\madelbulb_3d --ui-scale=1 madelbulb_3d

Host: 11th Gen Intel(R) Core(TM) i5-1135G7 @ 2.40GHz, 8 cores, 7G,  Windows 11 , 64 bit Build 22621 (10.0.22621.1105)
Time: Tue Feb  7 12:54:15 2023 India Standard Time elapsed time: 25.520488 seconds (0d 0h 0m 25s)

---------------  T H R E A D  ---------------

Current thread (0x000002cc1b505200):  JavaThread "JDWP Transport Listener: dt_socket" daemon [_thread_in_native, id=4784, stack(0x000000e182800000,0x000000e182900000)]

Stack: [0x000000e182800000,0x000000e182900000],  sp=0x000000e1828feb10,  free space=1018k
Native frames: (J=compiled Java code, j=interpreted, Vv=VM code, C=native code)
C  [igxelpicd64.dll+0x30cf2c]


siginfo: EXCEPTION_ACCESS_VIOLATION (0xc0000005), reading address 0x00000000000356f8


Register to memory mapping:

RIP=0x00007ffd948bcf2c igxelpicd64.dll
RAX=0x000002cc300084b0 points into unknown readable memory: 0x0000000000008d25 | 25 8d 00 00 00 00 00 00
RBX=0x000002cc1b51fe10 points into unknown readable memory: 0xffffffffffffffff | ff ff ff ff ff ff ff ff
RCX=0x0 is NULL
RDX=0x0000000000000004 is an unknown value
RSP=0x000000e1828feb10 is pointing into the stack for thread: 0x000002cc1b505200
RBP=0x0000000000000016 is an unknown value
RSI=0x000002cc1e1c8ec0 points into unknown readable memory: 0x0000004000000000 | 00 00 00 00 40 00 00 00
RDI=0x0 is NULL
R8 =0x0000000000000014 is an unknown value
R9 =0x0 is NULL
R10=0x0 is NULL
R11=0x0000000000000246 is an unknown value
R12=0x000002cc30008858 points into unknown readable memory: 0x000002cc3000c800 | 00 c8 00 30 cc 02 00 00
R13=0x0 is NULL
R14=0x000002cc30008290 points into unknown readable memory: 0x000002cc1bec0b60 | 60 0b ec 1b cc 02 00 00
R15=0x0 is NULL


Registers:
RAX=0x000002cc300084b0, RBX=0x000002cc1b51fe10, RCX=0x0000000000000000, RDX=0x0000000000000004
RSP=0x000000e1828feb10, RBP=0x0000000000000016, RSI=0x000002cc1e1c8ec0, RDI=0x0000000000000000
R8 =0x0000000000000014, R9 =0x0000000000000000, R10=0x0000000000000000, R11=0x0000000000000246
R12=0x000002cc30008858, R13=0x0000000000000000, R14=0x000002cc30008290, R15=0x0000000000000000
RIP=0x00007ffd948bcf2c, EFLAGS=0x0000000000010202

Top of Stack: (sp=0x000000e1828feb10)
0x000000e1828feb10:   000002cc1b51fe10 00007ffde59f41a9
0x000000e1828feb20:   000000e1828feba8 0000000000000000
0x000000e1828feb30:   0000000000000054 000002cc1b51fe10
0x000000e1828feb40:   024eeaa8023096a8 00007ffde5d32e44
0x000000e1828feb50:   015792aa022f2faa 022dceaa01fcb1aa
0x000000e1828feb60:   01a750ab023ff6aa 000002cc1e47ce78
0x000000e1828feb70:   0000000000008d28 0000000000000000
0x000000e1828feb80:   0000000000000015 0000000000000000
0x000000e1828feb90:   0000000000000000 000000e1828fecb0
0x000000e1828feba0:   000002cc1e1c8ec0 00007ffd9479d62c
0x000000e1828febb0:   000002cc00000016 000002cc3000c800
0x000000e1828febc0:   02646ab402485200 01671bb501c5d700
0x000000e1828febd0:   000000e100002ee0 0000b80219b30000
0x000000e1828febe0:   0000000000000000 0250f1b7023ee2b7
0x000000e1828febf0:   00f31ab9027fc3b8 026e3bba022ab9b9
0x000000e1828fec00:   02168ebb01dd51bb 0235cfbb008b8ebb 

Instructions: (pc=0x00007ffd948bcf2c)
0x00007ffd948bce2c:   41 bf 20 00 00 00 48 8b 04 38 4d 8b 3c 07 0f b6
0x00007ffd948bce3c:   bc 24 b0 00 00 00 4c 3b 3d f7 b6 c3 00 41 0f 44
0x00007ffd948bce4c:   e9 89 ac 24 a0 00 00 00 48 85 c9 0f 84 d4 07 00
0x00007ffd948bce5c:   00 0f 1f 00 4c 8b f1 4c 8d a1 c8 05 00 00 49 8b
0x00007ffd948bce6c:   04 24 48 89 84 24 a8 00 00 00 40 84 ff 74 10 48
0x00007ffd948bce7c:   8b d1 48 8b 09 e8 0a 49 ee ff e9 4f 07 00 00 8b
0x00007ffd948bce8c:   96 c8 01 00 00 48 8b 05 78 9a b3 00 83 b8 64 03
0x00007ffd948bce9c:   00 00 02 0f 85 18 02 00 00 83 fa 10 73 0e 48 8d
0x00007ffd948bceac:   42 04 48 8d 04 c2 48 8d 04 c1 eb 60 8d 4a f0 8b
0x00007ffd948bcebc:   c1 c1 e8 04 83 f8 03 73 1d 0f ae e8 83 e1 0f 4d
0x00007ffd948bcecc:   8b 84 c6 80 05 00 00 4d 85 c0 74 25 48 8d 0c c9
0x00007ffd948bcedc:   49 8d 04 c8 eb 36 49 8b 86 98 05 00 00 48 85 c0
0x00007ffd948bceec:   74 0f 66 90 39 10 74 2f 48 8b 40 50 48 85 c0 75
0x00007ffd948bcefc:   f3 41 80 be a0 05 00 00 00 74 22 8b c2 83 e0 0f
0x00007ffd948bcf0c:   48 8d 04 c0 48 8d 40 20 49 8d 04 c6 48 85 c0 74
0x00007ffd948bcf1c:   0c 48 8b 48 08 eb 09 48 83 c0 08 eb ef 49 8b c9
0x00007ffd948bcf2c:   49 3b 8f f8 56 03 00 0f 86 84 01 00 00 83 fa 10
0x00007ffd948bcf3c:   73 0a 48 8d 42 04 48 8d 04 c2 eb 5c 8d 4a f0 8b
0x00007ffd948bcf4c:   c1 c1 e8 04 83 f8 03 73 1d 0f ae e8 83 e1 0f 4d
0x00007ffd948bcf5c:   8b 84 c6 80 05 00 00 4d 85 c0 74 25 48 8d 0c c9
0x00007ffd948bcf6c:   49 8d 04 c8 eb 36 49 8b 86 98 05 00 00 48 85 c0
0x00007ffd948bcf7c:   74 0f 66 90 39 10 74 2f 48 8b 40 50 48 85 c0 75
0x00007ffd948bcf8c:   f3 41 80 be a0 05 00 00 00 74 22 8b c2 83 e0 0f
0x00007ffd948bcf9c:   48 8d 04 c0 48 8d 40 20 49 8d 04 c6 48 85 c0 74
0x00007ffd948bcfac:   0c 48 8b 48 08 eb 09 48 83 c0 08 eb ef 49 8b c9
0x00007ffd948bcfbc:   49 3b 8e 40 06 00 00 0f 86 f4 00 00 00 48 8b 86
0x00007ffd948bcfcc:   78 02 00 00 49 89 04 24 4c 89 b6 78 02 00 00 ff
0x00007ffd948bcfdc:   86 80 02 00 00 49 8b 46 08 48 8b 88 18 01 00 00
0x00007ffd948bcfec:   48 81 e1 00 00 ff ff 48 81 c1 00 00 01 00 48 01
0x00007ffd948bcffc:   8e 88 02 00 00 ba 01 00 00 00 49 8b 4e 08 e8 b1
0x00007ffd948bd00c:   91 d4 ff 48 01 86 98 02 00 00 85 ed 74 75 49 8b
0x00007ffd948bd01c:   9f 58 4f 03 00 0f 57 c0 f3 0f 7f 44 24 30 c7 44 


Stack slot to memory mapping:
stack at sp + 0 slots: 0x000002cc1b51fe10 points into unknown readable memory: 0xffffffffffffffff | ff ff ff ff ff ff ff ff
stack at sp + 1 slots: 0x00007ffde59f41a9 USER32.dll
stack at sp + 2 slots: 0x000000e1828feba8 is pointing into the stack for thread: 0x000002cc1b505200
stack at sp + 3 slots: 0x0 is NULL
stack at sp + 4 slots: 0x0000000000000054 is an unknown value
stack at sp + 5 slots: 0x000002cc1b51fe10 points into unknown readable memory: 0xffffffffffffffff | ff ff ff ff ff ff ff ff
stack at sp + 6 slots: 0x024eeaa8023096a8 is an unknown value
stack at sp + 7 slots: 0x00007ffde5d32e44 ntdll.dll


---------------  P R O C E S S  ---------------

Threads class SMR info:
_java_thread_list=0x000002cc1dfd7840, length=21, elements={
0x000002cc7fe23cb0, 0x000002cc7fe24660, 0x000002cc7fe37ce0, 0x000002cc7fe3c6a0,
0x000002cc7fe3d050, 0x000002cc7fe3e1a0, 0x000002cc7fe3ee80, 0x000002cc7fe3f920,
0x000002cc7fe57b80, 0x000002cc1b505200, 0x000002cc1b507700, 0x000002cc1b50d110,
0x000002cc1b51d680, 0x000002cc1b8671b0, 0x000002cc1b86cf50, 0x000002cc1be0a8e0,
0x000002cc1b9064f0, 0x000002cc1dfd29f0, 0x000002cc1e03cac0, 0x000002cc1e03b780,
0x000002cc1e03b2b0
}

Java Threads: ( => current thread )
  0x000002cc7fe23cb0 JavaThread "Reference Handler" daemon [_thread_blocked, id=13988, stack(0x000000e181f00000,0x000000e182000000)]
  0x000002cc7fe24660 JavaThread "Finalizer" daemon [_thread_blocked, id=9208, stack(0x000000e182000000,0x000000e182100000)]
  0x000002cc7fe37ce0 JavaThread "Signal Dispatcher" daemon [_thread_blocked, id=18424, stack(0x000000e182100000,0x000000e182200000)]
  0x000002cc7fe3c6a0 JavaThread "Attach Listener" daemon [_thread_blocked, id=11620, stack(0x000000e182200000,0x000000e182300000)]
  0x000002cc7fe3d050 JavaThread "Service Thread" daemon [_thread_blocked, id=18112, stack(0x000000e182300000,0x000000e182400000)]
  0x000002cc7fe3e1a0 JavaThread "Monitor Deflation Thread" daemon [_thread_blocked, id=5184, stack(0x000000e182400000,0x000000e182500000)]
  0x000002cc7fe3ee80 JavaThread "C2 CompilerThread0" daemon [_thread_blocked, id=7684, stack(0x000000e182500000,0x000000e182600000)]
  0x000002cc7fe3f920 JavaThread "C1 CompilerThread0" daemon [_thread_blocked, id=9660, stack(0x000000e182600000,0x000000e182700000)]
  0x000002cc7fe57b80 JavaThread "Sweeper thread" daemon [_thread_blocked, id=2084, stack(0x000000e182700000,0x000000e182800000)]
=>0x000002cc1b505200 JavaThread "JDWP Transport Listener: dt_socket" daemon [_thread_in_native, id=4784, stack(0x000000e182800000,0x000000e182900000)]
  0x000002cc1b507700 JavaThread "JDWP Event Helper Thread" daemon [_thread_blocked, id=9456, stack(0x000000e182900000,0x000000e182a00000)]
  0x000002cc1b50d110 JavaThread "Notification Thread" daemon [_thread_blocked, id=7616, stack(0x000000e182b00000,0x000000e182c00000)]
  0x000002cc1b51d680 JavaThread "Common-Cleaner" daemon [_thread_blocked, id=11024, stack(0x000000e182d00000,0x000000e182e00000)]
  0x000002cc1b8671b0 JavaThread "Java2D Disposer" daemon [_thread_blocked, id=18080, stack(0x000000e182e00000,0x000000e182f00000)]
  0x000002cc1b86cf50 JavaThread "AWT-Windows" daemon [_thread_in_native, id=18024, stack(0x000000e183000000,0x000000e183100000)]
  0x000002cc1be0a8e0 JavaThread "main-SharedResourceRunner" daemon [_thread_blocked, id=18228, stack(0x000000e183200000,0x000000e183300000)]
  0x000002cc1b9064f0 JavaThread "main-Display-.windows_nil-1-EDT-1" daemon [_thread_blocked, id=12504, stack(0x000000e183f00000,0x000000e184000000)]
  0x000002cc1dfd29f0 JavaThread "HighResTimerThread" daemon [_thread_blocked, id=4852, stack(0x000000e184000000,0x000000e184100000)]
  0x000002cc1e03cac0 JavaThread "Thread-2" [_thread_blocked, id=17988, stack(0x000000e184100000,0x000000e184200000)]
  0x000002cc1e03b780 JavaThread "main-FPSAWTAnimator#00-Timer0" [_thread_in_Java, id=12808, stack(0x000000e184200000,0x000000e184300000)]
  0x000002cc1e03b2b0 JavaThread "DestroyJavaVM" [_thread_blocked, id=14056, stack(0x000000e181800000,0x000000e181900000)]

Other Threads:
  0x000002cc7fe1b960 VMThread "VM Thread" [stack: 0x000000e181e00000,0x000000e181f00000] [id=13780]
  0x000002cc7c67a340 WatcherThread [stack: 0x000000e182c00000,0x000000e182d00000] [id=12560]
  0x000002cc7c658410 GCTaskThread "GC Thread#0" [stack: 0x000000e181900000,0x000000e181a00000] [id=6812]
  0x000002cc1db18ea0 GCTaskThread "GC Thread#1" [stack: 0x000000e183600000,0x000000e183700000] [id=13680]
  0x000002cc1db19150 GCTaskThread "GC Thread#2" [stack: 0x000000e183700000,0x000000e183800000] [id=12692]
  0x000002cc1db19400 GCTaskThread "GC Thread#3" [stack: 0x000000e183800000,0x000000e183900000] [id=17996]
  0x000002cc1db196b0 GCTaskThread "GC Thread#4" [stack: 0x000000e183900000,0x000000e183a00000] [id=7612]
  0x000002cc1db19960 GCTaskThread "GC Thread#5" [stack: 0x000000e183a00000,0x000000e183b00000] [id=5748]
  0x000002cc1db3f2c0 GCTaskThread "GC Thread#6" [stack: 0x000000e183b00000,0x000000e183c00000] [id=7700]
  0x000002cc1db3f570 GCTaskThread "GC Thread#7" [stack: 0x000000e183c00000,0x000000e183d00000] [id=11012]
  0x000002cc7c6689b0 ConcurrentGCThread "G1 Main Marker" [stack: 0x000000e181a00000,0x000000e181b00000] [id=12368]
  0x000002cc7c66ba70 ConcurrentGCThread "G1 Conc#0" [stack: 0x000000e181b00000,0x000000e181c00000] [id=4568]
  0x000002cc7c6bece0 ConcurrentGCThread "G1 Refine#0" [stack: 0x000000e181c00000,0x000000e181d00000] [id=13660]
  0x000002cc7fcd75c0 ConcurrentGCThread "G1 Service" [stack: 0x000000e181d00000,0x000000e181e00000] [id=10720]

Threads with active compile tasks:

VM state: not at safepoint (normal execution)

VM Mutex/Monitor currently owned by a thread: None

Heap address: 0x0000000085800000, size: 1960 MB, Compressed Oops mode: 32-bit

CDS archive(s) mapped at: [0x0000000800000000-0x0000000800bc0000-0x0000000800bc0000), size 12320768, SharedBaseAddress: 0x0000000800000000, ArchiveRelocationMode: 0.
Compressed class space mapped at: 0x0000000800c00000-0x0000000840c00000, reserved size: 1073741824
Narrow klass base: 0x0000000800000000, Narrow klass shift: 0, Narrow klass range: 0x100000000

GC Precious Log:
 CPUs: 8 total, 8 available
 Memory: 7834M
 Large Page Support: Disabled
 NUMA Support: Disabled
 Compressed Oops: Enabled (32-bit)
 Heap Region Size: 1M
 Heap Min Capacity: 8M
 Heap Initial Capacity: 124M
 Heap Max Capacity: 1960M
 Pre-touch: Disabled
 Parallel Workers: 8
 Concurrent Workers: 2
 Concurrent Refinement Workers: 8
 Periodic GC: Disabled

Heap:
 garbage-first heap   total 126976K, used 49694K [0x0000000085800000, 0x0000000100000000)
  region size 1024K, 43 young (44032K), 5 survivors (5120K)
 Metaspace       used 13116K, committed 13312K, reserved 1064960K
  class space    used 929K, committed 1024K, reserved 1048576K

Heap Regions: E=young(eden), S=young(survivor), O=old, HS=humongous(starts), HC=humongous(continues), CS=collection set, F=free, OA=open archive, CA=closed archive, TAMS=top-at-mark-start (previous, next)
|   0|0x0000000085800000, 0x0000000085900000, 0x0000000085900000|100%|HS|  |TAMS 0x0000000085800000, 0x0000000085800000| Complete 
|   1|0x0000000085900000, 0x0000000085a00000, 0x0000000085a00000|100%|HS|  |TAMS 0x0000000085900000, 0x0000000085900000| Complete 
|   2|0x0000000085a00000, 0x0000000085b00000, 0x0000000085b00000|100%| O|  |TAMS 0x0000000085a00000, 0x0000000085a00000| Untracked 
|   3|0x0000000085b00000, 0x0000000085c00000, 0x0000000085c00000|100%| O|  |TAMS 0x0000000085b00000, 0x0000000085b00000| Untracked 
|   4|0x0000000085c00000, 0x0000000085c90000, 0x0000000085d00000| 56%| O|  |TAMS 0x0000000085c00000, 0x0000000085c00000| Untracked 
|   5|0x0000000085d00000, 0x0000000085e00000, 0x0000000085e00000|100%|HS|  |TAMS 0x0000000085d00000, 0x0000000085d00000| Complete 
|   6|0x0000000085e00000, 0x0000000085f00000, 0x0000000085f00000|100%|HC|  |TAMS 0x0000000085e00000, 0x0000000085e00000| Complete 
|   7|0x0000000085f00000, 0x0000000085f00000, 0x0000000086000000|  0%| F|  |TAMS 0x0000000085f00000, 0x0000000085f00000| Untracked 
|   8|0x0000000086000000, 0x0000000086000000, 0x0000000086100000|  0%| F|  |TAMS 0x0000000086000000, 0x0000000086000000| Untracked 
|   9|0x0000000086100000, 0x0000000086100000, 0x0000000086200000|  0%| F|  |TAMS 0x0000000086100000, 0x0000000086100000| Untracked 
|  10|0x0000000086200000, 0x0000000086200000, 0x0000000086300000|  0%| F|  |TAMS 0x0000000086200000, 0x0000000086200000| Untracked 
|  11|0x0000000086300000, 0x0000000086300000, 0x0000000086400000|  0%| F|  |TAMS 0x0000000086300000, 0x0000000086300000| Untracked 
|  12|0x0000000086400000, 0x0000000086400000, 0x0000000086500000|  0%| F|  |TAMS 0x0000000086400000, 0x0000000086400000| Untracked 
|  13|0x0000000086500000, 0x0000000086500000, 0x0000000086600000|  0%| F|  |TAMS 0x0000000086500000, 0x0000000086500000| Untracked 
|  14|0x0000000086600000, 0x0000000086600000, 0x0000000086700000|  0%| F|  |TAMS 0x0000000086600000, 0x0000000086600000| Untracked 
|  15|0x0000000086700000, 0x0000000086700000, 0x0000000086800000|  0%| F|  |TAMS 0x0000000086700000, 0x0000000086700000| Untracked 
|  16|0x0000000086800000, 0x0000000086800000, 0x0000000086900000|  0%| F|  |TAMS 0x0000000086800000, 0x0000000086800000| Untracked 
|  17|0x0000000086900000, 0x0000000086900000, 0x0000000086a00000|  0%| F|  |TAMS 0x0000000086900000, 0x0000000086900000| Untracked 
|  18|0x0000000086a00000, 0x0000000086a00000, 0x0000000086b00000|  0%| F|  |TAMS 0x0000000086a00000, 0x0000000086a00000| Untracked 
|  19|0x0000000086b00000, 0x0000000086b00000, 0x0000000086c00000|  0%| F|  |TAMS 0x0000000086b00000, 0x0000000086b00000| Untracked 
|  20|0x0000000086c00000, 0x0000000086c00000, 0x0000000086d00000|  0%| F|  |TAMS 0x0000000086c00000, 0x0000000086c00000| Untracked 
|  21|0x0000000086d00000, 0x0000000086d00000, 0x0000000086e00000|  0%| F|  |TAMS 0x0000000086d00000, 0x0000000086d00000| Untracked 
|  22|0x0000000086e00000, 0x0000000086e00000, 0x0000000086f00000|  0%| F|  |TAMS 0x0000000086e00000, 0x0000000086e00000| Untracked 
|  23|0x0000000086f00000, 0x0000000086f00000, 0x0000000087000000|  0%| F|  |TAMS 0x0000000086f00000, 0x0000000086f00000| Untracked 
|  24|0x0000000087000000, 0x0000000087000000, 0x0000000087100000|  0%| F|  |TAMS 0x0000000087000000, 0x0000000087000000| Untracked 
|  25|0x0000000087100000, 0x0000000087100000, 0x0000000087200000|  0%| F|  |TAMS 0x0000000087100000, 0x0000000087100000| Untracked 
|  26|0x0000000087200000, 0x0000000087200000, 0x0000000087300000|  0%| F|  |TAMS 0x0000000087200000, 0x0000000087200000| Untracked 
|  27|0x0000000087300000, 0x0000000087300000, 0x0000000087400000|  0%| F|  |TAMS 0x0000000087300000, 0x0000000087300000| Untracked 
|  28|0x0000000087400000, 0x0000000087400000, 0x0000000087500000|  0%| F|  |TAMS 0x0000000087400000, 0x0000000087400000| Untracked 
|  29|0x0000000087500000, 0x0000000087500000, 0x0000000087600000|  0%| F|  |TAMS 0x0000000087500000, 0x0000000087500000| Untracked 
|  30|0x0000000087600000, 0x0000000087600000, 0x0000000087700000|  0%| F|  |TAMS 0x0000000087600000, 0x0000000087600000| Untracked 
|  31|0x0000000087700000, 0x0000000087700000, 0x0000000087800000|  0%| F|  |TAMS 0x0000000087700000, 0x0000000087700000| Untracked 
|  32|0x0000000087800000, 0x0000000087800000, 0x0000000087900000|  0%| F|  |TAMS 0x0000000087800000, 0x0000000087800000| Untracked 
|  33|0x0000000087900000, 0x0000000087900000, 0x0000000087a00000|  0%| F|  |TAMS 0x0000000087900000, 0x0000000087900000| Untracked 
|  34|0x0000000087a00000, 0x0000000087a00000, 0x0000000087b00000|  0%| F|  |TAMS 0x0000000087a00000, 0x0000000087a00000| Untracked 
|  35|0x0000000087b00000, 0x0000000087b00000, 0x0000000087c00000|  0%| F|  |TAMS 0x0000000087b00000, 0x0000000087b00000| Untracked 
|  36|0x0000000087c00000, 0x0000000087c00000, 0x0000000087d00000|  0%| F|  |TAMS 0x0000000087c00000, 0x0000000087c00000| Untracked 
|  37|0x0000000087d00000, 0x0000000087d00000, 0x0000000087e00000|  0%| F|  |TAMS 0x0000000087d00000, 0x0000000087d00000| Untracked 
|  38|0x0000000087e00000, 0x0000000087e00000, 0x0000000087f00000|  0%| F|  |TAMS 0x0000000087e00000, 0x0000000087e00000| Untracked 
|  39|0x0000000087f00000, 0x0000000087f00000, 0x0000000088000000|  0%| F|  |TAMS 0x0000000087f00000, 0x0000000087f00000| Untracked 
|  40|0x0000000088000000, 0x0000000088000000, 0x0000000088100000|  0%| F|  |TAMS 0x0000000088000000, 0x0000000088000000| Untracked 
|  41|0x0000000088100000, 0x0000000088100000, 0x0000000088200000|  0%| F|  |TAMS 0x0000000088100000, 0x0000000088100000| Untracked 
|  42|0x0000000088200000, 0x0000000088200000, 0x0000000088300000|  0%| F|  |TAMS 0x0000000088200000, 0x0000000088200000| Untracked 
|  43|0x0000000088300000, 0x0000000088300000, 0x0000000088400000|  0%| F|  |TAMS 0x0000000088300000, 0x0000000088300000| Untracked 
|  44|0x0000000088400000, 0x0000000088400000, 0x0000000088500000|  0%| F|  |TAMS 0x0000000088400000, 0x0000000088400000| Untracked 
|  45|0x0000000088500000, 0x00000000885f7800, 0x0000000088600000| 96%| S|CS|TAMS 0x0000000088500000, 0x0000000088500000| Complete 
|  46|0x0000000088600000, 0x0000000088600000, 0x0000000088700000|  0%| F|  |TAMS 0x0000000088600000, 0x0000000088600000| Untracked 
|  47|0x0000000088700000, 0x0000000088700000, 0x0000000088800000|  0%| F|  |TAMS 0x0000000088700000, 0x0000000088700000| Untracked 
|  48|0x0000000088800000, 0x0000000088900000, 0x0000000088900000|100%| S|CS|TAMS 0x0000000088800000, 0x0000000088800000| Complete 
|  49|0x0000000088900000, 0x0000000088a00000, 0x0000000088a00000|100%| S|CS|TAMS 0x0000000088900000, 0x0000000088900000| Complete 
|  50|0x0000000088a00000, 0x0000000088a00000, 0x0000000088b00000|  0%| F|  |TAMS 0x0000000088a00000, 0x0000000088a00000| Untracked 
|  51|0x0000000088b00000, 0x0000000088b00000, 0x0000000088c00000|  0%| F|  |TAMS 0x0000000088b00000, 0x0000000088b00000| Untracked 
|  52|0x0000000088c00000, 0x0000000088d00000, 0x0000000088d00000|100%| S|CS|TAMS 0x0000000088c00000, 0x0000000088c00000| Complete 
|  53|0x0000000088d00000, 0x0000000088e00000, 0x0000000088e00000|100%| S|CS|TAMS 0x0000000088d00000, 0x0000000088d00000| Complete 
|  54|0x0000000088e00000, 0x0000000088e00000, 0x0000000088f00000|  0%| F|  |TAMS 0x0000000088e00000, 0x0000000088e00000| Untracked 
|  55|0x0000000088f00000, 0x0000000088f00000, 0x0000000089000000|  0%| F|  |TAMS 0x0000000088f00000, 0x0000000088f00000| Untracked 
|  56|0x0000000089000000, 0x0000000089000000, 0x0000000089100000|  0%| F|  |TAMS 0x0000000089000000, 0x0000000089000000| Untracked 
|  57|0x0000000089100000, 0x0000000089100000, 0x0000000089200000|  0%| F|  |TAMS 0x0000000089100000, 0x0000000089100000| Untracked 
|  58|0x0000000089200000, 0x0000000089200000, 0x0000000089300000|  0%| F|  |TAMS 0x0000000089200000, 0x0000000089200000| Untracked 
|  59|0x0000000089300000, 0x0000000089300000, 0x0000000089400000|  0%| F|  |TAMS 0x0000000089300000, 0x0000000089300000| Untracked 
|  60|0x0000000089400000, 0x0000000089400000, 0x0000000089500000|  0%| F|  |TAMS 0x0000000089400000, 0x0000000089400000| Untracked 
|  61|0x0000000089500000, 0x0000000089500000, 0x0000000089600000|  0%| F|  |TAMS 0x0000000089500000, 0x0000000089500000| Untracked 
|  62|0x0000000089600000, 0x0000000089600000, 0x0000000089700000|  0%| F|  |TAMS 0x0000000089600000, 0x0000000089600000| Untracked 
|  63|0x0000000089700000, 0x0000000089700000, 0x0000000089800000|  0%| F|  |TAMS 0x0000000089700000, 0x0000000089700000| Untracked 
|  64|0x0000000089800000, 0x0000000089800000, 0x0000000089900000|  0%| F|  |TAMS 0x0000000089800000, 0x0000000089800000| Untracked 
|  65|0x0000000089900000, 0x0000000089900000, 0x0000000089a00000|  0%| F|  |TAMS 0x0000000089900000, 0x0000000089900000| Untracked 
|  66|0x0000000089a00000, 0x0000000089a00000, 0x0000000089b00000|  0%| F|  |TAMS 0x0000000089a00000, 0x0000000089a00000| Untracked 
|  67|0x0000000089b00000, 0x0000000089b00000, 0x0000000089c00000|  0%| F|  |TAMS 0x0000000089b00000, 0x0000000089b00000| Untracked 
|  68|0x0000000089c00000, 0x0000000089c00000, 0x0000000089d00000|  0%| F|  |TAMS 0x0000000089c00000, 0x0000000089c00000| Untracked 
|  69|0x0000000089d00000, 0x0000000089d00000, 0x0000000089e00000|  0%| F|  |TAMS 0x0000000089d00000, 0x0000000089d00000| Untracked 
|  70|0x0000000089e00000, 0x0000000089e00000, 0x0000000089f00000|  0%| F|  |TAMS 0x0000000089e00000, 0x0000000089e00000| Untracked 
|  71|0x0000000089f00000, 0x0000000089f00000, 0x000000008a000000|  0%| F|  |TAMS 0x0000000089f00000, 0x0000000089f00000| Untracked 
|  72|0x000000008a000000, 0x000000008a000000, 0x000000008a100000|  0%| F|  |TAMS 0x000000008a000000, 0x000000008a000000| Untracked 
|  73|0x000000008a100000, 0x000000008a100000, 0x000000008a200000|  0%| F|  |TAMS 0x000000008a100000, 0x000000008a100000| Untracked 
|  74|0x000000008a200000, 0x000000008a200000, 0x000000008a300000|  0%| F|  |TAMS 0x000000008a200000, 0x000000008a200000| Untracked 
|  75|0x000000008a300000, 0x000000008a300000, 0x000000008a400000|  0%| F|  |TAMS 0x000000008a300000, 0x000000008a300000| Untracked 
|  76|0x000000008a400000, 0x000000008a400000, 0x000000008a500000|  0%| F|  |TAMS 0x000000008a400000, 0x000000008a400000| Untracked 
|  77|0x000000008a500000, 0x000000008a500000, 0x000000008a600000|  0%| F|  |TAMS 0x000000008a500000, 0x000000008a500000| Untracked 
|  78|0x000000008a600000, 0x000000008a600000, 0x000000008a700000|  0%| F|  |TAMS 0x000000008a600000, 0x000000008a600000| Untracked 
|  79|0x000000008a700000, 0x000000008a700000, 0x000000008a800000|  0%| F|  |TAMS 0x000000008a700000, 0x000000008a700000| Untracked 
|  80|0x000000008a800000, 0x000000008a800000, 0x000000008a900000|  0%| F|  |TAMS 0x000000008a800000, 0x000000008a800000| Untracked 
|  81|0x000000008a900000, 0x000000008a900000, 0x000000008aa00000|  0%| F|  |TAMS 0x000000008a900000, 0x000000008a900000| Untracked 
|  82|0x000000008aa00000, 0x000000008aa00000, 0x000000008ab00000|  0%| F|  |TAMS 0x000000008aa00000, 0x000000008aa00000| Untracked 
|  83|0x000000008ab00000, 0x000000008ab00000, 0x000000008ac00000|  0%| F|  |TAMS 0x000000008ab00000, 0x000000008ab00000| Untracked 
|  84|0x000000008ac00000, 0x000000008ac00000, 0x000000008ad00000|  0%| F|  |TAMS 0x000000008ac00000, 0x000000008ac00000| Untracked 
|  85|0x000000008ad00000, 0x000000008ad00000, 0x000000008ae00000|  0%| F|  |TAMS 0x000000008ad00000, 0x000000008ad00000| Untracked 
|  86|0x000000008ae00000, 0x000000008ae9d388, 0x000000008af00000| 61%| E|  |TAMS 0x000000008ae00000, 0x000000008ae00000| Complete 
|  87|0x000000008af00000, 0x000000008b000000, 0x000000008b000000|100%| E|CS|TAMS 0x000000008af00000, 0x000000008af00000| Complete 
|  88|0x000000008b000000, 0x000000008b100000, 0x000000008b100000|100%| E|CS|TAMS 0x000000008b000000, 0x000000008b000000| Complete 
|  89|0x000000008b100000, 0x000000008b200000, 0x000000008b200000|100%| E|CS|TAMS 0x000000008b100000, 0x000000008b100000| Complete 
|  90|0x000000008b200000, 0x000000008b300000, 0x000000008b300000|100%| E|CS|TAMS 0x000000008b200000, 0x000000008b200000| Complete 
|  91|0x000000008b300000, 0x000000008b400000, 0x000000008b400000|100%| E|CS|TAMS 0x000000008b300000, 0x000000008b300000| Complete 
|  92|0x000000008b400000, 0x000000008b500000, 0x000000008b500000|100%| E|CS|TAMS 0x000000008b400000, 0x000000008b400000| Complete 
|  93|0x000000008b500000, 0x000000008b600000, 0x000000008b600000|100%| E|CS|TAMS 0x000000008b500000, 0x000000008b500000| Complete 
|  94|0x000000008b600000, 0x000000008b700000, 0x000000008b700000|100%| E|CS|TAMS 0x000000008b600000, 0x000000008b600000| Complete 
|  95|0x000000008b700000, 0x000000008b800000, 0x000000008b800000|100%| E|CS|TAMS 0x000000008b700000, 0x000000008b700000| Complete 
|  96|0x000000008b800000, 0x000000008b900000, 0x000000008b900000|100%| E|CS|TAMS 0x000000008b800000, 0x000000008b800000| Complete 
|  97|0x000000008b900000, 0x000000008ba00000, 0x000000008ba00000|100%| E|CS|TAMS 0x000000008b900000, 0x000000008b900000| Complete 
|  98|0x000000008ba00000, 0x000000008bb00000, 0x000000008bb00000|100%| E|CS|TAMS 0x000000008ba00000, 0x000000008ba00000| Complete 
|  99|0x000000008bb00000, 0x000000008bc00000, 0x000000008bc00000|100%| E|CS|TAMS 0x000000008bb00000, 0x000000008bb00000| Complete 
| 100|0x000000008bc00000, 0x000000008bd00000, 0x000000008bd00000|100%| E|CS|TAMS 0x000000008bc00000, 0x000000008bc00000| Complete 
| 101|0x000000008bd00000, 0x000000008be00000, 0x000000008be00000|100%| E|CS|TAMS 0x000000008bd00000, 0x000000008bd00000| Complete 
| 102|0x000000008be00000, 0x000000008bf00000, 0x000000008bf00000|100%| E|CS|TAMS 0x000000008be00000, 0x000000008be00000| Complete 
| 103|0x000000008bf00000, 0x000000008c000000, 0x000000008c000000|100%| E|CS|TAMS 0x000000008bf00000, 0x000000008bf00000| Complete 
| 104|0x000000008c000000, 0x000000008c100000, 0x000000008c100000|100%| E|CS|TAMS 0x000000008c000000, 0x000000008c000000| Complete 
| 105|0x000000008c100000, 0x000000008c200000, 0x000000008c200000|100%| E|CS|TAMS 0x000000008c100000, 0x000000008c100000| Complete 
| 106|0x000000008c200000, 0x000000008c300000, 0x000000008c300000|100%| E|CS|TAMS 0x000000008c200000, 0x000000008c200000| Complete 
| 107|0x000000008c300000, 0x000000008c400000, 0x000000008c400000|100%| E|CS|TAMS 0x000000008c300000, 0x000000008c300000| Complete 
| 108|0x000000008c400000, 0x000000008c500000, 0x000000008c500000|100%| E|CS|TAMS 0x000000008c400000, 0x000000008c400000| Complete 
| 109|0x000000008c500000, 0x000000008c600000, 0x000000008c600000|100%| E|CS|TAMS 0x000000008c500000, 0x000000008c500000| Complete 
| 110|0x000000008c600000, 0x000000008c700000, 0x000000008c700000|100%| E|CS|TAMS 0x000000008c600000, 0x000000008c600000| Complete 
| 111|0x000000008c700000, 0x000000008c800000, 0x000000008c800000|100%| E|CS|TAMS 0x000000008c700000, 0x000000008c700000| Complete 
| 112|0x000000008c800000, 0x000000008c900000, 0x000000008c900000|100%| E|CS|TAMS 0x000000008c800000, 0x000000008c800000| Complete 
| 113|0x000000008c900000, 0x000000008ca00000, 0x000000008ca00000|100%| E|CS|TAMS 0x000000008c900000, 0x000000008c900000| Complete 
| 114|0x000000008ca00000, 0x000000008cb00000, 0x000000008cb00000|100%| E|CS|TAMS 0x000000008ca00000, 0x000000008ca00000| Complete 
| 115|0x000000008cb00000, 0x000000008cc00000, 0x000000008cc00000|100%| E|CS|TAMS 0x000000008cb00000, 0x000000008cb00000| Complete 
| 116|0x000000008cc00000, 0x000000008cd00000, 0x000000008cd00000|100%| E|CS|TAMS 0x000000008cc00000, 0x000000008cc00000| Complete 
| 117|0x000000008cd00000, 0x000000008ce00000, 0x000000008ce00000|100%| E|CS|TAMS 0x000000008cd00000, 0x000000008cd00000| Complete 
| 118|0x000000008ce00000, 0x000000008cf00000, 0x000000008cf00000|100%| E|CS|TAMS 0x000000008ce00000, 0x000000008ce00000| Complete 
| 119|0x000000008cf00000, 0x000000008d000000, 0x000000008d000000|100%| E|CS|TAMS 0x000000008cf00000, 0x000000008cf00000| Complete 
| 120|0x000000008d000000, 0x000000008d100000, 0x000000008d100000|100%| E|CS|TAMS 0x000000008d000000, 0x000000008d000000| Complete 
| 121|0x000000008d100000, 0x000000008d200000, 0x000000008d200000|100%| E|CS|TAMS 0x000000008d100000, 0x000000008d100000| Complete 
| 122|0x000000008d200000, 0x000000008d300000, 0x000000008d300000|100%| E|CS|TAMS 0x000000008d200000, 0x000000008d200000| Complete 
| 123|0x000000008d300000, 0x000000008d400000, 0x000000008d400000|100%| E|CS|TAMS 0x000000008d300000, 0x000000008d300000| Complete 

Card table byte_map: [0x000002cc7cdd0000,0x000002cc7d1b0000] _byte_map_base: 0x000002cc7c9a4000

Marking Bits (Prev, Next): (CMBitMap*) 0x000002cc7c658a20, (CMBitMap*) 0x000002cc7c658a60
 Prev Bits: [0x000002cc7d590000, 0x000002cc7f430000)
 Next Bits: [0x000002cc16a20000, 0x000002cc188c0000)

Polling page: 0x000002cc7bdc0000

Metaspace:

Usage:
  Non-class:     11.90 MB used.
      Class:    929.60 KB used.
       Both:     12.81 MB used.

Virtual space:
  Non-class space:       16.00 MB reserved,      12.00 MB ( 75%) committed,  2 nodes.
      Class space:        1.00 GB reserved,       1.00 MB ( <1%) committed,  1 nodes.
             Both:        1.02 GB reserved,      13.00 MB (  1%) committed. 

Chunk freelists:
   Non-Class:  3.48 MB
       Class:  2.90 MB
        Both:  6.38 MB

MaxMetaspaceSize: unlimited
CompressedClassSpaceSize: 1.00 GB
Initial GC threshold: 21.00 MB
Current GC threshold: 21.00 MB
CDS: on
MetaspaceReclaimPolicy: balanced
 - commit_granule_bytes: 65536.
 - commit_granule_words: 8192.
 - virtual_space_node_default_size: 1048576.
 - enlarge_chunks_in_place: 1.
 - new_chunks_are_fully_committed: 0.
 - uncommit_free_chunks: 1.
 - use_allocation_guard: 0.
 - handle_deallocations: 1.


Internal statistics:

num_allocs_failed_limit: 0.
num_arena_births: 128.
num_arena_deaths: 0.
num_vsnodes_births: 3.
num_vsnodes_deaths: 0.
num_space_committed: 204.
num_space_uncommitted: 0.
num_chunks_returned_to_freelist: 0.
num_chunks_taken_from_freelist: 425.
num_chunk_merges: 0.
num_chunk_splits: 318.
num_chunks_enlarged: 250.
num_purges: 0.
num_inconsistent_stats: 0.

CodeHeap 'non-profiled nmethods': size=120000Kb used=835Kb max_used=835Kb free=119164Kb
 bounds [0x000002cc0f4f0000, 0x000002cc0f760000, 0x000002cc16a20000]
CodeHeap 'profiled nmethods': size=120000Kb used=3272Kb max_used=3272Kb free=116727Kb
 bounds [0x000002cc07fc0000, 0x000002cc08300000, 0x000002cc0f4f0000]
CodeHeap 'non-nmethods': size=5760Kb used=1608Kb max_used=1644Kb free=4151Kb
 bounds [0x000002cc07a20000, 0x000002cc07c90000, 0x000002cc07fc0000]
 total_blobs=2644 nmethods=1716 adapters=841
 compilation: enabled
              stopped_count=0, restarted_count=0
 full_count=0

Compilation events (20 events):
Event: 23.515 Thread 0x000002cc7fe3f920 1707       3       processing.opengl.PGraphicsOpenGL::endDraw (72 bytes)
Event: 23.515 Thread 0x000002cc7fe3f920 nmethod 1707 0x000002cc082e8510 code [0x000002cc082e8740, 0x000002cc082e9288]
Event: 23.515 Thread 0x000002cc7fe3f920 1708       3       processing.opengl.PGraphicsOpenGL::endOnscreenDraw (15 bytes)
Event: 23.516 Thread 0x000002cc7fe3f920 nmethod 1708 0x000002cc082e9510 code [0x000002cc082e96c0, 0x000002cc082e98c8]
Event: 23.516 Thread 0x000002cc7fe3f920 1709       3       processing.opengl.PGL::endRender (812 bytes)
Event: 23.517 Thread 0x000002cc7fe3f920 nmethod 1709 0x000002cc082e9a10 code [0x000002cc082ea020, 0x000002cc082ed4b8]
Event: 23.517 Thread 0x000002cc7fe3f920 1710       3       processing.core.PApplet::dequeueWindowEvents (109 bytes)
Event: 23.518 Thread 0x000002cc7fe3f920 nmethod 1710 0x000002cc082ee690 code [0x000002cc082ee8c0, 0x000002cc082ef378]
Event: 23.518 Thread 0x000002cc7fe3f920 1711       3       processing.opengl.PGraphicsOpenGL::rotateX (9 bytes)
Event: 23.518 Thread 0x000002cc7fe3f920 nmethod 1711 0x000002cc082ef610 code [0x000002cc082ef7e0, 0x000002cc082ef9c8]
Event: 23.558 Thread 0x000002cc7fe3f920 1713       3       processing.core.PGraphics::background (10 bytes)
Event: 23.558 Thread 0x000002cc7fe3f920 nmethod 1713 0x000002cc082efa90 code [0x000002cc082efc40, 0x000002cc082efed8]
Event: 23.558 Thread 0x000002cc7fe3f920 1712       3       processing.core.PApplet::background (24 bytes)
Event: 23.558 Thread 0x000002cc7fe3f920 nmethod 1712 0x000002cc082eff90 code [0x000002cc082f0160, 0x000002cc082f0798]
Event: 24.083 Thread 0x000002cc7fe3f920 1714       3       processing.opengl.PGL::activeTexture (15 bytes)
Event: 24.083 Thread 0x000002cc7fe3f920 nmethod 1714 0x000002cc082f0990 code [0x000002cc082f0b40, 0x000002cc082f0da8]
Event: 24.083 Thread 0x000002cc7fe3f920 1715       3       processing.opengl.PJOGL::activeTextureImpl (11 bytes)
Event: 24.083 Thread 0x000002cc7fe3f920 nmethod 1715 0x000002cc082f0f10 code [0x000002cc082f10c0, 0x000002cc082f12a8]
Event: 24.318 Thread 0x000002cc7fe3f920 1716   !   3       processing.core.PApplet::dequeueEvents (97 bytes)
Event: 24.319 Thread 0x000002cc7fe3f920 nmethod 1716 0x000002cc082f1390 code [0x000002cc082f15a0, 0x000002cc082f1f98]

GC Heap History (10 events):
Event: 1.011 GC heap before
{Heap before GC invocations=0 (full 0):
 garbage-first heap   total 126976K, used 23552K [0x0000000085800000, 0x0000000100000000)
  region size 1024K, 23 young (23552K), 0 survivors (0K)
 Metaspace       used 10757K, committed 10944K, reserved 1064960K
  class space    used 740K, committed 832K, reserved 1048576K
}
Event: 1.019 GC heap after
{Heap after GC invocations=1 (full 0):
 garbage-first heap   total 126976K, used 2781K [0x0000000085800000, 0x0000000100000000)
  region size 1024K, 3 young (3072K), 3 survivors (3072K)
 Metaspace       used 10757K, committed 10944K, reserved 1064960K
  class space    used 740K, committed 832K, reserved 1048576K
}
Event: 1.722 GC heap before
{Heap before GC invocations=1 (full 0):
 garbage-first heap   total 126976K, used 37597K [0x0000000085800000, 0x0000000100000000)
  region size 1024K, 35 young (35840K), 3 survivors (3072K)
 Metaspace       used 12395K, committed 12608K, reserved 1064960K
  class space    used 910K, committed 1024K, reserved 1048576K
}
Event: 1.729 GC heap after
{Heap after GC invocations=2 (full 0):
 garbage-first heap   total 126976K, used 4227K [0x0000000085800000, 0x0000000100000000)
  region size 1024K, 2 young (2048K), 2 survivors (2048K)
 Metaspace       used 12395K, committed 12608K, reserved 1064960K
  class space    used 910K, committed 1024K, reserved 1048576K
}
Event: 3.902 GC heap before
{Heap before GC invocations=2 (full 0):
 garbage-first heap   total 126976K, used 77955K [0x0000000085800000, 0x0000000100000000)
  region size 1024K, 74 young (75776K), 2 survivors (2048K)
 Metaspace       used 12396K, committed 12608K, reserved 1064960K
  class space    used 910K, committed 1024K, reserved 1048576K
}
Event: 3.905 GC heap after
{Heap after GC invocations=3 (full 0):
 garbage-first heap   total 126976K, used 4597K [0x0000000085800000, 0x0000000100000000)
  region size 1024K, 2 young (2048K), 2 survivors (2048K)
 Metaspace       used 12396K, committed 12608K, reserved 1064960K
  class space    used 910K, committed 1024K, reserved 1048576K
}
Event: 7.961 GC heap before
{Heap before GC invocations=3 (full 0):
 garbage-first heap   total 126976K, used 78325K [0x0000000085800000, 0x0000000100000000)
  region size 1024K, 74 young (75776K), 2 survivors (2048K)
 Metaspace       used 12400K, committed 12608K, reserved 1064960K
  class space    used 911K, committed 1024K, reserved 1048576K
}
Event: 7.966 GC heap after
{Heap after GC invocations=4 (full 0):
 garbage-first heap   total 126976K, used 6351K [0x0000000085800000, 0x0000000100000000)
  region size 1024K, 4 young (4096K), 4 survivors (4096K)
 Metaspace       used 12400K, committed 12608K, reserved 1064960K
  class space    used 911K, committed 1024K, reserved 1048576K
}
Event: 11.461 GC heap before
{Heap before GC invocations=4 (full 0):
 garbage-first heap   total 126976K, used 78031K [0x0000000085800000, 0x0000000100000000)
  region size 1024K, 74 young (75776K), 4 survivors (4096K)
 Metaspace       used 12404K, committed 12608K, reserved 1064960K
  class space    used 911K, committed 1024K, reserved 1048576K
}
Event: 11.478 GC heap after
{Heap after GC invocations=5 (full 0):
 garbage-first heap   total 126976K, used 7710K [0x0000000085800000, 0x0000000100000000)
  region size 1024K, 5 young (5120K), 5 survivors (5120K)
 Metaspace       used 12404K, committed 12608K, reserved 1064960K
  class space    used 911K, committed 1024K, reserved 1048576K
}

Dll operation events (15 events):
Event: 0.006 Loaded shared library D:\GIT_HUB\WEB-DEVELOPMENT\processing_related\processing-4.1.1\java\bin\java.dll
Event: 0.016 Loaded shared library D:\GIT_HUB\WEB-DEVELOPMENT\processing_related\processing-4.1.1\java\bin\jsvml.dll
Event: 0.083 Loaded shared library D:\GIT_HUB\WEB-DEVELOPMENT\processing_related\processing-4.1.1\java\bin\net.dll
Event: 0.084 Loaded shared library D:\GIT_HUB\WEB-DEVELOPMENT\processing_related\processing-4.1.1\java\bin\nio.dll
Event: 0.089 Loaded shared library D:\GIT_HUB\WEB-DEVELOPMENT\processing_related\processing-4.1.1\java\bin\zip.dll
Event: 0.142 Loaded shared library D:\GIT_HUB\WEB-DEVELOPMENT\processing_related\processing-4.1.1\java\bin\jimage.dll
Event: 0.145 Loaded shared library D:\GIT_HUB\WEB-DEVELOPMENT\processing_related\processing-4.1.1\java\bin\awt.dll
Event: 0.494 Loaded shared library C:\Users\HP PC\AppData\Local\Temp\jogamp_0000\file_cache\jln12786962100316564198\jln11878548589448041428\natives\windows-amd64\gluegen_rt.dll
Event: 0.500 Loaded shared library D:\GIT_HUB\WEB-DEVELOPMENT\processing_related\processing-4.1.1\java\bin\jawt.dll
Event: 0.539 Loaded shared library C:\Users\HP PC\AppData\Local\Temp\jogamp_0000\file_cache\jln12786962100316564198\jln11878548589448041428\natives\windows-amd64\nativewindow_awt.dll
Event: 0.595 Loaded shared library C:\Users\HP PC\AppData\Local\Temp\jogamp_0000\file_cache\jln12786962100316564198\jln11878548589448041428\natives\windows-amd64\nativewindow_win32.dll
Event: 0.737 Loaded shared library C:\Users\HP PC\AppData\Local\Temp\jogamp_0000\file_cache\jln12786962100316564198\jln11878548589448041428\natives\windows-amd64\jogl_desktop.dll
Event: 0.814 Loaded shared library C:\Users\HP PC\AppData\Local\Temp\jogamp_0000\file_cache\jln12786962100316564198\jln11878548589448041428\natives\windows-amd64\jogl_mobile.dll
Event: 1.344 Loaded shared library C:\Users\HP PC\AppData\Local\Temp\jogamp_0000\file_cache\jln12786962100316564198\jln11878548589448041428\natives\windows-amd64\newt_head.dll
Event: 1.510 Loaded shared library D:\GIT_HUB\WEB-DEVELOPMENT\processing_related\processing-4.1.1\java\bin\verify.dll

Deoptimization events (20 events):
Event: 25.384 Thread 0x000002cc1e03b780 DEOPT PACKING pc=0x000002cc082c5059 sp=0x000000e1842fe940
Event: 25.384 Thread 0x000002cc1e03b780 DEOPT UNPACKING pc=0x000002cc07a766e3 sp=0x000000e1842fde30 mode 1
Event: 25.384 Thread 0x000002cc1e03b780 DEOPT PACKING pc=0x000002cc082a7974 sp=0x000000e1842fe9d0
Event: 25.384 Thread 0x000002cc1e03b780 DEOPT UNPACKING pc=0x000002cc07a766e3 sp=0x000000e1842fde88 mode 1
Event: 25.428 Thread 0x000002cc1e03b780 DEOPT PACKING pc=0x000002cc082c5059 sp=0x000000e1842fe8f0
Event: 25.428 Thread 0x000002cc1e03b780 DEOPT UNPACKING pc=0x000002cc07a766e3 sp=0x000000e1842fdde0 mode 1
Event: 25.428 Thread 0x000002cc1e03b780 DEOPT PACKING pc=0x000002cc082a7974 sp=0x000000e1842fe980
Event: 25.428 Thread 0x000002cc1e03b780 DEOPT UNPACKING pc=0x000002cc07a766e3 sp=0x000000e1842fde38 mode 1
Event: 25.428 Thread 0x000002cc1e03b780 DEOPT PACKING pc=0x000002cc082c5059 sp=0x000000e1842fe940
Event: 25.428 Thread 0x000002cc1e03b780 DEOPT UNPACKING pc=0x000002cc07a766e3 sp=0x000000e1842fde30 mode 1
Event: 25.428 Thread 0x000002cc1e03b780 DEOPT PACKING pc=0x000002cc082a7974 sp=0x000000e1842fe9d0
Event: 25.428 Thread 0x000002cc1e03b780 DEOPT UNPACKING pc=0x000002cc07a766e3 sp=0x000000e1842fde88 mode 1
Event: 25.474 Thread 0x000002cc1e03b780 DEOPT PACKING pc=0x000002cc082c5059 sp=0x000000e1842fe8f0
Event: 25.474 Thread 0x000002cc1e03b780 DEOPT UNPACKING pc=0x000002cc07a766e3 sp=0x000000e1842fdde0 mode 1
Event: 25.474 Thread 0x000002cc1e03b780 DEOPT PACKING pc=0x000002cc082a7974 sp=0x000000e1842fe980
Event: 25.474 Thread 0x000002cc1e03b780 DEOPT UNPACKING pc=0x000002cc07a766e3 sp=0x000000e1842fde38 mode 1
Event: 25.474 Thread 0x000002cc1e03b780 DEOPT PACKING pc=0x000002cc082c5059 sp=0x000000e1842fe940
Event: 25.474 Thread 0x000002cc1e03b780 DEOPT UNPACKING pc=0x000002cc07a766e3 sp=0x000000e1842fde30 mode 1
Event: 25.474 Thread 0x000002cc1e03b780 DEOPT PACKING pc=0x000002cc082a7974 sp=0x000000e1842fe9d0
Event: 25.474 Thread 0x000002cc1e03b780 DEOPT UNPACKING pc=0x000002cc07a766e3 sp=0x000000e1842fde88 mode 1

Classes unloaded (0 events):
No events

Classes redefined (0 events):
No events

Internal exceptions (20 events):
Event: 0.137 Thread 0x000002cc7c5fd560 Exception <a 'java/lang/ClassNotFoundException'{0x000000008d0f2d10}: sun/awt/resources/spi/awtProvider> (0x000000008d0f2d10) 
thrown [s\src\hotspot\share\classfile\systemDictionary.cpp, line 256]
Event: 0.154 Thread 0x000002cc7c5fd560 Exception <a 'java/io/FileNotFoundException'{0x000000008cf497a0}> (0x000000008cf497a0) 
thrown [s\src\hotspot\share\prims\jni.cpp, line 516]
Event: 0.159 Thread 0x000002cc7c5fd560 Exception <a 'java/io/FileNotFoundException'{0x000000008cf769c8}> (0x000000008cf769c8) 
thrown [s\src\hotspot\share\prims\jni.cpp, line 516]
Event: 0.195 Thread 0x000002cc7c5fd560 Exception <a 'java/lang/NoSuchMethodError'{0x000000008ce05b98}: 'java.lang.Object java.lang.invoke.DirectMethodHandle$Holder.invokeStaticInit(java.lang.Object)'> (0x000000008ce05b98) 
thrown [s\src\hotspot\share\interpreter\linkResolver.cpp, line 759]
Event: 0.343 Thread 0x000002cc7c5fd560 Exception <a 'java/lang/NoSuchMethodError'{0x000000008ca824e0}: 'java.lang.Object java.lang.invoke.DirectMethodHandle$Holder.invokeStaticInit(java.lang.Object, int, int, int, int)'> (0x000000008ca824e0) 
thrown [s\src\hotspot\share\interpreter\linkResolver.cpp, line 759]
Event: 0.370 Thread 0x000002cc7c5fd560 Exception <a 'java/lang/NoSuchMethodError'{0x000000008cabbff8}: 'java.lang.Object java.lang.invoke.DirectMethodHandle$Holder.invokeStaticInit(java.lang.Object, java.lang.Object, int, int, int, int)'> (0x000000008cabbff8) 
thrown [s\src\hotspot\share\interpreter\linkResolver.cpp, line 759]
Event: 0.389 Thread 0x000002cc7c5fd560 Exception <a 'java/lang/NoSuchMethodError'{0x000000008cac7818}: 'void java.lang.invoke.DirectMethodHandle$Holder.invokeStatic(java.lang.Object, long)'> (0x000000008cac7818) 
thrown [s\src\hotspot\share\interpreter\linkResolver.cpp, line 759]
Event: 0.390 Thread 0x000002cc7c5fd560 Exception <a 'java/lang/NoSuchMethodError'{0x000000008caccdf8}: 'java.lang.Object java.lang.invoke.DirectMethodHandle$Holder.newInvokeSpecial(java.lang.Object, long)'> (0x000000008caccdf8) 
thrown [s\src\hotspot\share\interpreter\linkResolver.cpp, line 759]
Event: 0.392 Thread 0x000002cc7c5fd560 Exception <a 'java/lang/NoSuchMethodError'{0x000000008cad4050}: 'java.lang.Object java.lang.invoke.DirectMethodHandle$Holder.invokeStatic(java.lang.Object, java.lang.Object, long, java.lang.Object)'> (0x000000008cad4050) 
thrown [s\src\hotspot\share\interpreter\linkResolver.cpp, line 759]
Event: 0.392 Thread 0x000002cc7c5fd560 Exception <a 'java/lang/NoSuchMethodError'{0x000000008cad7ae8}: 'java.lang.Object java.lang.invoke.DirectMethodHandle$Holder.invokeStaticInit(java.lang.Object, java.lang.Object, long, java.lang.Object)'> (0x000000008cad7ae8) 
thrown [s\src\hotspot\share\interpreter\linkResolver.cpp, line 759]
Event: 0.393 Thread 0x000002cc7c5fd560 Exception <a 'java/lang/NoSuchMethodError'{0x000000008cade0a8}: 'java.lang.Object java.lang.invoke.DirectMethodHandle$Holder.newInvokeSpecial(java.lang.Object, java.lang.Object, long)'> (0x000000008cade0a8) 
thrown [s\src\hotspot\share\interpreter\linkResolver.cpp, line 759]
Event: 0.394 Thread 0x000002cc7c5fd560 Exception <a 'java/lang/NoSuchMethodError'{0x000000008cae1c18}: 'java.lang.Object java.lang.invoke.Invokers$Holder.linkToTargetMethod(java.lang.Object, long, java.lang.Object)'> (0x000000008cae1c18) 
thrown [s\src\hotspot\share\interpreter\linkResolver.cpp, line 759]
Event: 0.550 Thread 0x000002cc7c5fd560 Exception <a 'java/lang/NoSuchMethodError'{0x000000008c8518e0}: 'java.lang.Object java.lang.invoke.DirectMethodHandle$Holder.invokeInterface(java.lang.Object, java.lang.Object)'> (0x000000008c8518e0) 
thrown [s\src\hotspot\share\interpreter\linkResolver.cpp, line 759]
Event: 0.550 Thread 0x000002cc7c5fd560 Exception <a 'java/lang/IncompatibleClassChangeError'{0x000000008c8550d8}: Found class java.lang.Object, but interface was expected> (0x000000008c8550d8) 
thrown [s\src\hotspot\share\interpreter\linkResolver.cpp, line 826]
Event: 1.439 Thread 0x000002cc7c5fd560 Exception <a 'java/lang/NoSuchMethodError'{0x000000008c9c8b30}: 'void java.lang.invoke.DirectMethodHandle$Holder.invokeSpecial(java.lang.Object, java.lang.Object, java.lang.Object, java.lang.Object, java.lang.Object)'> (0x000000008c9c8b30) 
thrown [s\src\hotspot\share\interpreter\linkResolver.cpp, line 759]
Event: 1.440 Thread 0x000002cc7c5fd560 Exception <a 'java/lang/NoSuchMethodError'{0x000000008c9d1ac0}: 'void java.lang.invoke.DirectMethodHandle$Holder.invokeSpecial(java.lang.Object, java.lang.Object, java.lang.Object)'> (0x000000008c9d1ac0) 
thrown [s\src\hotspot\share\interpreter\linkResolver.cpp, line 759]
Event: 1.442 Thread 0x000002cc7c5fd560 Exception <a 'java/lang/NoSuchMethodError'{0x000000008c9dac20}: 'void java.lang.invoke.DirectMethodHandle$Holder.invokeSpecial(java.lang.Object, java.lang.Object, int)'> (0x000000008c9dac20) 
thrown [s\src\hotspot\share\interpreter\linkResolver.cpp, line 759]
Event: 1.443 Thread 0x000002cc7c5fd560 Exception <a 'java/lang/NoSuchMethodError'{0x000000008c9e0c38}: 'java.lang.Object java.lang.invoke.DirectMethodHandle$Holder.newInvokeSpecial(java.lang.Object, java.lang.Object, int)'> (0x000000008c9e0c38) 
thrown [s\src\hotspot\share\interpreter\linkResolver.cpp, line 759]
Event: 1.502 Thread 0x000002cc1e03b780 Exception <a 'java/lang/NoSuchMethodError'{0x000000008c89db40}: 'void java.lang.invoke.DirectMethodHandle$Holder.invokeSpecial(java.lang.Object, java.lang.Object, int, int)'> (0x000000008c89db40) 
thrown [s\src\hotspot\share\interpreter\linkResolver.cpp, line 759]
Event: 1.504 Thread 0x000002cc1e03b780 Exception <a 'java/lang/NoSuchMethodError'{0x000000008c8a4060}: 'java.lang.Object java.lang.invoke.DirectMethodHandle$Holder.newInvokeSpecial(java.lang.Object, java.lang.Object, int, int)'> (0x000000008c8a4060) 
thrown [s\src\hotspot\share\interpreter\linkResolver.cpp, line 759]

VM Operations (20 events):
Event: 11.461 Executing VM operation: G1CollectForAllocation
Event: 11.478 Executing VM operation: G1CollectForAllocation done
Event: 13.478 Executing VM operation: Cleanup
Event: 13.478 Executing VM operation: Cleanup done
Event: 15.478 Executing VM operation: Cleanup
Event: 15.479 Executing VM operation: Cleanup done
Event: 16.479 Executing VM operation: Cleanup
Event: 16.479 Executing VM operation: Cleanup done
Event: 17.480 Executing VM operation: Cleanup
Event: 17.480 Executing VM operation: Cleanup done
Event: 18.480 Executing VM operation: Cleanup
Event: 18.481 Executing VM operation: Cleanup done
Event: 19.481 Executing VM operation: Cleanup
Event: 19.481 Executing VM operation: Cleanup done
Event: 21.482 Executing VM operation: Cleanup
Event: 21.482 Executing VM operation: Cleanup done
Event: 23.482 Executing VM operation: Cleanup
Event: 23.483 Executing VM operation: Cleanup done
Event: 25.483 Executing VM operation: Cleanup
Event: 25.483 Executing VM operation: Cleanup done

Events (20 events):
Event: 12.616 loading class jdk/internal/reflect/ByteVectorImpl
Event: 12.616 loading class jdk/internal/reflect/ByteVector
Event: 12.616 loading class jdk/internal/reflect/ByteVector done
Event: 12.616 loading class jdk/internal/reflect/ByteVectorImpl done
Event: 12.616 loading class jdk/internal/reflect/ClassFileAssembler
Event: 12.617 loading class jdk/internal/reflect/ClassFileAssembler done
Event: 12.617 loading class jdk/internal/reflect/UTF8
Event: 12.617 loading class jdk/internal/reflect/UTF8 done
Event: 12.617 loading class jdk/internal/reflect/Label
Event: 12.617 loading class jdk/internal/reflect/Label done
Event: 12.617 loading class jdk/internal/reflect/Label$PatchInfo
Event: 12.617 loading class jdk/internal/reflect/Label$PatchInfo done
Event: 12.617 loading class jdk/internal/reflect/MethodAccessorGenerator$1
Event: 12.617 loading class jdk/internal/reflect/MethodAccessorGenerator$1 done
Event: 12.617 loading class jdk/internal/reflect/ClassDefiner
Event: 12.617 loading class jdk/internal/reflect/ClassDefiner done
Event: 12.617 loading class jdk/internal/reflect/ClassDefiner$1
Event: 12.617 loading class jdk/internal/reflect/ClassDefiner$1 done
Event: 12.673 Thread 0x000002cc1dfd0f60 Thread exited: 0x000002cc1dfd0f60
Event: 25.503 Thread 0x000002cc1b507bf0 Thread exited: 0x000002cc1b507bf0


Dynamic libraries:
0x00007ff6cdc80000 - 0x00007ff6cdc8e000 	D:\GIT_HUB\WEB-DEVELOPMENT\processing_related\processing-4.1.1\java\bin\java.exe
0x00007ffde5c90000 - 0x00007ffde5ea4000 	C:\WINDOWS\SYSTEM32\ntdll.dll
0x00007ffde4740000 - 0x00007ffde4803000 	C:\WINDOWS\System32\KERNEL32.DLL
0x00007ffde32b0000 - 0x00007ffde364d000 	C:\WINDOWS\System32\KERNELBASE.dll
0x00007ffde3650000 - 0x00007ffde3761000 	C:\WINDOWS\System32\ucrtbase.dll
0x00007ffdde1b0000 - 0x00007ffdde1c9000 	D:\GIT_HUB\WEB-DEVELOPMENT\processing_related\processing-4.1.1\java\bin\VCRUNTIME140.dll
0x00007ffdde190000 - 0x00007ffdde1a7000 	D:\GIT_HUB\WEB-DEVELOPMENT\processing_related\processing-4.1.1\java\bin\jli.dll
0x00007ffde59f0000 - 0x00007ffde5b9d000 	C:\WINDOWS\System32\USER32.dll
0x00007ffdc3eb0000 - 0x00007ffdc413e000 	C:\WINDOWS\WinSxS\amd64_microsoft.windows.common-controls_6595b64144ccf1df_6.0.22621.608_none_a9444ca7c10bb01d\COMCTL32.dll
0x00007ffde3280000 - 0x00007ffde32a6000 	C:\WINDOWS\System32\win32u.dll
0x00007ffde5730000 - 0x00007ffde57d7000 	C:\WINDOWS\System32\msvcrt.dll
0x00007ffde4a70000 - 0x00007ffde4a99000 	C:\WINDOWS\System32\GDI32.dll
0x00007ffde3960000 - 0x00007ffde3a72000 	C:\WINDOWS\System32\gdi32full.dll
0x00007ffde3120000 - 0x00007ffde31ba000 	C:\WINDOWS\System32\msvcp_win.dll
0x00007ffde4940000 - 0x00007ffde4972000 	C:\WINDOWS\System32\IMM32.DLL
0x00007ffdde180000 - 0x00007ffdde18c000 	D:\GIT_HUB\WEB-DEVELOPMENT\processing_related\processing-4.1.1\java\bin\vcruntime140_1.dll
0x00007ffdc9940000 - 0x00007ffdc99d1000 	D:\GIT_HUB\WEB-DEVELOPMENT\processing_related\processing-4.1.1\java\bin\msvcp140.dll
0x00007ffd955c0000 - 0x00007ffd96204000 	D:\GIT_HUB\WEB-DEVELOPMENT\processing_related\processing-4.1.1\java\bin\server\jvm.dll
0x00007ffde49a0000 - 0x00007ffde4a4e000 	C:\WINDOWS\System32\ADVAPI32.dll
0x00007ffde5ba0000 - 0x00007ffde5c44000 	C:\WINDOWS\System32\sechost.dll
0x00007ffde4820000 - 0x00007ffde4935000 	C:\WINDOWS\System32\RPCRT4.dll
0x00007ffdde170000 - 0x00007ffdde179000 	C:\WINDOWS\SYSTEM32\WSOCK32.dll
0x00007ffdda740000 - 0x00007ffdda774000 	C:\WINDOWS\SYSTEM32\WINMM.dll
0x00007ffde3a80000 - 0x00007ffde3af1000 	C:\WINDOWS\System32\WS2_32.dll
0x00007ffdd8250000 - 0x00007ffdd825a000 	C:\WINDOWS\SYSTEM32\VERSION.dll
0x00007ffde20e0000 - 0x00007ffde20f8000 	C:\WINDOWS\SYSTEM32\kernel.appcore.dll
0x00007ffdde160000 - 0x00007ffdde16a000 	D:\GIT_HUB\WEB-DEVELOPMENT\processing_related\processing-4.1.1\java\bin\jimage.dll
0x00007ffde0990000 - 0x00007ffde0bbe000 	C:\WINDOWS\SYSTEM32\DBGHELP.DLL
0x00007ffde4280000 - 0x00007ffde460a000 	C:\WINDOWS\System32\combase.dll
0x00007ffde5650000 - 0x00007ffde5727000 	C:\WINDOWS\System32\OLEAUT32.dll
0x00007ffdc1610000 - 0x00007ffdc1642000 	C:\WINDOWS\SYSTEM32\dbgcore.DLL
0x00007ffde38e0000 - 0x00007ffde395b000 	C:\WINDOWS\System32\bcryptPrimitives.dll
0x00007ffdca760000 - 0x00007ffdca79b000 	D:\GIT_HUB\WEB-DEVELOPMENT\processing_related\processing-4.1.1\java\bin\jdwp.dll
0x00007ffddd9f0000 - 0x00007ffddda15000 	D:\GIT_HUB\WEB-DEVELOPMENT\processing_related\processing-4.1.1\java\bin\java.dll
0x00007ffd9e4a0000 - 0x00007ffd9e576000 	D:\GIT_HUB\WEB-DEVELOPMENT\processing_related\processing-4.1.1\java\bin\jsvml.dll
0x00007ffde4e60000 - 0x00007ffde564f000 	C:\WINDOWS\System32\SHELL32.dll
0x00007ffde1080000 - 0x00007ffde1948000 	C:\WINDOWS\SYSTEM32\windows.storage.dll
0x00007ffde0f40000 - 0x00007ffde107e000 	C:\WINDOWS\SYSTEM32\wintypes.dll
0x00007ffde4120000 - 0x00007ffde4211000 	C:\WINDOWS\System32\SHCORE.dll
0x00007ffde4220000 - 0x00007ffde427e000 	C:\WINDOWS\System32\shlwapi.dll
0x00007ffde2fe0000 - 0x00007ffde3001000 	C:\WINDOWS\SYSTEM32\profapi.dll
0x00007ffdca750000 - 0x00007ffdca75c000 	D:\GIT_HUB\WEB-DEVELOPMENT\processing_related\processing-4.1.1\java\bin\dt_socket.dll
0x00007ffde1b90000 - 0x00007ffde1bbd000 	C:\WINDOWS\SYSTEM32\IPHLPAPI.DLL
0x00007ffde2570000 - 0x00007ffde25d9000 	C:\WINDOWS\system32\mswsock.dll
0x00007ffdda7f0000 - 0x00007ffdda809000 	D:\GIT_HUB\WEB-DEVELOPMENT\processing_related\processing-4.1.1\java\bin\net.dll
0x00007ffddd6d0000 - 0x00007ffddd7ff000 	C:\WINDOWS\SYSTEM32\WINHTTP.dll
0x00007ffdd8300000 - 0x00007ffdd8315000 	D:\GIT_HUB\WEB-DEVELOPMENT\processing_related\processing-4.1.1\java\bin\nio.dll
0x00007ffdd82e0000 - 0x00007ffdd82f8000 	D:\GIT_HUB\WEB-DEVELOPMENT\processing_related\processing-4.1.1\java\bin\zip.dll
0x00007ffd9be70000 - 0x00007ffd9bffe000 	D:\GIT_HUB\WEB-DEVELOPMENT\processing_related\processing-4.1.1\java\bin\awt.dll
0x00007ffde0030000 - 0x00007ffde00c7000 	C:\WINDOWS\SYSTEM32\apphelp.dll
0x00007ffde01b0000 - 0x00007ffde025b000 	C:\WINDOWS\system32\uxtheme.dll
0x00007ffde4620000 - 0x00007ffde473e000 	C:\WINDOWS\System32\MSCTF.dll
0x00007ffde5850000 - 0x00007ffde59ec000 	C:\WINDOWS\System32\ole32.dll
0x00007ffde0440000 - 0x00007ffde046b000 	C:\WINDOWS\system32\DWMAPI.DLL
0x00007ffdc7910000 - 0x00007ffdc7a10000 	C:\WINDOWS\system32\opengl32.dll
0x00007ffdc8dc0000 - 0x00007ffdc8ded000 	C:\WINDOWS\SYSTEM32\GLU32.dll
0x00007ffde02d0000 - 0x00007ffde0306000 	C:\WINDOWS\SYSTEM32\dxcore.dll
0x00007ffde27c0000 - 0x00007ffde27db000 	C:\WINDOWS\SYSTEM32\CRYPTSP.dll
0x00007ffde2040000 - 0x00007ffde2075000 	C:\WINDOWS\system32\rsaenh.dll
0x00007ffde2660000 - 0x00007ffde2688000 	C:\WINDOWS\SYSTEM32\USERENV.dll
0x00007ffde2980000 - 0x00007ffde29a8000 	C:\WINDOWS\SYSTEM32\bcrypt.dll
0x00007ffde27e0000 - 0x00007ffde27ec000 	C:\WINDOWS\SYSTEM32\CRYPTBASE.dll
0x00007ffde4a50000 - 0x00007ffde4a59000 	C:\WINDOWS\System32\NSI.dll
0x00007ffdda670000 - 0x00007ffdda689000 	C:\WINDOWS\SYSTEM32\dhcpcsvc6.DLL
0x00007ffdda650000 - 0x00007ffdda66f000 	C:\WINDOWS\SYSTEM32\dhcpcsvc.DLL
0x00007ffde1bc0000 - 0x00007ffde1cb2000 	C:\WINDOWS\SYSTEM32\DNSAPI.dll
0x000000006e8c0000 - 0x000000006e8cd000 	C:\Users\HP PC\AppData\Local\Temp\jogamp_0000\file_cache\jln12786962100316564198\jln11878548589448041428\natives\windows-amd64\gluegen_rt.dll
0x00007ffdcbae0000 - 0x00007ffdcbae7000 	D:\GIT_HUB\WEB-DEVELOPMENT\processing_related\processing-4.1.1\java\bin\jawt.dll
0x000000006a440000 - 0x000000006a44d000 	C:\Users\HP PC\AppData\Local\Temp\jogamp_0000\file_cache\jln12786962100316564198\jln11878548589448041428\natives\windows-amd64\nativewindow_awt.dll
0x000000006c100000 - 0x000000006c110000 	C:\Users\HP PC\AppData\Local\Temp\jogamp_0000\file_cache\jln12786962100316564198\jln11878548589448041428\natives\windows-amd64\nativewindow_win32.dll
0x0000000064500000 - 0x0000000064585000 	C:\Users\HP PC\AppData\Local\Temp\jogamp_0000\file_cache\jln12786962100316564198\jln11878548589448041428\natives\windows-amd64\jogl_desktop.dll
0x00007ffdca410000 - 0x00007ffdca74e000 	C:\Users\HP PC\AppData\Local\Programs\MiKTeX\miktex\bin\x64\libGLESv2.dll
0x00007ffdc6130000 - 0x00007ffdc62d9000 	C:\WINDOWS\SYSTEM32\d3d9.dll
0x0000000064340000 - 0x0000000064391000 	C:\Users\HP PC\AppData\Local\Temp\jogamp_0000\file_cache\jln12786962100316564198\jln11878548589448041428\natives\windows-amd64\jogl_mobile.dll
0x00007ffddd800000 - 0x00007ffddd849000 	C:\WINDOWS\SYSTEM32\directxdatabasehelper.dll
0x00007ffde4da0000 - 0x00007ffde4e57000 	C:\WINDOWS\System32\clbcatq.dll
0x00007ffddbd70000 - 0x00007ffddbea6000 	C:\Windows\System32\AppXDeploymentClient.dll
0x00007ffd945b0000 - 0x00007ffd955b6000 	C:\WINDOWS\System32\DriverStore\FileRepository\iigd_dch.inf_amd64_9dbfad2c6843c394\igxelpicd64.dll
0x00007ffde0310000 - 0x00007ffde0407000 	C:\WINDOWS\system32\dxgi.dll
0x00007ffd93e50000 - 0x00007ffd945a3000 	C:\WINDOWS\System32\DriverStore\FileRepository\iigd_dch.inf_amd64_9dbfad2c6843c394\igdml64.dll
0x00007ffdd7a80000 - 0x00007ffdd7e41000 	C:\WINDOWS\System32\DriverStore\FileRepository\iigd_dch.inf_amd64_9dbfad2c6843c394\igdgmm64.dll
0x00007ffdd16c0000 - 0x00007ffdd4920000 	C:\WINDOWS\System32\DriverStore\FileRepository\iigd_dch.inf_amd64_9dbfad2c6843c394\igc64.dll
0x00007ffde2dd0000 - 0x00007ffde2e1d000 	C:\WINDOWS\SYSTEM32\powrprof.dll
0x00007ffde2db0000 - 0x00007ffde2dc3000 	C:\WINDOWS\SYSTEM32\UMPDC.dll
0x0000000070d80000 - 0x0000000070d93000 	C:\Users\HP PC\AppData\Local\Temp\jogamp_0000\file_cache\jln12786962100316564198\jln11878548589448041428\natives\windows-amd64\newt_head.dll
0x00007ffddc110000 - 0x00007ffddc1cd000 	C:\WINDOWS\SYSTEM32\mscms.dll
0x00007ffdca360000 - 0x00007ffdca3a9000 	C:\WINDOWS\SYSTEM32\icm32.dll
0x00007ffde3ba0000 - 0x00007ffde401a000 	C:\WINDOWS\System32\setupapi.dll
0x00007ffde2ce0000 - 0x00007ffde2d13000 	C:\WINDOWS\SYSTEM32\DEVOBJ.dll
0x00007ffde2d20000 - 0x00007ffde2d6e000 	C:\WINDOWS\SYSTEM32\cfgmgr32.dll
0x00007ffde30b0000 - 0x00007ffde311b000 	C:\WINDOWS\System32\WINTRUST.dll
0x00007ffde3770000 - 0x00007ffde38d6000 	C:\WINDOWS\System32\CRYPT32.dll
0x00007ffde2820000 - 0x00007ffde2832000 	C:\WINDOWS\SYSTEM32\MSASN1.dll
0x00007ffdc3430000 - 0x00007ffdc355d000 	C:\WINDOWS\SYSTEM32\textinputframework.dll
0x00007ffddfd30000 - 0x00007ffddfe63000 	C:\WINDOWS\SYSTEM32\CoreMessaging.dll
0x00007ffddcfc0000 - 0x00007ffddd32c000 	C:\WINDOWS\SYSTEM32\CoreUIComponents.dll
0x00007ffdcba80000 - 0x00007ffdcba90000 	D:\GIT_HUB\WEB-DEVELOPMENT\processing_related\processing-4.1.1\java\bin\verify.dll

dbghelp: loaded successfully - version: 4.0.5 - missing functions: none
symbol engine: initialized successfully - sym options: 0x614 - pdb path: .;D:\GIT_HUB\WEB-DEVELOPMENT\processing_related\processing-4.1.1\java\bin;C:\WINDOWS\SYSTEM32;C:\WINDOWS\WinSxS\amd64_microsoft.windows.common-controls_6595b64144ccf1df_6.0.22621.608_none_a9444ca7c10bb01d;D:\GIT_HUB\WEB-DEVELOPMENT\processing_related\processing-4.1.1\java\bin\server;C:\Users\HP PC\AppData\Local\Temp\jogamp_0000\file_cache\jln12786962100316564198\jln11878548589448041428\natives\windows-amd64;C:\Users\HP PC\AppData\Local\Programs\MiKTeX\miktex\bin\x64;C:\WINDOWS\System32\DriverStore\FileRepository\iigd_dch.inf_amd64_9dbfad2c6843c394

VM Arguments:
jvm_args: -agentlib:jdwp=transport=dt_socket,address=8154,server=y,suspend=y,quiet=y -Djna.nosys=true -Djava.library.path=;D:\GIT_HUB\WEB-DEVELOPMENT\processing_related\processing-4.1.1\core\library\windows-amd64;C:\Users\HP PC\OneDrive\Documents\Processing\libraries\peasycam\library;D:\GIT_HUB\WEB-DEVELOPMENT\processing_related\processing-4.1.1\java\bin;C:\WINDOWS\system32;C:\WINDOWS;C:\Program Files\Common Files\Oracle\Java\javapath;C:\Program Files (x86)\Common Files\Oracle\Java\javapath;C:\WINDOWS\system32;C:\WINDOWS;C:\WINDOWS\System32\Wbem;C:\WINDOWS\System32\WindowsPowerShell\v1.0;C:\WINDOWS\System32\OpenSSH;C:\mingw\mingw32\bin;C:\Program Files\Python310;C:\Program Files\Java\jdk-18.0.1.1\bin;C:\Program Files\Git\cmd;C:\Program Files\nodejs;C:\Program Files\MySQL\MySQL Shell 8.0\bin;C:\Users\HP PC\AppData\Local\Microsoft\WindowsApps;C:\Users\HP PC\AppData\Local\Programs\Microsoft VS Code\bin;C:\Program Files\Python310\Scripts;C:\Users\HP PC\AppData\Local\Programs\MiKTeX\miktex\bin\x64;C:\Users\HP PC\AppData\Roaming\npm;D:\GIT_HUB\WEB-DEVELOPMENT\processing_related\processing-4.1.1\java\bin;. -ea 
java_command: processing.core.PApplet --editor-location=446,160 --external --display=1 --sketch-path=D:\GIT_HUB\WEB-DEVELOPMENT\processing_related\madelbulb_3d --ui-scale=1 madelbulb_3d
java_class_path (initial): C:\Users\HPPC~1\AppData\Local\Temp\processing\madelbulb_3d16730915548807378301temp;D:\GIT_HUB\WEB-DEVELOPMENT\processing_related\processing-4.1.1\core\library\core.jar;D:\GIT_HUB\WEB-DEVELOPMENT\processing_related\processing-4.1.1\core\library\gluegen-rt-natives-linux-aarch64.jar;D:\GIT_HUB\WEB-DEVELOPMENT\processing_related\processing-4.1.1\core\library\gluegen-rt-natives-linux-amd64.jar;D:\GIT_HUB\WEB-DEVELOPMENT\processing_related\processing-4.1.1\core\library\gluegen-rt-natives-linux-armv6hf.jar;D:\GIT_HUB\WEB-DEVELOPMENT\processing_related\processing-4.1.1\core\library\gluegen-rt-natives-linux-i586.jar;D:\GIT_HUB\WEB-DEVELOPMENT\processing_related\processing-4.1.1\core\library\gluegen-rt-natives-macosx-universal.jar;D:\GIT_HUB\WEB-DEVELOPMENT\processing_related\processing-4.1.1\core\library\gluegen-rt-natives-windows-amd64.jar;D:\GIT_HUB\WEB-DEVELOPMENT\processing_related\processing-4.1.1\core\library\gluegen-rt-natives-windows-i586.jar;D:\GIT_HUB\WEB-DEVELOPMENT\processing_related\processing-4.1.1\core\library\gluegen-rt.jar;D:\GIT_HUB\WEB-DEVELOPMENT\processing_related\processing-4.1.1\core\library\jogl-all-natives-linux-aarch64.jar;D:\GIT_HUB\WEB-DEVELOPMENT\processing_related\processing-4.1.1\core\library\jogl-all-natives-linux-amd64.jar;D:\GIT_HUB\WEB-DEVELOPMENT\processing_related\processing-4.1.1\core\library\jogl-all-natives-linux-armv6hf.jar;D:\GIT_HUB\WEB-DEVELOPMENT\processing_related\processing-4.1.1\core\library\jogl-all-natives-linux-i586.jar;D:\GIT_HUB\WEB-DEVELOPMENT\processing_related\processing-4.1.1\core\library\jogl-all-natives-macosx-universal.jar;D:\GIT_HUB\WEB-DEVELOPMENT\processing_related\processing-4.1.1\core\library\jogl-all-natives-windows-amd64.jar;D:\GIT_HUB\WEB-DEVELOPMENT\processing_related\processing-4.1.1\core\library\jogl-all-natives-windows-i586.jar;D:\GIT_HUB\WEB-DEVELOPMENT\processing_related\processing-4.1.1\core\library\jogl-all.jar;C:\Users\HP PC\OneDrive\Documents\Processing\libraries\peasyc
Launcher Type: SUN_STANDARD

[Global flags]
     intx CICompilerCount                          = 4                                         {product} {ergonomic}
     uint ConcGCThreads                            = 2                                         {product} {ergonomic}
     uint G1ConcRefinementThreads                  = 8                                         {product} {ergonomic}
   size_t G1HeapRegionSize                         = 1048576                                   {product} {ergonomic}
    uintx GCDrainStackTargetSize                   = 64                                        {product} {ergonomic}
   size_t InitialHeapSize                          = 130023424                                 {product} {ergonomic}
   size_t MarkStackSize                            = 4194304                                   {product} {ergonomic}
   size_t MaxHeapSize                              = 2055208960                                {product} {ergonomic}
   size_t MaxNewSize                               = 1233125376                                {product} {ergonomic}
   size_t MinHeapDeltaBytes                        = 1048576                                   {product} {ergonomic}
   size_t MinHeapSize                              = 8388608                                   {product} {ergonomic}
    uintx NonNMethodCodeHeapSize                   = 5839372                                {pd product} {ergonomic}
    uintx NonProfiledCodeHeapSize                  = 122909434                              {pd product} {ergonomic}
    uintx ProfiledCodeHeapSize                     = 122909434                              {pd product} {ergonomic}
    uintx ReservedCodeCacheSize                    = 251658240                              {pd product} {ergonomic}
     bool SegmentedCodeCache                       = true                                      {product} {ergonomic}
   size_t SoftMaxHeapSize                          = 2055208960                             {manageable} {ergonomic}
     bool UseCompressedClassPointers               = true                           {product lp64_product} {ergonomic}
     bool UseCompressedOops                        = true                           {product lp64_product} {ergonomic}
     bool UseG1GC                                  = true                                      {product} {ergonomic}
     bool UseLargePagesIndividualAllocation        = false                                  {pd product} {ergonomic}

Logging:
Log output configuration:
 #0: stdout all=warning uptime,level,tags
 #1: stderr all=off uptime,level,tags

Environment Variables:
JAVA_HOME=C:\Program Files\Java\jdk-18.0.1.1
PATH=C:\Program Files\Common Files\Oracle\Java\javapath;C:\Program Files (x86)\Common Files\Oracle\Java\javapath;C:\WINDOWS\system32;C:\WINDOWS;C:\WINDOWS\System32\Wbem;C:\WINDOWS\System32\WindowsPowerShell\v1.0\;C:\WINDOWS\System32\OpenSSH\;C:\mingw\mingw32\bin;C:\Program Files\Python310;C:\Program Files\Java\jdk-18.0.1.1\bin;C:\Program Files\Git\cmd;C:\Program Files\nodejs\;C:\Program Files\MySQL\MySQL Shell 8.0\bin\;C:\Users\HP PC\AppData\Local\Microsoft\WindowsApps;C:\Users\HP PC\AppData\Local\Programs\Microsoft VS Code\bin;C:\Program Files\Python310\Scripts;C:\Users\HP PC\AppData\Local\Programs\MiKTeX\miktex\bin\x64\;C:\Users\HP PC\AppData\Roaming\npm;D:\GIT_HUB\WEB-DEVELOPMENT\processing_related\processing-4.1.1\java\bin
USERNAME=AADITYA RAJ
OS=Windows_NT
PROCESSOR_IDENTIFIER=Intel64 Family 6 Model 140 Stepping 1, GenuineIntel
TMP=C:\Users\HPPC~1\AppData\Local\Temp
TEMP=C:\Users\HPPC~1\AppData\Local\Temp



---------------  S Y S T E M  ---------------

OS:
 Windows 11 , 64 bit Build 22621 (10.0.22621.1105)
OS uptime: 0 days 2:33 hours
Hyper-V role detected

CPU: total 8 (initial active 8) (4 cores per cpu, 2 threads per core) family 6 model 140 stepping 1 microcode 0x9a, cx8, cmov, fxsr, ht, mmx, 3dnowpref, sse, sse2, sse3, ssse3, sse4.1, sse4.2, popcnt, lzcnt, tsc, tscinvbit, avx, avx2, aes, erms, clmul, bmi1, bmi2, adx, avx512f, avx512dq, avx512cd, avx512bw, avx512vl, sha, fma, vzeroupper, avx512_vpopcntdq, avx512_vpclmulqdq, avx512_vaes, avx512_vnni, clflush, clflushopt, clwb, avx512_vbmi2, avx512_vbmi, hv

Memory: 4k page, system-wide physical 7834M (1505M free)
TotalPageFile size 11546M (AvailPageFile size 3577M)
current process WorkingSet (physical memory assigned to process): 513M, peak: 521M
current process commit charge ("private bytes"): 512M, peak: 524M

vm_info: OpenJDK 64-Bit Server VM (17.0.5+8) for windows-amd64 JRE (17.0.5+8), built on Oct 19 2022 04:48:13 by "temurin" with MS VC++ 16.7 (VS2019)

END.
