#
# A fatal error has been detected by the Java Runtime Environment:
#
#  EXCEPTION_ACCESS_VIOLATION (0xc0000005) at pc=0x00007ffb50c2cf2c, pid=15860, tid=15112
#
# JRE version: OpenJDK Runtime Environment Temurin-17.0.5+8 (17.0.5+8) (build 17.0.5+8)
# Java VM: OpenJDK 64-Bit Server VM Temurin-17.0.5+8 (17.0.5+8, mixed mode, sharing, tiered, compressed oops, compressed class ptrs, g1 gc, windows-amd64)
# Problematic frame:
# C  [igxelpicd64.dll+0x30cf2c]
#
# No core dump will be written. Minidumps are not enabled by default on client versions of Windows
#
# If you would like to submit a bug report, please visit:
#   https://github.com/adoptium/adoptium-support/issues
# The crash happened outside the Java Virtual Machine in native code.
# See problematic frame for where to report the bug.
#

---------------  S U M M A R Y ------------

Command Line: -agentlib:jdwp=transport=dt_socket,address=8659,server=y,suspend=y,quiet=y -Djna.nosys=true -Djava.library.path=;D:\GIT_HUB\WEB-DEVELOPMENT\processing_related\processing-4.1.1\core\library\windows-amd64;C:\Users\HP PC\OneDrive\Documents\Processing\libraries\peasycam\library;D:\GIT_HUB\WEB-DEVELOPMENT\processing_related\processing-4.1.1\java\bin;C:\WINDOWS\system32;C:\WINDOWS;C:\Program Files\Common Files\Oracle\Java\javapath;C:\Program Files (x86)\Common Files\Oracle\Java\javapath;C:\WINDOWS\system32;C:\WINDOWS;C:\WINDOWS\System32\Wbem;C:\WINDOWS\System32\WindowsPowerShell\v1.0;C:\WINDOWS\System32\OpenSSH;C:\mingw\mingw32\bin;C:\Program Files\Python310;C:\Program Files\Java\jdk-18.0.1.1\bin;C:\Program Files\Git\cmd;C:\Program Files\nodejs;C:\Program Files\MySQL\MySQL Shell 8.0\bin;C:\Users\HP PC\AppData\Local\Microsoft\WindowsApps;C:\Users\HP PC\AppData\Local\Programs\Microsoft VS Code\bin;C:\Program Files\Python310\Scripts;C:\Users\HP PC\AppData\Local\Programs\MiKTeX\miktex\bin\x64;C:\Users\HP PC\AppData\Roaming\npm;D:\GIT_HUB\WEB-DEVELOPMENT\processing_related\processing-4.1.1\java\bin;. -ea processing.core.PApplet --location=1209,138 --external --display=1 --sketch-path=D:\GIT_HUB\WEB-DEVELOPMENT\processing_related\madelbulb_3d --ui-scale=1 madelbulb_3d

Host: 11th Gen Intel(R) Core(TM) i5-1135G7 @ 2.40GHz, 8 cores, 7G,  Windows 11 , 64 bit Build 22621 (10.0.22621.1105)
Time: Mon Jan 16 17:47:50 2023 India Standard Time elapsed time: 8.442279 seconds (0d 0h 0m 8s)

---------------  T H R E A D  ---------------

Current thread (0x000001e4bed0e690):  JavaThread "JDWP Transport Listener: dt_socket" daemon [_thread_in_native, id=15112, stack(0x000000cead000000,0x000000cead100000)]

Stack: [0x000000cead000000,0x000000cead100000],  sp=0x000000cead0fe520,  free space=1017k
Native frames: (J=compiled Java code, j=interpreted, Vv=VM code, C=native code)
C  [igxelpicd64.dll+0x30cf2c]


siginfo: EXCEPTION_ACCESS_VIOLATION (0xc0000005), reading address 0x00000000000356f8


Register to memory mapping:

RIP=0x00007ffb50c2cf2c igxelpicd64.dll
RAX=0x000001e4c6fccc40 points into unknown readable memory: 0x0000000000000013 | 13 00 00 00 00 00 00 00
RBX=0x000001e4bf41ceb0 points into unknown readable memory: 0xffffffffffffffff | ff ff ff ff ff ff ff ff
RCX=0x0 is NULL
RDX=0x0000000000000004 is an unknown value
RSP=0x000000cead0fe520 is pointing into the stack for thread: 0x000001e4bed0e690
RBP=0x0000000000000016 is an unknown value
RSI=0x000001e4c6ba9990 points into unknown readable memory: 0x0000000000000000 | 00 00 00 00 00 00 00 00
RDI=0x0 is NULL
R8 =0x0000000000000014 is an unknown value
R9 =0x0 is NULL
R10=0x0 is NULL
R11=0x0000000000000246 is an unknown value
R12=0x000001e4c6fccfe8 points into unknown readable memory: 0x000001e4c6fce9b0 | b0 e9 fc c6 e4 01 00 00
R13=0x0 is NULL
R14=0x000001e4c6fcca20 points into unknown readable memory: 0x000001e4bf3dc3d0 | d0 c3 3d bf e4 01 00 00
R15=0x0 is NULL


Registers:
RAX=0x000001e4c6fccc40, RBX=0x000001e4bf41ceb0, RCX=0x0000000000000000, RDX=0x0000000000000004
RSP=0x000000cead0fe520, RBP=0x0000000000000016, RSI=0x000001e4c6ba9990, RDI=0x0000000000000000
R8 =0x0000000000000014, R9 =0x0000000000000000, R10=0x0000000000000000, R11=0x0000000000000246
R12=0x000001e4c6fccfe8, R13=0x0000000000000000, R14=0x000001e4c6fcca20, R15=0x0000000000000000
RIP=0x00007ffb50c2cf2c, EFLAGS=0x0000000000010202

Top of Stack: (sp=0x000000cead0fe520)
0x000000cead0fe520:   000001e4bf41ceb0 00007ffbf82841a9
0x000000cead0fe530:   000000cead0fe5b8 0000000000000000
0x000000cead0fe540:   0000000000000054 000001e4bf41ceb0
0x000000cead0fe550:   01cf96ca00b723ca 00007ffbfa4f2e44
0x000000cead0fe560:   024119cd005649cc 023ee2ce01e099ce
0x000000cead0fe570:   00aa74cf02041ccf 000001e4c6f636f8
0x000000cead0fe580:   000000000000001e 0000000000000000
0x000000cead0fe590:   0000000000000015 0000000000000000
0x000000cead0fe5a0:   0000000000000000 000000cead0fe6c0
0x000000cead0fe5b0:   000001e4c6ba9990 00007ffb50b0d62c
0x000000cead0fe5c0:   000001e400000016 000001e4c6fce9b0
0x000000cead0fe5d0:   02524ad702454800 026ce8d701c5d200
0x000000cead0fe5e0:   000000ce000003bc 0000b80219cc0000
0x000000cead0fe5f0:   0000000000000000 02147adb013125db
0x000000cead0fe600:   021545dc023ee2db 022769de01191bdd
0x000000cead0fe610:   024329df0237efde 0244bddf02327bdf 

Instructions: (pc=0x00007ffb50c2cf2c)
0x00007ffb50c2ce2c:   41 bf 20 00 00 00 48 8b 04 38 4d 8b 3c 07 0f b6
0x00007ffb50c2ce3c:   bc 24 b0 00 00 00 4c 3b 3d f7 b6 c3 00 41 0f 44
0x00007ffb50c2ce4c:   e9 89 ac 24 a0 00 00 00 48 85 c9 0f 84 d4 07 00
0x00007ffb50c2ce5c:   00 0f 1f 00 4c 8b f1 4c 8d a1 c8 05 00 00 49 8b
0x00007ffb50c2ce6c:   04 24 48 89 84 24 a8 00 00 00 40 84 ff 74 10 48
0x00007ffb50c2ce7c:   8b d1 48 8b 09 e8 0a 49 ee ff e9 4f 07 00 00 8b
0x00007ffb50c2ce8c:   96 c8 01 00 00 48 8b 05 78 9a b3 00 83 b8 64 03
0x00007ffb50c2ce9c:   00 00 02 0f 85 18 02 00 00 83 fa 10 73 0e 48 8d
0x00007ffb50c2ceac:   42 04 48 8d 04 c2 48 8d 04 c1 eb 60 8d 4a f0 8b
0x00007ffb50c2cebc:   c1 c1 e8 04 83 f8 03 73 1d 0f ae e8 83 e1 0f 4d
0x00007ffb50c2cecc:   8b 84 c6 80 05 00 00 4d 85 c0 74 25 48 8d 0c c9
0x00007ffb50c2cedc:   49 8d 04 c8 eb 36 49 8b 86 98 05 00 00 48 85 c0
0x00007ffb50c2ceec:   74 0f 66 90 39 10 74 2f 48 8b 40 50 48 85 c0 75
0x00007ffb50c2cefc:   f3 41 80 be a0 05 00 00 00 74 22 8b c2 83 e0 0f
0x00007ffb50c2cf0c:   48 8d 04 c0 48 8d 40 20 49 8d 04 c6 48 85 c0 74
0x00007ffb50c2cf1c:   0c 48 8b 48 08 eb 09 48 83 c0 08 eb ef 49 8b c9
0x00007ffb50c2cf2c:   49 3b 8f f8 56 03 00 0f 86 84 01 00 00 83 fa 10
0x00007ffb50c2cf3c:   73 0a 48 8d 42 04 48 8d 04 c2 eb 5c 8d 4a f0 8b
0x00007ffb50c2cf4c:   c1 c1 e8 04 83 f8 03 73 1d 0f ae e8 83 e1 0f 4d
0x00007ffb50c2cf5c:   8b 84 c6 80 05 00 00 4d 85 c0 74 25 48 8d 0c c9
0x00007ffb50c2cf6c:   49 8d 04 c8 eb 36 49 8b 86 98 05 00 00 48 85 c0
0x00007ffb50c2cf7c:   74 0f 66 90 39 10 74 2f 48 8b 40 50 48 85 c0 75
0x00007ffb50c2cf8c:   f3 41 80 be a0 05 00 00 00 74 22 8b c2 83 e0 0f
0x00007ffb50c2cf9c:   48 8d 04 c0 48 8d 40 20 49 8d 04 c6 48 85 c0 74
0x00007ffb50c2cfac:   0c 48 8b 48 08 eb 09 48 83 c0 08 eb ef 49 8b c9
0x00007ffb50c2cfbc:   49 3b 8e 40 06 00 00 0f 86 f4 00 00 00 48 8b 86
0x00007ffb50c2cfcc:   78 02 00 00 49 89 04 24 4c 89 b6 78 02 00 00 ff
0x00007ffb50c2cfdc:   86 80 02 00 00 49 8b 46 08 48 8b 88 18 01 00 00
0x00007ffb50c2cfec:   48 81 e1 00 00 ff ff 48 81 c1 00 00 01 00 48 01
0x00007ffb50c2cffc:   8e 88 02 00 00 ba 01 00 00 00 49 8b 4e 08 e8 b1
0x00007ffb50c2d00c:   91 d4 ff 48 01 86 98 02 00 00 85 ed 74 75 49 8b
0x00007ffb50c2d01c:   9f 58 4f 03 00 0f 57 c0 f3 0f 7f 44 24 30 c7 44 


Stack slot to memory mapping:
stack at sp + 0 slots: 0x000001e4bf41ceb0 points into unknown readable memory: 0xffffffffffffffff | ff ff ff ff ff ff ff ff
stack at sp + 1 slots: 0x00007ffbf82841a9 USER32.dll
stack at sp + 2 slots: 0x000000cead0fe5b8 is pointing into the stack for thread: 0x000001e4bed0e690
stack at sp + 3 slots: 0x0 is NULL
stack at sp + 4 slots: 0x0000000000000054 is an unknown value
stack at sp + 5 slots: 0x000001e4bf41ceb0 points into unknown readable memory: 0xffffffffffffffff | ff ff ff ff ff ff ff ff
stack at sp + 6 slots: 0x01cf96ca00b723ca is an unknown value
stack at sp + 7 slots: 0x00007ffbfa4f2e44 ntdll.dll


---------------  P R O C E S S  ---------------

Threads class SMR info:
_java_thread_list=0x000001e4bf0a7db0, length=22, elements={
0x000001e4be0922d0, 0x000001e4be092c80, 0x000001e4be0a5300, 0x000001e4be0a9cc0,
0x000001e4be0aa670, 0x000001e4be0ab020, 0x000001e4be0adec0, 0x000001e4be0b7ce0,
0x000001e4be0d93a0, 0x000001e4bed0e690, 0x000001e4bed21d70, 0x000001e4bed26a80,
0x000001e4bed2c3b0, 0x000001e4bed38170, 0x000001e4bf06a6c0, 0x000001e4bf0a1d50,
0x000001e4bef65450, 0x000001e4bf2d6480, 0x000001e4c6a8bc50, 0x000001e4c674da50,
0x000001e4c66e1040, 0x000001e4c6bd8060
}

Java Threads: ( => current thread )
  0x000001e4be0922d0 JavaThread "Reference Handler" daemon [_thread_blocked, id=2992, stack(0x000000ceac700000,0x000000ceac800000)]
  0x000001e4be092c80 JavaThread "Finalizer" daemon [_thread_blocked, id=8964, stack(0x000000ceac800000,0x000000ceac900000)]
  0x000001e4be0a5300 JavaThread "Signal Dispatcher" daemon [_thread_blocked, id=16760, stack(0x000000ceac900000,0x000000ceaca00000)]
  0x000001e4be0a9cc0 JavaThread "Attach Listener" daemon [_thread_blocked, id=20220, stack(0x000000ceaca00000,0x000000ceacb00000)]
  0x000001e4be0aa670 JavaThread "Service Thread" daemon [_thread_blocked, id=17396, stack(0x000000ceacb00000,0x000000ceacc00000)]
  0x000001e4be0ab020 JavaThread "Monitor Deflation Thread" daemon [_thread_blocked, id=18532, stack(0x000000ceacc00000,0x000000ceacd00000)]
  0x000001e4be0adec0 JavaThread "C2 CompilerThread0" daemon [_thread_blocked, id=19500, stack(0x000000ceacd00000,0x000000ceace00000)]
  0x000001e4be0b7ce0 JavaThread "C1 CompilerThread0" daemon [_thread_blocked, id=3120, stack(0x000000ceace00000,0x000000ceacf00000)]
  0x000001e4be0d93a0 JavaThread "Sweeper thread" daemon [_thread_blocked, id=8020, stack(0x000000ceacf00000,0x000000cead000000)]
=>0x000001e4bed0e690 JavaThread "JDWP Transport Listener: dt_socket" daemon [_thread_in_native, id=15112, stack(0x000000cead000000,0x000000cead100000)]
  0x000001e4bed21d70 JavaThread "JDWP Event Helper Thread" daemon [_thread_blocked, id=17080, stack(0x000000cead100000,0x000000cead200000)]
  0x000001e4bed26a80 JavaThread "JDWP Command Reader" daemon [_thread_in_native_trans, id=13184, stack(0x000000cead200000,0x000000cead300000)]
  0x000001e4bed2c3b0 JavaThread "Notification Thread" daemon [_thread_blocked, id=17504, stack(0x000000cead300000,0x000000cead400000)]
  0x000001e4bed38170 JavaThread "Common-Cleaner" daemon [_thread_blocked, id=12692, stack(0x000000cead500000,0x000000cead600000)]
  0x000001e4bf06a6c0 JavaThread "Java2D Disposer" daemon [_thread_blocked, id=12240, stack(0x000000cead600000,0x000000cead700000)]
  0x000001e4bf0a1d50 JavaThread "AWT-Windows" daemon [_thread_in_native, id=9100, stack(0x000000cead800000,0x000000cead900000)]
  0x000001e4bef65450 JavaThread "main-SharedResourceRunner" daemon [_thread_blocked, id=2452, stack(0x000000ceada00000,0x000000ceadb00000)]
  0x000001e4bf2d6480 JavaThread "main-Display-.windows_nil-1-EDT-1" daemon [_thread_blocked, id=17152, stack(0x000000ceae500000,0x000000ceae600000)]
  0x000001e4c6a8bc50 JavaThread "HighResTimerThread" daemon [_thread_blocked, id=19348, stack(0x000000ceae600000,0x000000ceae700000)]
  0x000001e4c674da50 JavaThread "Thread-2" [_thread_blocked, id=14432, stack(0x000000ceae700000,0x000000ceae800000)]
  0x000001e4c66e1040 JavaThread "main-FPSAWTAnimator#00-Timer0" [_thread_in_native, id=11708, stack(0x000000ceae800000,0x000000ceae900000)]
  0x000001e4c6bd8060 JavaThread "DestroyJavaVM" [_thread_blocked, id=6608, stack(0x000000ceac000000,0x000000ceac100000)]

Other Threads:
  0x000001e4be08bf90 VMThread "VM Thread" [stack: 0x000000ceac600000,0x000000ceac700000] [id=2264]
  0x000001e49ffff7e0 WatcherThread [stack: 0x000000cead400000,0x000000cead500000] [id=9740]
  0x000001e49ffe7330 GCTaskThread "GC Thread#0" [stack: 0x000000ceac100000,0x000000ceac200000] [id=14836]
  0x000001e4bf795840 GCTaskThread "GC Thread#1" [stack: 0x000000ceade00000,0x000000ceadf00000] [id=18072]
  0x000001e4bf795af0 GCTaskThread "GC Thread#2" [stack: 0x000000ceadf00000,0x000000ceae000000] [id=8876]
  0x000001e4bf795da0 GCTaskThread "GC Thread#3" [stack: 0x000000ceae000000,0x000000ceae100000] [id=13556]
  0x000001e4bf796050 GCTaskThread "GC Thread#4" [stack: 0x000000ceae100000,0x000000ceae200000] [id=11240]
  0x000001e4bf796300 GCTaskThread "GC Thread#5" [stack: 0x000000ceae200000,0x000000ceae300000] [id=7192]
  0x000001e4bf7bbc60 GCTaskThread "GC Thread#6" [stack: 0x000000ceae300000,0x000000ceae400000] [id=6276]
  0x000001e4bf7bbf10 GCTaskThread "GC Thread#7" [stack: 0x000000ceae400000,0x000000ceae500000] [id=13200]
  0x000001e49fff78d0 ConcurrentGCThread "G1 Main Marker" [stack: 0x000000ceac200000,0x000000ceac300000] [id=19000]
  0x000001e49fff82e0 ConcurrentGCThread "G1 Conc#0" [stack: 0x000000ceac300000,0x000000ceac400000] [id=4064]
  0x000001e4bdf324b0 ConcurrentGCThread "G1 Refine#0" [stack: 0x000000ceac400000,0x000000ceac500000] [id=12344]
  0x000001e4bdf34c80 ConcurrentGCThread "G1 Service" [stack: 0x000000ceac500000,0x000000ceac600000] [id=20372]

Threads with active compile tasks:

VM state: not at safepoint (normal execution)

VM Mutex/Monitor currently owned by a thread: None

Heap address: 0x0000000085800000, size: 1960 MB, Compressed Oops mode: 32-bit

CDS archive(s) mapped at: [0x0000000800000000-0x0000000800bc0000-0x0000000800bc0000), size 12320768, SharedBaseAddress: 0x0000000800000000, ArchiveRelocationMode: 0.
Compressed class space mapped at: 0x0000000800c00000-0x0000000840c00000, reserved size: 1073741824
Narrow klass base: 0x0000000800000000, Narrow klass shift: 0, Narrow klass range: 0x100000000

GC Precious Log:
 CPUs: 8 total, 8 available
 Memory: 7834M
 Large Page Support: Disabled
 NUMA Support: Disabled
 Compressed Oops: Enabled (32-bit)
 Heap Region Size: 1M
 Heap Min Capacity: 8M
 Heap Initial Capacity: 124M
 Heap Max Capacity: 1960M
 Pre-touch: Disabled
 Parallel Workers: 8
 Concurrent Workers: 2
 Concurrent Refinement Workers: 8
 Periodic GC: Disabled

Heap:
 garbage-first heap   total 126976K, used 6461K [0x0000000085800000, 0x0000000100000000)
  region size 1024K, 5 young (5120K), 2 survivors (2048K)
 Metaspace       used 12412K, committed 12672K, reserved 1064960K
  class space    used 910K, committed 1024K, reserved 1048576K

Heap Regions: E=young(eden), S=young(survivor), O=old, HS=humongous(starts), HC=humongous(continues), CS=collection set, F=free, OA=open archive, CA=closed archive, TAMS=top-at-mark-start (previous, next)
|   0|0x0000000085800000, 0x0000000085800000, 0x0000000085900000|  0%| F|  |TAMS 0x0000000085800000, 0x0000000085800000| Untracked 
|   1|0x0000000085900000, 0x0000000085900000, 0x0000000085a00000|  0%| F|  |TAMS 0x0000000085900000, 0x0000000085900000| Untracked 
|   2|0x0000000085a00000, 0x0000000085b00000, 0x0000000085b00000|100%| O|  |TAMS 0x0000000085a00000, 0x0000000085a00000| Untracked 
|   3|0x0000000085b00000, 0x0000000085c00000, 0x0000000085c00000|100%| O|  |TAMS 0x0000000085b00000, 0x0000000085b00000| Untracked 
|   4|0x0000000085c00000, 0x0000000085c93e00, 0x0000000085d00000| 57%| O|  |TAMS 0x0000000085c00000, 0x0000000085c00000| Untracked 
|   5|0x0000000085d00000, 0x0000000085d00000, 0x0000000085e00000|  0%| F|  |TAMS 0x0000000085d00000, 0x0000000085d00000| Untracked 
|   6|0x0000000085e00000, 0x0000000085e00000, 0x0000000085f00000|  0%| F|  |TAMS 0x0000000085e00000, 0x0000000085e00000| Untracked 
|   7|0x0000000085f00000, 0x0000000085f00000, 0x0000000086000000|  0%| F|  |TAMS 0x0000000085f00000, 0x0000000085f00000| Untracked 
|   8|0x0000000086000000, 0x0000000086000000, 0x0000000086100000|  0%| F|  |TAMS 0x0000000086000000, 0x0000000086000000| Untracked 
|   9|0x0000000086100000, 0x0000000086100000, 0x0000000086200000|  0%| F|  |TAMS 0x0000000086100000, 0x0000000086100000| Untracked 
|  10|0x0000000086200000, 0x0000000086200000, 0x0000000086300000|  0%| F|  |TAMS 0x0000000086200000, 0x0000000086200000| Untracked 
|  11|0x0000000086300000, 0x0000000086300000, 0x0000000086400000|  0%| F|  |TAMS 0x0000000086300000, 0x0000000086300000| Untracked 
|  12|0x0000000086400000, 0x0000000086400000, 0x0000000086500000|  0%| F|  |TAMS 0x0000000086400000, 0x0000000086400000| Untracked 
|  13|0x0000000086500000, 0x0000000086500000, 0x0000000086600000|  0%| F|  |TAMS 0x0000000086500000, 0x0000000086500000| Untracked 
|  14|0x0000000086600000, 0x0000000086600000, 0x0000000086700000|  0%| F|  |TAMS 0x0000000086600000, 0x0000000086600000| Untracked 
|  15|0x0000000086700000, 0x0000000086700000, 0x0000000086800000|  0%| F|  |TAMS 0x0000000086700000, 0x0000000086700000| Untracked 
|  16|0x0000000086800000, 0x0000000086800000, 0x0000000086900000|  0%| F|  |TAMS 0x0000000086800000, 0x0000000086800000| Untracked 
|  17|0x0000000086900000, 0x0000000086900000, 0x0000000086a00000|  0%| F|  |TAMS 0x0000000086900000, 0x0000000086900000| Untracked 
|  18|0x0000000086a00000, 0x0000000086a00000, 0x0000000086b00000|  0%| F|  |TAMS 0x0000000086a00000, 0x0000000086a00000| Untracked 
|  19|0x0000000086b00000, 0x0000000086b00000, 0x0000000086c00000|  0%| F|  |TAMS 0x0000000086b00000, 0x0000000086b00000| Untracked 
|  20|0x0000000086c00000, 0x0000000086c00000, 0x0000000086d00000|  0%| F|  |TAMS 0x0000000086c00000, 0x0000000086c00000| Untracked 
|  21|0x0000000086d00000, 0x0000000086d00000, 0x0000000086e00000|  0%| F|  |TAMS 0x0000000086d00000, 0x0000000086d00000| Untracked 
|  22|0x0000000086e00000, 0x0000000086e00000, 0x0000000086f00000|  0%| F|  |TAMS 0x0000000086e00000, 0x0000000086e00000| Untracked 
|  23|0x0000000086f00000, 0x0000000086f00000, 0x0000000087000000|  0%| F|  |TAMS 0x0000000086f00000, 0x0000000086f00000| Untracked 
|  24|0x0000000087000000, 0x0000000087000000, 0x0000000087100000|  0%| F|  |TAMS 0x0000000087000000, 0x0000000087000000| Untracked 
|  25|0x0000000087100000, 0x0000000087100000, 0x0000000087200000|  0%| F|  |TAMS 0x0000000087100000, 0x0000000087100000| Untracked 
|  26|0x0000000087200000, 0x0000000087200000, 0x0000000087300000|  0%| F|  |TAMS 0x0000000087200000, 0x0000000087200000| Untracked 
|  27|0x0000000087300000, 0x0000000087300000, 0x0000000087400000|  0%| F|  |TAMS 0x0000000087300000, 0x0000000087300000| Untracked 
|  28|0x0000000087400000, 0x0000000087400000, 0x0000000087500000|  0%| F|  |TAMS 0x0000000087400000, 0x0000000087400000| Untracked 
|  29|0x0000000087500000, 0x0000000087500000, 0x0000000087600000|  0%| F|  |TAMS 0x0000000087500000, 0x0000000087500000| Untracked 
|  30|0x0000000087600000, 0x0000000087600000, 0x0000000087700000|  0%| F|  |TAMS 0x0000000087600000, 0x0000000087600000| Untracked 
|  31|0x0000000087700000, 0x0000000087700000, 0x0000000087800000|  0%| F|  |TAMS 0x0000000087700000, 0x0000000087700000| Untracked 
|  32|0x0000000087800000, 0x0000000087800000, 0x0000000087900000|  0%| F|  |TAMS 0x0000000087800000, 0x0000000087800000| Untracked 
|  33|0x0000000087900000, 0x0000000087900000, 0x0000000087a00000|  0%| F|  |TAMS 0x0000000087900000, 0x0000000087900000| Untracked 
|  34|0x0000000087a00000, 0x0000000087a00000, 0x0000000087b00000|  0%| F|  |TAMS 0x0000000087a00000, 0x0000000087a00000| Untracked 
|  35|0x0000000087b00000, 0x0000000087b00000, 0x0000000087c00000|  0%| F|  |TAMS 0x0000000087b00000, 0x0000000087b00000| Untracked 
|  36|0x0000000087c00000, 0x0000000087c00000, 0x0000000087d00000|  0%| F|  |TAMS 0x0000000087c00000, 0x0000000087c00000| Untracked 
|  37|0x0000000087d00000, 0x0000000087d00000, 0x0000000087e00000|  0%| F|  |TAMS 0x0000000087d00000, 0x0000000087d00000| Untracked 
|  38|0x0000000087e00000, 0x0000000087e00000, 0x0000000087f00000|  0%| F|  |TAMS 0x0000000087e00000, 0x0000000087e00000| Untracked 
|  39|0x0000000087f00000, 0x0000000087f00000, 0x0000000088000000|  0%| F|  |TAMS 0x0000000087f00000, 0x0000000087f00000| Untracked 
|  40|0x0000000088000000, 0x0000000088000000, 0x0000000088100000|  0%| F|  |TAMS 0x0000000088000000, 0x0000000088000000| Untracked 
|  41|0x0000000088100000, 0x0000000088100000, 0x0000000088200000|  0%| F|  |TAMS 0x0000000088100000, 0x0000000088100000| Untracked 
|  42|0x0000000088200000, 0x0000000088200000, 0x0000000088300000|  0%| F|  |TAMS 0x0000000088200000, 0x0000000088200000| Untracked 
|  43|0x0000000088300000, 0x0000000088300000, 0x0000000088400000|  0%| F|  |TAMS 0x0000000088300000, 0x0000000088300000| Untracked 
|  44|0x0000000088400000, 0x0000000088400000, 0x0000000088500000|  0%| F|  |TAMS 0x0000000088400000, 0x0000000088400000| Untracked 
|  45|0x0000000088500000, 0x0000000088500000, 0x0000000088600000|  0%| F|  |TAMS 0x0000000088500000, 0x0000000088500000| Untracked 
|  46|0x0000000088600000, 0x0000000088600000, 0x0000000088700000|  0%| F|  |TAMS 0x0000000088600000, 0x0000000088600000| Untracked 
|  47|0x0000000088700000, 0x0000000088700000, 0x0000000088800000|  0%| F|  |TAMS 0x0000000088700000, 0x0000000088700000| Untracked 
|  48|0x0000000088800000, 0x0000000088800000, 0x0000000088900000|  0%| F|  |TAMS 0x0000000088800000, 0x0000000088800000| Untracked 
|  49|0x0000000088900000, 0x0000000088900000, 0x0000000088a00000|  0%| F|  |TAMS 0x0000000088900000, 0x0000000088900000| Untracked 
|  50|0x0000000088a00000, 0x0000000088a00000, 0x0000000088b00000|  0%| F|  |TAMS 0x0000000088a00000, 0x0000000088a00000| Untracked 
|  51|0x0000000088b00000, 0x0000000088b00000, 0x0000000088c00000|  0%| F|  |TAMS 0x0000000088b00000, 0x0000000088b00000| Untracked 
|  52|0x0000000088c00000, 0x0000000088c00000, 0x0000000088d00000|  0%| F|  |TAMS 0x0000000088c00000, 0x0000000088c00000| Untracked 
|  53|0x0000000088d00000, 0x0000000088d00000, 0x0000000088e00000|  0%| F|  |TAMS 0x0000000088d00000, 0x0000000088d00000| Untracked 
|  54|0x0000000088e00000, 0x0000000088e00000, 0x0000000088f00000|  0%| F|  |TAMS 0x0000000088e00000, 0x0000000088e00000| Untracked 
|  55|0x0000000088f00000, 0x0000000088f00000, 0x0000000089000000|  0%| F|  |TAMS 0x0000000088f00000, 0x0000000088f00000| Untracked 
|  56|0x0000000089000000, 0x0000000089000000, 0x0000000089100000|  0%| F|  |TAMS 0x0000000089000000, 0x0000000089000000| Untracked 
|  57|0x0000000089100000, 0x0000000089100000, 0x0000000089200000|  0%| F|  |TAMS 0x0000000089100000, 0x0000000089100000| Untracked 
|  58|0x0000000089200000, 0x0000000089200000, 0x0000000089300000|  0%| F|  |TAMS 0x0000000089200000, 0x0000000089200000| Untracked 
|  59|0x0000000089300000, 0x0000000089300000, 0x0000000089400000|  0%| F|  |TAMS 0x0000000089300000, 0x0000000089300000| Untracked 
|  60|0x0000000089400000, 0x0000000089400000, 0x0000000089500000|  0%| F|  |TAMS 0x0000000089400000, 0x0000000089400000| Untracked 
|  61|0x0000000089500000, 0x0000000089500000, 0x0000000089600000|  0%| F|  |TAMS 0x0000000089500000, 0x0000000089500000| Untracked 
|  62|0x0000000089600000, 0x0000000089600000, 0x0000000089700000|  0%| F|  |TAMS 0x0000000089600000, 0x0000000089600000| Untracked 
|  63|0x0000000089700000, 0x0000000089700000, 0x0000000089800000|  0%| F|  |TAMS 0x0000000089700000, 0x0000000089700000| Untracked 
|  64|0x0000000089800000, 0x0000000089800000, 0x0000000089900000|  0%| F|  |TAMS 0x0000000089800000, 0x0000000089800000| Untracked 
|  65|0x0000000089900000, 0x0000000089900000, 0x0000000089a00000|  0%| F|  |TAMS 0x0000000089900000, 0x0000000089900000| Untracked 
|  66|0x0000000089a00000, 0x0000000089a00000, 0x0000000089b00000|  0%| F|  |TAMS 0x0000000089a00000, 0x0000000089a00000| Untracked 
|  67|0x0000000089b00000, 0x0000000089b00000, 0x0000000089c00000|  0%| F|  |TAMS 0x0000000089b00000, 0x0000000089b00000| Untracked 
|  68|0x0000000089c00000, 0x0000000089c00000, 0x0000000089d00000|  0%| F|  |TAMS 0x0000000089c00000, 0x0000000089c00000| Untracked 
|  69|0x0000000089d00000, 0x0000000089d00000, 0x0000000089e00000|  0%| F|  |TAMS 0x0000000089d00000, 0x0000000089d00000| Untracked 
|  70|0x0000000089e00000, 0x0000000089e00000, 0x0000000089f00000|  0%| F|  |TAMS 0x0000000089e00000, 0x0000000089e00000| Untracked 
|  71|0x0000000089f00000, 0x0000000089f00000, 0x000000008a000000|  0%| F|  |TAMS 0x0000000089f00000, 0x0000000089f00000| Untracked 
|  72|0x000000008a000000, 0x000000008a000000, 0x000000008a100000|  0%| F|  |TAMS 0x000000008a000000, 0x000000008a000000| Untracked 
|  73|0x000000008a100000, 0x000000008a100000, 0x000000008a200000|  0%| F|  |TAMS 0x000000008a100000, 0x000000008a100000| Untracked 
|  74|0x000000008a200000, 0x000000008a200000, 0x000000008a300000|  0%| F|  |TAMS 0x000000008a200000, 0x000000008a200000| Untracked 
|  75|0x000000008a300000, 0x000000008a300000, 0x000000008a400000|  0%| F|  |TAMS 0x000000008a300000, 0x000000008a300000| Untracked 
|  76|0x000000008a400000, 0x000000008a400000, 0x000000008a500000|  0%| F|  |TAMS 0x000000008a400000, 0x000000008a400000| Untracked 
|  77|0x000000008a500000, 0x000000008a500000, 0x000000008a600000|  0%| F|  |TAMS 0x000000008a500000, 0x000000008a500000| Untracked 
|  78|0x000000008a600000, 0x000000008a600000, 0x000000008a700000|  0%| F|  |TAMS 0x000000008a600000, 0x000000008a600000| Untracked 
|  79|0x000000008a700000, 0x000000008a700000, 0x000000008a800000|  0%| F|  |TAMS 0x000000008a700000, 0x000000008a700000| Untracked 
|  80|0x000000008a800000, 0x000000008a800000, 0x000000008a900000|  0%| F|  |TAMS 0x000000008a800000, 0x000000008a800000| Untracked 
|  81|0x000000008a900000, 0x000000008a900000, 0x000000008aa00000|  0%| F|  |TAMS 0x000000008a900000, 0x000000008a900000| Untracked 
|  82|0x000000008aa00000, 0x000000008aa00000, 0x000000008ab00000|  0%| F|  |TAMS 0x000000008aa00000, 0x000000008aa00000| Untracked 
|  83|0x000000008ab00000, 0x000000008ab00000, 0x000000008ac00000|  0%| F|  |TAMS 0x000000008ab00000, 0x000000008ab00000| Untracked 
|  84|0x000000008ac00000, 0x000000008ac00000, 0x000000008ad00000|  0%| F|  |TAMS 0x000000008ac00000, 0x000000008ac00000| Untracked 
|  85|0x000000008ad00000, 0x000000008ad00000, 0x000000008ae00000|  0%| F|  |TAMS 0x000000008ad00000, 0x000000008ad00000| Untracked 
|  86|0x000000008ae00000, 0x000000008ae00000, 0x000000008af00000|  0%| F|  |TAMS 0x000000008ae00000, 0x000000008ae00000| Untracked 
|  87|0x000000008af00000, 0x000000008afbb860, 0x000000008b000000| 73%| S|CS|TAMS 0x000000008af00000, 0x000000008af00000| Complete 
|  88|0x000000008b000000, 0x000000008b100000, 0x000000008b100000|100%| S|CS|TAMS 0x000000008b000000, 0x000000008b000000| Complete 
|  89|0x000000008b100000, 0x000000008b100000, 0x000000008b200000|  0%| F|  |TAMS 0x000000008b100000, 0x000000008b100000| Untracked 
|  90|0x000000008b200000, 0x000000008b200000, 0x000000008b300000|  0%| F|  |TAMS 0x000000008b200000, 0x000000008b200000| Untracked 
|  91|0x000000008b300000, 0x000000008b300000, 0x000000008b400000|  0%| F|  |TAMS 0x000000008b300000, 0x000000008b300000| Untracked 
|  92|0x000000008b400000, 0x000000008b400000, 0x000000008b500000|  0%| F|  |TAMS 0x000000008b400000, 0x000000008b400000| Untracked 
|  93|0x000000008b500000, 0x000000008b500000, 0x000000008b600000|  0%| F|  |TAMS 0x000000008b500000, 0x000000008b500000| Untracked 
|  94|0x000000008b600000, 0x000000008b600000, 0x000000008b700000|  0%| F|  |TAMS 0x000000008b600000, 0x000000008b600000| Untracked 
|  95|0x000000008b700000, 0x000000008b700000, 0x000000008b800000|  0%| F|  |TAMS 0x000000008b700000, 0x000000008b700000| Untracked 
|  96|0x000000008b800000, 0x000000008b800000, 0x000000008b900000|  0%| F|  |TAMS 0x000000008b800000, 0x000000008b800000| Untracked 
|  97|0x000000008b900000, 0x000000008b900000, 0x000000008ba00000|  0%| F|  |TAMS 0x000000008b900000, 0x000000008b900000| Untracked 
|  98|0x000000008ba00000, 0x000000008ba00000, 0x000000008bb00000|  0%| F|  |TAMS 0x000000008ba00000, 0x000000008ba00000| Untracked 
|  99|0x000000008bb00000, 0x000000008bb00000, 0x000000008bc00000|  0%| F|  |TAMS 0x000000008bb00000, 0x000000008bb00000| Untracked 
| 100|0x000000008bc00000, 0x000000008bc00000, 0x000000008bd00000|  0%| F|  |TAMS 0x000000008bc00000, 0x000000008bc00000| Untracked 
| 101|0x000000008bd00000, 0x000000008bd00000, 0x000000008be00000|  0%| F|  |TAMS 0x000000008bd00000, 0x000000008bd00000| Untracked 
| 102|0x000000008be00000, 0x000000008be00000, 0x000000008bf00000|  0%| F|  |TAMS 0x000000008be00000, 0x000000008be00000| Untracked 
| 103|0x000000008bf00000, 0x000000008bf00000, 0x000000008c000000|  0%| F|  |TAMS 0x000000008bf00000, 0x000000008bf00000| Untracked 
| 104|0x000000008c000000, 0x000000008c000000, 0x000000008c100000|  0%| F|  |TAMS 0x000000008c000000, 0x000000008c000000| Untracked 
| 105|0x000000008c100000, 0x000000008c100000, 0x000000008c200000|  0%| F|  |TAMS 0x000000008c100000, 0x000000008c100000| Untracked 
| 106|0x000000008c200000, 0x000000008c200000, 0x000000008c300000|  0%| F|  |TAMS 0x000000008c200000, 0x000000008c200000| Untracked 
| 107|0x000000008c300000, 0x000000008c300000, 0x000000008c400000|  0%| F|  |TAMS 0x000000008c300000, 0x000000008c300000| Untracked 
| 108|0x000000008c400000, 0x000000008c400000, 0x000000008c500000|  0%| F|  |TAMS 0x000000008c400000, 0x000000008c400000| Untracked 
| 109|0x000000008c500000, 0x000000008c500000, 0x000000008c600000|  0%| F|  |TAMS 0x000000008c500000, 0x000000008c500000| Untracked 
| 110|0x000000008c600000, 0x000000008c600000, 0x000000008c700000|  0%| F|  |TAMS 0x000000008c600000, 0x000000008c600000| Untracked 
| 111|0x000000008c700000, 0x000000008c700000, 0x000000008c800000|  0%| F|  |TAMS 0x000000008c700000, 0x000000008c700000| Untracked 
| 112|0x000000008c800000, 0x000000008c800000, 0x000000008c900000|  0%| F|  |TAMS 0x000000008c800000, 0x000000008c800000| Untracked 
| 113|0x000000008c900000, 0x000000008c900000, 0x000000008ca00000|  0%| F|  |TAMS 0x000000008c900000, 0x000000008c900000| Untracked 
| 114|0x000000008ca00000, 0x000000008ca00000, 0x000000008cb00000|  0%| F|  |TAMS 0x000000008ca00000, 0x000000008ca00000| Untracked 
| 115|0x000000008cb00000, 0x000000008cb00000, 0x000000008cc00000|  0%| F|  |TAMS 0x000000008cb00000, 0x000000008cb00000| Untracked 
| 116|0x000000008cc00000, 0x000000008cc00000, 0x000000008cd00000|  0%| F|  |TAMS 0x000000008cc00000, 0x000000008cc00000| Untracked 
| 117|0x000000008cd00000, 0x000000008cd00000, 0x000000008ce00000|  0%| F|  |TAMS 0x000000008cd00000, 0x000000008cd00000| Untracked 
| 118|0x000000008ce00000, 0x000000008ce00000, 0x000000008cf00000|  0%| F|  |TAMS 0x000000008ce00000, 0x000000008ce00000| Untracked 
| 119|0x000000008cf00000, 0x000000008cf00000, 0x000000008d000000|  0%| F|  |TAMS 0x000000008cf00000, 0x000000008cf00000| Untracked 
| 120|0x000000008d000000, 0x000000008d000000, 0x000000008d100000|  0%| F|  |TAMS 0x000000008d000000, 0x000000008d000000| Untracked 
| 121|0x000000008d100000, 0x000000008d200000, 0x000000008d200000|100%| E|  |TAMS 0x000000008d100000, 0x000000008d100000| Complete 
| 122|0x000000008d200000, 0x000000008d300000, 0x000000008d300000|100%| E|CS|TAMS 0x000000008d200000, 0x000000008d200000| Complete 
| 123|0x000000008d300000, 0x000000008d400000, 0x000000008d400000|100%| E|CS|TAMS 0x000000008d300000, 0x000000008d300000| Complete 

Card table byte_map: [0x000001e4b7180000,0x000001e4b7560000] _byte_map_base: 0x000001e4b6d54000

Marking Bits (Prev, Next): (CMBitMap*) 0x000001e49ffe7940, (CMBitMap*) 0x000001e49ffe7980
 Prev Bits: [0x000001e4b7940000, 0x000001e4b97e0000)
 Next Bits: [0x000001e4b97e0000, 0x000001e4bb680000)

Polling page: 0x000001e49dee0000

Metaspace:

Usage:
  Non-class:     11.23 MB used.
      Class:    910.19 KB used.
       Both:     12.12 MB used.

Virtual space:
  Non-class space:       16.00 MB reserved,      11.38 MB ( 71%) committed,  2 nodes.
      Class space:        1.00 GB reserved,       1.00 MB ( <1%) committed,  1 nodes.
             Both:        1.02 GB reserved,      12.38 MB (  1%) committed. 

Chunk freelists:
   Non-Class:  304.00 KB
       Class:  2.91 MB
        Both:  3.20 MB

MaxMetaspaceSize: unlimited
CompressedClassSpaceSize: 1.00 GB
Initial GC threshold: 21.00 MB
Current GC threshold: 21.00 MB
CDS: on
MetaspaceReclaimPolicy: balanced
 - commit_granule_bytes: 65536.
 - commit_granule_words: 8192.
 - virtual_space_node_default_size: 1048576.
 - enlarge_chunks_in_place: 1.
 - new_chunks_are_fully_committed: 0.
 - uncommit_free_chunks: 1.
 - use_allocation_guard: 0.
 - handle_deallocations: 1.


Internal statistics:

num_allocs_failed_limit: 0.
num_arena_births: 110.
num_arena_deaths: 0.
num_vsnodes_births: 3.
num_vsnodes_deaths: 0.
num_space_committed: 194.
num_space_uncommitted: 0.
num_chunks_returned_to_freelist: 0.
num_chunks_taken_from_freelist: 379.
num_chunk_merges: 0.
num_chunk_splits: 290.
num_chunks_enlarged: 232.
num_purges: 0.
num_inconsistent_stats: 0.

CodeHeap 'non-profiled nmethods': size=120000Kb used=434Kb max_used=434Kb free=119565Kb
 bounds [0x000001e4af540000, 0x000001e4af7b0000, 0x000001e4b6a70000]
CodeHeap 'profiled nmethods': size=120000Kb used=2029Kb max_used=2029Kb free=117970Kb
 bounds [0x000001e4a8010000, 0x000001e4a8280000, 0x000001e4af540000]
CodeHeap 'non-nmethods': size=5760Kb used=1600Kb max_used=1624Kb free=4159Kb
 bounds [0x000001e4a7a70000, 0x000001e4a7ce0000, 0x000001e4a8010000]
 total_blobs=1996 nmethods=1075 adapters=834
 compilation: enabled
              stopped_count=0, restarted_count=0
 full_count=0

Compilation events (20 events):
Event: 7.950 Thread 0x000001e4be0adec0 1066       4       processing.core.PApplet::cos (7 bytes)
Event: 7.950 Thread 0x000001e4be0adec0 nmethod 1066 0x000001e4af5a4a10 code [0x000001e4af5a4b80, 0x000001e4af5a4bf8]
Event: 7.952 Thread 0x000001e4be0adec0 1067       4       processing.core.PApplet::map (125 bytes)
Event: 7.952 Thread 0x000001e4be0adec0 nmethod 1067 0x000001e4af5a4d10 code [0x000001e4af5a4ec0, 0x000001e4af5a5058]
Event: 7.952 Thread 0x000001e4be0adec0 1068       4       madelbulb_3d::spherical (54 bytes)
Event: 7.953 Thread 0x000001e4be0adec0 nmethod 1068 0x000001e4af5a5110 code [0x000001e4af5a52a0, 0x000001e4af5a5498]
Event: 7.958 Thread 0x000001e4be0adec0 1069       4       processing.core.PVector::<init> (20 bytes)
Event: 7.958 Thread 0x000001e4be0adec0 nmethod 1069 0x000001e4af5a5690 code [0x000001e4af5a5800, 0x000001e4af5a5898]
Event: 7.984 Thread 0x000001e4be0b7ce0 1070 %     3       madelbulb_3d::setup @ 113 (385 bytes)
Event: 7.986 Thread 0x000001e4be0b7ce0 nmethod 1070% 0x000001e4a8203b90 code [0x000001e4a8203f40, 0x000001e4a8205ae8]
Event: 7.986 Thread 0x000001e4be0b7ce0 1071 %     3       madelbulb_3d::setup @ 45 (385 bytes)
Event: 7.988 Thread 0x000001e4be0b7ce0 nmethod 1071% 0x000001e4a8206690 code [0x000001e4a8206a40, 0x000001e4a8208448]
Event: 7.989 Thread 0x000001e4be0b7ce0 1072       3       madelbulb_3d::setup (385 bytes)
Event: 7.990 Thread 0x000001e4be0b7ce0 nmethod 1072 0x000001e4a8208f90 code [0x000001e4a8209340, 0x000001e4a820ac08]
Event: 7.993 Thread 0x000001e4be0adec0 1073 %     4       madelbulb_3d::setup @ 45 (385 bytes)
Event: 8.010 Thread 0x000001e4be0adec0 nmethod 1073% 0x000001e4af5a5990 code [0x000001e4af5a5c40, 0x000001e4af5a7160]
Event: 8.011 Thread 0x000001e4be0adec0 1074 %     4       madelbulb_3d::setup @ 113 (385 bytes)
Event: 8.032 Thread 0x000001e4be0adec0 nmethod 1074% 0x000001e4af5a7e10 code [0x000001e4af5a80c0, 0x000001e4af5a99a8]
Event: 8.036 Thread 0x000001e4be0adec0 1075 %     4       madelbulb_3d::setup @ 45 (385 bytes)
Event: 8.056 Thread 0x000001e4be0adec0 nmethod 1075% 0x000001e4af5aa690 code [0x000001e4af5aa940, 0x000001e4af5abde0]

GC Heap History (4 events):
Event: 7.131 GC heap before
{Heap before GC invocations=0 (full 0):
 garbage-first heap   total 126976K, used 23552K [0x0000000085800000, 0x0000000100000000)
  region size 1024K, 23 young (23552K), 0 survivors (0K)
 Metaspace       used 10787K, committed 11008K, reserved 1064960K
  class space    used 741K, committed 832K, reserved 1048576K
}
Event: 7.139 GC heap after
{Heap after GC invocations=1 (full 0):
 garbage-first heap   total 126976K, used 2781K [0x0000000085800000, 0x0000000100000000)
  region size 1024K, 3 young (3072K), 3 survivors (3072K)
 Metaspace       used 10787K, committed 11008K, reserved 1064960K
  class space    used 741K, committed 832K, reserved 1048576K
}
Event: 8.286 GC heap before
{Heap before GC invocations=1 (full 0):
 garbage-first heap   total 126976K, used 37597K [0x0000000085800000, 0x0000000100000000)
  region size 1024K, 35 young (35840K), 3 survivors (3072K)
 Metaspace       used 12412K, committed 12672K, reserved 1064960K
  class space    used 910K, committed 1024K, reserved 1048576K
}
Event: 8.290 GC heap after
{Heap after GC invocations=2 (full 0):
 garbage-first heap   total 126976K, used 4413K [0x0000000085800000, 0x0000000100000000)
  region size 1024K, 2 young (2048K), 2 survivors (2048K)
 Metaspace       used 12412K, committed 12672K, reserved 1064960K
  class space    used 910K, committed 1024K, reserved 1048576K
}

Dll operation events (15 events):
Event: 0.012 Loaded shared library D:\GIT_HUB\WEB-DEVELOPMENT\processing_related\processing-4.1.1\java\bin\java.dll
Event: 0.033 Loaded shared library D:\GIT_HUB\WEB-DEVELOPMENT\processing_related\processing-4.1.1\java\bin\jsvml.dll
Event: 0.212 Loaded shared library D:\GIT_HUB\WEB-DEVELOPMENT\processing_related\processing-4.1.1\java\bin\net.dll
Event: 0.213 Loaded shared library D:\GIT_HUB\WEB-DEVELOPMENT\processing_related\processing-4.1.1\java\bin\nio.dll
Event: 0.220 Loaded shared library D:\GIT_HUB\WEB-DEVELOPMENT\processing_related\processing-4.1.1\java\bin\zip.dll
Event: 0.306 Loaded shared library D:\GIT_HUB\WEB-DEVELOPMENT\processing_related\processing-4.1.1\java\bin\jimage.dll
Event: 0.311 Loaded shared library D:\GIT_HUB\WEB-DEVELOPMENT\processing_related\processing-4.1.1\java\bin\awt.dll
Event: 6.469 Loaded shared library C:\Users\HP PC\AppData\Local\Temp\jogamp_0000\file_cache\jln18125287822372397535\jln666758578918328728\natives\windows-amd64\gluegen_rt.dll
Event: 6.509 Loaded shared library D:\GIT_HUB\WEB-DEVELOPMENT\processing_related\processing-4.1.1\java\bin\jawt.dll
Event: 6.550 Loaded shared library C:\Users\HP PC\AppData\Local\Temp\jogamp_0000\file_cache\jln18125287822372397535\jln666758578918328728\natives\windows-amd64\nativewindow_awt.dll
Event: 6.600 Loaded shared library C:\Users\HP PC\AppData\Local\Temp\jogamp_0000\file_cache\jln18125287822372397535\jln666758578918328728\natives\windows-amd64\nativewindow_win32.dll
Event: 6.737 Loaded shared library C:\Users\HP PC\AppData\Local\Temp\jogamp_0000\file_cache\jln18125287822372397535\jln666758578918328728\natives\windows-amd64\jogl_desktop.dll
Event: 6.794 Loaded shared library C:\Users\HP PC\AppData\Local\Temp\jogamp_0000\file_cache\jln18125287822372397535\jln666758578918328728\natives\windows-amd64\jogl_mobile.dll
Event: 7.695 Loaded shared library C:\Users\HP PC\AppData\Local\Temp\jogamp_0000\file_cache\jln18125287822372397535\jln666758578918328728\natives\windows-amd64\newt_head.dll
Event: 7.939 Loaded shared library D:\GIT_HUB\WEB-DEVELOPMENT\processing_related\processing-4.1.1\java\bin\verify.dll

Deoptimization events (20 events):
Event: 7.751 Thread 0x000001e49ff8b160 DEOPT PACKING pc=0x000001e4a81c08f1 sp=0x000000ceac0fdbf0
Event: 7.751 Thread 0x000001e49ff8b160 DEOPT UNPACKING pc=0x000001e4a7ac66e3 sp=0x000000ceac0fd0b8 mode 0
Event: 7.751 Thread 0x000001e49ff8b160 DEOPT PACKING pc=0x000001e4a81c0fc4 sp=0x000000ceac0fda50
Event: 7.751 Thread 0x000001e49ff8b160 DEOPT UNPACKING pc=0x000001e4a7ac66e3 sp=0x000000ceac0fcee0 mode 0
Event: 7.751 Thread 0x000001e49ff8b160 DEOPT PACKING pc=0x000001e4a81c08f1 sp=0x000000ceac0fdbe0
Event: 7.751 Thread 0x000001e49ff8b160 DEOPT UNPACKING pc=0x000001e4a7ac66e3 sp=0x000000ceac0fd090 mode 0
Event: 7.769 Thread 0x000001e49ff8b160 Uncommon trap: trap_request=0xffffff45 fr.pc=0x000001e4af588224 relative=0x0000000000000084
Event: 7.769 Thread 0x000001e49ff8b160 Uncommon trap: reason=unstable_if action=reinterpret pc=0x000001e4af588224 method=java.lang.reflect.AccessibleObject.checkCanSetAccessible(Ljava/lang/Class;Ljava/lang/Class;Z)Z @ 30 c2
Event: 7.769 Thread 0x000001e49ff8b160 DEOPT PACKING pc=0x000001e4af588224 sp=0x000000ceac0fea70
Event: 7.769 Thread 0x000001e49ff8b160 DEOPT UNPACKING pc=0x000001e4a7ac5ba3 sp=0x000000ceac0fe9d0 mode 2
Event: 8.013 Thread 0x000001e4c66e1040 DEOPT PACKING pc=0x000001e4a8205691 sp=0x000000ceae8fedb0
Event: 8.013 Thread 0x000001e4c66e1040 DEOPT UNPACKING pc=0x000001e4a7ac66e3 sp=0x000000ceae8fe380 mode 0
Event: 8.015 Thread 0x000001e4c66e1040 DEOPT PACKING pc=0x000001e4a8205691 sp=0x000000ceae8fedb0
Event: 8.015 Thread 0x000001e4c66e1040 DEOPT UNPACKING pc=0x000001e4a7ac66e3 sp=0x000000ceae8fe380 mode 0
Event: 8.025 Thread 0x000001e4c66e1040 Uncommon trap: trap_request=0xffffff45 fr.pc=0x000001e4af5a681c relative=0x0000000000000bdc
Event: 8.025 Thread 0x000001e4c66e1040 Uncommon trap: reason=unstable_if action=reinterpret pc=0x000001e4af5a681c method=madelbulb_3d.setup()V @ 370 c2
Event: 8.025 Thread 0x000001e4c66e1040 DEOPT PACKING pc=0x000001e4af5a681c sp=0x000000ceae8feec0
Event: 8.025 Thread 0x000001e4c66e1040 DEOPT UNPACKING pc=0x000001e4a7ac5ba3 sp=0x000000ceae8fee90 mode 2
Event: 8.035 Thread 0x000001e4c66e1040 DEOPT PACKING pc=0x000001e4a8205701 sp=0x000000ceae8fedb0
Event: 8.035 Thread 0x000001e4c66e1040 DEOPT UNPACKING pc=0x000001e4a7ac66e3 sp=0x000000ceae8fe380 mode 0

Classes unloaded (0 events):
No events

Classes redefined (0 events):
No events

Internal exceptions (20 events):
Event: 0.297 Thread 0x000001e49ff8b160 Exception <a 'java/lang/ClassNotFoundException'{0x000000008d0f2218}: sun/awt/resources/spi/awtProvider> (0x000000008d0f2218) 
thrown [s\src\hotspot\share\classfile\systemDictionary.cpp, line 256]
Event: 0.323 Thread 0x000001e49ff8b160 Exception <a 'java/io/FileNotFoundException'{0x000000008cf48680}> (0x000000008cf48680) 
thrown [s\src\hotspot\share\prims\jni.cpp, line 516]
Event: 0.330 Thread 0x000001e49ff8b160 Exception <a 'java/io/FileNotFoundException'{0x000000008cf75638}> (0x000000008cf75638) 
thrown [s\src\hotspot\share\prims\jni.cpp, line 516]
Event: 0.403 Thread 0x000001e49ff8b160 Exception <a 'java/lang/NoSuchMethodError'{0x000000008ce04310}: 'java.lang.Object java.lang.invoke.DirectMethodHandle$Holder.invokeStaticInit(java.lang.Object)'> (0x000000008ce04310) 
thrown [s\src\hotspot\share\interpreter\linkResolver.cpp, line 759]
Event: 0.609 Thread 0x000001e49ff8b160 Exception <a 'java/lang/NoSuchMethodError'{0x000000008ca1e4d0}: 'java.lang.Object java.lang.invoke.DirectMethodHandle$Holder.invokeStaticInit(java.lang.Object, int, int, int, int)'> (0x000000008ca1e4d0) 
thrown [s\src\hotspot\share\interpreter\linkResolver.cpp, line 759]
Event: 0.663 Thread 0x000001e49ff8b160 Exception <a 'java/lang/NoSuchMethodError'{0x000000008cab2cb0}: 'java.lang.Object java.lang.invoke.DirectMethodHandle$Holder.invokeStaticInit(java.lang.Object, java.lang.Object, int, int, int, int)'> (0x000000008cab2cb0) 
thrown [s\src\hotspot\share\interpreter\linkResolver.cpp, line 759]
Event: 0.678 Thread 0x000001e49ff8b160 Exception <a 'java/lang/NoSuchMethodError'{0x000000008cabe4d0}: 'void java.lang.invoke.DirectMethodHandle$Holder.invokeStatic(java.lang.Object, long)'> (0x000000008cabe4d0) 
thrown [s\src\hotspot\share\interpreter\linkResolver.cpp, line 759]
Event: 0.679 Thread 0x000001e49ff8b160 Exception <a 'java/lang/NoSuchMethodError'{0x000000008cac3ab0}: 'java.lang.Object java.lang.invoke.DirectMethodHandle$Holder.newInvokeSpecial(java.lang.Object, long)'> (0x000000008cac3ab0) 
thrown [s\src\hotspot\share\interpreter\linkResolver.cpp, line 759]
Event: 0.681 Thread 0x000001e49ff8b160 Exception <a 'java/lang/NoSuchMethodError'{0x000000008cacad08}: 'java.lang.Object java.lang.invoke.DirectMethodHandle$Holder.invokeStatic(java.lang.Object, java.lang.Object, long, java.lang.Object)'> (0x000000008cacad08) 
thrown [s\src\hotspot\share\interpreter\linkResolver.cpp, line 759]
Event: 0.681 Thread 0x000001e49ff8b160 Exception <a 'java/lang/NoSuchMethodError'{0x000000008cace7a0}: 'java.lang.Object java.lang.invoke.DirectMethodHandle$Holder.invokeStaticInit(java.lang.Object, java.lang.Object, long, java.lang.Object)'> (0x000000008cace7a0) 
thrown [s\src\hotspot\share\interpreter\linkResolver.cpp, line 759]
Event: 0.682 Thread 0x000001e49ff8b160 Exception <a 'java/lang/NoSuchMethodError'{0x000000008cad4d60}: 'java.lang.Object java.lang.invoke.DirectMethodHandle$Holder.newInvokeSpecial(java.lang.Object, java.lang.Object, long)'> (0x000000008cad4d60) 
thrown [s\src\hotspot\share\interpreter\linkResolver.cpp, line 759]
Event: 0.682 Thread 0x000001e49ff8b160 Exception <a 'java/lang/NoSuchMethodError'{0x000000008cad88d0}: 'java.lang.Object java.lang.invoke.Invokers$Holder.linkToTargetMethod(java.lang.Object, long, java.lang.Object)'> (0x000000008cad88d0) 
thrown [s\src\hotspot\share\interpreter\linkResolver.cpp, line 759]
Event: 6.564 Thread 0x000001e49ff8b160 Exception <a 'java/lang/NoSuchMethodError'{0x000000008c859dd0}: 'java.lang.Object java.lang.invoke.DirectMethodHandle$Holder.invokeInterface(java.lang.Object, java.lang.Object)'> (0x000000008c859dd0) 
thrown [s\src\hotspot\share\interpreter\linkResolver.cpp, line 759]
Event: 6.565 Thread 0x000001e49ff8b160 Exception <a 'java/lang/IncompatibleClassChangeError'{0x000000008c85d5c8}: Found class java.lang.Object, but interface was expected> (0x000000008c85d5c8) 
thrown [s\src\hotspot\share\interpreter\linkResolver.cpp, line 826]
Event: 7.794 Thread 0x000001e49ff8b160 Exception <a 'java/lang/NoSuchMethodError'{0x000000008c871438}: 'void java.lang.invoke.DirectMethodHandle$Holder.invokeSpecial(java.lang.Object, java.lang.Object, java.lang.Object, java.lang.Object, java.lang.Object)'> (0x000000008c871438) 
thrown [s\src\hotspot\share\interpreter\linkResolver.cpp, line 759]
Event: 7.795 Thread 0x000001e49ff8b160 Exception <a 'java/lang/NoSuchMethodError'{0x000000008c87a3f8}: 'void java.lang.invoke.DirectMethodHandle$Holder.invokeSpecial(java.lang.Object, java.lang.Object, java.lang.Object)'> (0x000000008c87a3f8) 
thrown [s\src\hotspot\share\interpreter\linkResolver.cpp, line 759]
Event: 7.796 Thread 0x000001e49ff8b160 Exception <a 'java/lang/NoSuchMethodError'{0x000000008c8837b0}: 'void java.lang.invoke.DirectMethodHandle$Holder.invokeSpecial(java.lang.Object, java.lang.Object, int)'> (0x000000008c8837b0) 
thrown [s\src\hotspot\share\interpreter\linkResolver.cpp, line 759]
Event: 7.797 Thread 0x000001e49ff8b160 Exception <a 'java/lang/NoSuchMethodError'{0x000000008c8897c8}: 'java.lang.Object java.lang.invoke.DirectMethodHandle$Holder.newInvokeSpecial(java.lang.Object, java.lang.Object, int)'> (0x000000008c8897c8) 
thrown [s\src\hotspot\share\interpreter\linkResolver.cpp, line 759]
Event: 7.934 Thread 0x000001e4c66e1040 Exception <a 'java/lang/NoSuchMethodError'{0x000000008c74a900}: 'void java.lang.invoke.DirectMethodHandle$Holder.invokeSpecial(java.lang.Object, java.lang.Object, int, int)'> (0x000000008c74a900) 
thrown [s\src\hotspot\share\interpreter\linkResolver.cpp, line 759]
Event: 7.934 Thread 0x000001e4c66e1040 Exception <a 'java/lang/NoSuchMethodError'{0x000000008c750e20}: 'java.lang.Object java.lang.invoke.DirectMethodHandle$Holder.newInvokeSpecial(java.lang.Object, java.lang.Object, int, int)'> (0x000000008c750e20) 
thrown [s\src\hotspot\share\interpreter\linkResolver.cpp, line 759]

VM Operations (20 events):
Event: 0.579 Executing VM operation: HandshakeAllThreads
Event: 0.579 Executing VM operation: HandshakeAllThreads done
Event: 0.632 Executing VM operation: HandshakeAllThreads
Event: 0.632 Executing VM operation: HandshakeAllThreads done
Event: 0.768 Executing VM operation: HandshakeAllThreads
Event: 0.768 Executing VM operation: HandshakeAllThreads done
Event: 1.779 Executing VM operation: Cleanup
Event: 1.780 Executing VM operation: Cleanup done
Event: 6.495 Executing VM operation: HandshakeAllThreads
Event: 6.495 Executing VM operation: HandshakeAllThreads done
Event: 7.131 Executing VM operation: G1CollectForAllocation
Event: 7.139 Executing VM operation: G1CollectForAllocation done
Event: 7.139 Executing VM operation: Cleanup
Event: 7.139 Executing VM operation: Cleanup done
Event: 8.146 Executing VM operation: Cleanup
Event: 8.146 Executing VM operation: Cleanup done
Event: 8.286 Executing VM operation: G1CollectForAllocation
Event: 8.290 Executing VM operation: G1CollectForAllocation done
Event: 8.290 Executing VM operation: Cleanup
Event: 8.290 Executing VM operation: Cleanup done

Events (20 events):
Event: 7.797 loading class java/util/Timer
Event: 7.798 loading class java/util/Timer done
Event: 7.798 loading class java/util/TaskQueue
Event: 7.798 loading class java/util/TaskQueue done
Event: 7.798 loading class java/util/TimerTask
Event: 7.798 loading class java/util/TimerTask done
Event: 7.798 loading class java/util/TimerThread
Event: 7.798 loading class java/util/TimerThread done
Event: 7.798 loading class java/util/Timer$ThreadReaper
Event: 7.798 loading class java/util/Timer$ThreadReaper done
Event: 7.799 Thread 0x000001e4c66e1040 Thread added: 0x000001e4c66e1040
Event: 7.799 loading class javax/swing/JComponent
Event: 7.799 Thread 0x000001e49ff8b160 Thread exited: 0x000001e49ff8b160
Event: 7.799 Thread 0x000001e4c6bd8060 Thread added: 0x000001e4c6bd8060
Event: 7.800 loading class javax/swing/TransferHandler$HasGetTransferHandler
Event: 7.800 loading class javax/swing/TransferHandler$HasGetTransferHandler done
Event: 7.800 loading class javax/swing/JComponent done
Event: 7.924 Thread 0x000001e4c6a509e0 Thread exited: 0x000001e4c6a509e0
Event: 7.932 loading class java/lang/StrictMath
Event: 7.932 loading class java/lang/StrictMath done


Dynamic libraries:
0x00007ff66cec0000 - 0x00007ff66cece000 	D:\GIT_HUB\WEB-DEVELOPMENT\processing_related\processing-4.1.1\java\bin\java.exe
0x00007ffbfa450000 - 0x00007ffbfa664000 	C:\WINDOWS\SYSTEM32\ntdll.dll
0x00007ffbf98b0000 - 0x00007ffbf9973000 	C:\WINDOWS\System32\KERNEL32.DLL
0x00007ffbf7ce0000 - 0x00007ffbf807d000 	C:\WINDOWS\System32\KERNELBASE.dll
0x00007ffbf7870000 - 0x00007ffbf7981000 	C:\WINDOWS\System32\ucrtbase.dll
0x00007ffbc23c0000 - 0x00007ffbc23d9000 	D:\GIT_HUB\WEB-DEVELOPMENT\processing_related\processing-4.1.1\java\bin\VCRUNTIME140.dll
0x00007ffbeec60000 - 0x00007ffbeec77000 	D:\GIT_HUB\WEB-DEVELOPMENT\processing_related\processing-4.1.1\java\bin\jli.dll
0x00007ffbf8280000 - 0x00007ffbf842d000 	C:\WINDOWS\System32\USER32.dll
0x00007ffbf8080000 - 0x00007ffbf80a6000 	C:\WINDOWS\System32\win32u.dll
0x00007ffbda230000 - 0x00007ffbda4be000 	C:\WINDOWS\WinSxS\amd64_microsoft.windows.common-controls_6595b64144ccf1df_6.0.22621.608_none_a9444ca7c10bb01d\COMCTL32.dll
0x00007ffbf8250000 - 0x00007ffbf8279000 	C:\WINDOWS\System32\GDI32.dll
0x00007ffbf9b40000 - 0x00007ffbf9be7000 	C:\WINDOWS\System32\msvcrt.dll
0x00007ffbf8120000 - 0x00007ffbf8232000 	C:\WINDOWS\System32\gdi32full.dll
0x00007ffbf7990000 - 0x00007ffbf7a2a000 	C:\WINDOWS\System32\msvcp_win.dll
0x00007ffbfa2b0000 - 0x00007ffbfa2e2000 	C:\WINDOWS\System32\IMM32.DLL
0x00007ffbeec50000 - 0x00007ffbeec5c000 	D:\GIT_HUB\WEB-DEVELOPMENT\processing_related\processing-4.1.1\java\bin\vcruntime140_1.dll
0x00007ffbacf80000 - 0x00007ffbad011000 	D:\GIT_HUB\WEB-DEVELOPMENT\processing_related\processing-4.1.1\java\bin\msvcp140.dll
0x00007ffbaae30000 - 0x00007ffbaba74000 	D:\GIT_HUB\WEB-DEVELOPMENT\processing_related\processing-4.1.1\java\bin\server\jvm.dll
0x00007ffbf96f0000 - 0x00007ffbf979e000 	C:\WINDOWS\System32\ADVAPI32.dll
0x00007ffbfa1e0000 - 0x00007ffbfa284000 	C:\WINDOWS\System32\sechost.dll
0x00007ffbf9420000 - 0x00007ffbf9535000 	C:\WINDOWS\System32\RPCRT4.dll
0x00007ffbde490000 - 0x00007ffbde499000 	C:\WINDOWS\SYSTEM32\WSOCK32.dll
0x00007ffbeea00000 - 0x00007ffbeea34000 	C:\WINDOWS\SYSTEM32\WINMM.dll
0x00007ffbef0e0000 - 0x00007ffbef0ea000 	C:\WINDOWS\SYSTEM32\VERSION.dll
0x00007ffbf9810000 - 0x00007ffbf9881000 	C:\WINDOWS\System32\WS2_32.dll
0x00007ffbf68a0000 - 0x00007ffbf68b8000 	C:\WINDOWS\SYSTEM32\kernel.appcore.dll
0x00007ffbc1410000 - 0x00007ffbc141a000 	D:\GIT_HUB\WEB-DEVELOPMENT\processing_related\processing-4.1.1\java\bin\jimage.dll
0x00007ffbf51a0000 - 0x00007ffbf53ce000 	C:\WINDOWS\SYSTEM32\DBGHELP.DLL
0x00007ffbf8840000 - 0x00007ffbf8bca000 	C:\WINDOWS\System32\combase.dll
0x00007ffbf9c70000 - 0x00007ffbf9d47000 	C:\WINDOWS\System32\OLEAUT32.dll
0x00007ffbe6d90000 - 0x00007ffbe6dc2000 	C:\WINDOWS\SYSTEM32\dbgcore.DLL
0x00007ffbf7a30000 - 0x00007ffbf7aab000 	C:\WINDOWS\System32\bcryptPrimitives.dll
0x00007ffbdc4c0000 - 0x00007ffbdc4fb000 	D:\GIT_HUB\WEB-DEVELOPMENT\processing_related\processing-4.1.1\java\bin\jdwp.dll
0x00007ffbb0d10000 - 0x00007ffbb0d35000 	D:\GIT_HUB\WEB-DEVELOPMENT\processing_related\processing-4.1.1\java\bin\java.dll
0x00007ffbace10000 - 0x00007ffbacee6000 	D:\GIT_HUB\WEB-DEVELOPMENT\processing_related\processing-4.1.1\java\bin\jsvml.dll
0x00007ffbf8bd0000 - 0x00007ffbf93bf000 	C:\WINDOWS\System32\SHELL32.dll
0x00007ffbf5840000 - 0x00007ffbf6108000 	C:\WINDOWS\SYSTEM32\windows.storage.dll
0x00007ffbf5700000 - 0x00007ffbf583e000 	C:\WINDOWS\SYSTEM32\wintypes.dll
0x00007ffbf9560000 - 0x00007ffbf9651000 	C:\WINDOWS\System32\SHCORE.dll
0x00007ffbf93c0000 - 0x00007ffbf941e000 	C:\WINDOWS\System32\shlwapi.dll
0x00007ffbf77a0000 - 0x00007ffbf77c1000 	C:\WINDOWS\SYSTEM32\profapi.dll
0x00007ffbeee10000 - 0x00007ffbeee1c000 	D:\GIT_HUB\WEB-DEVELOPMENT\processing_related\processing-4.1.1\java\bin\dt_socket.dll
0x00007ffbf6360000 - 0x00007ffbf638d000 	C:\WINDOWS\SYSTEM32\IPHLPAPI.DLL
0x00007ffbf6da0000 - 0x00007ffbf6e09000 	C:\WINDOWS\system32\mswsock.dll
0x00007ffbb7320000 - 0x00007ffbb7339000 	D:\GIT_HUB\WEB-DEVELOPMENT\processing_related\processing-4.1.1\java\bin\net.dll
0x00007ffbf2570000 - 0x00007ffbf269f000 	C:\WINDOWS\SYSTEM32\WINHTTP.dll
0x00007ffbb0cf0000 - 0x00007ffbb0d05000 	D:\GIT_HUB\WEB-DEVELOPMENT\processing_related\processing-4.1.1\java\bin\nio.dll
0x00007ffbaed10000 - 0x00007ffbaed28000 	D:\GIT_HUB\WEB-DEVELOPMENT\processing_related\processing-4.1.1\java\bin\zip.dll
0x00007ffbac7e0000 - 0x00007ffbac96e000 	D:\GIT_HUB\WEB-DEVELOPMENT\processing_related\processing-4.1.1\java\bin\awt.dll
0x00007ffbf4720000 - 0x00007ffbf47b7000 	C:\WINDOWS\SYSTEM32\apphelp.dll
0x00007ffbf49d0000 - 0x00007ffbf4a7b000 	C:\WINDOWS\system32\uxtheme.dll
0x00007ffbfa2f0000 - 0x00007ffbfa40e000 	C:\WINDOWS\System32\MSCTF.dll
0x00007ffbf86a0000 - 0x00007ffbf883c000 	C:\WINDOWS\System32\ole32.dll
0x00007ffbf4cf0000 - 0x00007ffbf4d1b000 	C:\WINDOWS\system32\DWMAPI.DLL
0x00007ffbdfbc0000 - 0x00007ffbdfcc0000 	C:\WINDOWS\system32\opengl32.dll
0x00007ffbe75f0000 - 0x00007ffbe761d000 	C:\WINDOWS\SYSTEM32\GLU32.dll
0x00007ffbf4ab0000 - 0x00007ffbf4ae6000 	C:\WINDOWS\SYSTEM32\dxcore.dll
0x00007ffbf7000000 - 0x00007ffbf701b000 	C:\WINDOWS\SYSTEM32\CRYPTSP.dll
0x00007ffbf6810000 - 0x00007ffbf6845000 	C:\WINDOWS\system32\rsaenh.dll
0x00007ffbf6e90000 - 0x00007ffbf6eb8000 	C:\WINDOWS\SYSTEM32\USERENV.dll
0x00007ffbf7230000 - 0x00007ffbf7258000 	C:\WINDOWS\SYSTEM32\bcrypt.dll
0x00007ffbf6ff0000 - 0x00007ffbf6ffc000 	C:\WINDOWS\SYSTEM32\CRYPTBASE.dll
0x00007ffbfa290000 - 0x00007ffbfa299000 	C:\WINDOWS\System32\NSI.dll
0x00007ffbef1d0000 - 0x00007ffbef1e9000 	C:\WINDOWS\SYSTEM32\dhcpcsvc6.DLL
0x00007ffbef1b0000 - 0x00007ffbef1cf000 	C:\WINDOWS\SYSTEM32\dhcpcsvc.DLL
0x00007ffbf6390000 - 0x00007ffbf6482000 	C:\WINDOWS\SYSTEM32\DNSAPI.dll
0x000000006e8c0000 - 0x000000006e8cd000 	C:\Users\HP PC\AppData\Local\Temp\jogamp_0000\file_cache\jln18125287822372397535\jln666758578918328728\natives\windows-amd64\gluegen_rt.dll
0x00007ffbe0090000 - 0x00007ffbe0097000 	D:\GIT_HUB\WEB-DEVELOPMENT\processing_related\processing-4.1.1\java\bin\jawt.dll
0x000000006a440000 - 0x000000006a44d000 	C:\Users\HP PC\AppData\Local\Temp\jogamp_0000\file_cache\jln18125287822372397535\jln666758578918328728\natives\windows-amd64\nativewindow_awt.dll
0x000000006c100000 - 0x000000006c110000 	C:\Users\HP PC\AppData\Local\Temp\jogamp_0000\file_cache\jln18125287822372397535\jln666758578918328728\natives\windows-amd64\nativewindow_win32.dll
0x0000000064500000 - 0x0000000064585000 	C:\Users\HP PC\AppData\Local\Temp\jogamp_0000\file_cache\jln18125287822372397535\jln666758578918328728\natives\windows-amd64\jogl_desktop.dll
0x00007ffb6a930000 - 0x00007ffb6ac6e000 	C:\Users\HP PC\AppData\Local\Programs\MiKTeX\miktex\bin\x64\libGLESv2.dll
0x00007ffb91aa0000 - 0x00007ffb91c49000 	C:\WINDOWS\SYSTEM32\d3d9.dll
0x0000000064340000 - 0x0000000064391000 	C:\Users\HP PC\AppData\Local\Temp\jogamp_0000\file_cache\jln18125287822372397535\jln666758578918328728\natives\windows-amd64\jogl_mobile.dll
0x00007ffbe75a0000 - 0x00007ffbe75e9000 	C:\WINDOWS\SYSTEM32\directxdatabasehelper.dll
0x00007ffbf8430000 - 0x00007ffbf84e7000 	C:\WINDOWS\System32\clbcatq.dll
0x00007ffbecc80000 - 0x00007ffbecdb6000 	C:\Windows\System32\AppXDeploymentClient.dll
0x00007ffb50920000 - 0x00007ffb51926000 	C:\WINDOWS\System32\DriverStore\FileRepository\iigd_dch.inf_amd64_9dbfad2c6843c394\igxelpicd64.dll
0x00007ffbf4af0000 - 0x00007ffbf4be7000 	C:\WINDOWS\system32\dxgi.dll
0x00007ffb66980000 - 0x00007ffb670d3000 	C:\WINDOWS\System32\DriverStore\FileRepository\iigd_dch.inf_amd64_9dbfad2c6843c394\igdml64.dll
0x00007ffbd5d70000 - 0x00007ffbd6131000 	C:\WINDOWS\System32\DriverStore\FileRepository\iigd_dch.inf_amd64_9dbfad2c6843c394\igdgmm64.dll
0x00007ffbd2b10000 - 0x00007ffbd5d70000 	C:\WINDOWS\System32\DriverStore\FileRepository\iigd_dch.inf_amd64_9dbfad2c6843c394\igc64.dll
0x00007ffbf70a0000 - 0x00007ffbf70ed000 	C:\WINDOWS\SYSTEM32\powrprof.dll
0x00007ffbf7060000 - 0x00007ffbf7073000 	C:\WINDOWS\SYSTEM32\UMPDC.dll
0x0000000070d80000 - 0x0000000070d93000 	C:\Users\HP PC\AppData\Local\Temp\jogamp_0000\file_cache\jln18125287822372397535\jln666758578918328728\natives\windows-amd64\newt_head.dll
0x00007ffbf22c0000 - 0x00007ffbf237d000 	C:\WINDOWS\SYSTEM32\mscms.dll
0x00007ffbc1da0000 - 0x00007ffbc1de9000 	C:\WINDOWS\SYSTEM32\icm32.dll
0x00007ffbf9d60000 - 0x00007ffbfa1da000 	C:\WINDOWS\System32\setupapi.dll
0x00007ffbf7520000 - 0x00007ffbf7553000 	C:\WINDOWS\SYSTEM32\DEVOBJ.dll
0x00007ffbf7560000 - 0x00007ffbf75ae000 	C:\WINDOWS\SYSTEM32\cfgmgr32.dll
0x00007ffbf80b0000 - 0x00007ffbf811b000 	C:\WINDOWS\System32\WINTRUST.dll
0x00007ffbf7b70000 - 0x00007ffbf7cd6000 	C:\WINDOWS\System32\CRYPT32.dll
0x00007ffbf7080000 - 0x00007ffbf7092000 	C:\WINDOWS\SYSTEM32\MSASN1.dll
0x00007ffbd0f40000 - 0x00007ffbd106d000 	C:\WINDOWS\SYSTEM32\textinputframework.dll
0x00007ffbf42a0000 - 0x00007ffbf43d3000 	C:\WINDOWS\SYSTEM32\CoreMessaging.dll
0x00007ffbd90b0000 - 0x00007ffbd941c000 	C:\WINDOWS\SYSTEM32\CoreUIComponents.dll
0x00007ffbe0070000 - 0x00007ffbe0080000 	D:\GIT_HUB\WEB-DEVELOPMENT\processing_related\processing-4.1.1\java\bin\verify.dll

dbghelp: loaded successfully - version: 4.0.5 - missing functions: none
symbol engine: initialized successfully - sym options: 0x614 - pdb path: .;D:\GIT_HUB\WEB-DEVELOPMENT\processing_related\processing-4.1.1\java\bin;C:\WINDOWS\SYSTEM32;C:\WINDOWS\WinSxS\amd64_microsoft.windows.common-controls_6595b64144ccf1df_6.0.22621.608_none_a9444ca7c10bb01d;D:\GIT_HUB\WEB-DEVELOPMENT\processing_related\processing-4.1.1\java\bin\server;C:\Users\HP PC\AppData\Local\Temp\jogamp_0000\file_cache\jln18125287822372397535\jln666758578918328728\natives\windows-amd64;C:\Users\HP PC\AppData\Local\Programs\MiKTeX\miktex\bin\x64;C:\WINDOWS\System32\DriverStore\FileRepository\iigd_dch.inf_amd64_9dbfad2c6843c394

VM Arguments:
jvm_args: -agentlib:jdwp=transport=dt_socket,address=8659,server=y,suspend=y,quiet=y -Djna.nosys=true -Djava.library.path=;D:\GIT_HUB\WEB-DEVELOPMENT\processing_related\processing-4.1.1\core\library\windows-amd64;C:\Users\HP PC\OneDrive\Documents\Processing\libraries\peasycam\library;D:\GIT_HUB\WEB-DEVELOPMENT\processing_related\processing-4.1.1\java\bin;C:\WINDOWS\system32;C:\WINDOWS;C:\Program Files\Common Files\Oracle\Java\javapath;C:\Program Files (x86)\Common Files\Oracle\Java\javapath;C:\WINDOWS\system32;C:\WINDOWS;C:\WINDOWS\System32\Wbem;C:\WINDOWS\System32\WindowsPowerShell\v1.0;C:\WINDOWS\System32\OpenSSH;C:\mingw\mingw32\bin;C:\Program Files\Python310;C:\Program Files\Java\jdk-18.0.1.1\bin;C:\Program Files\Git\cmd;C:\Program Files\nodejs;C:\Program Files\MySQL\MySQL Shell 8.0\bin;C:\Users\HP PC\AppData\Local\Microsoft\WindowsApps;C:\Users\HP PC\AppData\Local\Programs\Microsoft VS Code\bin;C:\Program Files\Python310\Scripts;C:\Users\HP PC\AppData\Local\Programs\MiKTeX\miktex\bin\x64;C:\Users\HP PC\AppData\Roaming\npm;D:\GIT_HUB\WEB-DEVELOPMENT\processing_related\processing-4.1.1\java\bin;. -ea 
java_command: processing.core.PApplet --location=1209,138 --external --display=1 --sketch-path=D:\GIT_HUB\WEB-DEVELOPMENT\processing_related\madelbulb_3d --ui-scale=1 madelbulb_3d
java_class_path (initial): C:\Users\HPPC~1\AppData\Local\Temp\processing\madelbulb_3d10392396637846467877temp;D:\GIT_HUB\WEB-DEVELOPMENT\processing_related\processing-4.1.1\core\library\core.jar;D:\GIT_HUB\WEB-DEVELOPMENT\processing_related\processing-4.1.1\core\library\gluegen-rt-natives-linux-aarch64.jar;D:\GIT_HUB\WEB-DEVELOPMENT\processing_related\processing-4.1.1\core\library\gluegen-rt-natives-linux-amd64.jar;D:\GIT_HUB\WEB-DEVELOPMENT\processing_related\processing-4.1.1\core\library\gluegen-rt-natives-linux-armv6hf.jar;D:\GIT_HUB\WEB-DEVELOPMENT\processing_related\processing-4.1.1\core\library\gluegen-rt-natives-linux-i586.jar;D:\GIT_HUB\WEB-DEVELOPMENT\processing_related\processing-4.1.1\core\library\gluegen-rt-natives-macosx-universal.jar;D:\GIT_HUB\WEB-DEVELOPMENT\processing_related\processing-4.1.1\core\library\gluegen-rt-natives-windows-amd64.jar;D:\GIT_HUB\WEB-DEVELOPMENT\processing_related\processing-4.1.1\core\library\gluegen-rt-natives-windows-i586.jar;D:\GIT_HUB\WEB-DEVELOPMENT\processing_related\processing-4.1.1\core\library\gluegen-rt.jar;D:\GIT_HUB\WEB-DEVELOPMENT\processing_related\processing-4.1.1\core\library\jogl-all-natives-linux-aarch64.jar;D:\GIT_HUB\WEB-DEVELOPMENT\processing_related\processing-4.1.1\core\library\jogl-all-natives-linux-amd64.jar;D:\GIT_HUB\WEB-DEVELOPMENT\processing_related\processing-4.1.1\core\library\jogl-all-natives-linux-armv6hf.jar;D:\GIT_HUB\WEB-DEVELOPMENT\processing_related\processing-4.1.1\core\library\jogl-all-natives-linux-i586.jar;D:\GIT_HUB\WEB-DEVELOPMENT\processing_related\processing-4.1.1\core\library\jogl-all-natives-macosx-universal.jar;D:\GIT_HUB\WEB-DEVELOPMENT\processing_related\processing-4.1.1\core\library\jogl-all-natives-windows-amd64.jar;D:\GIT_HUB\WEB-DEVELOPMENT\processing_related\processing-4.1.1\core\library\jogl-all-natives-windows-i586.jar;D:\GIT_HUB\WEB-DEVELOPMENT\processing_related\processing-4.1.1\core\library\jogl-all.jar;C:\Users\HP PC\OneDrive\Documents\Processing\libraries\peasyc
Launcher Type: SUN_STANDARD

[Global flags]
     intx CICompilerCount                          = 4                                         {product} {ergonomic}
     uint ConcGCThreads                            = 2                                         {product} {ergonomic}
     uint G1ConcRefinementThreads                  = 8                                         {product} {ergonomic}
   size_t G1HeapRegionSize                         = 1048576                                   {product} {ergonomic}
    uintx GCDrainStackTargetSize                   = 64                                        {product} {ergonomic}
   size_t InitialHeapSize                          = 130023424                                 {product} {ergonomic}
   size_t MarkStackSize                            = 4194304                                   {product} {ergonomic}
   size_t MaxHeapSize                              = 2055208960                                {product} {ergonomic}
   size_t MaxNewSize                               = 1233125376                                {product} {ergonomic}
   size_t MinHeapDeltaBytes                        = 1048576                                   {product} {ergonomic}
   size_t MinHeapSize                              = 8388608                                   {product} {ergonomic}
    uintx NonNMethodCodeHeapSize                   = 5839372                                {pd product} {ergonomic}
    uintx NonProfiledCodeHeapSize                  = 122909434                              {pd product} {ergonomic}
    uintx ProfiledCodeHeapSize                     = 122909434                              {pd product} {ergonomic}
    uintx ReservedCodeCacheSize                    = 251658240                              {pd product} {ergonomic}
     bool SegmentedCodeCache                       = true                                      {product} {ergonomic}
   size_t SoftMaxHeapSize                          = 2055208960                             {manageable} {ergonomic}
     bool UseCompressedClassPointers               = true                           {product lp64_product} {ergonomic}
     bool UseCompressedOops                        = true                           {product lp64_product} {ergonomic}
     bool UseG1GC                                  = true                                      {product} {ergonomic}
     bool UseLargePagesIndividualAllocation        = false                                  {pd product} {ergonomic}

Logging:
Log output configuration:
 #0: stdout all=warning uptime,level,tags
 #1: stderr all=off uptime,level,tags

Environment Variables:
JAVA_HOME=C:\Program Files\Java\jdk-18.0.1.1
PATH=C:\Program Files\Common Files\Oracle\Java\javapath;C:\Program Files (x86)\Common Files\Oracle\Java\javapath;C:\WINDOWS\system32;C:\WINDOWS;C:\WINDOWS\System32\Wbem;C:\WINDOWS\System32\WindowsPowerShell\v1.0\;C:\WINDOWS\System32\OpenSSH\;C:\mingw\mingw32\bin;C:\Program Files\Python310;C:\Program Files\Java\jdk-18.0.1.1\bin;C:\Program Files\Git\cmd;C:\Program Files\nodejs\;C:\Program Files\MySQL\MySQL Shell 8.0\bin\;C:\Users\HP PC\AppData\Local\Microsoft\WindowsApps;C:\Users\HP PC\AppData\Local\Programs\Microsoft VS Code\bin;C:\Program Files\Python310\Scripts;C:\Users\HP PC\AppData\Local\Programs\MiKTeX\miktex\bin\x64\;C:\Users\HP PC\AppData\Roaming\npm;D:\GIT_HUB\WEB-DEVELOPMENT\processing_related\processing-4.1.1\java\bin
USERNAME=AADITYA RAJ
OS=Windows_NT
PROCESSOR_IDENTIFIER=Intel64 Family 6 Model 140 Stepping 1, GenuineIntel
TMP=C:\Users\HPPC~1\AppData\Local\Temp
TEMP=C:\Users\HPPC~1\AppData\Local\Temp



---------------  S Y S T E M  ---------------

OS:
 Windows 11 , 64 bit Build 22621 (10.0.22621.1105)
OS uptime: 3 days 19:04 hours
Hyper-V role detected

CPU: total 8 (initial active 8) (4 cores per cpu, 2 threads per core) family 6 model 140 stepping 1 microcode 0x9a, cx8, cmov, fxsr, ht, mmx, 3dnowpref, sse, sse2, sse3, ssse3, sse4.1, sse4.2, popcnt, lzcnt, tsc, tscinvbit, avx, avx2, aes, erms, clmul, bmi1, bmi2, adx, avx512f, avx512dq, avx512cd, avx512bw, avx512vl, sha, fma, vzeroupper, avx512_vpopcntdq, avx512_vpclmulqdq, avx512_vaes, avx512_vnni, clflush, clflushopt, clwb, avx512_vbmi2, avx512_vbmi, hv

Memory: 4k page, system-wide physical 7834M (1621M free)
TotalPageFile size 11802M (AvailPageFile size 3624M)
current process WorkingSet (physical memory assigned to process): 293M, peak: 293M
current process commit charge ("private bytes"): 407M, peak: 407M

vm_info: OpenJDK 64-Bit Server VM (17.0.5+8) for windows-amd64 JRE (17.0.5+8), built on Oct 19 2022 04:48:13 by "temurin" with MS VC++ 16.7 (VS2019)

END.
