#
# A fatal error has been detected by the Java Runtime Environment:
#
#  EXCEPTION_ACCESS_VIOLATION (0xc0000005) at pc=0x00007fff2d8dcf2c, pid=12316, tid=14536
#
# JRE version: OpenJDK Runtime Environment Temurin-17.0.5+8 (17.0.5+8) (build 17.0.5+8)
# Java VM: OpenJDK 64-Bit Server VM Temurin-17.0.5+8 (17.0.5+8, mixed mode, sharing, tiered, compressed oops, compressed class ptrs, g1 gc, windows-amd64)
# Problematic frame:
# C  [igxelpicd64.dll+0x30cf2c]
#
# No core dump will be written. Minidumps are not enabled by default on client versions of Windows
#
# If you would like to submit a bug report, please visit:
#   https://github.com/adoptium/adoptium-support/issues
#

---------------  S U M M A R Y ------------

Command Line: -agentlib:jdwp=transport=dt_socket,address=8766,server=y,suspend=y,quiet=y -Djna.nosys=true -Djava.library.path=;D:\GIT_HUB\WEB-DEVELOPMENT\processing_related\processing-4.1.1\core\library\windows-amd64;C:\Users\HP PC\OneDrive\Documents\Processing\libraries\peasycam\library;D:\GIT_HUB\WEB-DEVELOPMENT\processing_related\processing-4.1.1\java\bin;C:\WINDOWS\system32;C:\WINDOWS;C:\Program Files\Common Files\Oracle\Java\javapath;C:\Program Files (x86)\Common Files\Oracle\Java\javapath;C:\WINDOWS\system32;C:\WINDOWS;C:\WINDOWS\System32\Wbem;C:\WINDOWS\System32\WindowsPowerShell\v1.0;C:\WINDOWS\System32\OpenSSH;C:\mingw\mingw32\bin;C:\Program Files\Python310;C:\Program Files\Java\jdk-18.0.1.1\bin;C:\Program Files\Git\cmd;C:\Program Files\nodejs;C:\Program Files\MySQL\MySQL Shell 8.0\bin;C:\Users\HP PC\AppData\Local\Microsoft\WindowsApps;C:\Users\HP PC\AppData\Local\Programs\Microsoft VS Code\bin;C:\Program Files\Python310\Scripts;C:\Users\HP PC\AppData\Local\Programs\MiKTeX\miktex\bin\x64;C:\Users\HP PC\AppData\Roaming\npm;D:\GIT_HUB\WEB-DEVELOPMENT\processing_related\processing-4.1.1\java\bin;. -ea processing.core.PApplet --editor-location=446,160 --external --display=1 --sketch-path=D:\GIT_HUB\WEB-DEVELOPMENT\processing_related\madelbulb_3d --ui-scale=1 madelbulb_3d

Host: 11th Gen Intel(R) Core(TM) i5-1135G7 @ 2.40GHz, 8 cores, 7G,  Windows 11 , 64 bit Build 22621 (10.0.22621.1105)
Time: Mon Feb  6 12:42:13 2023 India Standard Time elapsed time: 81.441912 seconds (0d 0h 1m 21s)

---------------  T H R E A D  ---------------

Current thread (0x0000020f305cf2a0):  VMThread "VM Thread" [stack: 0x0000003363300000,0x0000003363400000] [id=14536]

Stack: [0x0000003363300000,0x0000003363400000],  sp=0x00000033633fe890,  free space=1018k
Native frames: (J=compiled Java code, j=interpreted, Vv=VM code, C=native code)
C  [igxelpicd64.dll+0x30cf2c]


siginfo: EXCEPTION_ACCESS_VIOLATION (0xc0000005), reading address 0x00000000000356f8


Register to memory mapping:

RIP=0x00007fff2d8dcf2c igxelpicd64.dll
RAX=0x0000020f317a3900 points into unknown readable memory: 0x0000000000049401 | 01 94 04 00 00 00 00 00
RBX=0x0000020f31b693b0 points into unknown readable memory: 0xffffffffffffffff | ff ff ff ff ff ff ff ff
RCX=0x0 is NULL
RDX=0x0000000000000004 is an unknown value
RSP=0x00000033633fe890 points into unknown readable memory: 0x0000020f31b693b0 | b0 93 b6 31 0f 02 00 00
RBP=0x0000000000000016 is an unknown value
RSI=0x0000020f33de37a0 points into unknown readable memory: 0x0000000000000000 | 00 00 00 00 00 00 00 00
RDI=0x0 is NULL
R8 =0x0000000000000014 is an unknown value
R9 =0x0 is NULL
R10=0x0 is NULL
R11=0x0000000000000246 is an unknown value
R12=0x0000020f317a3ca8 points into unknown readable memory: 0x0000020f34362680 | 80 26 36 34 0f 02 00 00
R13=0x0 is NULL
R14=0x0000020f317a36e0 points into unknown readable memory: 0x0000020f31bcd460 | 60 d4 bc 31 0f 02 00 00
R15=0x0 is NULL


Registers:
RAX=0x0000020f317a3900, RBX=0x0000020f31b693b0, RCX=0x0000000000000000, RDX=0x0000000000000004
RSP=0x00000033633fe890, RBP=0x0000000000000016, RSI=0x0000020f33de37a0, RDI=0x0000000000000000
R8 =0x0000000000000014, R9 =0x0000000000000000, R10=0x0000000000000000, R11=0x0000000000000246
R12=0x0000020f317a3ca8, R13=0x0000000000000000, R14=0x0000020f317a36e0, R15=0x0000000000000000
RIP=0x00007fff2d8dcf2c, EFLAGS=0x0000000000010206

Top of Stack: (sp=0x00000033633fe890)
0x00000033633fe890:   0000020f31b693b0 00007fff7efe41a9
0x00000033633fe8a0:   00000033633fe928 0000000000000000
0x00000033633fe8b0:   0000000000000054 0000020f31b693b0
0x00000033633fe8c0:   0227c1d200a7d2d1 00007fff7f712e44
0x00000033633fe8d0:   014b83d3006182d3 019a48d4008de8d3
0x00000033633fe8e0:   025ccfd40240a0d4 0000020f342e6578
0x00000033633fe8f0:   0000000000049405 0000000000000000
0x00000033633fe900:   0000000000000015 0000000000000000
0x00000033633fe910:   0000000000000000 00000033633fea30
0x00000033633fe920:   0000020f33de37a0 00007fff2d7bd62c
0x00000033633fe930:   0000020f00000016 0000020f34362680
0x00000033633fe940:   0201bce001a11f00 01996de1027e6600
0x00000033633fe950:   0000003300007750 0000b80218da0000
0x00000033633fe960:   0000000000000000 022cdbe200561be2
0x00000033633fe970:   012740e4022a38e3 021befe400c969e4
0x00000033633fe980:   0239e0e5015cbde5 00816ce60d2b3ee6 

Instructions: (pc=0x00007fff2d8dcf2c)
0x00007fff2d8dce2c:   41 bf 20 00 00 00 48 8b 04 38 4d 8b 3c 07 0f b6
0x00007fff2d8dce3c:   bc 24 b0 00 00 00 4c 3b 3d f7 b6 c3 00 41 0f 44
0x00007fff2d8dce4c:   e9 89 ac 24 a0 00 00 00 48 85 c9 0f 84 d4 07 00
0x00007fff2d8dce5c:   00 0f 1f 00 4c 8b f1 4c 8d a1 c8 05 00 00 49 8b
0x00007fff2d8dce6c:   04 24 48 89 84 24 a8 00 00 00 40 84 ff 74 10 48
0x00007fff2d8dce7c:   8b d1 48 8b 09 e8 0a 49 ee ff e9 4f 07 00 00 8b
0x00007fff2d8dce8c:   96 c8 01 00 00 48 8b 05 78 9a b3 00 83 b8 64 03
0x00007fff2d8dce9c:   00 00 02 0f 85 18 02 00 00 83 fa 10 73 0e 48 8d
0x00007fff2d8dceac:   42 04 48 8d 04 c2 48 8d 04 c1 eb 60 8d 4a f0 8b
0x00007fff2d8dcebc:   c1 c1 e8 04 83 f8 03 73 1d 0f ae e8 83 e1 0f 4d
0x00007fff2d8dcecc:   8b 84 c6 80 05 00 00 4d 85 c0 74 25 48 8d 0c c9
0x00007fff2d8dcedc:   49 8d 04 c8 eb 36 49 8b 86 98 05 00 00 48 85 c0
0x00007fff2d8dceec:   74 0f 66 90 39 10 74 2f 48 8b 40 50 48 85 c0 75
0x00007fff2d8dcefc:   f3 41 80 be a0 05 00 00 00 74 22 8b c2 83 e0 0f
0x00007fff2d8dcf0c:   48 8d 04 c0 48 8d 40 20 49 8d 04 c6 48 85 c0 74
0x00007fff2d8dcf1c:   0c 48 8b 48 08 eb 09 48 83 c0 08 eb ef 49 8b c9
0x00007fff2d8dcf2c:   49 3b 8f f8 56 03 00 0f 86 84 01 00 00 83 fa 10
0x00007fff2d8dcf3c:   73 0a 48 8d 42 04 48 8d 04 c2 eb 5c 8d 4a f0 8b
0x00007fff2d8dcf4c:   c1 c1 e8 04 83 f8 03 73 1d 0f ae e8 83 e1 0f 4d
0x00007fff2d8dcf5c:   8b 84 c6 80 05 00 00 4d 85 c0 74 25 48 8d 0c c9
0x00007fff2d8dcf6c:   49 8d 04 c8 eb 36 49 8b 86 98 05 00 00 48 85 c0
0x00007fff2d8dcf7c:   74 0f 66 90 39 10 74 2f 48 8b 40 50 48 85 c0 75
0x00007fff2d8dcf8c:   f3 41 80 be a0 05 00 00 00 74 22 8b c2 83 e0 0f
0x00007fff2d8dcf9c:   48 8d 04 c0 48 8d 40 20 49 8d 04 c6 48 85 c0 74
0x00007fff2d8dcfac:   0c 48 8b 48 08 eb 09 48 83 c0 08 eb ef 49 8b c9
0x00007fff2d8dcfbc:   49 3b 8e 40 06 00 00 0f 86 f4 00 00 00 48 8b 86
0x00007fff2d8dcfcc:   78 02 00 00 49 89 04 24 4c 89 b6 78 02 00 00 ff
0x00007fff2d8dcfdc:   86 80 02 00 00 49 8b 46 08 48 8b 88 18 01 00 00
0x00007fff2d8dcfec:   48 81 e1 00 00 ff ff 48 81 c1 00 00 01 00 48 01
0x00007fff2d8dcffc:   8e 88 02 00 00 ba 01 00 00 00 49 8b 4e 08 e8 b1
0x00007fff2d8dd00c:   91 d4 ff 48 01 86 98 02 00 00 85 ed 74 75 49 8b
0x00007fff2d8dd01c:   9f 58 4f 03 00 0f 57 c0 f3 0f 7f 44 24 30 c7 44 


Stack slot to memory mapping:
stack at sp + 0 slots: 0x0000020f31b693b0 points into unknown readable memory: 0xffffffffffffffff | ff ff ff ff ff ff ff ff
stack at sp + 1 slots: 0x00007fff7efe41a9 USER32.dll
stack at sp + 2 slots: 0x00000033633fe928 points into unknown readable memory: 0x00007fff2d7bd62c | 2c d6 7b 2d ff 7f 00 00
stack at sp + 3 slots: 0x0 is NULL
stack at sp + 4 slots: 0x0000000000000054 is an unknown value
stack at sp + 5 slots: 0x0000020f31b693b0 points into unknown readable memory: 0xffffffffffffffff | ff ff ff ff ff ff ff ff
stack at sp + 6 slots: 0x0227c1d200a7d2d1 is an unknown value
stack at sp + 7 slots: 0x00007fff7f712e44 ntdll.dll

VM_Operation (0x00000033654fecc0): Exit, mode: safepoint, requested by thread 0x0000020f33dfe4a0


---------------  P R O C E S S  ---------------

Threads class SMR info:
_java_thread_list=0x0000020f33bc89d0, length=19, elements={
0x0000020f305d7fa0, 0x0000020f305d8860, 0x0000020f305ec360, 0x0000020f305ecc20,
0x0000020f305ed4e0, 0x0000020f305edda0, 0x0000020f305ee990, 0x0000020f305f76b0,
0x0000020f305fcfe0, 0x0000020f3110a560, 0x0000020f310fd420, 0x0000020f310fd910,
0x0000020f31115890, 0x0000020f311201f0, 0x0000020f315a4430, 0x0000020f31692630,
0x0000020f33dfe4a0, 0x0000020f124d1fc0, 0x0000020f33e04980
}

Java Threads: ( => current thread )
  0x0000020f305d7fa0 JavaThread "Reference Handler" daemon [_thread_blocked, id=12436, stack(0x0000003363400000,0x0000003363500000)]
  0x0000020f305d8860 JavaThread "Finalizer" daemon [_thread_blocked, id=3568, stack(0x0000003363500000,0x0000003363600000)]
  0x0000020f305ec360 JavaThread "Signal Dispatcher" daemon [_thread_blocked, id=16060, stack(0x0000003363600000,0x0000003363700000)]
  0x0000020f305ecc20 JavaThread "Attach Listener" daemon [_thread_blocked, id=8852, stack(0x0000003363700000,0x0000003363800000)]
  0x0000020f305ed4e0 JavaThread "Service Thread" daemon [_thread_blocked, id=13172, stack(0x0000003363800000,0x0000003363900000)]
  0x0000020f305edda0 JavaThread "Monitor Deflation Thread" daemon [_thread_blocked, id=8400, stack(0x0000003363900000,0x0000003363a00000)]
  0x0000020f305ee990 JavaThread "C2 CompilerThread0" daemon [_thread_blocked, id=8512, stack(0x0000003363a00000,0x0000003363b00000)]
  0x0000020f305f76b0 JavaThread "C1 CompilerThread0" daemon [_thread_blocked, id=9508, stack(0x0000003363b00000,0x0000003363c00000)]
  0x0000020f305fcfe0 JavaThread "Sweeper thread" daemon [_thread_blocked, id=11616, stack(0x0000003363c00000,0x0000003363d00000)]
  0x0000020f3110a560 JavaThread "JDWP Transport Listener: dt_socket" daemon [_thread_blocked, id=15388, stack(0x0000003363d00000,0x0000003363e00000)]
  0x0000020f310fd420 JavaThread "JDWP Event Helper Thread" daemon [_thread_blocked, id=13052, stack(0x0000003363e00000,0x0000003363f00000)]
  0x0000020f310fd910 JavaThread "JDWP Command Reader" daemon [_thread_blocked, id=7096, stack(0x0000003363f00000,0x0000003364000000)]
  0x0000020f31115890 JavaThread "Notification Thread" daemon [_thread_blocked, id=16924, stack(0x0000003364000000,0x0000003364100000)]
  0x0000020f311201f0 JavaThread "Common-Cleaner" daemon [_thread_blocked, id=292, stack(0x0000003364200000,0x0000003364300000)]
  0x0000020f315a4430 JavaThread "Java2D Disposer" daemon [_thread_blocked, id=6284, stack(0x0000003364300000,0x0000003364400000)]
  0x0000020f31692630 JavaThread "HighResTimerThread" daemon [_thread_blocked, id=1872, stack(0x0000003365200000,0x0000003365300000)]
  0x0000020f33dfe4a0 JavaThread "main-FPSAWTAnimator#00-Timer0" [_thread_blocked, id=3820, stack(0x0000003365400000,0x0000003365500000)]
  0x0000020f124d1fc0 JavaThread "DestroyJavaVM" [_thread_blocked, id=13596, stack(0x0000003362d00000,0x0000003362e00000)]
  0x0000020f33e04980 JavaThread "AWT-Shutdown" [_thread_blocked, id=15512, stack(0x0000003365800000,0x0000003365900000)]

Other Threads:
=>0x0000020f305cf2a0 VMThread "VM Thread" [stack: 0x0000003363300000,0x0000003363400000] [id=14536]
  0x0000020f12529910 GCTaskThread "GC Thread#0" [stack: 0x0000003362e00000,0x0000003362f00000] [id=16812]
  0x0000020f33718b50 GCTaskThread "GC Thread#1" [stack: 0x0000003364b00000,0x0000003364c00000] [id=4548]
  0x0000020f33718e00 GCTaskThread "GC Thread#2" [stack: 0x0000003364c00000,0x0000003364d00000] [id=9888]
  0x0000020f3371d0c0 GCTaskThread "GC Thread#3" [stack: 0x0000003364d00000,0x0000003364e00000] [id=17396]
  0x0000020f3371d780 GCTaskThread "GC Thread#4" [stack: 0x0000003364e00000,0x0000003364f00000] [id=13416]
  0x0000020f3371e240 GCTaskThread "GC Thread#5" [stack: 0x0000003364f00000,0x0000003365000000] [id=11048]
  0x0000020f3373c370 GCTaskThread "GC Thread#6" [stack: 0x0000003365000000,0x0000003365100000] [id=16596]
  0x0000020f3373c620 GCTaskThread "GC Thread#7" [stack: 0x0000003365100000,0x0000003365200000] [id=10336]
  0x0000020f12539dc0 ConcurrentGCThread "G1 Main Marker" terminated
  0x0000020f1253a6e0 ConcurrentGCThread "G1 Conc#0" [stack: 0x0000003363000000,0x0000003363100000] [id=3248]
  0x0000020f1258d6e0 ConcurrentGCThread "G1 Refine#0" terminated
  0x0000020f1258df10 ConcurrentGCThread "G1 Service" terminated

Threads with active compile tasks:

VM state: at safepoint (shutting down)

VM Mutex/Monitor currently owned by a thread:  ([mutex/lock_event])
[0x0000020f124ce0a0] Threads_lock - owner thread: 0x0000020f305cf2a0
[0x0000020f124cc990] Heap_lock - owner thread: 0x0000020f33dfe4a0

Heap address: 0x0000000085800000, size: 1960 MB, Compressed Oops mode: 32-bit

CDS archive(s) mapped at: [0x0000000800000000-0x0000000800bc0000-0x0000000800bc0000), size 12320768, SharedBaseAddress: 0x0000000800000000, ArchiveRelocationMode: 0.
Compressed class space mapped at: 0x0000000800c00000-0x0000000840c00000, reserved size: 1073741824
Narrow klass base: 0x0000000800000000, Narrow klass shift: 0, Narrow klass range: 0x100000000

GC Precious Log:
 CPUs: 8 total, 8 available
 Memory: 7834M
 Large Page Support: Disabled
 NUMA Support: Disabled
 Compressed Oops: Enabled (32-bit)
 Heap Region Size: 1M
 Heap Min Capacity: 8M
 Heap Initial Capacity: 124M
 Heap Max Capacity: 1960M
 Pre-touch: Disabled
 Parallel Workers: 8
 Concurrent Workers: 2
 Concurrent Refinement Workers: 8
 Periodic GC: Disabled

Heap:
 garbage-first heap   total 126976K, used 54570K [0x0000000085800000, 0x0000000100000000)
  region size 1024K, 43 young (44032K), 3 survivors (3072K)
 Metaspace       used 13307K, committed 13504K, reserved 1064960K
  class space    used 935K, committed 1024K, reserved 1048576K

Heap Regions: E=young(eden), S=young(survivor), O=old, HS=humongous(starts), HC=humongous(continues), CS=collection set, F=free, OA=open archive, CA=closed archive, TAMS=top-at-mark-start (previous, next)
|   0|0x0000000085800000, 0x0000000085900000, 0x0000000085900000|100%| O|  |TAMS 0x0000000085800000, 0x0000000085800000| Untracked 
|   1|0x0000000085900000, 0x0000000085a00000, 0x0000000085a00000|100%| O|  |TAMS 0x0000000085900000, 0x0000000085900000| Untracked 
|   2|0x0000000085a00000, 0x0000000085b00000, 0x0000000085b00000|100%| O|  |TAMS 0x0000000085a00000, 0x0000000085a00000| Untracked 
|   3|0x0000000085b00000, 0x0000000085c00000, 0x0000000085c00000|100%| O|  |TAMS 0x0000000085b00000, 0x0000000085b00000| Untracked 
|   4|0x0000000085c00000, 0x0000000085d00000, 0x0000000085d00000|100%| O|  |TAMS 0x0000000085c00000, 0x0000000085c00000| Untracked 
|   5|0x0000000085d00000, 0x0000000085e00000, 0x0000000085e00000|100%| O|  |TAMS 0x0000000085d00000, 0x0000000085d00000| Untracked 
|   6|0x0000000085e00000, 0x0000000085f00000, 0x0000000085f00000|100%| O|  |TAMS 0x0000000085e00000, 0x0000000085e00000| Untracked 
|   7|0x0000000085f00000, 0x0000000085f58000, 0x0000000086000000| 34%| O|  |TAMS 0x0000000085f00000, 0x0000000085f00000| Untracked 
|   8|0x0000000086000000, 0x0000000086100000, 0x0000000086100000|100%|HS|  |TAMS 0x0000000086000000, 0x0000000086000000| Complete 
|   9|0x0000000086100000, 0x0000000086200000, 0x0000000086200000|100%|HS|  |TAMS 0x0000000086100000, 0x0000000086100000| Complete 
|  10|0x0000000086200000, 0x0000000086300000, 0x0000000086300000|100%|HS|  |TAMS 0x0000000086200000, 0x0000000086200000| Complete 
|  11|0x0000000086300000, 0x0000000086400000, 0x0000000086400000|100%|HC|  |TAMS 0x0000000086300000, 0x0000000086300000| Complete 
|  12|0x0000000086400000, 0x0000000086500000, 0x0000000086500000|100%|HS|  |TAMS 0x0000000086400000, 0x0000000086400000| Complete 
|  13|0x0000000086500000, 0x0000000086500000, 0x0000000086600000|  0%| F|  |TAMS 0x0000000086500000, 0x0000000086500000| Untracked 
|  14|0x0000000086600000, 0x0000000086600000, 0x0000000086700000|  0%| F|  |TAMS 0x0000000086600000, 0x0000000086600000| Untracked 
|  15|0x0000000086700000, 0x0000000086700000, 0x0000000086800000|  0%| F|  |TAMS 0x0000000086700000, 0x0000000086700000| Untracked 
|  16|0x0000000086800000, 0x0000000086800000, 0x0000000086900000|  0%| F|  |TAMS 0x0000000086800000, 0x0000000086800000| Untracked 
|  17|0x0000000086900000, 0x0000000086900000, 0x0000000086a00000|  0%| F|  |TAMS 0x0000000086900000, 0x0000000086900000| Untracked 
|  18|0x0000000086a00000, 0x0000000086a00000, 0x0000000086b00000|  0%| F|  |TAMS 0x0000000086a00000, 0x0000000086a00000| Untracked 
|  19|0x0000000086b00000, 0x0000000086b00000, 0x0000000086c00000|  0%| F|  |TAMS 0x0000000086b00000, 0x0000000086b00000| Untracked 
|  20|0x0000000086c00000, 0x0000000086c00000, 0x0000000086d00000|  0%| F|  |TAMS 0x0000000086c00000, 0x0000000086c00000| Untracked 
|  21|0x0000000086d00000, 0x0000000086d00000, 0x0000000086e00000|  0%| F|  |TAMS 0x0000000086d00000, 0x0000000086d00000| Untracked 
|  22|0x0000000086e00000, 0x0000000086e00000, 0x0000000086f00000|  0%| F|  |TAMS 0x0000000086e00000, 0x0000000086e00000| Untracked 
|  23|0x0000000086f00000, 0x0000000086f00000, 0x0000000087000000|  0%| F|  |TAMS 0x0000000086f00000, 0x0000000086f00000| Untracked 
|  24|0x0000000087000000, 0x0000000087000000, 0x0000000087100000|  0%| F|  |TAMS 0x0000000087000000, 0x0000000087000000| Untracked 
|  25|0x0000000087100000, 0x0000000087100000, 0x0000000087200000|  0%| F|  |TAMS 0x0000000087100000, 0x0000000087100000| Untracked 
|  26|0x0000000087200000, 0x0000000087200000, 0x0000000087300000|  0%| F|  |TAMS 0x0000000087200000, 0x0000000087200000| Untracked 
|  27|0x0000000087300000, 0x0000000087300000, 0x0000000087400000|  0%| F|  |TAMS 0x0000000087300000, 0x0000000087300000| Untracked 
|  28|0x0000000087400000, 0x0000000087400000, 0x0000000087500000|  0%| F|  |TAMS 0x0000000087400000, 0x0000000087400000| Untracked 
|  29|0x0000000087500000, 0x0000000087500000, 0x0000000087600000|  0%| F|  |TAMS 0x0000000087500000, 0x0000000087500000| Untracked 
|  30|0x0000000087600000, 0x0000000087600000, 0x0000000087700000|  0%| F|  |TAMS 0x0000000087600000, 0x0000000087600000| Untracked 
|  31|0x0000000087700000, 0x0000000087700000, 0x0000000087800000|  0%| F|  |TAMS 0x0000000087700000, 0x0000000087700000| Untracked 
|  32|0x0000000087800000, 0x0000000087800000, 0x0000000087900000|  0%| F|  |TAMS 0x0000000087800000, 0x0000000087800000| Untracked 
|  33|0x0000000087900000, 0x0000000087900000, 0x0000000087a00000|  0%| F|  |TAMS 0x0000000087900000, 0x0000000087900000| Untracked 
|  34|0x0000000087a00000, 0x0000000087a00000, 0x0000000087b00000|  0%| F|  |TAMS 0x0000000087a00000, 0x0000000087a00000| Untracked 
|  35|0x0000000087b00000, 0x0000000087b00000, 0x0000000087c00000|  0%| F|  |TAMS 0x0000000087b00000, 0x0000000087b00000| Untracked 
|  36|0x0000000087c00000, 0x0000000087c00000, 0x0000000087d00000|  0%| F|  |TAMS 0x0000000087c00000, 0x0000000087c00000| Untracked 
|  37|0x0000000087d00000, 0x0000000087d00000, 0x0000000087e00000|  0%| F|  |TAMS 0x0000000087d00000, 0x0000000087d00000| Untracked 
|  38|0x0000000087e00000, 0x0000000087e00000, 0x0000000087f00000|  0%| F|  |TAMS 0x0000000087e00000, 0x0000000087e00000| Untracked 
|  39|0x0000000087f00000, 0x0000000087f00000, 0x0000000088000000|  0%| F|  |TAMS 0x0000000087f00000, 0x0000000087f00000| Untracked 
|  40|0x0000000088000000, 0x0000000088000000, 0x0000000088100000|  0%| F|  |TAMS 0x0000000088000000, 0x0000000088000000| Untracked 
|  41|0x0000000088100000, 0x0000000088100000, 0x0000000088200000|  0%| F|  |TAMS 0x0000000088100000, 0x0000000088100000| Untracked 
|  42|0x0000000088200000, 0x0000000088200000, 0x0000000088300000|  0%| F|  |TAMS 0x0000000088200000, 0x0000000088200000| Untracked 
|  43|0x0000000088300000, 0x0000000088300000, 0x0000000088400000|  0%| F|  |TAMS 0x0000000088300000, 0x0000000088300000| Untracked 
|  44|0x0000000088400000, 0x0000000088400000, 0x0000000088500000|  0%| F|  |TAMS 0x0000000088400000, 0x0000000088400000| Untracked 
|  45|0x0000000088500000, 0x0000000088500000, 0x0000000088600000|  0%| F|  |TAMS 0x0000000088500000, 0x0000000088500000| Untracked 
|  46|0x0000000088600000, 0x0000000088600000, 0x0000000088700000|  0%| F|  |TAMS 0x0000000088600000, 0x0000000088600000| Untracked 
|  47|0x0000000088700000, 0x00000000887f2b58, 0x0000000088800000| 94%| S|CS|TAMS 0x0000000088700000, 0x0000000088700000| Complete 
|  48|0x0000000088800000, 0x0000000088900000, 0x0000000088900000|100%| S|CS|TAMS 0x0000000088800000, 0x0000000088800000| Complete 
|  49|0x0000000088900000, 0x0000000088a00000, 0x0000000088a00000|100%| S|CS|TAMS 0x0000000088900000, 0x0000000088900000| Complete 
|  50|0x0000000088a00000, 0x0000000088a00000, 0x0000000088b00000|  0%| F|  |TAMS 0x0000000088a00000, 0x0000000088a00000| Untracked 
|  51|0x0000000088b00000, 0x0000000088b00000, 0x0000000088c00000|  0%| F|  |TAMS 0x0000000088b00000, 0x0000000088b00000| Untracked 
|  52|0x0000000088c00000, 0x0000000088c00000, 0x0000000088d00000|  0%| F|  |TAMS 0x0000000088c00000, 0x0000000088c00000| Untracked 
|  53|0x0000000088d00000, 0x0000000088d00000, 0x0000000088e00000|  0%| F|  |TAMS 0x0000000088d00000, 0x0000000088d00000| Untracked 
|  54|0x0000000088e00000, 0x0000000088e00000, 0x0000000088f00000|  0%| F|  |TAMS 0x0000000088e00000, 0x0000000088e00000| Untracked 
|  55|0x0000000088f00000, 0x0000000088f00000, 0x0000000089000000|  0%| F|  |TAMS 0x0000000088f00000, 0x0000000088f00000| Untracked 
|  56|0x0000000089000000, 0x0000000089000000, 0x0000000089100000|  0%| F|  |TAMS 0x0000000089000000, 0x0000000089000000| Untracked 
|  57|0x0000000089100000, 0x0000000089100000, 0x0000000089200000|  0%| F|  |TAMS 0x0000000089100000, 0x0000000089100000| Untracked 
|  58|0x0000000089200000, 0x0000000089200000, 0x0000000089300000|  0%| F|  |TAMS 0x0000000089200000, 0x0000000089200000| Untracked 
|  59|0x0000000089300000, 0x0000000089300000, 0x0000000089400000|  0%| F|  |TAMS 0x0000000089300000, 0x0000000089300000| Untracked 
|  60|0x0000000089400000, 0x0000000089400000, 0x0000000089500000|  0%| F|  |TAMS 0x0000000089400000, 0x0000000089400000| Untracked 
|  61|0x0000000089500000, 0x0000000089500000, 0x0000000089600000|  0%| F|  |TAMS 0x0000000089500000, 0x0000000089500000| Untracked 
|  62|0x0000000089600000, 0x0000000089600000, 0x0000000089700000|  0%| F|  |TAMS 0x0000000089600000, 0x0000000089600000| Untracked 
|  63|0x0000000089700000, 0x0000000089700000, 0x0000000089800000|  0%| F|  |TAMS 0x0000000089700000, 0x0000000089700000| Untracked 
|  64|0x0000000089800000, 0x0000000089800000, 0x0000000089900000|  0%| F|  |TAMS 0x0000000089800000, 0x0000000089800000| Untracked 
|  65|0x0000000089900000, 0x0000000089900000, 0x0000000089a00000|  0%| F|  |TAMS 0x0000000089900000, 0x0000000089900000| Untracked 
|  66|0x0000000089a00000, 0x0000000089a00000, 0x0000000089b00000|  0%| F|  |TAMS 0x0000000089a00000, 0x0000000089a00000| Untracked 
|  67|0x0000000089b00000, 0x0000000089b00000, 0x0000000089c00000|  0%| F|  |TAMS 0x0000000089b00000, 0x0000000089b00000| Untracked 
|  68|0x0000000089c00000, 0x0000000089c00000, 0x0000000089d00000|  0%| F|  |TAMS 0x0000000089c00000, 0x0000000089c00000| Untracked 
|  69|0x0000000089d00000, 0x0000000089d00000, 0x0000000089e00000|  0%| F|  |TAMS 0x0000000089d00000, 0x0000000089d00000| Untracked 
|  70|0x0000000089e00000, 0x0000000089e00000, 0x0000000089f00000|  0%| F|  |TAMS 0x0000000089e00000, 0x0000000089e00000| Untracked 
|  71|0x0000000089f00000, 0x0000000089f00000, 0x000000008a000000|  0%| F|  |TAMS 0x0000000089f00000, 0x0000000089f00000| Untracked 
|  72|0x000000008a000000, 0x000000008a000000, 0x000000008a100000|  0%| F|  |TAMS 0x000000008a000000, 0x000000008a000000| Untracked 
|  73|0x000000008a100000, 0x000000008a100000, 0x000000008a200000|  0%| F|  |TAMS 0x000000008a100000, 0x000000008a100000| Untracked 
|  74|0x000000008a200000, 0x000000008a200000, 0x000000008a300000|  0%| F|  |TAMS 0x000000008a200000, 0x000000008a200000| Untracked 
|  75|0x000000008a300000, 0x000000008a300000, 0x000000008a400000|  0%| F|  |TAMS 0x000000008a300000, 0x000000008a300000| Untracked 
|  76|0x000000008a400000, 0x000000008a400000, 0x000000008a500000|  0%| F|  |TAMS 0x000000008a400000, 0x000000008a400000| Untracked 
|  77|0x000000008a500000, 0x000000008a500000, 0x000000008a600000|  0%| F|  |TAMS 0x000000008a500000, 0x000000008a500000| Untracked 
|  78|0x000000008a600000, 0x000000008a600000, 0x000000008a700000|  0%| F|  |TAMS 0x000000008a600000, 0x000000008a600000| Untracked 
|  79|0x000000008a700000, 0x000000008a700000, 0x000000008a800000|  0%| F|  |TAMS 0x000000008a700000, 0x000000008a700000| Untracked 
|  80|0x000000008a800000, 0x000000008a800000, 0x000000008a900000|  0%| F|  |TAMS 0x000000008a800000, 0x000000008a800000| Untracked 
|  81|0x000000008a900000, 0x000000008a900000, 0x000000008aa00000|  0%| F|  |TAMS 0x000000008a900000, 0x000000008a900000| Untracked 
|  82|0x000000008aa00000, 0x000000008aa00000, 0x000000008ab00000|  0%| F|  |TAMS 0x000000008aa00000, 0x000000008aa00000| Untracked 
|  83|0x000000008ab00000, 0x000000008ab00000, 0x000000008ac00000|  0%| F|  |TAMS 0x000000008ab00000, 0x000000008ab00000| Untracked 
|  84|0x000000008ac00000, 0x000000008ad00000, 0x000000008ad00000|100%| E|  |TAMS 0x000000008ac00000, 0x000000008ac00000| Complete 
|  85|0x000000008ad00000, 0x000000008ae00000, 0x000000008ae00000|100%| E|CS|TAMS 0x000000008ad00000, 0x000000008ad00000| Complete 
|  86|0x000000008ae00000, 0x000000008af00000, 0x000000008af00000|100%| E|CS|TAMS 0x000000008ae00000, 0x000000008ae00000| Complete 
|  87|0x000000008af00000, 0x000000008b000000, 0x000000008b000000|100%| E|CS|TAMS 0x000000008af00000, 0x000000008af00000| Complete 
|  88|0x000000008b000000, 0x000000008b100000, 0x000000008b100000|100%| E|CS|TAMS 0x000000008b000000, 0x000000008b000000| Complete 
|  89|0x000000008b100000, 0x000000008b200000, 0x000000008b200000|100%| E|CS|TAMS 0x000000008b100000, 0x000000008b100000| Complete 
|  90|0x000000008b200000, 0x000000008b300000, 0x000000008b300000|100%| E|CS|TAMS 0x000000008b200000, 0x000000008b200000| Complete 
|  91|0x000000008b300000, 0x000000008b400000, 0x000000008b400000|100%| E|CS|TAMS 0x000000008b300000, 0x000000008b300000| Complete 
|  92|0x000000008b400000, 0x000000008b500000, 0x000000008b500000|100%| E|  |TAMS 0x000000008b400000, 0x000000008b400000| Complete 
|  93|0x000000008b500000, 0x000000008b600000, 0x000000008b600000|100%| E|CS|TAMS 0x000000008b500000, 0x000000008b500000| Complete 
|  94|0x000000008b600000, 0x000000008b700000, 0x000000008b700000|100%| E|CS|TAMS 0x000000008b600000, 0x000000008b600000| Complete 
|  95|0x000000008b700000, 0x000000008b800000, 0x000000008b800000|100%| E|CS|TAMS 0x000000008b700000, 0x000000008b700000| Complete 
|  96|0x000000008b800000, 0x000000008b900000, 0x000000008b900000|100%| E|CS|TAMS 0x000000008b800000, 0x000000008b800000| Complete 
|  97|0x000000008b900000, 0x000000008ba00000, 0x000000008ba00000|100%| E|CS|TAMS 0x000000008b900000, 0x000000008b900000| Complete 
|  98|0x000000008ba00000, 0x000000008bb00000, 0x000000008bb00000|100%| E|CS|TAMS 0x000000008ba00000, 0x000000008ba00000| Complete 
|  99|0x000000008bb00000, 0x000000008bc00000, 0x000000008bc00000|100%| E|CS|TAMS 0x000000008bb00000, 0x000000008bb00000| Complete 
| 100|0x000000008bc00000, 0x000000008bd00000, 0x000000008bd00000|100%| E|CS|TAMS 0x000000008bc00000, 0x000000008bc00000| Complete 
| 101|0x000000008bd00000, 0x000000008be00000, 0x000000008be00000|100%| E|CS|TAMS 0x000000008bd00000, 0x000000008bd00000| Complete 
| 102|0x000000008be00000, 0x000000008bf00000, 0x000000008bf00000|100%| E|CS|TAMS 0x000000008be00000, 0x000000008be00000| Complete 
| 103|0x000000008bf00000, 0x000000008c000000, 0x000000008c000000|100%| E|CS|TAMS 0x000000008bf00000, 0x000000008bf00000| Complete 
| 104|0x000000008c000000, 0x000000008c100000, 0x000000008c100000|100%| E|CS|TAMS 0x000000008c000000, 0x000000008c000000| Complete 
| 105|0x000000008c100000, 0x000000008c200000, 0x000000008c200000|100%| E|CS|TAMS 0x000000008c100000, 0x000000008c100000| Complete 
| 106|0x000000008c200000, 0x000000008c300000, 0x000000008c300000|100%| E|CS|TAMS 0x000000008c200000, 0x000000008c200000| Complete 
| 107|0x000000008c300000, 0x000000008c400000, 0x000000008c400000|100%| E|CS|TAMS 0x000000008c300000, 0x000000008c300000| Complete 
| 108|0x000000008c400000, 0x000000008c500000, 0x000000008c500000|100%| E|CS|TAMS 0x000000008c400000, 0x000000008c400000| Complete 
| 109|0x000000008c500000, 0x000000008c600000, 0x000000008c600000|100%| E|CS|TAMS 0x000000008c500000, 0x000000008c500000| Complete 
| 110|0x000000008c600000, 0x000000008c700000, 0x000000008c700000|100%| E|CS|TAMS 0x000000008c600000, 0x000000008c600000| Complete 
| 111|0x000000008c700000, 0x000000008c800000, 0x000000008c800000|100%| E|CS|TAMS 0x000000008c700000, 0x000000008c700000| Complete 
| 112|0x000000008c800000, 0x000000008c900000, 0x000000008c900000|100%| E|CS|TAMS 0x000000008c800000, 0x000000008c800000| Complete 
| 113|0x000000008c900000, 0x000000008ca00000, 0x000000008ca00000|100%| E|CS|TAMS 0x000000008c900000, 0x000000008c900000| Complete 
| 114|0x000000008ca00000, 0x000000008cb00000, 0x000000008cb00000|100%| E|CS|TAMS 0x000000008ca00000, 0x000000008ca00000| Complete 
| 115|0x000000008cb00000, 0x000000008cc00000, 0x000000008cc00000|100%| E|CS|TAMS 0x000000008cb00000, 0x000000008cb00000| Complete 
| 116|0x000000008cc00000, 0x000000008cd00000, 0x000000008cd00000|100%| E|CS|TAMS 0x000000008cc00000, 0x000000008cc00000| Complete 
| 117|0x000000008cd00000, 0x000000008ce00000, 0x000000008ce00000|100%| E|CS|TAMS 0x000000008cd00000, 0x000000008cd00000| Complete 
| 118|0x000000008ce00000, 0x000000008cf00000, 0x000000008cf00000|100%| E|CS|TAMS 0x000000008ce00000, 0x000000008ce00000| Complete 
| 119|0x000000008cf00000, 0x000000008d000000, 0x000000008d000000|100%| E|CS|TAMS 0x000000008cf00000, 0x000000008cf00000| Complete 
| 120|0x000000008d000000, 0x000000008d100000, 0x000000008d100000|100%| E|CS|TAMS 0x000000008d000000, 0x000000008d000000| Complete 
| 121|0x000000008d100000, 0x000000008d200000, 0x000000008d200000|100%| E|CS|TAMS 0x000000008d100000, 0x000000008d100000| Complete 
| 122|0x000000008d200000, 0x000000008d300000, 0x000000008d300000|100%| E|CS|TAMS 0x000000008d200000, 0x000000008d200000| Complete 
| 123|0x000000008d300000, 0x000000008d400000, 0x000000008d400000|100%| E|CS|TAMS 0x000000008d300000, 0x000000008d300000| Complete 

Card table byte_map: [0x0000020f296d0000,0x0000020f29ab0000] _byte_map_base: 0x0000020f292a4000

Marking Bits (Prev, Next): (CMBitMap*) 0x0000020f12529e30, (CMBitMap*) 0x0000020f12529e70
 Prev Bits: [0x0000020f29e90000, 0x0000020f2bd30000)
 Next Bits: [0x0000020f2bd30000, 0x0000020f2dbd0000)

Polling page: 0x0000020f10400000

Metaspace:

Usage:
  Non-class:     12.08 MB used.
      Class:    935.02 KB used.
       Both:     13.00 MB used.

Virtual space:
  Non-class space:       16.00 MB reserved,      12.19 MB ( 76%) committed,  2 nodes.
      Class space:        1.00 GB reserved,       1.00 MB ( <1%) committed,  1 nodes.
             Both:        1.02 GB reserved,      13.19 MB (  1%) committed. 

Chunk freelists:
   Non-Class:  3.33 MB
       Class:  2.90 MB
        Both:  6.22 MB

MaxMetaspaceSize: unlimited
CompressedClassSpaceSize: 1.00 GB
Initial GC threshold: 21.00 MB
Current GC threshold: 21.00 MB
CDS: on
MetaspaceReclaimPolicy: balanced
 - commit_granule_bytes: 65536.
 - commit_granule_words: 8192.
 - virtual_space_node_default_size: 1048576.
 - enlarge_chunks_in_place: 1.
 - new_chunks_are_fully_committed: 0.
 - uncommit_free_chunks: 1.
 - use_allocation_guard: 0.
 - handle_deallocations: 1.


Internal statistics:

num_allocs_failed_limit: 0.
num_arena_births: 130.
num_arena_deaths: 0.
num_vsnodes_births: 3.
num_vsnodes_deaths: 0.
num_space_committed: 207.
num_space_uncommitted: 0.
num_chunks_returned_to_freelist: 0.
num_chunks_taken_from_freelist: 437.
num_chunk_merges: 0.
num_chunk_splits: 326.
num_chunks_enlarged: 255.
num_purges: 0.
num_inconsistent_stats: 0.

CodeHeap 'non-profiled nmethods': size=120000Kb used=855Kb max_used=855Kb free=119144Kb
 bounds [0x0000020f21a80000, 0x0000020f21cf0000, 0x0000020f28fb0000]
CodeHeap 'profiled nmethods': size=120000Kb used=3648Kb max_used=3648Kb free=116351Kb
 bounds [0x0000020f1a550000, 0x0000020f1a8f0000, 0x0000020f21a80000]
CodeHeap 'non-nmethods': size=5760Kb used=1609Kb max_used=1644Kb free=4151Kb
 bounds [0x0000020f19fb0000, 0x0000020f1a220000, 0x0000020f1a550000]
 total_blobs=2769 nmethods=1838 adapters=844
 compilation: enabled
              stopped_count=0, restarted_count=0
 full_count=0

Compilation events (20 events):
Event: 67.562 Thread 0x0000020f305ee990 1829       4       jdk.internal.reflect.DelegatingMethodAccessorImpl::invoke (10 bytes)
Event: 67.562 Thread 0x0000020f305ee990 nmethod 1829 0x0000020f21b54590 code [0x0000020f21b54700, 0x0000020f21b547b8]
Event: 67.708 Thread 0x0000020f305ee990 1830       4       java.util.concurrent.ConcurrentLinkedQueue$Itr::next (96 bytes)
Event: 67.711 Thread 0x0000020f305ee990 nmethod 1830 0x0000020f21b54890 code [0x0000020f21b54a00, 0x0000020f21b54d98]
Event: 67.910 Thread 0x0000020f305f76b0 1831       3       peasy.PeasyCam$6::behave (30 bytes)
Event: 67.911 Thread 0x0000020f305f76b0 nmethod 1831 0x0000020f1a8ddb10 code [0x0000020f1a8ddce0, 0x0000020f1a8ddff8]
Event: 68.125 Thread 0x0000020f305f76b0 1832       3       peasy.PeasyCam$5::behave (30 bytes)
Event: 68.125 Thread 0x0000020f305f76b0 nmethod 1832 0x0000020f1a8de190 code [0x0000020f1a8de360, 0x0000020f1a8de678]
Event: 69.558 Thread 0x0000020f305ee990 1833       4       processing.core.PMatrix3D::preApply (613 bytes)
Event: 69.560 Thread 0x0000020f305ee990 nmethod 1833 0x0000020f21b54e90 code [0x0000020f21b55000, 0x0000020f21b55438]
Event: 71.056 Thread 0x0000020f305f76b0 1834       3       peasy.PeasyCam$7::behave (30 bytes)
Event: 71.057 Thread 0x0000020f305f76b0 nmethod 1834 0x0000020f1a8de810 code [0x0000020f1a8de9e0, 0x0000020f1a8decf8]
Event: 76.119 Thread 0x0000020f305ee990 1835       4       java.util.concurrent.ConcurrentHashMap$Traverser::advance (188 bytes)
Event: 76.122 Thread 0x0000020f305ee990 nmethod 1835 0x0000020f21b55490 code [0x0000020f21b55620, 0x0000020f21b55918]
Event: 79.402 Thread 0x0000020f305ee990 1836       4       java.util.concurrent.ConcurrentHashMap$BaseIterator::hasNext (13 bytes)
Event: 79.402 Thread 0x0000020f305ee990 nmethod 1836 0x0000020f21b55b10 code [0x0000020f21b55c80, 0x0000020f21b55d18]
Event: 81.348 Thread 0x0000020f305f76b0 1837       3       java.lang.ClassLoader::findNative (21 bytes)
Event: 81.348 Thread 0x0000020f305f76b0 nmethod 1837 0x0000020f1a8dee90 code [0x0000020f1a8df060, 0x0000020f1a8df298]
Event: 81.348 Thread 0x0000020f305f76b0 1838       3       jdk.internal.loader.NativeLibraries::find (72 bytes)
Event: 81.348 Thread 0x0000020f305f76b0 nmethod 1838 0x0000020f1a8df410 code [0x0000020f1a8df640, 0x0000020f1a8dfed8]

GC Heap History (20 events):
Event: 14.684 GC heap before
{Heap before GC invocations=26 (full 0):
 garbage-first heap   total 126976K, used 81467K [0x0000000085800000, 0x0000000100000000)
  region size 1024K, 74 young (75776K), 3 survivors (3072K)
 Metaspace       used 12402K, committed 12608K, reserved 1064960K
  class space    used 911K, committed 1024K, reserved 1048576K
}
Event: 14.687 GC heap after
{Heap after GC invocations=27 (full 0):
 garbage-first heap   total 126976K, used 8862K [0x0000000085800000, 0x0000000100000000)
  region size 1024K, 3 young (3072K), 3 survivors (3072K)
 Metaspace       used 12402K, committed 12608K, reserved 1064960K
  class space    used 911K, committed 1024K, reserved 1048576K
}
Event: 15.174 GC heap before
{Heap before GC invocations=27 (full 0):
 garbage-first heap   total 126976K, used 81566K [0x0000000085800000, 0x0000000100000000)
  region size 1024K, 74 young (75776K), 3 survivors (3072K)
 Metaspace       used 12402K, committed 12608K, reserved 1064960K
  class space    used 911K, committed 1024K, reserved 1048576K
}
Event: 15.176 GC heap after
{Heap after GC invocations=28 (full 0):
 garbage-first heap   total 126976K, used 9178K [0x0000000085800000, 0x0000000100000000)
  region size 1024K, 3 young (3072K), 3 survivors (3072K)
 Metaspace       used 12402K, committed 12608K, reserved 1064960K
  class space    used 911K, committed 1024K, reserved 1048576K
}
Event: 15.642 GC heap before
{Heap before GC invocations=28 (full 0):
 garbage-first heap   total 126976K, used 81882K [0x0000000085800000, 0x0000000100000000)
  region size 1024K, 74 young (75776K), 3 survivors (3072K)
 Metaspace       used 12402K, committed 12608K, reserved 1064960K
  class space    used 911K, committed 1024K, reserved 1048576K
}
Event: 15.645 GC heap after
{Heap after GC invocations=29 (full 0):
 garbage-first heap   total 126976K, used 9253K [0x0000000085800000, 0x0000000100000000)
  region size 1024K, 3 young (3072K), 3 survivors (3072K)
 Metaspace       used 12402K, committed 12608K, reserved 1064960K
  class space    used 911K, committed 1024K, reserved 1048576K
}
Event: 16.122 GC heap before
{Heap before GC invocations=29 (full 0):
 garbage-first heap   total 126976K, used 81957K [0x0000000085800000, 0x0000000100000000)
  region size 1024K, 74 young (75776K), 3 survivors (3072K)
 Metaspace       used 12402K, committed 12608K, reserved 1064960K
  class space    used 911K, committed 1024K, reserved 1048576K
}
Event: 16.125 GC heap after
{Heap after GC invocations=30 (full 0):
 garbage-first heap   total 126976K, used 9479K [0x0000000085800000, 0x0000000100000000)
  region size 1024K, 3 young (3072K), 3 survivors (3072K)
 Metaspace       used 12402K, committed 12608K, reserved 1064960K
  class space    used 911K, committed 1024K, reserved 1048576K
}
Event: 16.587 GC heap before
{Heap before GC invocations=30 (full 0):
 garbage-first heap   total 126976K, used 82183K [0x0000000085800000, 0x0000000100000000)
  region size 1024K, 74 young (75776K), 3 survivors (3072K)
 Metaspace       used 12402K, committed 12608K, reserved 1064960K
  class space    used 911K, committed 1024K, reserved 1048576K
}
Event: 16.590 GC heap after
{Heap after GC invocations=31 (full 0):
 garbage-first heap   total 126976K, used 9631K [0x0000000085800000, 0x0000000100000000)
  region size 1024K, 3 young (3072K), 3 survivors (3072K)
 Metaspace       used 12402K, committed 12608K, reserved 1064960K
  class space    used 911K, committed 1024K, reserved 1048576K
}
Event: 17.100 GC heap before
{Heap before GC invocations=31 (full 0):
 garbage-first heap   total 126976K, used 82335K [0x0000000085800000, 0x0000000100000000)
  region size 1024K, 74 young (75776K), 3 survivors (3072K)
 Metaspace       used 12402K, committed 12608K, reserved 1064960K
  class space    used 911K, committed 1024K, reserved 1048576K
}
Event: 17.103 GC heap after
{Heap after GC invocations=32 (full 0):
 garbage-first heap   total 126976K, used 9876K [0x0000000085800000, 0x0000000100000000)
  region size 1024K, 3 young (3072K), 3 survivors (3072K)
 Metaspace       used 12402K, committed 12608K, reserved 1064960K
  class space    used 911K, committed 1024K, reserved 1048576K
}
Event: 17.607 GC heap before
{Heap before GC invocations=32 (full 0):
 garbage-first heap   total 126976K, used 82580K [0x0000000085800000, 0x0000000100000000)
  region size 1024K, 74 young (75776K), 3 survivors (3072K)
 Metaspace       used 12403K, committed 12608K, reserved 1064960K
  class space    used 911K, committed 1024K, reserved 1048576K
}
Event: 17.611 GC heap after
{Heap after GC invocations=33 (full 0):
 garbage-first heap   total 126976K, used 10127K [0x0000000085800000, 0x0000000100000000)
  region size 1024K, 3 young (3072K), 3 survivors (3072K)
 Metaspace       used 12403K, committed 12608K, reserved 1064960K
  class space    used 911K, committed 1024K, reserved 1048576K
}
Event: 18.318 GC heap before
{Heap before GC invocations=33 (full 0):
 garbage-first heap   total 126976K, used 82831K [0x0000000085800000, 0x0000000100000000)
  region size 1024K, 74 young (75776K), 3 survivors (3072K)
 Metaspace       used 12403K, committed 12608K, reserved 1064960K
  class space    used 911K, committed 1024K, reserved 1048576K
}
Event: 18.321 GC heap after
{Heap after GC invocations=34 (full 0):
 garbage-first heap   total 126976K, used 10370K [0x0000000085800000, 0x0000000100000000)
  region size 1024K, 4 young (4096K), 4 survivors (4096K)
 Metaspace       used 12403K, committed 12608K, reserved 1064960K
  class space    used 911K, committed 1024K, reserved 1048576K
}
Event: 18.823 GC heap before
{Heap before GC invocations=34 (full 0):
 garbage-first heap   total 126976K, used 83074K [0x0000000085800000, 0x0000000100000000)
  region size 1024K, 74 young (75776K), 4 survivors (4096K)
 Metaspace       used 12403K, committed 12608K, reserved 1064960K
  class space    used 911K, committed 1024K, reserved 1048576K
}
Event: 18.826 GC heap after
{Heap after GC invocations=35 (full 0):
 garbage-first heap   total 126976K, used 11271K [0x0000000085800000, 0x0000000100000000)
  region size 1024K, 3 young (3072K), 3 survivors (3072K)
 Metaspace       used 12403K, committed 12608K, reserved 1064960K
  class space    used 911K, committed 1024K, reserved 1048576K
}
Event: 19.273 GC heap before
{Heap before GC invocations=35 (full 0):
 garbage-first heap   total 126976K, used 83975K [0x0000000085800000, 0x0000000100000000)
  region size 1024K, 74 young (75776K), 3 survivors (3072K)
 Metaspace       used 12403K, committed 12608K, reserved 1064960K
  class space    used 911K, committed 1024K, reserved 1048576K
}
Event: 19.275 GC heap after
{Heap after GC invocations=36 (full 0):
 garbage-first heap   total 126976K, used 11562K [0x0000000085800000, 0x0000000100000000)
  region size 1024K, 3 young (3072K), 3 survivors (3072K)
 Metaspace       used 12403K, committed 12608K, reserved 1064960K
  class space    used 911K, committed 1024K, reserved 1048576K
}

Dll operation events (15 events):
Event: 0.027 Loaded shared library D:\GIT_HUB\WEB-DEVELOPMENT\processing_related\processing-4.1.1\java\bin\java.dll
Event: 0.035 Loaded shared library D:\GIT_HUB\WEB-DEVELOPMENT\processing_related\processing-4.1.1\java\bin\jsvml.dll
Event: 0.293 Loaded shared library D:\GIT_HUB\WEB-DEVELOPMENT\processing_related\processing-4.1.1\java\bin\net.dll
Event: 0.295 Loaded shared library D:\GIT_HUB\WEB-DEVELOPMENT\processing_related\processing-4.1.1\java\bin\nio.dll
Event: 0.305 Loaded shared library D:\GIT_HUB\WEB-DEVELOPMENT\processing_related\processing-4.1.1\java\bin\zip.dll
Event: 0.378 Loaded shared library D:\GIT_HUB\WEB-DEVELOPMENT\processing_related\processing-4.1.1\java\bin\jimage.dll
Event: 0.382 Loaded shared library D:\GIT_HUB\WEB-DEVELOPMENT\processing_related\processing-4.1.1\java\bin\awt.dll
Event: 0.883 Loaded shared library C:\Users\HP PC\AppData\Local\Temp\jogamp_0000\file_cache\jln4896828941759594800\jln7654722065091270840\natives\windows-amd64\gluegen_rt.dll
Event: 0.894 Loaded shared library D:\GIT_HUB\WEB-DEVELOPMENT\processing_related\processing-4.1.1\java\bin\jawt.dll
Event: 0.933 Loaded shared library C:\Users\HP PC\AppData\Local\Temp\jogamp_0000\file_cache\jln4896828941759594800\jln7654722065091270840\natives\windows-amd64\nativewindow_awt.dll
Event: 1.008 Loaded shared library C:\Users\HP PC\AppData\Local\Temp\jogamp_0000\file_cache\jln4896828941759594800\jln7654722065091270840\natives\windows-amd64\nativewindow_win32.dll
Event: 1.165 Loaded shared library C:\Users\HP PC\AppData\Local\Temp\jogamp_0000\file_cache\jln4896828941759594800\jln7654722065091270840\natives\windows-amd64\jogl_desktop.dll
Event: 1.243 Loaded shared library C:\Users\HP PC\AppData\Local\Temp\jogamp_0000\file_cache\jln4896828941759594800\jln7654722065091270840\natives\windows-amd64\jogl_mobile.dll
Event: 2.089 Loaded shared library C:\Users\HP PC\AppData\Local\Temp\jogamp_0000\file_cache\jln4896828941759594800\jln7654722065091270840\natives\windows-amd64\newt_head.dll
Event: 2.274 Loaded shared library D:\GIT_HUB\WEB-DEVELOPMENT\processing_related\processing-4.1.1\java\bin\verify.dll

Deoptimization events (20 events):
Event: 81.178 Thread 0x0000020f33dfe4a0 DEOPT PACKING pc=0x0000020f1a85f5d9 sp=0x00000033654fedd0
Event: 81.178 Thread 0x0000020f33dfe4a0 DEOPT UNPACKING pc=0x0000020f1a0066e3 sp=0x00000033654fe2c0 mode 1
Event: 81.178 Thread 0x0000020f33dfe4a0 DEOPT PACKING pc=0x0000020f1a82ac74 sp=0x00000033654fee60
Event: 81.178 Thread 0x0000020f33dfe4a0 DEOPT UNPACKING pc=0x0000020f1a0066e3 sp=0x00000033654fe308 mode 1
Event: 81.248 Thread 0x0000020f33dfe4a0 DEOPT PACKING pc=0x0000020f1a85f5d9 sp=0x00000033654fed40
Event: 81.248 Thread 0x0000020f33dfe4a0 DEOPT UNPACKING pc=0x0000020f1a0066e3 sp=0x00000033654fe230 mode 1
Event: 81.248 Thread 0x0000020f33dfe4a0 DEOPT PACKING pc=0x0000020f1a82ac74 sp=0x00000033654fedd0
Event: 81.248 Thread 0x0000020f33dfe4a0 DEOPT UNPACKING pc=0x0000020f1a0066e3 sp=0x00000033654fe278 mode 1
Event: 81.248 Thread 0x0000020f33dfe4a0 DEOPT PACKING pc=0x0000020f1a85f5d9 sp=0x00000033654fedd0
Event: 81.248 Thread 0x0000020f33dfe4a0 DEOPT UNPACKING pc=0x0000020f1a0066e3 sp=0x00000033654fe2c0 mode 1
Event: 81.248 Thread 0x0000020f33dfe4a0 DEOPT PACKING pc=0x0000020f1a82ac74 sp=0x00000033654fee60
Event: 81.248 Thread 0x0000020f33dfe4a0 DEOPT UNPACKING pc=0x0000020f1a0066e3 sp=0x00000033654fe308 mode 1
Event: 81.340 Thread 0x0000020f31c81ef0 Uncommon trap: trap_request=0xffffff45 fr.pc=0x0000020f21b03368 relative=0x00000000000001e8
Event: 81.340 Thread 0x0000020f31c81ef0 Uncommon trap: reason=unstable_if action=reinterpret pc=0x0000020f21b03368 method=java.util.HashMap$HashIterator.<init>(Ljava/util/HashMap;)V @ 38 c2
Event: 81.340 Thread 0x0000020f31c81ef0 DEOPT PACKING pc=0x0000020f21b03368 sp=0x00000033647ff320
Event: 81.340 Thread 0x0000020f31c81ef0 DEOPT UNPACKING pc=0x0000020f1a005ba3 sp=0x00000033647ff2d8 mode 2
Event: 81.379 Thread 0x0000020f33e044b0 Uncommon trap: trap_request=0xffffff45 fr.pc=0x0000020f21b542ac relative=0x000000000000010c
Event: 81.379 Thread 0x0000020f33e044b0 Uncommon trap: reason=unstable_if action=reinterpret pc=0x0000020f21b542ac method=java.lang.reflect.AccessibleObject.verifyAccess(Ljava/lang/Class;Ljava/lang/Class;Ljava/lang/Class;I)Z @ 8 c2
Event: 81.379 Thread 0x0000020f33e044b0 DEOPT PACKING pc=0x0000020f21b542ac sp=0x0000003362bff040
Event: 81.379 Thread 0x0000020f33e044b0 DEOPT UNPACKING pc=0x0000020f1a005ba3 sp=0x0000003362bfef80 mode 2

Classes unloaded (0 events):
No events

Classes redefined (0 events):
No events

Internal exceptions (20 events):
Event: 0.397 Thread 0x0000020f124d1fc0 Exception <a 'java/io/FileNotFoundException'{0x000000008cf497a0}> (0x000000008cf497a0) 
thrown [s\src\hotspot\share\prims\jni.cpp, line 516]
Event: 0.406 Thread 0x0000020f124d1fc0 Exception <a 'java/io/FileNotFoundException'{0x000000008cf769c8}> (0x000000008cf769c8) 
thrown [s\src\hotspot\share\prims\jni.cpp, line 516]
Event: 0.458 Thread 0x0000020f124d1fc0 Exception <a 'java/lang/NoSuchMethodError'{0x000000008ce055f0}: 'java.lang.Object java.lang.invoke.DirectMethodHandle$Holder.invokeStaticInit(java.lang.Object)'> (0x000000008ce055f0) 
thrown [s\src\hotspot\share\interpreter\linkResolver.cpp, line 759]
Event: 0.669 Thread 0x0000020f124d1fc0 Exception <a 'java/lang/NoSuchMethodError'{0x000000008ca1e208}: 'java.lang.Object java.lang.invoke.DirectMethodHandle$Holder.invokeStaticInit(java.lang.Object, int, int, int, int)'> (0x000000008ca1e208) 
thrown [s\src\hotspot\share\interpreter\linkResolver.cpp, line 759]
Event: 0.714 Thread 0x0000020f124d1fc0 Exception <a 'java/lang/NoSuchMethodError'{0x000000008ca54190}: 'java.lang.Object java.lang.invoke.DirectMethodHandle$Holder.invokeStaticInit(java.lang.Object, java.lang.Object, int, int, int, int)'> (0x000000008ca54190) 
thrown [s\src\hotspot\share\interpreter\linkResolver.cpp, line 759]
Event: 0.737 Thread 0x0000020f124d1fc0 Exception <a 'java/lang/NoSuchMethodError'{0x000000008ca5fad0}: 'void java.lang.invoke.DirectMethodHandle$Holder.invokeStatic(java.lang.Object, long)'> (0x000000008ca5fad0) 
thrown [s\src\hotspot\share\interpreter\linkResolver.cpp, line 759]
Event: 0.739 Thread 0x0000020f124d1fc0 Exception <a 'java/lang/NoSuchMethodError'{0x000000008ca650b0}: 'java.lang.Object java.lang.invoke.DirectMethodHandle$Holder.newInvokeSpecial(java.lang.Object, long)'> (0x000000008ca650b0) 
thrown [s\src\hotspot\share\interpreter\linkResolver.cpp, line 759]
Event: 0.741 Thread 0x0000020f124d1fc0 Exception <a 'java/lang/NoSuchMethodError'{0x000000008ca6c308}: 'java.lang.Object java.lang.invoke.DirectMethodHandle$Holder.invokeStatic(java.lang.Object, java.lang.Object, long, java.lang.Object)'> (0x000000008ca6c308) 
thrown [s\src\hotspot\share\interpreter\linkResolver.cpp, line 759]
Event: 0.742 Thread 0x0000020f124d1fc0 Exception <a 'java/lang/NoSuchMethodError'{0x000000008ca6fda0}: 'java.lang.Object java.lang.invoke.DirectMethodHandle$Holder.invokeStaticInit(java.lang.Object, java.lang.Object, long, java.lang.Object)'> (0x000000008ca6fda0) 
thrown [s\src\hotspot\share\interpreter\linkResolver.cpp, line 759]
Event: 0.743 Thread 0x0000020f124d1fc0 Exception <a 'java/lang/NoSuchMethodError'{0x000000008ca765b8}: 'java.lang.Object java.lang.invoke.DirectMethodHandle$Holder.newInvokeSpecial(java.lang.Object, java.lang.Object, long)'> (0x000000008ca765b8) 
thrown [s\src\hotspot\share\interpreter\linkResolver.cpp, line 759]
Event: 0.744 Thread 0x0000020f124d1fc0 Exception <a 'java/lang/NoSuchMethodError'{0x000000008ca7a128}: 'java.lang.Object java.lang.invoke.Invokers$Holder.linkToTargetMethod(java.lang.Object, long, java.lang.Object)'> (0x000000008ca7a128) 
thrown [s\src\hotspot\share\interpreter\linkResolver.cpp, line 759]
Event: 0.954 Thread 0x0000020f124d1fc0 Exception <a 'java/lang/NoSuchMethodError'{0x000000008c985ba8}: 'java.lang.Object java.lang.invoke.DirectMethodHandle$Holder.invokeInterface(java.lang.Object, java.lang.Object)'> (0x000000008c985ba8) 
thrown [s\src\hotspot\share\interpreter\linkResolver.cpp, line 759]
Event: 0.955 Thread 0x0000020f124d1fc0 Exception <a 'java/lang/IncompatibleClassChangeError'{0x000000008c9893a0}: Found class java.lang.Object, but interface was expected> (0x000000008c9893a0) 
thrown [s\src\hotspot\share\interpreter\linkResolver.cpp, line 826]
Event: 2.189 Thread 0x0000020f124d1fc0 Exception <a 'java/lang/NoSuchMethodError'{0x000000008c83e308}: 'void java.lang.invoke.DirectMethodHandle$Holder.invokeSpecial(java.lang.Object, java.lang.Object, java.lang.Object, java.lang.Object, java.lang.Object)'> (0x000000008c83e308) 
thrown [s\src\hotspot\share\interpreter\linkResolver.cpp, line 759]
Event: 2.190 Thread 0x0000020f124d1fc0 Exception <a 'java/lang/NoSuchMethodError'{0x000000008c8472c8}: 'void java.lang.invoke.DirectMethodHandle$Holder.invokeSpecial(java.lang.Object, java.lang.Object, java.lang.Object)'> (0x000000008c8472c8) 
thrown [s\src\hotspot\share\interpreter\linkResolver.cpp, line 759]
Event: 2.191 Thread 0x0000020f124d1fc0 Exception <a 'java/lang/NoSuchMethodError'{0x000000008c850418}: 'void java.lang.invoke.DirectMethodHandle$Holder.invokeSpecial(java.lang.Object, java.lang.Object, int)'> (0x000000008c850418) 
thrown [s\src\hotspot\share\interpreter\linkResolver.cpp, line 759]
Event: 2.192 Thread 0x0000020f124d1fc0 Exception <a 'java/lang/NoSuchMethodError'{0x000000008c856430}: 'java.lang.Object java.lang.invoke.DirectMethodHandle$Holder.newInvokeSpecial(java.lang.Object, java.lang.Object, int)'> (0x000000008c856430) 
thrown [s\src\hotspot\share\interpreter\linkResolver.cpp, line 759]
Event: 2.266 Thread 0x0000020f33dfe4a0 Exception <a 'java/lang/NoSuchMethodError'{0x000000008c8a2fc0}: 'void java.lang.invoke.DirectMethodHandle$Holder.invokeSpecial(java.lang.Object, java.lang.Object, int, int)'> (0x000000008c8a2fc0) 
thrown [s\src\hotspot\share\interpreter\linkResolver.cpp, line 759]
Event: 2.268 Thread 0x0000020f33dfe4a0 Exception <a 'java/lang/NoSuchMethodError'{0x000000008c8a94e0}: 'java.lang.Object java.lang.invoke.DirectMethodHandle$Holder.newInvokeSpecial(java.lang.Object, java.lang.Object, int, int)'> (0x000000008c8a94e0) 
thrown [s\src\hotspot\share\interpreter\linkResolver.cpp, line 759]
Event: 81.318 Thread 0x0000020f33ea00f0 Exception <a 'java/lang/InterruptedException'{0x000000008ad0cfc0}> (0x000000008ad0cfc0) 
thrown [s\src\hotspot\share\runtime\objectMonitor.cpp, line 1648]

VM Operations (20 events):
Event: 42.288 Executing VM operation: Cleanup done
Event: 44.288 Executing VM operation: Cleanup
Event: 44.288 Executing VM operation: Cleanup done
Event: 45.289 Executing VM operation: Cleanup
Event: 45.289 Executing VM operation: Cleanup done
Event: 47.290 Executing VM operation: Cleanup
Event: 47.290 Executing VM operation: Cleanup done
Event: 54.295 Executing VM operation: Cleanup
Event: 54.295 Executing VM operation: Cleanup done
Event: 56.296 Executing VM operation: Cleanup
Event: 56.296 Executing VM operation: Cleanup done
Event: 65.299 Executing VM operation: Cleanup
Event: 65.300 Executing VM operation: Cleanup done
Event: 68.300 Executing VM operation: Cleanup
Event: 68.300 Executing VM operation: Cleanup done
Event: 79.304 Executing VM operation: Cleanup
Event: 79.305 Executing VM operation: Cleanup done
Event: 80.305 Executing VM operation: Cleanup
Event: 80.305 Executing VM operation: Cleanup done
Event: 81.421 Executing VM operation: Exit

Events (20 events):
Event: 20.109 loading class jdk/internal/reflect/Label$PatchInfo done
Event: 20.110 loading class jdk/internal/reflect/MethodAccessorGenerator$1
Event: 20.110 loading class jdk/internal/reflect/MethodAccessorGenerator$1 done
Event: 20.110 loading class jdk/internal/reflect/ClassDefiner
Event: 20.110 loading class jdk/internal/reflect/ClassDefiner done
Event: 20.110 loading class jdk/internal/reflect/ClassDefiner$1
Event: 20.110 loading class jdk/internal/reflect/ClassDefiner$1 done
Event: 81.318 Thread 0x0000020f33e06b30 Thread added: 0x0000020f33e06b30
Event: 81.318 Thread 0x0000020f33ea00f0 Thread exited: 0x0000020f33ea00f0
Event: 81.318 Thread 0x0000020f33e044b0 Thread added: 0x0000020f33e044b0
Event: 81.318 Thread 0x0000020f33e07000 Thread added: 0x0000020f33e07000
Event: 81.319 Thread 0x0000020f33e04980 Thread added: 0x0000020f33e04980
Event: 81.319 loading class java/nio/channels/ClosedChannelException
Event: 81.319 loading class java/nio/channels/ClosedChannelException done
Event: 81.319 Thread 0x0000020f33e07000 Thread exited: 0x0000020f33e07000
Event: 81.319 Thread 0x0000020f31564590 Thread exited: 0x0000020f31564590
Event: 81.320 Thread 0x0000020f33e02b40 Thread exited: 0x0000020f33e02b40
Event: 81.348 Thread 0x0000020f31c81ef0 Thread exited: 0x0000020f31c81ef0
Event: 81.379 Thread 0x0000020f33e044b0 Thread exited: 0x0000020f33e044b0
Event: 81.419 Thread 0x0000020f33e06b30 Thread exited: 0x0000020f33e06b30


Dynamic libraries:
0x00007ff67a7c0000 - 0x00007ff67a7ce000 	D:\GIT_HUB\WEB-DEVELOPMENT\processing_related\processing-4.1.1\java\bin\java.exe
0x00007fff7f670000 - 0x00007fff7f884000 	C:\WINDOWS\SYSTEM32\ntdll.dll
0x00007fff7eea0000 - 0x00007fff7ef63000 	C:\WINDOWS\System32\KERNEL32.DLL
0x00007fff7cdd0000 - 0x00007fff7d16d000 	C:\WINDOWS\System32\KERNELBASE.dll
0x00007fff7d170000 - 0x00007fff7d281000 	C:\WINDOWS\System32\ucrtbase.dll
0x00007fff61df0000 - 0x00007fff61e07000 	D:\GIT_HUB\WEB-DEVELOPMENT\processing_related\processing-4.1.1\java\bin\jli.dll
0x00007fff77cd0000 - 0x00007fff77ce9000 	D:\GIT_HUB\WEB-DEVELOPMENT\processing_related\processing-4.1.1\java\bin\VCRUNTIME140.dll
0x00007fff7efe0000 - 0x00007fff7f18d000 	C:\WINDOWS\System32\USER32.dll
0x00007fff5dd90000 - 0x00007fff5e01e000 	C:\WINDOWS\WinSxS\amd64_microsoft.windows.common-controls_6595b64144ccf1df_6.0.22621.608_none_a9444ca7c10bb01d\COMCTL32.dll
0x00007fff7cb10000 - 0x00007fff7cb36000 	C:\WINDOWS\System32\win32u.dll
0x00007fff7d720000 - 0x00007fff7d7c7000 	C:\WINDOWS\System32\msvcrt.dll
0x00007fff7e290000 - 0x00007fff7e2b9000 	C:\WINDOWS\System32\GDI32.dll
0x00007fff7ccb0000 - 0x00007fff7cdc2000 	C:\WINDOWS\System32\gdi32full.dll
0x00007fff7d350000 - 0x00007fff7d3ea000 	C:\WINDOWS\System32\msvcp_win.dll
0x00007fff7d8d0000 - 0x00007fff7d902000 	C:\WINDOWS\System32\IMM32.DLL
0x00007fff77c50000 - 0x00007fff77c5c000 	D:\GIT_HUB\WEB-DEVELOPMENT\processing_related\processing-4.1.1\java\bin\vcruntime140_1.dll
0x00007fff390f0000 - 0x00007fff39181000 	D:\GIT_HUB\WEB-DEVELOPMENT\processing_related\processing-4.1.1\java\bin\msvcp140.dll
0x00007fff2f270000 - 0x00007fff2feb4000 	D:\GIT_HUB\WEB-DEVELOPMENT\processing_related\processing-4.1.1\java\bin\server\jvm.dll
0x00007fff7f2b0000 - 0x00007fff7f35e000 	C:\WINDOWS\System32\ADVAPI32.dll
0x00007fff7e3a0000 - 0x00007fff7e444000 	C:\WINDOWS\System32\sechost.dll
0x00007fff7f190000 - 0x00007fff7f2a5000 	C:\WINDOWS\System32\RPCRT4.dll
0x00007fff755d0000 - 0x00007fff755d9000 	C:\WINDOWS\SYSTEM32\WSOCK32.dll
0x00007fff73c80000 - 0x00007fff73c8a000 	C:\WINDOWS\SYSTEM32\VERSION.dll
0x00007fff74020000 - 0x00007fff74054000 	C:\WINDOWS\SYSTEM32\WINMM.dll
0x00007fff7e450000 - 0x00007fff7e4c1000 	C:\WINDOWS\System32\WS2_32.dll
0x00007fff7bab0000 - 0x00007fff7bac8000 	C:\WINDOWS\SYSTEM32\kernel.appcore.dll
0x00007fff73a60000 - 0x00007fff73a6a000 	D:\GIT_HUB\WEB-DEVELOPMENT\processing_related\processing-4.1.1\java\bin\jimage.dll
0x00007fff7a370000 - 0x00007fff7a59e000 	C:\WINDOWS\SYSTEM32\DBGHELP.DLL
0x00007fff7dda0000 - 0x00007fff7e12a000 	C:\WINDOWS\System32\combase.dll
0x00007fff7e2c0000 - 0x00007fff7e397000 	C:\WINDOWS\System32\OLEAUT32.dll
0x00007fff59210000 - 0x00007fff59242000 	C:\WINDOWS\SYSTEM32\dbgcore.DLL
0x00007fff7ca90000 - 0x00007fff7cb0b000 	C:\WINDOWS\System32\bcryptPrimitives.dll
0x00007fff3b630000 - 0x00007fff3b66b000 	D:\GIT_HUB\WEB-DEVELOPMENT\processing_related\processing-4.1.1\java\bin\jdwp.dll
0x00007fff5eca0000 - 0x00007fff5ecc5000 	D:\GIT_HUB\WEB-DEVELOPMENT\processing_related\processing-4.1.1\java\bin\java.dll
0x00007fff38c70000 - 0x00007fff38d46000 	D:\GIT_HUB\WEB-DEVELOPMENT\processing_related\processing-4.1.1\java\bin\jsvml.dll
0x00007fff7e6b0000 - 0x00007fff7ee9f000 	C:\WINDOWS\System32\SHELL32.dll
0x00007fff7aa60000 - 0x00007fff7b328000 	C:\WINDOWS\SYSTEM32\windows.storage.dll
0x00007fff7a920000 - 0x00007fff7aa5e000 	C:\WINDOWS\SYSTEM32\wintypes.dll
0x00007fff7f360000 - 0x00007fff7f451000 	C:\WINDOWS\System32\SHCORE.dll
0x00007fff7f5d0000 - 0x00007fff7f62e000 	C:\WINDOWS\System32\shlwapi.dll
0x00007fff7c9c0000 - 0x00007fff7c9e1000 	C:\WINDOWS\SYSTEM32\profapi.dll
0x00007fff5fea0000 - 0x00007fff5feac000 	D:\GIT_HUB\WEB-DEVELOPMENT\processing_related\processing-4.1.1\java\bin\dt_socket.dll
0x00007fff7b580000 - 0x00007fff7b5ad000 	C:\WINDOWS\SYSTEM32\IPHLPAPI.DLL
0x00007fff7bfc0000 - 0x00007fff7c029000 	C:\WINDOWS\system32\mswsock.dll
0x00007fff5e8f0000 - 0x00007fff5e909000 	D:\GIT_HUB\WEB-DEVELOPMENT\processing_related\processing-4.1.1\java\bin\net.dll
0x00007fff77090000 - 0x00007fff771bf000 	C:\WINDOWS\SYSTEM32\WINHTTP.dll
0x00007fff5e8d0000 - 0x00007fff5e8e5000 	D:\GIT_HUB\WEB-DEVELOPMENT\processing_related\processing-4.1.1\java\bin\nio.dll
0x00007fff5a240000 - 0x00007fff5a258000 	D:\GIT_HUB\WEB-DEVELOPMENT\processing_related\processing-4.1.1\java\bin\zip.dll
0x00007fff32480000 - 0x00007fff3260e000 	D:\GIT_HUB\WEB-DEVELOPMENT\processing_related\processing-4.1.1\java\bin\awt.dll
0x00007fff79a10000 - 0x00007fff79aa7000 	C:\WINDOWS\SYSTEM32\apphelp.dll
0x00007fff79b90000 - 0x00007fff79c3b000 	C:\WINDOWS\system32\uxtheme.dll
0x00007fff7d460000 - 0x00007fff7d57e000 	C:\WINDOWS\System32\MSCTF.dll
0x00007fff7d580000 - 0x00007fff7d71c000 	C:\WINDOWS\System32\ole32.dll
0x00007fff79e20000 - 0x00007fff79e4b000 	C:\WINDOWS\system32\DWMAPI.DLL
0x00007fff5adc0000 - 0x00007fff5aec0000 	C:\WINDOWS\system32\opengl32.dll
0x00007fff60d20000 - 0x00007fff60d4d000 	C:\WINDOWS\SYSTEM32\GLU32.dll
0x00007fff79ca0000 - 0x00007fff79cd6000 	C:\WINDOWS\SYSTEM32\dxcore.dll
0x00007fff7c290000 - 0x00007fff7c2ab000 	C:\WINDOWS\SYSTEM32\CRYPTSP.dll
0x00007fff7ba20000 - 0x00007fff7ba55000 	C:\WINDOWS\system32\rsaenh.dll
0x00007fff7c0e0000 - 0x00007fff7c108000 	C:\WINDOWS\SYSTEM32\USERENV.dll
0x00007fff7c450000 - 0x00007fff7c478000 	C:\WINDOWS\SYSTEM32\bcrypt.dll
0x00007fff7c2b0000 - 0x00007fff7c2bc000 	C:\WINDOWS\SYSTEM32\CRYPTBASE.dll
0x00007fff7e4e0000 - 0x00007fff7e4e9000 	C:\WINDOWS\System32\NSI.dll
0x00007fff74270000 - 0x00007fff74289000 	C:\WINDOWS\SYSTEM32\dhcpcsvc6.DLL
0x00007fff74250000 - 0x00007fff7426f000 	C:\WINDOWS\SYSTEM32\dhcpcsvc.DLL
0x00007fff7b5b0000 - 0x00007fff7b6a2000 	C:\WINDOWS\SYSTEM32\DNSAPI.dll
0x000000006e8c0000 - 0x000000006e8cd000 	C:\Users\HP PC\AppData\Local\Temp\jogamp_0000\file_cache\jln4896828941759594800\jln7654722065091270840\natives\windows-amd64\gluegen_rt.dll
0x00007fff625c0000 - 0x00007fff625c7000 	D:\GIT_HUB\WEB-DEVELOPMENT\processing_related\processing-4.1.1\java\bin\jawt.dll
0x000000006a440000 - 0x000000006a44d000 	C:\Users\HP PC\AppData\Local\Temp\jogamp_0000\file_cache\jln4896828941759594800\jln7654722065091270840\natives\windows-amd64\nativewindow_awt.dll
0x000000006c100000 - 0x000000006c110000 	C:\Users\HP PC\AppData\Local\Temp\jogamp_0000\file_cache\jln4896828941759594800\jln7654722065091270840\natives\windows-amd64\nativewindow_win32.dll
0x0000000064500000 - 0x0000000064585000 	C:\Users\HP PC\AppData\Local\Temp\jogamp_0000\file_cache\jln4896828941759594800\jln7654722065091270840\natives\windows-amd64\jogl_desktop.dll
0x00007fff307b0000 - 0x00007fff30aee000 	C:\Users\HP PC\AppData\Local\Programs\MiKTeX\miktex\bin\x64\libGLESv2.dll
0x00007fff30d40000 - 0x00007fff30ee9000 	C:\WINDOWS\SYSTEM32\d3d9.dll
0x0000000064340000 - 0x0000000064391000 	C:\Users\HP PC\AppData\Local\Temp\jogamp_0000\file_cache\jln4896828941759594800\jln7654722065091270840\natives\windows-amd64\jogl_mobile.dll
0x00007fff77040000 - 0x00007fff77089000 	C:\WINDOWS\SYSTEM32\directxdatabasehelper.dll
0x00007fff7f470000 - 0x00007fff7f527000 	C:\WINDOWS\System32\clbcatq.dll
0x00007fff2d5d0000 - 0x00007fff2e5d6000 	C:\WINDOWS\System32\DriverStore\FileRepository\iigd_dch.inf_amd64_9dbfad2c6843c394\igxelpicd64.dll
0x00007fff79d10000 - 0x00007fff79e07000 	C:\WINDOWS\system32\dxgi.dll
0x00007fff2b3a0000 - 0x00007fff2baf3000 	C:\WINDOWS\System32\DriverStore\FileRepository\iigd_dch.inf_amd64_9dbfad2c6843c394\igdml64.dll
0x00007fff6e990000 - 0x00007fff6ed51000 	C:\WINDOWS\System32\DriverStore\FileRepository\iigd_dch.inf_amd64_9dbfad2c6843c394\igdgmm64.dll
0x00007fff684c0000 - 0x00007fff6b720000 	C:\WINDOWS\System32\DriverStore\FileRepository\iigd_dch.inf_amd64_9dbfad2c6843c394\igc64.dll
0x00007fff7c240000 - 0x00007fff7c28d000 	C:\WINDOWS\SYSTEM32\powrprof.dll
0x00007fff7c0c0000 - 0x00007fff7c0d3000 	C:\WINDOWS\SYSTEM32\UMPDC.dll
0x0000000070d80000 - 0x0000000070d93000 	C:\Users\HP PC\AppData\Local\Temp\jogamp_0000\file_cache\jln4896828941759594800\jln7654722065091270840\natives\windows-amd64\newt_head.dll
0x00007fff75aa0000 - 0x00007fff75b5d000 	C:\WINDOWS\SYSTEM32\mscms.dll
0x00007fff39760000 - 0x00007fff397a9000 	C:\WINDOWS\SYSTEM32\icm32.dll
0x00007fff7d910000 - 0x00007fff7dd8a000 	C:\WINDOWS\System32\setupapi.dll
0x00007fff7c740000 - 0x00007fff7c773000 	C:\WINDOWS\SYSTEM32\DEVOBJ.dll
0x00007fff7c780000 - 0x00007fff7c7ce000 	C:\WINDOWS\SYSTEM32\CFGMGR32.dll
0x00007fff7d3f0000 - 0x00007fff7d45b000 	C:\WINDOWS\System32\WINTRUST.dll
0x00007fff7cb40000 - 0x00007fff7cca6000 	C:\WINDOWS\System32\CRYPT32.dll
0x00007fff7c2f0000 - 0x00007fff7c302000 	C:\WINDOWS\SYSTEM32\MSASN1.dll
0x00007fff59050000 - 0x00007fff5917d000 	C:\WINDOWS\SYSTEM32\textinputframework.dll
0x00007fff79710000 - 0x00007fff79843000 	C:\WINDOWS\SYSTEM32\CoreMessaging.dll
0x00007fff76810000 - 0x00007fff76b7c000 	C:\WINDOWS\SYSTEM32\CoreUIComponents.dll
0x00007fff60c30000 - 0x00007fff60c40000 	D:\GIT_HUB\WEB-DEVELOPMENT\processing_related\processing-4.1.1\java\bin\verify.dll
0x00007fff5d6b0000 - 0x00007fff5d71b000 	C:\WINDOWS\system32\Ninput.dll

dbghelp: loaded successfully - version: 4.0.5 - missing functions: none
symbol engine: initialized successfully - sym options: 0x614 - pdb path: .;D:\GIT_HUB\WEB-DEVELOPMENT\processing_related\processing-4.1.1\java\bin;C:\WINDOWS\SYSTEM32;C:\WINDOWS\WinSxS\amd64_microsoft.windows.common-controls_6595b64144ccf1df_6.0.22621.608_none_a9444ca7c10bb01d;D:\GIT_HUB\WEB-DEVELOPMENT\processing_related\processing-4.1.1\java\bin\server;C:\Users\HP PC\AppData\Local\Temp\jogamp_0000\file_cache\jln4896828941759594800\jln7654722065091270840\natives\windows-amd64;C:\Users\HP PC\AppData\Local\Programs\MiKTeX\miktex\bin\x64;C:\WINDOWS\System32\DriverStore\FileRepository\iigd_dch.inf_amd64_9dbfad2c6843c394

VM Arguments:
jvm_args: -agentlib:jdwp=transport=dt_socket,address=8766,server=y,suspend=y,quiet=y -Djna.nosys=true -Djava.library.path=;D:\GIT_HUB\WEB-DEVELOPMENT\processing_related\processing-4.1.1\core\library\windows-amd64;C:\Users\HP PC\OneDrive\Documents\Processing\libraries\peasycam\library;D:\GIT_HUB\WEB-DEVELOPMENT\processing_related\processing-4.1.1\java\bin;C:\WINDOWS\system32;C:\WINDOWS;C:\Program Files\Common Files\Oracle\Java\javapath;C:\Program Files (x86)\Common Files\Oracle\Java\javapath;C:\WINDOWS\system32;C:\WINDOWS;C:\WINDOWS\System32\Wbem;C:\WINDOWS\System32\WindowsPowerShell\v1.0;C:\WINDOWS\System32\OpenSSH;C:\mingw\mingw32\bin;C:\Program Files\Python310;C:\Program Files\Java\jdk-18.0.1.1\bin;C:\Program Files\Git\cmd;C:\Program Files\nodejs;C:\Program Files\MySQL\MySQL Shell 8.0\bin;C:\Users\HP PC\AppData\Local\Microsoft\WindowsApps;C:\Users\HP PC\AppData\Local\Programs\Microsoft VS Code\bin;C:\Program Files\Python310\Scripts;C:\Users\HP PC\AppData\Local\Programs\MiKTeX\miktex\bin\x64;C:\Users\HP PC\AppData\Roaming\npm;D:\GIT_HUB\WEB-DEVELOPMENT\processing_related\processing-4.1.1\java\bin;. -ea 
java_command: processing.core.PApplet --editor-location=446,160 --external --display=1 --sketch-path=D:\GIT_HUB\WEB-DEVELOPMENT\processing_related\madelbulb_3d --ui-scale=1 madelbulb_3d
java_class_path (initial): C:\Users\HPPC~1\AppData\Local\Temp\processing\madelbulb_3d876408025297256880temp;D:\GIT_HUB\WEB-DEVELOPMENT\processing_related\processing-4.1.1\core\library\core.jar;D:\GIT_HUB\WEB-DEVELOPMENT\processing_related\processing-4.1.1\core\library\gluegen-rt-natives-linux-aarch64.jar;D:\GIT_HUB\WEB-DEVELOPMENT\processing_related\processing-4.1.1\core\library\gluegen-rt-natives-linux-amd64.jar;D:\GIT_HUB\WEB-DEVELOPMENT\processing_related\processing-4.1.1\core\library\gluegen-rt-natives-linux-armv6hf.jar;D:\GIT_HUB\WEB-DEVELOPMENT\processing_related\processing-4.1.1\core\library\gluegen-rt-natives-linux-i586.jar;D:\GIT_HUB\WEB-DEVELOPMENT\processing_related\processing-4.1.1\core\library\gluegen-rt-natives-macosx-universal.jar;D:\GIT_HUB\WEB-DEVELOPMENT\processing_related\processing-4.1.1\core\library\gluegen-rt-natives-windows-amd64.jar;D:\GIT_HUB\WEB-DEVELOPMENT\processing_related\processing-4.1.1\core\library\gluegen-rt-natives-windows-i586.jar;D:\GIT_HUB\WEB-DEVELOPMENT\processing_related\processing-4.1.1\core\library\gluegen-rt.jar;D:\GIT_HUB\WEB-DEVELOPMENT\processing_related\processing-4.1.1\core\library\jogl-all-natives-linux-aarch64.jar;D:\GIT_HUB\WEB-DEVELOPMENT\processing_related\processing-4.1.1\core\library\jogl-all-natives-linux-amd64.jar;D:\GIT_HUB\WEB-DEVELOPMENT\processing_related\processing-4.1.1\core\library\jogl-all-natives-linux-armv6hf.jar;D:\GIT_HUB\WEB-DEVELOPMENT\processing_related\processing-4.1.1\core\library\jogl-all-natives-linux-i586.jar;D:\GIT_HUB\WEB-DEVELOPMENT\processing_related\processing-4.1.1\core\library\jogl-all-natives-macosx-universal.jar;D:\GIT_HUB\WEB-DEVELOPMENT\processing_related\processing-4.1.1\core\library\jogl-all-natives-windows-amd64.jar;D:\GIT_HUB\WEB-DEVELOPMENT\processing_related\processing-4.1.1\core\library\jogl-all-natives-windows-i586.jar;D:\GIT_HUB\WEB-DEVELOPMENT\processing_related\processing-4.1.1\core\library\jogl-all.jar;C:\Users\HP PC\OneDrive\Documents\Processing\libraries\peasycam
Launcher Type: SUN_STANDARD

[Global flags]
     intx CICompilerCount                          = 4                                         {product} {ergonomic}
     uint ConcGCThreads                            = 2                                         {product} {ergonomic}
     uint G1ConcRefinementThreads                  = 8                                         {product} {ergonomic}
   size_t G1HeapRegionSize                         = 1048576                                   {product} {ergonomic}
    uintx GCDrainStackTargetSize                   = 64                                        {product} {ergonomic}
   size_t InitialHeapSize                          = 130023424                                 {product} {ergonomic}
   size_t MarkStackSize                            = 4194304                                   {product} {ergonomic}
   size_t MaxHeapSize                              = 2055208960                                {product} {ergonomic}
   size_t MaxNewSize                               = 1233125376                                {product} {ergonomic}
   size_t MinHeapDeltaBytes                        = 1048576                                   {product} {ergonomic}
   size_t MinHeapSize                              = 8388608                                   {product} {ergonomic}
    uintx NonNMethodCodeHeapSize                   = 5839372                                {pd product} {ergonomic}
    uintx NonProfiledCodeHeapSize                  = 122909434                              {pd product} {ergonomic}
    uintx ProfiledCodeHeapSize                     = 122909434                              {pd product} {ergonomic}
    uintx ReservedCodeCacheSize                    = 251658240                              {pd product} {ergonomic}
     bool SegmentedCodeCache                       = true                                      {product} {ergonomic}
   size_t SoftMaxHeapSize                          = 2055208960                             {manageable} {ergonomic}
     bool UseCompressedClassPointers               = true                           {product lp64_product} {ergonomic}
     bool UseCompressedOops                        = true                           {product lp64_product} {ergonomic}
     bool UseG1GC                                  = true                                      {product} {ergonomic}
     bool UseLargePagesIndividualAllocation        = false                                  {pd product} {ergonomic}

Logging:
Log output configuration:
 #0: stdout all=off uptime,level,tags
 #1: stderr all=off uptime,level,tags

Environment Variables:
JAVA_HOME=C:\Program Files\Java\jdk-18.0.1.1
PATH=C:\Program Files\Common Files\Oracle\Java\javapath;C:\Program Files (x86)\Common Files\Oracle\Java\javapath;C:\WINDOWS\system32;C:\WINDOWS;C:\WINDOWS\System32\Wbem;C:\WINDOWS\System32\WindowsPowerShell\v1.0\;C:\WINDOWS\System32\OpenSSH\;C:\mingw\mingw32\bin;C:\Program Files\Python310;C:\Program Files\Java\jdk-18.0.1.1\bin;C:\Program Files\Git\cmd;C:\Program Files\nodejs\;C:\Program Files\MySQL\MySQL Shell 8.0\bin\;C:\Users\HP PC\AppData\Local\Microsoft\WindowsApps;C:\Users\HP PC\AppData\Local\Programs\Microsoft VS Code\bin;C:\Program Files\Python310\Scripts;C:\Users\HP PC\AppData\Local\Programs\MiKTeX\miktex\bin\x64\;C:\Users\HP PC\AppData\Roaming\npm;D:\GIT_HUB\WEB-DEVELOPMENT\processing_related\processing-4.1.1\java\bin
USERNAME=AADITYA RAJ
OS=Windows_NT
PROCESSOR_IDENTIFIER=Intel64 Family 6 Model 140 Stepping 1, GenuineIntel
TMP=C:\Users\HPPC~1\AppData\Local\Temp
TEMP=C:\Users\HPPC~1\AppData\Local\Temp



---------------  S Y S T E M  ---------------

OS:
 Windows 11 , 64 bit Build 22621 (10.0.22621.1105)
OS uptime: 1 days 10:29 hours
Hyper-V role detected

CPU: total 8 (initial active 8) (4 cores per cpu, 2 threads per core) family 6 model 140 stepping 1 microcode 0x9a, cx8, cmov, fxsr, ht, mmx, 3dnowpref, sse, sse2, sse3, ssse3, sse4.1, sse4.2, popcnt, lzcnt, tsc, tscinvbit, avx, avx2, aes, erms, clmul, bmi1, bmi2, adx, avx512f, avx512dq, avx512cd, avx512bw, avx512vl, sha, fma, vzeroupper, avx512_vpopcntdq, avx512_vpclmulqdq, avx512_vaes, avx512_vnni, clflush, clflushopt, clwb, avx512_vbmi2, avx512_vbmi, hv

Memory: 4k page, system-wide physical 7834M (1021M free)
TotalPageFile size 11546M (AvailPageFile size 2035M)
current process WorkingSet (physical memory assigned to process): 583M, peak: 592M
current process commit charge ("private bytes"): 580M, peak: 594M

vm_info: OpenJDK 64-Bit Server VM (17.0.5+8) for windows-amd64 JRE (17.0.5+8), built on Oct 19 2022 04:48:13 by "temurin" with MS VC++ 16.7 (VS2019)

END.
