#
# A fatal error has been detected by the Java Runtime Environment:
#
#  EXCEPTION_ACCESS_VIOLATION (0xc0000005) at pc=0x00007ffb90f4cf2c, pid=3240, tid=17732
#
# JRE version: OpenJDK Runtime Environment Temurin-17.0.5+8 (17.0.5+8) (build 17.0.5+8)
# Java VM: OpenJDK 64-Bit Server VM Temurin-17.0.5+8 (17.0.5+8, mixed mode, sharing, tiered, compressed oops, compressed class ptrs, g1 gc, windows-amd64)
# Problematic frame:
# C  [igxelpicd64.dll+0x30cf2c]
#
# No core dump will be written. Minidumps are not enabled by default on client versions of Windows
#
# If you would like to submit a bug report, please visit:
#   https://github.com/adoptium/adoptium-support/issues
#

---------------  S U M M A R Y ------------

Command Line: -agentlib:jdwp=transport=dt_socket,address=8255,server=y,suspend=y,quiet=y -Djna.nosys=true -Djava.library.path=;D:\GIT_HUB\WEB-DEVELOPMENT\processing_related\processing-4.1.1\core\library\windows-amd64;C:\Users\HP PC\OneDrive\Documents\Processing\libraries\peasycam\library;D:\GIT_HUB\WEB-DEVELOPMENT\processing_related\processing-4.1.1\java\bin;C:\WINDOWS\system32;C:\WINDOWS;C:\Program Files\Common Files\Oracle\Java\javapath;C:\Program Files (x86)\Common Files\Oracle\Java\javapath;C:\WINDOWS\system32;C:\WINDOWS;C:\WINDOWS\System32\Wbem;C:\WINDOWS\System32\WindowsPowerShell\v1.0;C:\WINDOWS\System32\OpenSSH;C:\mingw\mingw32\bin;C:\Program Files\Python310;C:\Program Files\Java\jdk-18.0.1.1\bin;C:\Program Files\Git\cmd;C:\Program Files\nodejs;C:\Program Files\MySQL\MySQL Shell 8.0\bin;C:\Users\HP PC\AppData\Local\Microsoft\WindowsApps;C:\Users\HP PC\AppData\Local\Programs\Microsoft VS Code\bin;C:\Program Files\Python310\Scripts;C:\Users\HP PC\AppData\Local\Programs\MiKTeX\miktex\bin\x64;C:\Users\HP PC\AppData\Roaming\npm;D:\GIT_HUB\WEB-DEVELOPMENT\processing_related\processing-4.1.1\java\bin;. -ea processing.core.PApplet --location=739,133 --external --display=1 --sketch-path=D:\GIT_HUB\WEB-DEVELOPMENT\processing_related\madelbulb_3d --ui-scale=1 madelbulb_3d

Host: 11th Gen Intel(R) Core(TM) i5-1135G7 @ 2.40GHz, 8 cores, 7G,  Windows 11 , 64 bit Build 22621 (10.0.22621.1105)
Time: Mon Jan 16 18:18:53 2023 India Standard Time elapsed time: 141.331117 seconds (0d 0h 2m 21s)

---------------  T H R E A D  ---------------

Current thread (0x00000230b7e8e5a0):  VMThread "VM Thread" [stack: 0x0000004d89900000,0x0000004d89a00000] [id=17732]

Stack: [0x0000004d89900000,0x0000004d89a00000],  sp=0x0000004d899fe460,  free space=1017k
Native frames: (J=compiled Java code, j=interpreted, Vv=VM code, C=native code)
C  [igxelpicd64.dll+0x30cf2c]


siginfo: EXCEPTION_ACCESS_VIOLATION (0xc0000005), reading address 0x00000000000356f8


Register to memory mapping:

RIP=0x00007ffb90f4cf2c igxelpicd64.dll
RAX=0x00000230c8c40f50 points into unknown readable memory: 0x0000000000065680 | 80 56 06 00 00 00 00 00
RBX=0x00000230b9465610 points into unknown readable memory: 0xffffffffffffffff | ff ff ff ff ff ff ff ff
RCX=0x0 is NULL
RDX=0x0000000000000004 is an unknown value
RSP=0x0000004d899fe460 points into unknown readable memory: 0x00000230b9465610 | 10 56 46 b9 30 02 00 00
RBP=0x0000000000000016 is an unknown value
RSI=0x00000230bb985500 points into unknown readable memory: 0x0000000000000000 | 00 00 00 00 00 00 00 00
RDI=0x0 is NULL
R8 =0x0000000000000014 is an unknown value
R9 =0x0 is NULL
R10=0x0 is NULL
R11=0x0000000000000246 is an unknown value
R12=0x00000230c8c412f8 points into unknown readable memory: 0x00000230c8c43fb0 | b0 3f c4 c8 30 02 00 00
R13=0x0 is NULL
R14=0x00000230c8c40d30 points into unknown readable memory: 0x00000230b9559a20 | 20 9a 55 b9 30 02 00 00
R15=0x0 is NULL


Registers:
RAX=0x00000230c8c40f50, RBX=0x00000230b9465610, RCX=0x0000000000000000, RDX=0x0000000000000004
RSP=0x0000004d899fe460, RBP=0x0000000000000016, RSI=0x00000230bb985500, RDI=0x0000000000000000
R8 =0x0000000000000014, R9 =0x0000000000000000, R10=0x0000000000000000, R11=0x0000000000000246
R12=0x00000230c8c412f8, R13=0x0000000000000000, R14=0x00000230c8c40d30, R15=0x0000000000000000
RIP=0x00007ffb90f4cf2c, EFLAGS=0x0000000000010206

Top of Stack: (sp=0x0000004d899fe460)
0x0000004d899fe460:   00000230b9465610 00007ffbf82841a9
0x0000004d899fe470:   0000004d899fe4f8 0000000000000000
0x0000004d899fe480:   0000000000000054 00000230b9465610
0x0000004d899fe490:   0239b8c802595cc8 00007ffbfa4f2e44
0x0000004d899fe4a0:   01cf96ca00b723ca 023353cb024d47cb
0x0000004d899fe4b0:   024119cd005649cc 00000230bbef2af8
0x0000004d899fe4c0:   0000000000065684 0000000000000000
0x0000004d899fe4d0:   0000000000000015 0000000000000000
0x0000004d899fe4e0:   0000000000000000 0000004d899fe600
0x0000004d899fe4f0:   00000230bb985500 00007ffb90e2d62c
0x0000004d899fe500:   0000023000000016 00000230c8c43fb0
0x0000004d899fe510:   018839d5025ccf00 0258efd6021f2300
0x0000004d899fe520:   0000004d00007750 0000b80219cc0000
0x0000004d899fe530:   0000000000000000 022161d901e940d9
0x0000004d899fe540:   01c838da01730bda 013125db0184ffda
0x0000004d899fe550:   023ee2db02147adb 01191bdd021545dc 

Instructions: (pc=0x00007ffb90f4cf2c)
0x00007ffb90f4ce2c:   41 bf 20 00 00 00 48 8b 04 38 4d 8b 3c 07 0f b6
0x00007ffb90f4ce3c:   bc 24 b0 00 00 00 4c 3b 3d f7 b6 c3 00 41 0f 44
0x00007ffb90f4ce4c:   e9 89 ac 24 a0 00 00 00 48 85 c9 0f 84 d4 07 00
0x00007ffb90f4ce5c:   00 0f 1f 00 4c 8b f1 4c 8d a1 c8 05 00 00 49 8b
0x00007ffb90f4ce6c:   04 24 48 89 84 24 a8 00 00 00 40 84 ff 74 10 48
0x00007ffb90f4ce7c:   8b d1 48 8b 09 e8 0a 49 ee ff e9 4f 07 00 00 8b
0x00007ffb90f4ce8c:   96 c8 01 00 00 48 8b 05 78 9a b3 00 83 b8 64 03
0x00007ffb90f4ce9c:   00 00 02 0f 85 18 02 00 00 83 fa 10 73 0e 48 8d
0x00007ffb90f4ceac:   42 04 48 8d 04 c2 48 8d 04 c1 eb 60 8d 4a f0 8b
0x00007ffb90f4cebc:   c1 c1 e8 04 83 f8 03 73 1d 0f ae e8 83 e1 0f 4d
0x00007ffb90f4cecc:   8b 84 c6 80 05 00 00 4d 85 c0 74 25 48 8d 0c c9
0x00007ffb90f4cedc:   49 8d 04 c8 eb 36 49 8b 86 98 05 00 00 48 85 c0
0x00007ffb90f4ceec:   74 0f 66 90 39 10 74 2f 48 8b 40 50 48 85 c0 75
0x00007ffb90f4cefc:   f3 41 80 be a0 05 00 00 00 74 22 8b c2 83 e0 0f
0x00007ffb90f4cf0c:   48 8d 04 c0 48 8d 40 20 49 8d 04 c6 48 85 c0 74
0x00007ffb90f4cf1c:   0c 48 8b 48 08 eb 09 48 83 c0 08 eb ef 49 8b c9
0x00007ffb90f4cf2c:   49 3b 8f f8 56 03 00 0f 86 84 01 00 00 83 fa 10
0x00007ffb90f4cf3c:   73 0a 48 8d 42 04 48 8d 04 c2 eb 5c 8d 4a f0 8b
0x00007ffb90f4cf4c:   c1 c1 e8 04 83 f8 03 73 1d 0f ae e8 83 e1 0f 4d
0x00007ffb90f4cf5c:   8b 84 c6 80 05 00 00 4d 85 c0 74 25 48 8d 0c c9
0x00007ffb90f4cf6c:   49 8d 04 c8 eb 36 49 8b 86 98 05 00 00 48 85 c0
0x00007ffb90f4cf7c:   74 0f 66 90 39 10 74 2f 48 8b 40 50 48 85 c0 75
0x00007ffb90f4cf8c:   f3 41 80 be a0 05 00 00 00 74 22 8b c2 83 e0 0f
0x00007ffb90f4cf9c:   48 8d 04 c0 48 8d 40 20 49 8d 04 c6 48 85 c0 74
0x00007ffb90f4cfac:   0c 48 8b 48 08 eb 09 48 83 c0 08 eb ef 49 8b c9
0x00007ffb90f4cfbc:   49 3b 8e 40 06 00 00 0f 86 f4 00 00 00 48 8b 86
0x00007ffb90f4cfcc:   78 02 00 00 49 89 04 24 4c 89 b6 78 02 00 00 ff
0x00007ffb90f4cfdc:   86 80 02 00 00 49 8b 46 08 48 8b 88 18 01 00 00
0x00007ffb90f4cfec:   48 81 e1 00 00 ff ff 48 81 c1 00 00 01 00 48 01
0x00007ffb90f4cffc:   8e 88 02 00 00 ba 01 00 00 00 49 8b 4e 08 e8 b1
0x00007ffb90f4d00c:   91 d4 ff 48 01 86 98 02 00 00 85 ed 74 75 49 8b
0x00007ffb90f4d01c:   9f 58 4f 03 00 0f 57 c0 f3 0f 7f 44 24 30 c7 44 


Stack slot to memory mapping:
stack at sp + 0 slots: 0x00000230b9465610 points into unknown readable memory: 0xffffffffffffffff | ff ff ff ff ff ff ff ff
stack at sp + 1 slots: 0x00007ffbf82841a9 USER32.dll
stack at sp + 2 slots: 0x0000004d899fe4f8 points into unknown readable memory: 0x00007ffb90e2d62c | 2c d6 e2 90 fb 7f 00 00
stack at sp + 3 slots: 0x0 is NULL
stack at sp + 4 slots: 0x0000000000000054 is an unknown value
stack at sp + 5 slots: 0x00000230b9465610 points into unknown readable memory: 0xffffffffffffffff | ff ff ff ff ff ff ff ff
stack at sp + 6 slots: 0x0239b8c802595cc8 is an unknown value
stack at sp + 7 slots: 0x00007ffbfa4f2e44 ntdll.dll

VM_Operation (0x0000004d8bdfe7b0): Exit, mode: safepoint, requested by thread 0x00000230bb98a570


---------------  P R O C E S S  ---------------

Threads class SMR info:
_java_thread_list=0x00000230c90c4080, length=19, elements={
0x00000230b7e93d40, 0x00000230b7e946f0, 0x00000230b7ea91e0, 0x00000230b7eadba0,
0x00000230b7eae550, 0x00000230b7eaef00, 0x00000230b7eb01f0, 0x00000230b7eb3ac0,
0x00000230b7eb44b0, 0x00000230b89fc770, 0x00000230b8a11990, 0x00000230b8a12070,
0x00000230b8a16d70, 0x00000230b8a2f0f0, 0x00000230b8ec7660, 0x00000230bba2b540,
0x00000230bb98a570, 0x00000230bb989700, 0x00000230bb987080
}

Java Threads: ( => current thread )
  0x00000230b7e93d40 JavaThread "Reference Handler" daemon [_thread_blocked, id=8504, stack(0x0000004d89a00000,0x0000004d89b00000)]
  0x00000230b7e946f0 JavaThread "Finalizer" daemon [_thread_blocked, id=312, stack(0x0000004d89b00000,0x0000004d89c00000)]
  0x00000230b7ea91e0 JavaThread "Signal Dispatcher" daemon [_thread_blocked, id=9572, stack(0x0000004d89c00000,0x0000004d89d00000)]
  0x00000230b7eadba0 JavaThread "Attach Listener" daemon [_thread_blocked, id=9428, stack(0x0000004d89d00000,0x0000004d89e00000)]
  0x00000230b7eae550 JavaThread "Service Thread" daemon [_thread_blocked, id=16576, stack(0x0000004d89e00000,0x0000004d89f00000)]
  0x00000230b7eaef00 JavaThread "Monitor Deflation Thread" daemon [_thread_blocked, id=2852, stack(0x0000004d89f00000,0x0000004d8a000000)]
  0x00000230b7eb01f0 JavaThread "C2 CompilerThread0" daemon [_thread_blocked, id=7452, stack(0x0000004d8a000000,0x0000004d8a100000)]
  0x00000230b7eb3ac0 JavaThread "C1 CompilerThread0" daemon [_thread_blocked, id=3260, stack(0x0000004d8a100000,0x0000004d8a200000)]
  0x00000230b7eb44b0 JavaThread "Sweeper thread" daemon [_thread_blocked, id=9352, stack(0x0000004d8a200000,0x0000004d8a300000)]
  0x00000230b89fc770 JavaThread "JDWP Transport Listener: dt_socket" daemon [_thread_blocked, id=9588, stack(0x0000004d8a300000,0x0000004d8a400000)]
  0x00000230b8a11990 JavaThread "JDWP Event Helper Thread" daemon [_thread_blocked, id=17180, stack(0x0000004d8a400000,0x0000004d8a500000)]
  0x00000230b8a12070 JavaThread "JDWP Command Reader" daemon [_thread_blocked, id=10064, stack(0x0000004d8a500000,0x0000004d8a600000)]
  0x00000230b8a16d70 JavaThread "Notification Thread" daemon [_thread_blocked, id=3092, stack(0x0000004d8a600000,0x0000004d8a700000)]
  0x00000230b8a2f0f0 JavaThread "Common-Cleaner" daemon [_thread_blocked, id=14820, stack(0x0000004d8a800000,0x0000004d8a900000)]
  0x00000230b8ec7660 JavaThread "Java2D Disposer" daemon [_thread_blocked, id=18664, stack(0x0000004d8a900000,0x0000004d8aa00000)]
  0x00000230bba2b540 JavaThread "HighResTimerThread" daemon [_thread_blocked, id=4648, stack(0x0000004d8bb00000,0x0000004d8bc00000)]
  0x00000230bb98a570 JavaThread "main-FPSAWTAnimator#00-Timer0" [_thread_blocked, id=20364, stack(0x0000004d8bd00000,0x0000004d8be00000)]
  0x00000230bb989700 JavaThread "DestroyJavaVM" [_thread_blocked, id=10020, stack(0x0000004d89300000,0x0000004d89400000)]
  0x00000230bb987080 JavaThread "AWT-Shutdown" [_thread_blocked, id=19136, stack(0x0000004d8aa00000,0x0000004d8ab00000)]

Other Threads:
=>0x00000230b7e8e5a0 VMThread "VM Thread" [stack: 0x0000004d89900000,0x0000004d89a00000] [id=17732]
  0x0000023099df7310 GCTaskThread "GC Thread#0" [stack: 0x0000004d89400000,0x0000004d89500000] [id=16180]
  0x00000230bb30b420 GCTaskThread "GC Thread#1" [stack: 0x0000004d8ac00000,0x0000004d8ad00000] [id=13668]
  0x00000230bb30b6d0 GCTaskThread "GC Thread#2" [stack: 0x0000004d8b200000,0x0000004d8b300000] [id=15928]
  0x00000230bb30b980 GCTaskThread "GC Thread#3" [stack: 0x0000004d8b300000,0x0000004d8b400000] [id=9224]
  0x00000230bb30bc30 GCTaskThread "GC Thread#4" [stack: 0x0000004d8b400000,0x0000004d8b500000] [id=10184]
  0x00000230bb30bee0 GCTaskThread "GC Thread#5" [stack: 0x0000004d8b500000,0x0000004d8b600000] [id=8964]
  0x00000230bb32e4e0 GCTaskThread "GC Thread#6" [stack: 0x0000004d8b600000,0x0000004d8b700000] [id=13220]
  0x00000230bb32e790 GCTaskThread "GC Thread#7" [stack: 0x0000004d8b700000,0x0000004d8b800000] [id=16632]
  0x0000023099e07750 ConcurrentGCThread "G1 Main Marker" terminated
  0x0000023099e08160 ConcurrentGCThread "G1 Conc#0" [stack: 0x0000004d89600000,0x0000004d89700000] [id=17624]
  0x0000023099e5e580 ConcurrentGCThread "G1 Refine#0" terminated
  0x00000230b7d3b100 ConcurrentGCThread "G1 Service" terminated

Threads with active compile tasks:

VM state: at safepoint (shutting down)

VM Mutex/Monitor currently owned by a thread:  ([mutex/lock_event])
[0x0000023099d96fd0] Threads_lock - owner thread: 0x00000230b7e8e5a0
[0x0000023099d96be0] Heap_lock - owner thread: 0x00000230bb98a570

Heap address: 0x0000000085800000, size: 1960 MB, Compressed Oops mode: 32-bit

CDS archive(s) mapped at: [0x0000000800000000-0x0000000800bc0000-0x0000000800bc0000), size 12320768, SharedBaseAddress: 0x0000000800000000, ArchiveRelocationMode: 0.
Compressed class space mapped at: 0x0000000800c00000-0x0000000840c00000, reserved size: 1073741824
Narrow klass base: 0x0000000800000000, Narrow klass shift: 0, Narrow klass range: 0x100000000

GC Precious Log:
 CPUs: 8 total, 8 available
 Memory: 7834M
 Large Page Support: Disabled
 NUMA Support: Disabled
 Compressed Oops: Enabled (32-bit)
 Heap Region Size: 1M
 Heap Min Capacity: 8M
 Heap Initial Capacity: 124M
 Heap Max Capacity: 1960M
 Pre-touch: Disabled
 Parallel Workers: 8
 Concurrent Workers: 2
 Concurrent Refinement Workers: 8
 Periodic GC: Disabled

Heap:
 garbage-first heap   total 126976K, used 59975K [0x0000000085800000, 0x0000000100000000)
  region size 1024K, 51 young (52224K), 7 survivors (7168K)
 Metaspace       used 13343K, committed 13504K, reserved 1064960K
  class space    used 938K, committed 1024K, reserved 1048576K

Heap Regions: E=young(eden), S=young(survivor), O=old, HS=humongous(starts), HC=humongous(continues), CS=collection set, F=free, OA=open archive, CA=closed archive, TAMS=top-at-mark-start (previous, next)
|   0|0x0000000085800000, 0x00000000858d6800, 0x0000000085900000| 83%| O|  |TAMS 0x0000000085800000, 0x0000000085800000| Untracked 
|   1|0x0000000085900000, 0x0000000085a00000, 0x0000000085a00000|100%|HS|  |TAMS 0x0000000085900000, 0x0000000085900000| Complete 
|   2|0x0000000085a00000, 0x0000000085b00000, 0x0000000085b00000|100%| O|  |TAMS 0x0000000085a00000, 0x0000000085a00000| Untracked 
|   3|0x0000000085b00000, 0x0000000085c00000, 0x0000000085c00000|100%| O|  |TAMS 0x0000000085b00000, 0x0000000085b00000| Untracked 
|   4|0x0000000085c00000, 0x0000000085d00000, 0x0000000085d00000|100%| O|  |TAMS 0x0000000085c00000, 0x0000000085c00000| Untracked 
|   5|0x0000000085d00000, 0x0000000085e00000, 0x0000000085e00000|100%|HS|  |TAMS 0x0000000085d00000, 0x0000000085d00000| Complete 
|   6|0x0000000085e00000, 0x0000000085f00000, 0x0000000085f00000|100%|HS|  |TAMS 0x0000000085e00000, 0x0000000085e00000| Complete 
|   7|0x0000000085f00000, 0x0000000086000000, 0x0000000086000000|100%|HC|  |TAMS 0x0000000085f00000, 0x0000000085f00000| Complete 
|   8|0x0000000086000000, 0x0000000086100000, 0x0000000086100000|100%|HS|  |TAMS 0x0000000086000000, 0x0000000086000000| Complete 
|   9|0x0000000086100000, 0x0000000086100000, 0x0000000086200000|  0%| F|  |TAMS 0x0000000086100000, 0x0000000086100000| Untracked 
|  10|0x0000000086200000, 0x0000000086200000, 0x0000000086300000|  0%| F|  |TAMS 0x0000000086200000, 0x0000000086200000| Untracked 
|  11|0x0000000086300000, 0x0000000086300000, 0x0000000086400000|  0%| F|  |TAMS 0x0000000086300000, 0x0000000086300000| Untracked 
|  12|0x0000000086400000, 0x0000000086400000, 0x0000000086500000|  0%| F|  |TAMS 0x0000000086400000, 0x0000000086400000| Untracked 
|  13|0x0000000086500000, 0x0000000086500000, 0x0000000086600000|  0%| F|  |TAMS 0x0000000086500000, 0x0000000086500000| Untracked 
|  14|0x0000000086600000, 0x0000000086600000, 0x0000000086700000|  0%| F|  |TAMS 0x0000000086600000, 0x0000000086600000| Untracked 
|  15|0x0000000086700000, 0x0000000086700000, 0x0000000086800000|  0%| F|  |TAMS 0x0000000086700000, 0x0000000086700000| Untracked 
|  16|0x0000000086800000, 0x0000000086800000, 0x0000000086900000|  0%| F|  |TAMS 0x0000000086800000, 0x0000000086800000| Untracked 
|  17|0x0000000086900000, 0x0000000086900000, 0x0000000086a00000|  0%| F|  |TAMS 0x0000000086900000, 0x0000000086900000| Untracked 
|  18|0x0000000086a00000, 0x0000000086a00000, 0x0000000086b00000|  0%| F|  |TAMS 0x0000000086a00000, 0x0000000086a00000| Untracked 
|  19|0x0000000086b00000, 0x0000000086b00000, 0x0000000086c00000|  0%| F|  |TAMS 0x0000000086b00000, 0x0000000086b00000| Untracked 
|  20|0x0000000086c00000, 0x0000000086c00000, 0x0000000086d00000|  0%| F|  |TAMS 0x0000000086c00000, 0x0000000086c00000| Untracked 
|  21|0x0000000086d00000, 0x0000000086d00000, 0x0000000086e00000|  0%| F|  |TAMS 0x0000000086d00000, 0x0000000086d00000| Untracked 
|  22|0x0000000086e00000, 0x0000000086e00000, 0x0000000086f00000|  0%| F|  |TAMS 0x0000000086e00000, 0x0000000086e00000| Untracked 
|  23|0x0000000086f00000, 0x0000000086f00000, 0x0000000087000000|  0%| F|  |TAMS 0x0000000086f00000, 0x0000000086f00000| Untracked 
|  24|0x0000000087000000, 0x0000000087000000, 0x0000000087100000|  0%| F|  |TAMS 0x0000000087000000, 0x0000000087000000| Untracked 
|  25|0x0000000087100000, 0x0000000087100000, 0x0000000087200000|  0%| F|  |TAMS 0x0000000087100000, 0x0000000087100000| Untracked 
|  26|0x0000000087200000, 0x0000000087200000, 0x0000000087300000|  0%| F|  |TAMS 0x0000000087200000, 0x0000000087200000| Untracked 
|  27|0x0000000087300000, 0x0000000087300000, 0x0000000087400000|  0%| F|  |TAMS 0x0000000087300000, 0x0000000087300000| Untracked 
|  28|0x0000000087400000, 0x0000000087400000, 0x0000000087500000|  0%| F|  |TAMS 0x0000000087400000, 0x0000000087400000| Untracked 
|  29|0x0000000087500000, 0x0000000087500000, 0x0000000087600000|  0%| F|  |TAMS 0x0000000087500000, 0x0000000087500000| Untracked 
|  30|0x0000000087600000, 0x0000000087600000, 0x0000000087700000|  0%| F|  |TAMS 0x0000000087600000, 0x0000000087600000| Untracked 
|  31|0x0000000087700000, 0x0000000087700000, 0x0000000087800000|  0%| F|  |TAMS 0x0000000087700000, 0x0000000087700000| Untracked 
|  32|0x0000000087800000, 0x0000000087800000, 0x0000000087900000|  0%| F|  |TAMS 0x0000000087800000, 0x0000000087800000| Untracked 
|  33|0x0000000087900000, 0x0000000087900000, 0x0000000087a00000|  0%| F|  |TAMS 0x0000000087900000, 0x0000000087900000| Untracked 
|  34|0x0000000087a00000, 0x0000000087a00000, 0x0000000087b00000|  0%| F|  |TAMS 0x0000000087a00000, 0x0000000087a00000| Untracked 
|  35|0x0000000087b00000, 0x0000000087b00000, 0x0000000087c00000|  0%| F|  |TAMS 0x0000000087b00000, 0x0000000087b00000| Untracked 
|  36|0x0000000087c00000, 0x0000000087c00000, 0x0000000087d00000|  0%| F|  |TAMS 0x0000000087c00000, 0x0000000087c00000| Untracked 
|  37|0x0000000087d00000, 0x0000000087d00000, 0x0000000087e00000|  0%| F|  |TAMS 0x0000000087d00000, 0x0000000087d00000| Untracked 
|  38|0x0000000087e00000, 0x0000000087e00000, 0x0000000087f00000|  0%| F|  |TAMS 0x0000000087e00000, 0x0000000087e00000| Untracked 
|  39|0x0000000087f00000, 0x0000000087f00000, 0x0000000088000000|  0%| F|  |TAMS 0x0000000087f00000, 0x0000000087f00000| Untracked 
|  40|0x0000000088000000, 0x0000000088000000, 0x0000000088100000|  0%| F|  |TAMS 0x0000000088000000, 0x0000000088000000| Untracked 
|  41|0x0000000088100000, 0x0000000088100000, 0x0000000088200000|  0%| F|  |TAMS 0x0000000088100000, 0x0000000088100000| Untracked 
|  42|0x0000000088200000, 0x0000000088200000, 0x0000000088300000|  0%| F|  |TAMS 0x0000000088200000, 0x0000000088200000| Untracked 
|  43|0x0000000088300000, 0x00000000883bb710, 0x0000000088400000| 73%| S|CS|TAMS 0x0000000088300000, 0x0000000088300000| Complete 
|  44|0x0000000088400000, 0x0000000088400000, 0x0000000088500000|  0%| F|  |TAMS 0x0000000088400000, 0x0000000088400000| Untracked 
|  45|0x0000000088500000, 0x0000000088500000, 0x0000000088600000|  0%| F|  |TAMS 0x0000000088500000, 0x0000000088500000| Untracked 
|  46|0x0000000088600000, 0x0000000088700000, 0x0000000088700000|100%| S|CS|TAMS 0x0000000088600000, 0x0000000088600000| Complete 
|  47|0x0000000088700000, 0x0000000088800000, 0x0000000088800000|100%| S|CS|TAMS 0x0000000088700000, 0x0000000088700000| Complete 
|  48|0x0000000088800000, 0x0000000088900000, 0x0000000088900000|100%| S|CS|TAMS 0x0000000088800000, 0x0000000088800000| Complete 
|  49|0x0000000088900000, 0x0000000088a00000, 0x0000000088a00000|100%| S|CS|TAMS 0x0000000088900000, 0x0000000088900000| Complete 
|  50|0x0000000088a00000, 0x0000000088a00000, 0x0000000088b00000|  0%| F|  |TAMS 0x0000000088a00000, 0x0000000088a00000| Untracked 
|  51|0x0000000088b00000, 0x0000000088b00000, 0x0000000088c00000|  0%| F|  |TAMS 0x0000000088b00000, 0x0000000088b00000| Untracked 
|  52|0x0000000088c00000, 0x0000000088c00000, 0x0000000088d00000|  0%| F|  |TAMS 0x0000000088c00000, 0x0000000088c00000| Untracked 
|  53|0x0000000088d00000, 0x0000000088d00000, 0x0000000088e00000|  0%| F|  |TAMS 0x0000000088d00000, 0x0000000088d00000| Untracked 
|  54|0x0000000088e00000, 0x0000000088f00000, 0x0000000088f00000|100%| S|CS|TAMS 0x0000000088e00000, 0x0000000088e00000| Complete 
|  55|0x0000000088f00000, 0x0000000089000000, 0x0000000089000000|100%| S|CS|TAMS 0x0000000088f00000, 0x0000000088f00000| Complete 
|  56|0x0000000089000000, 0x0000000089000000, 0x0000000089100000|  0%| F|  |TAMS 0x0000000089000000, 0x0000000089000000| Untracked 
|  57|0x0000000089100000, 0x0000000089100000, 0x0000000089200000|  0%| F|  |TAMS 0x0000000089100000, 0x0000000089100000| Untracked 
|  58|0x0000000089200000, 0x0000000089200000, 0x0000000089300000|  0%| F|  |TAMS 0x0000000089200000, 0x0000000089200000| Untracked 
|  59|0x0000000089300000, 0x0000000089300000, 0x0000000089400000|  0%| F|  |TAMS 0x0000000089300000, 0x0000000089300000| Untracked 
|  60|0x0000000089400000, 0x0000000089400000, 0x0000000089500000|  0%| F|  |TAMS 0x0000000089400000, 0x0000000089400000| Untracked 
|  61|0x0000000089500000, 0x0000000089500000, 0x0000000089600000|  0%| F|  |TAMS 0x0000000089500000, 0x0000000089500000| Untracked 
|  62|0x0000000089600000, 0x0000000089600000, 0x0000000089700000|  0%| F|  |TAMS 0x0000000089600000, 0x0000000089600000| Untracked 
|  63|0x0000000089700000, 0x0000000089700000, 0x0000000089800000|  0%| F|  |TAMS 0x0000000089700000, 0x0000000089700000| Untracked 
|  64|0x0000000089800000, 0x0000000089800000, 0x0000000089900000|  0%| F|  |TAMS 0x0000000089800000, 0x0000000089800000| Untracked 
|  65|0x0000000089900000, 0x0000000089900000, 0x0000000089a00000|  0%| F|  |TAMS 0x0000000089900000, 0x0000000089900000| Untracked 
|  66|0x0000000089a00000, 0x0000000089a00000, 0x0000000089b00000|  0%| F|  |TAMS 0x0000000089a00000, 0x0000000089a00000| Untracked 
|  67|0x0000000089b00000, 0x0000000089b00000, 0x0000000089c00000|  0%| F|  |TAMS 0x0000000089b00000, 0x0000000089b00000| Untracked 
|  68|0x0000000089c00000, 0x0000000089c00000, 0x0000000089d00000|  0%| F|  |TAMS 0x0000000089c00000, 0x0000000089c00000| Untracked 
|  69|0x0000000089d00000, 0x0000000089d00000, 0x0000000089e00000|  0%| F|  |TAMS 0x0000000089d00000, 0x0000000089d00000| Untracked 
|  70|0x0000000089e00000, 0x0000000089e00000, 0x0000000089f00000|  0%| F|  |TAMS 0x0000000089e00000, 0x0000000089e00000| Untracked 
|  71|0x0000000089f00000, 0x0000000089f00000, 0x000000008a000000|  0%| F|  |TAMS 0x0000000089f00000, 0x0000000089f00000| Untracked 
|  72|0x000000008a000000, 0x000000008a000000, 0x000000008a100000|  0%| F|  |TAMS 0x000000008a000000, 0x000000008a000000| Untracked 
|  73|0x000000008a100000, 0x000000008a100000, 0x000000008a200000|  0%| F|  |TAMS 0x000000008a100000, 0x000000008a100000| Untracked 
|  74|0x000000008a200000, 0x000000008a200000, 0x000000008a300000|  0%| F|  |TAMS 0x000000008a200000, 0x000000008a200000| Untracked 
|  75|0x000000008a300000, 0x000000008a300000, 0x000000008a400000|  0%| F|  |TAMS 0x000000008a300000, 0x000000008a300000| Untracked 
|  76|0x000000008a400000, 0x000000008a400000, 0x000000008a500000|  0%| F|  |TAMS 0x000000008a400000, 0x000000008a400000| Untracked 
|  77|0x000000008a500000, 0x000000008a500000, 0x000000008a600000|  0%| F|  |TAMS 0x000000008a500000, 0x000000008a500000| Untracked 
|  78|0x000000008a600000, 0x000000008a600000, 0x000000008a700000|  0%| F|  |TAMS 0x000000008a600000, 0x000000008a600000| Untracked 
|  79|0x000000008a700000, 0x000000008a700000, 0x000000008a800000|  0%| F|  |TAMS 0x000000008a700000, 0x000000008a700000| Untracked 
|  80|0x000000008a800000, 0x000000008a900000, 0x000000008a900000|100%| E|  |TAMS 0x000000008a800000, 0x000000008a800000| Complete 
|  81|0x000000008a900000, 0x000000008aa00000, 0x000000008aa00000|100%| E|CS|TAMS 0x000000008a900000, 0x000000008a900000| Complete 
|  82|0x000000008aa00000, 0x000000008ab00000, 0x000000008ab00000|100%| E|CS|TAMS 0x000000008aa00000, 0x000000008aa00000| Complete 
|  83|0x000000008ab00000, 0x000000008ac00000, 0x000000008ac00000|100%| E|CS|TAMS 0x000000008ab00000, 0x000000008ab00000| Complete 
|  84|0x000000008ac00000, 0x000000008ad00000, 0x000000008ad00000|100%| E|CS|TAMS 0x000000008ac00000, 0x000000008ac00000| Complete 
|  85|0x000000008ad00000, 0x000000008ae00000, 0x000000008ae00000|100%| E|CS|TAMS 0x000000008ad00000, 0x000000008ad00000| Complete 
|  86|0x000000008ae00000, 0x000000008af00000, 0x000000008af00000|100%| E|CS|TAMS 0x000000008ae00000, 0x000000008ae00000| Complete 
|  87|0x000000008af00000, 0x000000008b000000, 0x000000008b000000|100%| E|CS|TAMS 0x000000008af00000, 0x000000008af00000| Complete 
|  88|0x000000008b000000, 0x000000008b100000, 0x000000008b100000|100%| E|CS|TAMS 0x000000008b000000, 0x000000008b000000| Complete 
|  89|0x000000008b100000, 0x000000008b200000, 0x000000008b200000|100%| E|CS|TAMS 0x000000008b100000, 0x000000008b100000| Complete 
|  90|0x000000008b200000, 0x000000008b300000, 0x000000008b300000|100%| E|CS|TAMS 0x000000008b200000, 0x000000008b200000| Complete 
|  91|0x000000008b300000, 0x000000008b400000, 0x000000008b400000|100%| E|CS|TAMS 0x000000008b300000, 0x000000008b300000| Complete 
|  92|0x000000008b400000, 0x000000008b500000, 0x000000008b500000|100%| E|CS|TAMS 0x000000008b400000, 0x000000008b400000| Complete 
|  93|0x000000008b500000, 0x000000008b600000, 0x000000008b600000|100%| E|CS|TAMS 0x000000008b500000, 0x000000008b500000| Complete 
|  94|0x000000008b600000, 0x000000008b700000, 0x000000008b700000|100%| E|CS|TAMS 0x000000008b600000, 0x000000008b600000| Complete 
|  95|0x000000008b700000, 0x000000008b800000, 0x000000008b800000|100%| E|CS|TAMS 0x000000008b700000, 0x000000008b700000| Complete 
|  96|0x000000008b800000, 0x000000008b900000, 0x000000008b900000|100%| E|CS|TAMS 0x000000008b800000, 0x000000008b800000| Complete 
|  97|0x000000008b900000, 0x000000008ba00000, 0x000000008ba00000|100%| E|CS|TAMS 0x000000008b900000, 0x000000008b900000| Complete 
|  98|0x000000008ba00000, 0x000000008bb00000, 0x000000008bb00000|100%| E|CS|TAMS 0x000000008ba00000, 0x000000008ba00000| Complete 
|  99|0x000000008bb00000, 0x000000008bc00000, 0x000000008bc00000|100%| E|CS|TAMS 0x000000008bb00000, 0x000000008bb00000| Complete 
| 100|0x000000008bc00000, 0x000000008bd00000, 0x000000008bd00000|100%| E|CS|TAMS 0x000000008bc00000, 0x000000008bc00000| Complete 
| 101|0x000000008bd00000, 0x000000008be00000, 0x000000008be00000|100%| E|CS|TAMS 0x000000008bd00000, 0x000000008bd00000| Complete 
| 102|0x000000008be00000, 0x000000008bf00000, 0x000000008bf00000|100%| E|CS|TAMS 0x000000008be00000, 0x000000008be00000| Complete 
| 103|0x000000008bf00000, 0x000000008c000000, 0x000000008c000000|100%| E|CS|TAMS 0x000000008bf00000, 0x000000008bf00000| Complete 
| 104|0x000000008c000000, 0x000000008c100000, 0x000000008c100000|100%| E|CS|TAMS 0x000000008c000000, 0x000000008c000000| Complete 
| 105|0x000000008c100000, 0x000000008c200000, 0x000000008c200000|100%| E|CS|TAMS 0x000000008c100000, 0x000000008c100000| Complete 
| 106|0x000000008c200000, 0x000000008c300000, 0x000000008c300000|100%| E|CS|TAMS 0x000000008c200000, 0x000000008c200000| Complete 
| 107|0x000000008c300000, 0x000000008c400000, 0x000000008c400000|100%| E|CS|TAMS 0x000000008c300000, 0x000000008c300000| Complete 
| 108|0x000000008c400000, 0x000000008c500000, 0x000000008c500000|100%| E|CS|TAMS 0x000000008c400000, 0x000000008c400000| Complete 
| 109|0x000000008c500000, 0x000000008c600000, 0x000000008c600000|100%| E|CS|TAMS 0x000000008c500000, 0x000000008c500000| Complete 
| 110|0x000000008c600000, 0x000000008c700000, 0x000000008c700000|100%| E|CS|TAMS 0x000000008c600000, 0x000000008c600000| Complete 
| 111|0x000000008c700000, 0x000000008c800000, 0x000000008c800000|100%| E|CS|TAMS 0x000000008c700000, 0x000000008c700000| Complete 
| 112|0x000000008c800000, 0x000000008c900000, 0x000000008c900000|100%| E|CS|TAMS 0x000000008c800000, 0x000000008c800000| Complete 
| 113|0x000000008c900000, 0x000000008ca00000, 0x000000008ca00000|100%| E|CS|TAMS 0x000000008c900000, 0x000000008c900000| Complete 
| 114|0x000000008ca00000, 0x000000008cb00000, 0x000000008cb00000|100%| E|CS|TAMS 0x000000008ca00000, 0x000000008ca00000| Complete 
| 115|0x000000008cb00000, 0x000000008cc00000, 0x000000008cc00000|100%| E|CS|TAMS 0x000000008cb00000, 0x000000008cb00000| Complete 
| 116|0x000000008cc00000, 0x000000008cd00000, 0x000000008cd00000|100%| E|CS|TAMS 0x000000008cc00000, 0x000000008cc00000| Complete 
| 117|0x000000008cd00000, 0x000000008ce00000, 0x000000008ce00000|100%| E|CS|TAMS 0x000000008cd00000, 0x000000008cd00000| Complete 
| 118|0x000000008ce00000, 0x000000008cf00000, 0x000000008cf00000|100%| E|CS|TAMS 0x000000008ce00000, 0x000000008ce00000| Complete 
| 119|0x000000008cf00000, 0x000000008d000000, 0x000000008d000000|100%| E|CS|TAMS 0x000000008cf00000, 0x000000008cf00000| Complete 
| 120|0x000000008d000000, 0x000000008d100000, 0x000000008d100000|100%| E|CS|TAMS 0x000000008d000000, 0x000000008d000000| Complete 
| 121|0x000000008d100000, 0x000000008d200000, 0x000000008d200000|100%| E|CS|TAMS 0x000000008d100000, 0x000000008d100000| Complete 
| 122|0x000000008d200000, 0x000000008d300000, 0x000000008d300000|100%| E|CS|TAMS 0x000000008d200000, 0x000000008d200000| Complete 
| 123|0x000000008d300000, 0x000000008d400000, 0x000000008d400000|100%| E|CS|TAMS 0x000000008d300000, 0x000000008d300000| Complete 

Card table byte_map: [0x00000230b0f90000,0x00000230b1370000] _byte_map_base: 0x00000230b0b64000

Marking Bits (Prev, Next): (CMBitMap*) 0x0000023099df7920, (CMBitMap*) 0x0000023099df7960
 Prev Bits: [0x00000230b1750000, 0x00000230b35f0000)
 Next Bits: [0x00000230b35f0000, 0x00000230b5490000)

Polling page: 0x0000023097d50000

Metaspace:

Usage:
  Non-class:     12.11 MB used.
      Class:    938.04 KB used.
       Both:     13.03 MB used.

Virtual space:
  Non-class space:       16.00 MB reserved,      12.19 MB ( 76%) committed,  2 nodes.
      Class space:        1.00 GB reserved,       1.00 MB ( <1%) committed,  1 nodes.
             Both:        1.02 GB reserved,      13.19 MB (  1%) committed. 

Chunk freelists:
   Non-Class:  3.69 MB
       Class:  2.89 MB
        Both:  6.58 MB

MaxMetaspaceSize: unlimited
CompressedClassSpaceSize: 1.00 GB
Initial GC threshold: 21.00 MB
Current GC threshold: 21.00 MB
CDS: on
MetaspaceReclaimPolicy: balanced
 - commit_granule_bytes: 65536.
 - commit_granule_words: 8192.
 - virtual_space_node_default_size: 1048576.
 - enlarge_chunks_in_place: 1.
 - new_chunks_are_fully_committed: 0.
 - uncommit_free_chunks: 1.
 - use_allocation_guard: 0.
 - handle_deallocations: 1.


Internal statistics:

num_allocs_failed_limit: 0.
num_arena_births: 142.
num_arena_deaths: 0.
num_vsnodes_births: 3.
num_vsnodes_deaths: 0.
num_space_committed: 207.
num_space_uncommitted: 0.
num_chunks_returned_to_freelist: 0.
num_chunks_taken_from_freelist: 449.
num_chunk_merges: 0.
num_chunk_splits: 335.
num_chunks_enlarged: 260.
num_purges: 0.
num_inconsistent_stats: 0.

CodeHeap 'non-profiled nmethods': size=120000Kb used=873Kb max_used=873Kb free=119126Kb
 bounds [0x00000230a9350000, 0x00000230a95c0000, 0x00000230b0880000]
CodeHeap 'profiled nmethods': size=120000Kb used=3700Kb max_used=3700Kb free=116299Kb
 bounds [0x00000230a1e20000, 0x00000230a21c0000, 0x00000230a9350000]
CodeHeap 'non-nmethods': size=5760Kb used=1610Kb max_used=1642Kb free=4149Kb
 bounds [0x00000230a1880000, 0x00000230a1af0000, 0x00000230a1e20000]
 total_blobs=2807 nmethods=1875 adapters=845
 compilation: enabled
              stopped_count=0, restarted_count=0
 full_count=0

Compilation events (20 events):
Event: 122.422 Thread 0x00000230b7eb3ac0 1866       3       jogamp.newt.DisplayImpl$7::run (8 bytes)
Event: 122.423 Thread 0x00000230b7eb3ac0 nmethod 1866 0x00000230a21bbb90 code [0x00000230a21bbd40, 0x00000230a21bbf08]
Event: 126.593 Thread 0x00000230b7eb01f0 1867       4       java.util.concurrent.ConcurrentHashMap$Traverser::advance (188 bytes)
Event: 126.597 Thread 0x00000230b7eb01f0 nmethod 1867 0x00000230a9428510 code [0x00000230a94286a0, 0x00000230a9428998]
Event: 132.125 Thread 0x00000230b7eb01f0 1868       4       java.util.concurrent.atomic.AtomicInteger::getAndIncrement (12 bytes)
Event: 132.126 Thread 0x00000230b7eb01f0 nmethod 1868 0x00000230a9428b90 code [0x00000230a9428d00, 0x00000230a9428d78]
Event: 132.202 Thread 0x00000230b7eb01f0 1869       4       java.util.concurrent.LinkedBlockingQueue::dequeue (32 bytes)
Event: 132.203 Thread 0x00000230b7eb01f0 nmethod 1869 0x00000230a9428e90 code [0x00000230a9429000, 0x00000230a9429218]
Event: 132.203 Thread 0x00000230b7eb01f0 1870       4       java.util.concurrent.atomic.AtomicInteger::getAndDecrement (12 bytes)
Event: 132.204 Thread 0x00000230b7eb01f0 nmethod 1870 0x00000230a9429310 code [0x00000230a9429480, 0x00000230a94294f8]
Event: 132.282 Thread 0x00000230b7eb01f0 1871       4       java.util.concurrent.ConcurrentHashMap$BaseIterator::hasNext (13 bytes)
Event: 132.282 Thread 0x00000230b7eb01f0 nmethod 1871 0x00000230a9429610 code [0x00000230a9429780, 0x00000230a9429818]
Event: 132.766 Thread 0x00000230b7eb01f0 1872   !   4       jogamp.common.util.locks.RecursiveLockImpl01Unfairish::tryLock (582 bytes)
Event: 132.769 Thread 0x00000230b7eb01f0 nmethod 1872 0x00000230a9429910 code [0x00000230a9429aa0, 0x00000230a9429f98]
Event: 135.844 Thread 0x00000230b7eb01f0 1873       4       java.lang.String::indexOf (64 bytes)
Event: 135.846 Thread 0x00000230b7eb01f0 nmethod 1873 0x00000230a942a210 code [0x00000230a942a380, 0x00000230a942a5d8]
Event: 141.243 Thread 0x00000230b7eb3ac0 1875       3       jdk.internal.loader.NativeLibraries::find (72 bytes)
Event: 141.243 Thread 0x00000230b7eb3ac0 nmethod 1875 0x00000230a21bc010 code [0x00000230a21bc240, 0x00000230a21bcad8]
Event: 141.243 Thread 0x00000230b7eb3ac0 1874       3       java.lang.ClassLoader::findNative (21 bytes)
Event: 141.243 Thread 0x00000230b7eb3ac0 nmethod 1874 0x00000230a21bcd90 code [0x00000230a21bcf60, 0x00000230a21bd198]

GC Heap History (10 events):
Event: 0.986 GC heap before
{Heap before GC invocations=0 (full 0):
 garbage-first heap   total 126976K, used 23552K [0x0000000085800000, 0x0000000100000000)
  region size 1024K, 23 young (23552K), 0 survivors (0K)
 Metaspace       used 10785K, committed 11008K, reserved 1064960K
  class space    used 740K, committed 832K, reserved 1048576K
}
Event: 0.993 GC heap after
{Heap after GC invocations=1 (full 0):
 garbage-first heap   total 126976K, used 2746K [0x0000000085800000, 0x0000000100000000)
  region size 1024K, 3 young (3072K), 3 survivors (3072K)
 Metaspace       used 10785K, committed 11008K, reserved 1064960K
  class space    used 740K, committed 832K, reserved 1048576K
}
Event: 1.691 GC heap before
{Heap before GC invocations=1 (full 0):
 garbage-first heap   total 126976K, used 39610K [0x0000000085800000, 0x0000000100000000)
  region size 1024K, 37 young (37888K), 3 survivors (3072K)
 Metaspace       used 12411K, committed 12672K, reserved 1064960K
  class space    used 909K, committed 1024K, reserved 1048576K
}
Event: 1.695 GC heap after
{Heap after GC invocations=2 (full 0):
 garbage-first heap   total 126976K, used 4226K [0x0000000085800000, 0x0000000100000000)
  region size 1024K, 2 young (2048K), 2 survivors (2048K)
 Metaspace       used 12411K, committed 12672K, reserved 1064960K
  class space    used 909K, committed 1024K, reserved 1048576K
}
Event: 5.619 GC heap before
{Heap before GC invocations=2 (full 0):
 garbage-first heap   total 126976K, used 77954K [0x0000000085800000, 0x0000000100000000)
  region size 1024K, 74 young (75776K), 2 survivors (2048K)
 Metaspace       used 12412K, committed 12672K, reserved 1064960K
  class space    used 909K, committed 1024K, reserved 1048576K
}
Event: 5.623 GC heap after
{Heap after GC invocations=3 (full 0):
 garbage-first heap   total 126976K, used 6012K [0x0000000085800000, 0x0000000100000000)
  region size 1024K, 4 young (4096K), 4 survivors (4096K)
 Metaspace       used 12412K, committed 12672K, reserved 1064960K
  class space    used 909K, committed 1024K, reserved 1048576K
}
Event: 12.098 GC heap before
{Heap before GC invocations=3 (full 0):
 garbage-first heap   total 126976K, used 77692K [0x0000000085800000, 0x0000000100000000)
  region size 1024K, 74 young (75776K), 4 survivors (4096K)
 Metaspace       used 12425K, committed 12672K, reserved 1064960K
  class space    used 910K, committed 1024K, reserved 1048576K
}
Event: 12.102 GC heap after
{Heap after GC invocations=4 (full 0):
 garbage-first heap   total 126976K, used 8276K [0x0000000085800000, 0x0000000100000000)
  region size 1024K, 6 young (6144K), 6 survivors (6144K)
 Metaspace       used 12425K, committed 12672K, reserved 1064960K
  class space    used 910K, committed 1024K, reserved 1048576K
}
Event: 16.972 GC heap before
{Heap before GC invocations=4 (full 0):
 garbage-first heap   total 126976K, used 77908K [0x0000000085800000, 0x0000000100000000)
  region size 1024K, 74 young (75776K), 6 survivors (6144K)
 Metaspace       used 12425K, committed 12672K, reserved 1064960K
  class space    used 910K, committed 1024K, reserved 1048576K
}
Event: 16.977 GC heap after
{Heap after GC invocations=5 (full 0):
 garbage-first heap   total 126976K, used 10823K [0x0000000085800000, 0x0000000100000000)
  region size 1024K, 7 young (7168K), 7 survivors (7168K)
 Metaspace       used 12425K, committed 12672K, reserved 1064960K
  class space    used 910K, committed 1024K, reserved 1048576K
}

Dll operation events (15 events):
Event: 0.007 Loaded shared library D:\GIT_HUB\WEB-DEVELOPMENT\processing_related\processing-4.1.1\java\bin\java.dll
Event: 0.016 Loaded shared library D:\GIT_HUB\WEB-DEVELOPMENT\processing_related\processing-4.1.1\java\bin\jsvml.dll
Event: 0.085 Loaded shared library D:\GIT_HUB\WEB-DEVELOPMENT\processing_related\processing-4.1.1\java\bin\net.dll
Event: 0.086 Loaded shared library D:\GIT_HUB\WEB-DEVELOPMENT\processing_related\processing-4.1.1\java\bin\nio.dll
Event: 0.089 Loaded shared library D:\GIT_HUB\WEB-DEVELOPMENT\processing_related\processing-4.1.1\java\bin\zip.dll
Event: 0.137 Loaded shared library D:\GIT_HUB\WEB-DEVELOPMENT\processing_related\processing-4.1.1\java\bin\jimage.dll
Event: 0.141 Loaded shared library D:\GIT_HUB\WEB-DEVELOPMENT\processing_related\processing-4.1.1\java\bin\awt.dll
Event: 0.533 Loaded shared library C:\Users\HP PC\AppData\Local\Temp\jogamp_0000\file_cache\jln5126945117855832632\jln9051750720067594827\natives\windows-amd64\gluegen_rt.dll
Event: 0.542 Loaded shared library D:\GIT_HUB\WEB-DEVELOPMENT\processing_related\processing-4.1.1\java\bin\jawt.dll
Event: 0.573 Loaded shared library C:\Users\HP PC\AppData\Local\Temp\jogamp_0000\file_cache\jln5126945117855832632\jln9051750720067594827\natives\windows-amd64\nativewindow_awt.dll
Event: 0.621 Loaded shared library C:\Users\HP PC\AppData\Local\Temp\jogamp_0000\file_cache\jln5126945117855832632\jln9051750720067594827\natives\windows-amd64\nativewindow_win32.dll
Event: 0.729 Loaded shared library C:\Users\HP PC\AppData\Local\Temp\jogamp_0000\file_cache\jln5126945117855832632\jln9051750720067594827\natives\windows-amd64\jogl_desktop.dll
Event: 0.772 Loaded shared library C:\Users\HP PC\AppData\Local\Temp\jogamp_0000\file_cache\jln5126945117855832632\jln9051750720067594827\natives\windows-amd64\jogl_mobile.dll
Event: 1.287 Loaded shared library C:\Users\HP PC\AppData\Local\Temp\jogamp_0000\file_cache\jln5126945117855832632\jln9051750720067594827\natives\windows-amd64\newt_head.dll
Event: 1.457 Loaded shared library D:\GIT_HUB\WEB-DEVELOPMENT\processing_related\processing-4.1.1\java\bin\verify.dll

Deoptimization events (20 events):
Event: 141.049 Thread 0x00000230bb98a570 DEOPT PACKING pc=0x00000230a212efd9 sp=0x0000004d8bdfe8c0
Event: 141.049 Thread 0x00000230bb98a570 DEOPT UNPACKING pc=0x00000230a18d66e3 sp=0x0000004d8bdfddb0 mode 1
Event: 141.049 Thread 0x00000230bb98a570 DEOPT PACKING pc=0x00000230a2111774 sp=0x0000004d8bdfe950
Event: 141.049 Thread 0x00000230bb98a570 DEOPT UNPACKING pc=0x00000230a18d66e3 sp=0x0000004d8bdfddf8 mode 1
Event: 141.128 Thread 0x00000230bb98a570 DEOPT PACKING pc=0x00000230a212efd9 sp=0x0000004d8bdfe830
Event: 141.128 Thread 0x00000230bb98a570 DEOPT UNPACKING pc=0x00000230a18d66e3 sp=0x0000004d8bdfdd20 mode 1
Event: 141.128 Thread 0x00000230bb98a570 DEOPT PACKING pc=0x00000230a2111774 sp=0x0000004d8bdfe8c0
Event: 141.128 Thread 0x00000230bb98a570 DEOPT UNPACKING pc=0x00000230a18d66e3 sp=0x0000004d8bdfdd68 mode 1
Event: 141.128 Thread 0x00000230bb98a570 DEOPT PACKING pc=0x00000230a212efd9 sp=0x0000004d8bdfe8c0
Event: 141.128 Thread 0x00000230bb98a570 DEOPT UNPACKING pc=0x00000230a18d66e3 sp=0x0000004d8bdfddb0 mode 1
Event: 141.128 Thread 0x00000230bb98a570 DEOPT PACKING pc=0x00000230a2111774 sp=0x0000004d8bdfe950
Event: 141.128 Thread 0x00000230bb98a570 DEOPT UNPACKING pc=0x00000230a18d66e3 sp=0x0000004d8bdfddf8 mode 1
Event: 141.235 Thread 0x00000230b9561fe0 Uncommon trap: trap_request=0xffffff45 fr.pc=0x00000230a93cf3e8 relative=0x00000000000001e8
Event: 141.235 Thread 0x00000230b9561fe0 Uncommon trap: reason=unstable_if action=reinterpret pc=0x00000230a93cf3e8 method=java.util.HashMap$HashIterator.<init>(Ljava/util/HashMap;)V @ 38 c2
Event: 141.235 Thread 0x00000230b9561fe0 DEOPT PACKING pc=0x00000230a93cf3e8 sp=0x0000004d8aeff350
Event: 141.235 Thread 0x00000230b9561fe0 DEOPT UNPACKING pc=0x00000230a18d5ba3 sp=0x0000004d8aeff308 mode 2
Event: 141.250 Thread 0x00000230bb986bb0 Uncommon trap: trap_request=0xffffff45 fr.pc=0x00000230a942312c relative=0x000000000000010c
Event: 141.250 Thread 0x00000230bb986bb0 Uncommon trap: reason=unstable_if action=reinterpret pc=0x00000230a942312c method=java.lang.reflect.AccessibleObject.verifyAccess(Ljava/lang/Class;Ljava/lang/Class;Ljava/lang/Class;I)Z @ 8 c2
Event: 141.250 Thread 0x00000230bb986bb0 DEOPT PACKING pc=0x00000230a942312c sp=0x0000004d891ff3e0
Event: 141.250 Thread 0x00000230bb986bb0 DEOPT UNPACKING pc=0x00000230a18d5ba3 sp=0x0000004d891ff320 mode 2

Classes unloaded (0 events):
No events

Classes redefined (0 events):
No events

Internal exceptions (20 events):
Event: 0.152 Thread 0x0000023099d9b1e0 Exception <a 'java/io/FileNotFoundException'{0x000000008cf5c5d0}> (0x000000008cf5c5d0) 
thrown [s\src\hotspot\share\prims\jni.cpp, line 516]
Event: 0.160 Thread 0x0000023099d9b1e0 Exception <a 'java/io/FileNotFoundException'{0x000000008cf897f8}> (0x000000008cf897f8) 
thrown [s\src\hotspot\share\prims\jni.cpp, line 516]
Event: 0.197 Thread 0x0000023099d9b1e0 Exception <a 'java/lang/NoSuchMethodError'{0x000000008ce18348}: 'java.lang.Object java.lang.invoke.DirectMethodHandle$Holder.invokeStaticInit(java.lang.Object)'> (0x000000008ce18348) 
thrown [s\src\hotspot\share\interpreter\linkResolver.cpp, line 759]
Event: 0.357 Thread 0x0000023099d9b1e0 Exception <a 'java/lang/NoSuchMethodError'{0x000000008ca1e4d0}: 'java.lang.Object java.lang.invoke.DirectMethodHandle$Holder.invokeStaticInit(java.lang.Object, int, int, int, int)'> (0x000000008ca1e4d0) 
thrown [s\src\hotspot\share\interpreter\linkResolver.cpp, line 759]
Event: 0.403 Thread 0x0000023099d9b1e0 Exception <a 'java/lang/NoSuchMethodError'{0x000000008cab00d8}: 'java.lang.Object java.lang.invoke.DirectMethodHandle$Holder.invokeStaticInit(java.lang.Object, java.lang.Object, int, int, int, int)'> (0x000000008cab00d8) 
thrown [s\src\hotspot\share\interpreter\linkResolver.cpp, line 759]
Event: 0.417 Thread 0x0000023099d9b1e0 Exception <a 'java/lang/NoSuchMethodError'{0x000000008cabb9d8}: 'void java.lang.invoke.DirectMethodHandle$Holder.invokeStatic(java.lang.Object, long)'> (0x000000008cabb9d8) 
thrown [s\src\hotspot\share\interpreter\linkResolver.cpp, line 759]
Event: 0.418 Thread 0x0000023099d9b1e0 Exception <a 'java/lang/NoSuchMethodError'{0x000000008cac0fb8}: 'java.lang.Object java.lang.invoke.DirectMethodHandle$Holder.newInvokeSpecial(java.lang.Object, long)'> (0x000000008cac0fb8) 
thrown [s\src\hotspot\share\interpreter\linkResolver.cpp, line 759]
Event: 0.421 Thread 0x0000023099d9b1e0 Exception <a 'java/lang/NoSuchMethodError'{0x000000008cac8210}: 'java.lang.Object java.lang.invoke.DirectMethodHandle$Holder.invokeStatic(java.lang.Object, java.lang.Object, long, java.lang.Object)'> (0x000000008cac8210) 
thrown [s\src\hotspot\share\interpreter\linkResolver.cpp, line 759]
Event: 0.421 Thread 0x0000023099d9b1e0 Exception <a 'java/lang/NoSuchMethodError'{0x000000008cacbca8}: 'java.lang.Object java.lang.invoke.DirectMethodHandle$Holder.invokeStaticInit(java.lang.Object, java.lang.Object, long, java.lang.Object)'> (0x000000008cacbca8) 
thrown [s\src\hotspot\share\interpreter\linkResolver.cpp, line 759]
Event: 0.422 Thread 0x0000023099d9b1e0 Exception <a 'java/lang/NoSuchMethodError'{0x000000008cad2268}: 'java.lang.Object java.lang.invoke.DirectMethodHandle$Holder.newInvokeSpecial(java.lang.Object, java.lang.Object, long)'> (0x000000008cad2268) 
thrown [s\src\hotspot\share\interpreter\linkResolver.cpp, line 759]
Event: 0.423 Thread 0x0000023099d9b1e0 Exception <a 'java/lang/NoSuchMethodError'{0x000000008cad5dd8}: 'java.lang.Object java.lang.invoke.Invokers$Holder.linkToTargetMethod(java.lang.Object, long, java.lang.Object)'> (0x000000008cad5dd8) 
thrown [s\src\hotspot\share\interpreter\linkResolver.cpp, line 759]
Event: 0.584 Thread 0x0000023099d9b1e0 Exception <a 'java/lang/NoSuchMethodError'{0x000000008c844ab0}: 'java.lang.Object java.lang.invoke.DirectMethodHandle$Holder.invokeInterface(java.lang.Object, java.lang.Object)'> (0x000000008c844ab0) 
thrown [s\src\hotspot\share\interpreter\linkResolver.cpp, line 759]
Event: 0.585 Thread 0x0000023099d9b1e0 Exception <a 'java/lang/IncompatibleClassChangeError'{0x000000008c8482a8}: Found class java.lang.Object, but interface was expected> (0x000000008c8482a8) 
thrown [s\src\hotspot\share\interpreter\linkResolver.cpp, line 826]
Event: 1.393 Thread 0x0000023099d9b1e0 Exception <a 'java/lang/NoSuchMethodError'{0x000000008c9c8b30}: 'void java.lang.invoke.DirectMethodHandle$Holder.invokeSpecial(java.lang.Object, java.lang.Object, java.lang.Object, java.lang.Object, java.lang.Object)'> (0x000000008c9c8b30) 
thrown [s\src\hotspot\share\interpreter\linkResolver.cpp, line 759]
Event: 1.394 Thread 0x0000023099d9b1e0 Exception <a 'java/lang/NoSuchMethodError'{0x000000008c9d1ac0}: 'void java.lang.invoke.DirectMethodHandle$Holder.invokeSpecial(java.lang.Object, java.lang.Object, java.lang.Object)'> (0x000000008c9d1ac0) 
thrown [s\src\hotspot\share\interpreter\linkResolver.cpp, line 759]
Event: 1.395 Thread 0x0000023099d9b1e0 Exception <a 'java/lang/NoSuchMethodError'{0x000000008c9dac20}: 'void java.lang.invoke.DirectMethodHandle$Holder.invokeSpecial(java.lang.Object, java.lang.Object, int)'> (0x000000008c9dac20) 
thrown [s\src\hotspot\share\interpreter\linkResolver.cpp, line 759]
Event: 1.396 Thread 0x0000023099d9b1e0 Exception <a 'java/lang/NoSuchMethodError'{0x000000008c9e0c38}: 'java.lang.Object java.lang.invoke.DirectMethodHandle$Holder.newInvokeSpecial(java.lang.Object, java.lang.Object, int)'> (0x000000008c9e0c38) 
thrown [s\src\hotspot\share\interpreter\linkResolver.cpp, line 759]
Event: 1.453 Thread 0x00000230bb98a570 Exception <a 'java/lang/NoSuchMethodError'{0x000000008c84d6a0}: 'void java.lang.invoke.DirectMethodHandle$Holder.invokeSpecial(java.lang.Object, java.lang.Object, int, int)'> (0x000000008c84d6a0) 
thrown [s\src\hotspot\share\interpreter\linkResolver.cpp, line 759]
Event: 1.454 Thread 0x00000230bb98a570 Exception <a 'java/lang/NoSuchMethodError'{0x000000008c853bc0}: 'java.lang.Object java.lang.invoke.DirectMethodHandle$Holder.newInvokeSpecial(java.lang.Object, java.lang.Object, int, int)'> (0x000000008c853bc0) 
thrown [s\src\hotspot\share\interpreter\linkResolver.cpp, line 759]
Event: 141.210 Thread 0x00000230bb989230 Exception <a 'java/lang/InterruptedException'{0x000000008a91c658}> (0x000000008a91c658) 
thrown [s\src\hotspot\share\runtime\objectMonitor.cpp, line 1648]

VM Operations (20 events):
Event: 67.999 Executing VM operation: Cleanup done
Event: 74.003 Executing VM operation: Cleanup
Event: 74.003 Executing VM operation: Cleanup done
Event: 77.004 Executing VM operation: Cleanup
Event: 77.004 Executing VM operation: Cleanup done
Event: 78.005 Executing VM operation: Cleanup
Event: 78.005 Executing VM operation: Cleanup done
Event: 81.006 Executing VM operation: Cleanup
Event: 81.006 Executing VM operation: Cleanup done
Event: 113.023 Executing VM operation: Cleanup
Event: 113.024 Executing VM operation: Cleanup done
Event: 114.024 Executing VM operation: Cleanup
Event: 114.024 Executing VM operation: Cleanup done
Event: 122.028 Executing VM operation: Cleanup
Event: 122.029 Executing VM operation: Cleanup done
Event: 124.031 Executing VM operation: Cleanup
Event: 124.031 Executing VM operation: Cleanup done
Event: 133.035 Executing VM operation: Cleanup
Event: 133.035 Executing VM operation: Cleanup done
Event: 141.315 Executing VM operation: Exit

Events (20 events):
Event: 18.334 loading class jdk/internal/reflect/Label$PatchInfo done
Event: 18.334 loading class jdk/internal/reflect/MethodAccessorGenerator$1
Event: 18.334 loading class jdk/internal/reflect/MethodAccessorGenerator$1 done
Event: 18.334 loading class jdk/internal/reflect/ClassDefiner
Event: 18.334 loading class jdk/internal/reflect/ClassDefiner done
Event: 18.334 loading class jdk/internal/reflect/ClassDefiner$1
Event: 18.334 loading class jdk/internal/reflect/ClassDefiner$1 done
Event: 141.210 Thread 0x00000230bb987ef0 Thread added: 0x00000230bb987ef0
Event: 141.210 Thread 0x00000230bb989230 Thread exited: 0x00000230bb989230
Event: 141.210 Thread 0x00000230bb986bb0 Thread added: 0x00000230bb986bb0
Event: 141.210 Thread 0x00000230bb987a20 Thread added: 0x00000230bb987a20
Event: 141.212 Thread 0x00000230bb987080 Thread added: 0x00000230bb987080
Event: 141.212 Thread 0x00000230bb990c80 Thread exited: 0x00000230bb990c80
Event: 141.212 loading class java/nio/channels/ClosedChannelException
Event: 141.212 loading class java/nio/channels/ClosedChannelException done
Event: 141.212 Thread 0x00000230bb987a20 Thread exited: 0x00000230bb987a20
Event: 141.218 Thread 0x00000230b8ecda20 Thread exited: 0x00000230b8ecda20
Event: 141.242 Thread 0x00000230b9561fe0 Thread exited: 0x00000230b9561fe0
Event: 141.250 Thread 0x00000230bb986bb0 Thread exited: 0x00000230bb986bb0
Event: 141.313 Thread 0x00000230bb987ef0 Thread exited: 0x00000230bb987ef0


Dynamic libraries:
0x00007ff66cec0000 - 0x00007ff66cece000 	D:\GIT_HUB\WEB-DEVELOPMENT\processing_related\processing-4.1.1\java\bin\java.exe
0x00007ffbfa450000 - 0x00007ffbfa664000 	C:\WINDOWS\SYSTEM32\ntdll.dll
0x00007ffbf98b0000 - 0x00007ffbf9973000 	C:\WINDOWS\System32\KERNEL32.DLL
0x00007ffbf7ce0000 - 0x00007ffbf807d000 	C:\WINDOWS\System32\KERNELBASE.dll
0x00007ffbf7870000 - 0x00007ffbf7981000 	C:\WINDOWS\System32\ucrtbase.dll
0x00007ffbeec60000 - 0x00007ffbeec77000 	D:\GIT_HUB\WEB-DEVELOPMENT\processing_related\processing-4.1.1\java\bin\jli.dll
0x00007ffbc23c0000 - 0x00007ffbc23d9000 	D:\GIT_HUB\WEB-DEVELOPMENT\processing_related\processing-4.1.1\java\bin\VCRUNTIME140.dll
0x00007ffbf8280000 - 0x00007ffbf842d000 	C:\WINDOWS\System32\USER32.dll
0x00007ffbda230000 - 0x00007ffbda4be000 	C:\WINDOWS\WinSxS\amd64_microsoft.windows.common-controls_6595b64144ccf1df_6.0.22621.608_none_a9444ca7c10bb01d\COMCTL32.dll
0x00007ffbf8080000 - 0x00007ffbf80a6000 	C:\WINDOWS\System32\win32u.dll
0x00007ffbf9b40000 - 0x00007ffbf9be7000 	C:\WINDOWS\System32\msvcrt.dll
0x00007ffbf8250000 - 0x00007ffbf8279000 	C:\WINDOWS\System32\GDI32.dll
0x00007ffbf8120000 - 0x00007ffbf8232000 	C:\WINDOWS\System32\gdi32full.dll
0x00007ffbf7990000 - 0x00007ffbf7a2a000 	C:\WINDOWS\System32\msvcp_win.dll
0x00007ffbfa2b0000 - 0x00007ffbfa2e2000 	C:\WINDOWS\System32\IMM32.DLL
0x00007ffbeec50000 - 0x00007ffbeec5c000 	D:\GIT_HUB\WEB-DEVELOPMENT\processing_related\processing-4.1.1\java\bin\vcruntime140_1.dll
0x00007ffbacf80000 - 0x00007ffbad011000 	D:\GIT_HUB\WEB-DEVELOPMENT\processing_related\processing-4.1.1\java\bin\msvcp140.dll
0x00007ffbaae30000 - 0x00007ffbaba74000 	D:\GIT_HUB\WEB-DEVELOPMENT\processing_related\processing-4.1.1\java\bin\server\jvm.dll
0x00007ffbf96f0000 - 0x00007ffbf979e000 	C:\WINDOWS\System32\ADVAPI32.dll
0x00007ffbfa1e0000 - 0x00007ffbfa284000 	C:\WINDOWS\System32\sechost.dll
0x00007ffbf9420000 - 0x00007ffbf9535000 	C:\WINDOWS\System32\RPCRT4.dll
0x00007ffbeea00000 - 0x00007ffbeea34000 	C:\WINDOWS\SYSTEM32\WINMM.dll
0x00007ffbef0e0000 - 0x00007ffbef0ea000 	C:\WINDOWS\SYSTEM32\VERSION.dll
0x00007ffbde490000 - 0x00007ffbde499000 	C:\WINDOWS\SYSTEM32\WSOCK32.dll
0x00007ffbf9810000 - 0x00007ffbf9881000 	C:\WINDOWS\System32\WS2_32.dll
0x00007ffbf68a0000 - 0x00007ffbf68b8000 	C:\WINDOWS\SYSTEM32\kernel.appcore.dll
0x00007ffbc1410000 - 0x00007ffbc141a000 	D:\GIT_HUB\WEB-DEVELOPMENT\processing_related\processing-4.1.1\java\bin\jimage.dll
0x00007ffbf51a0000 - 0x00007ffbf53ce000 	C:\WINDOWS\SYSTEM32\DBGHELP.DLL
0x00007ffbf8840000 - 0x00007ffbf8bca000 	C:\WINDOWS\System32\combase.dll
0x00007ffbf9c70000 - 0x00007ffbf9d47000 	C:\WINDOWS\System32\OLEAUT32.dll
0x00007ffbe6d90000 - 0x00007ffbe6dc2000 	C:\WINDOWS\SYSTEM32\dbgcore.DLL
0x00007ffbf7a30000 - 0x00007ffbf7aab000 	C:\WINDOWS\System32\bcryptPrimitives.dll
0x00007ffbdc500000 - 0x00007ffbdc53b000 	D:\GIT_HUB\WEB-DEVELOPMENT\processing_related\processing-4.1.1\java\bin\jdwp.dll
0x00007ffbb0d10000 - 0x00007ffbb0d35000 	D:\GIT_HUB\WEB-DEVELOPMENT\processing_related\processing-4.1.1\java\bin\java.dll
0x00007ffbace10000 - 0x00007ffbacee6000 	D:\GIT_HUB\WEB-DEVELOPMENT\processing_related\processing-4.1.1\java\bin\jsvml.dll
0x00007ffbf8bd0000 - 0x00007ffbf93bf000 	C:\WINDOWS\System32\SHELL32.dll
0x00007ffbf5840000 - 0x00007ffbf6108000 	C:\WINDOWS\SYSTEM32\windows.storage.dll
0x00007ffbf5700000 - 0x00007ffbf583e000 	C:\WINDOWS\SYSTEM32\wintypes.dll
0x00007ffbf9560000 - 0x00007ffbf9651000 	C:\WINDOWS\System32\SHCORE.dll
0x00007ffbf93c0000 - 0x00007ffbf941e000 	C:\WINDOWS\System32\shlwapi.dll
0x00007ffbf77a0000 - 0x00007ffbf77c1000 	C:\WINDOWS\SYSTEM32\profapi.dll
0x00007ffbeee10000 - 0x00007ffbeee1c000 	D:\GIT_HUB\WEB-DEVELOPMENT\processing_related\processing-4.1.1\java\bin\dt_socket.dll
0x00007ffbf6360000 - 0x00007ffbf638d000 	C:\WINDOWS\SYSTEM32\IPHLPAPI.DLL
0x00007ffbf6da0000 - 0x00007ffbf6e09000 	C:\WINDOWS\system32\mswsock.dll
0x00007ffbb7320000 - 0x00007ffbb7339000 	D:\GIT_HUB\WEB-DEVELOPMENT\processing_related\processing-4.1.1\java\bin\net.dll
0x00007ffbf2570000 - 0x00007ffbf269f000 	C:\WINDOWS\SYSTEM32\WINHTTP.dll
0x00007ffbb0cf0000 - 0x00007ffbb0d05000 	D:\GIT_HUB\WEB-DEVELOPMENT\processing_related\processing-4.1.1\java\bin\nio.dll
0x00007ffbaed10000 - 0x00007ffbaed28000 	D:\GIT_HUB\WEB-DEVELOPMENT\processing_related\processing-4.1.1\java\bin\zip.dll
0x00007ffbac7e0000 - 0x00007ffbac96e000 	D:\GIT_HUB\WEB-DEVELOPMENT\processing_related\processing-4.1.1\java\bin\awt.dll
0x00007ffbf4720000 - 0x00007ffbf47b7000 	C:\WINDOWS\SYSTEM32\apphelp.dll
0x00007ffbf49d0000 - 0x00007ffbf4a7b000 	C:\WINDOWS\system32\uxtheme.dll
0x00007ffbfa2f0000 - 0x00007ffbfa40e000 	C:\WINDOWS\System32\MSCTF.dll
0x00007ffbf86a0000 - 0x00007ffbf883c000 	C:\WINDOWS\System32\ole32.dll
0x00007ffbf4cf0000 - 0x00007ffbf4d1b000 	C:\WINDOWS\system32\DWMAPI.DLL
0x00007ffbdfbc0000 - 0x00007ffbdfcc0000 	C:\WINDOWS\system32\opengl32.dll
0x00007ffbe75f0000 - 0x00007ffbe761d000 	C:\WINDOWS\SYSTEM32\GLU32.dll
0x00007ffbf4ab0000 - 0x00007ffbf4ae6000 	C:\WINDOWS\SYSTEM32\dxcore.dll
0x00007ffbf7000000 - 0x00007ffbf701b000 	C:\WINDOWS\SYSTEM32\CRYPTSP.dll
0x00007ffbf6810000 - 0x00007ffbf6845000 	C:\WINDOWS\system32\rsaenh.dll
0x00007ffbf6e90000 - 0x00007ffbf6eb8000 	C:\WINDOWS\SYSTEM32\USERENV.dll
0x00007ffbf7230000 - 0x00007ffbf7258000 	C:\WINDOWS\SYSTEM32\bcrypt.dll
0x00007ffbf6ff0000 - 0x00007ffbf6ffc000 	C:\WINDOWS\SYSTEM32\CRYPTBASE.dll
0x00007ffbfa290000 - 0x00007ffbfa299000 	C:\WINDOWS\System32\NSI.dll
0x00007ffbef1d0000 - 0x00007ffbef1e9000 	C:\WINDOWS\SYSTEM32\dhcpcsvc6.DLL
0x00007ffbef1b0000 - 0x00007ffbef1cf000 	C:\WINDOWS\SYSTEM32\dhcpcsvc.DLL
0x00007ffbf6390000 - 0x00007ffbf6482000 	C:\WINDOWS\SYSTEM32\DNSAPI.dll
0x000000006e8c0000 - 0x000000006e8cd000 	C:\Users\HP PC\AppData\Local\Temp\jogamp_0000\file_cache\jln5126945117855832632\jln9051750720067594827\natives\windows-amd64\gluegen_rt.dll
0x00007ffbe0090000 - 0x00007ffbe0097000 	D:\GIT_HUB\WEB-DEVELOPMENT\processing_related\processing-4.1.1\java\bin\jawt.dll
0x000000006a440000 - 0x000000006a44d000 	C:\Users\HP PC\AppData\Local\Temp\jogamp_0000\file_cache\jln5126945117855832632\jln9051750720067594827\natives\windows-amd64\nativewindow_awt.dll
0x000000006c100000 - 0x000000006c110000 	C:\Users\HP PC\AppData\Local\Temp\jogamp_0000\file_cache\jln5126945117855832632\jln9051750720067594827\natives\windows-amd64\nativewindow_win32.dll
0x0000000064500000 - 0x0000000064585000 	C:\Users\HP PC\AppData\Local\Temp\jogamp_0000\file_cache\jln5126945117855832632\jln9051750720067594827\natives\windows-amd64\jogl_desktop.dll
0x00007ffb93400000 - 0x00007ffb9373e000 	C:\Users\HP PC\AppData\Local\Programs\MiKTeX\miktex\bin\x64\libGLESv2.dll
0x00007ffbad240000 - 0x00007ffbad3e9000 	C:\WINDOWS\SYSTEM32\d3d9.dll
0x0000000064340000 - 0x0000000064391000 	C:\Users\HP PC\AppData\Local\Temp\jogamp_0000\file_cache\jln5126945117855832632\jln9051750720067594827\natives\windows-amd64\jogl_mobile.dll
0x00007ffbe75a0000 - 0x00007ffbe75e9000 	C:\WINDOWS\SYSTEM32\directxdatabasehelper.dll
0x00007ffbf8430000 - 0x00007ffbf84e7000 	C:\WINDOWS\System32\clbcatq.dll
0x00007ffb90c40000 - 0x00007ffb91c46000 	C:\WINDOWS\System32\DriverStore\FileRepository\iigd_dch.inf_amd64_9dbfad2c6843c394\igxelpicd64.dll
0x00007ffbf4af0000 - 0x00007ffbf4be7000 	C:\WINDOWS\system32\dxgi.dll
0x00007ffb90100000 - 0x00007ffb90853000 	C:\WINDOWS\System32\DriverStore\FileRepository\iigd_dch.inf_amd64_9dbfad2c6843c394\igdml64.dll
0x00007ffbd5d70000 - 0x00007ffbd6131000 	C:\WINDOWS\System32\DriverStore\FileRepository\iigd_dch.inf_amd64_9dbfad2c6843c394\igdgmm64.dll
0x00007ffbd2b10000 - 0x00007ffbd5d70000 	C:\WINDOWS\System32\DriverStore\FileRepository\iigd_dch.inf_amd64_9dbfad2c6843c394\igc64.dll
0x00007ffbf70a0000 - 0x00007ffbf70ed000 	C:\WINDOWS\SYSTEM32\powrprof.dll
0x00007ffbf7060000 - 0x00007ffbf7073000 	C:\WINDOWS\SYSTEM32\UMPDC.dll
0x0000000070d80000 - 0x0000000070d93000 	C:\Users\HP PC\AppData\Local\Temp\jogamp_0000\file_cache\jln5126945117855832632\jln9051750720067594827\natives\windows-amd64\newt_head.dll
0x00007ffbf22c0000 - 0x00007ffbf237d000 	C:\WINDOWS\SYSTEM32\mscms.dll
0x00007ffbad1c0000 - 0x00007ffbad209000 	C:\WINDOWS\SYSTEM32\icm32.dll
0x00007ffbf9d60000 - 0x00007ffbfa1da000 	C:\WINDOWS\System32\setupapi.dll
0x00007ffbf7520000 - 0x00007ffbf7553000 	C:\WINDOWS\SYSTEM32\DEVOBJ.dll
0x00007ffbf7560000 - 0x00007ffbf75ae000 	C:\WINDOWS\SYSTEM32\cfgmgr32.dll
0x00007ffbf80b0000 - 0x00007ffbf811b000 	C:\WINDOWS\System32\WINTRUST.dll
0x00007ffbf7b70000 - 0x00007ffbf7cd6000 	C:\WINDOWS\System32\CRYPT32.dll
0x00007ffbf7080000 - 0x00007ffbf7092000 	C:\WINDOWS\SYSTEM32\MSASN1.dll
0x00007ffbd0f40000 - 0x00007ffbd106d000 	C:\WINDOWS\SYSTEM32\textinputframework.dll
0x00007ffbf42a0000 - 0x00007ffbf43d3000 	C:\WINDOWS\SYSTEM32\CoreMessaging.dll
0x00007ffbd90b0000 - 0x00007ffbd941c000 	C:\WINDOWS\SYSTEM32\CoreUIComponents.dll
0x00007ffbe0070000 - 0x00007ffbe0080000 	D:\GIT_HUB\WEB-DEVELOPMENT\processing_related\processing-4.1.1\java\bin\verify.dll
0x00007ffbe30e0000 - 0x00007ffbe314b000 	C:\WINDOWS\system32\Ninput.dll

dbghelp: loaded successfully - version: 4.0.5 - missing functions: none
symbol engine: initialized successfully - sym options: 0x614 - pdb path: .;D:\GIT_HUB\WEB-DEVELOPMENT\processing_related\processing-4.1.1\java\bin;C:\WINDOWS\SYSTEM32;C:\WINDOWS\WinSxS\amd64_microsoft.windows.common-controls_6595b64144ccf1df_6.0.22621.608_none_a9444ca7c10bb01d;D:\GIT_HUB\WEB-DEVELOPMENT\processing_related\processing-4.1.1\java\bin\server;C:\Users\HP PC\AppData\Local\Temp\jogamp_0000\file_cache\jln5126945117855832632\jln9051750720067594827\natives\windows-amd64;C:\Users\HP PC\AppData\Local\Programs\MiKTeX\miktex\bin\x64;C:\WINDOWS\System32\DriverStore\FileRepository\iigd_dch.inf_amd64_9dbfad2c6843c394

VM Arguments:
jvm_args: -agentlib:jdwp=transport=dt_socket,address=8255,server=y,suspend=y,quiet=y -Djna.nosys=true -Djava.library.path=;D:\GIT_HUB\WEB-DEVELOPMENT\processing_related\processing-4.1.1\core\library\windows-amd64;C:\Users\HP PC\OneDrive\Documents\Processing\libraries\peasycam\library;D:\GIT_HUB\WEB-DEVELOPMENT\processing_related\processing-4.1.1\java\bin;C:\WINDOWS\system32;C:\WINDOWS;C:\Program Files\Common Files\Oracle\Java\javapath;C:\Program Files (x86)\Common Files\Oracle\Java\javapath;C:\WINDOWS\system32;C:\WINDOWS;C:\WINDOWS\System32\Wbem;C:\WINDOWS\System32\WindowsPowerShell\v1.0;C:\WINDOWS\System32\OpenSSH;C:\mingw\mingw32\bin;C:\Program Files\Python310;C:\Program Files\Java\jdk-18.0.1.1\bin;C:\Program Files\Git\cmd;C:\Program Files\nodejs;C:\Program Files\MySQL\MySQL Shell 8.0\bin;C:\Users\HP PC\AppData\Local\Microsoft\WindowsApps;C:\Users\HP PC\AppData\Local\Programs\Microsoft VS Code\bin;C:\Program Files\Python310\Scripts;C:\Users\HP PC\AppData\Local\Programs\MiKTeX\miktex\bin\x64;C:\Users\HP PC\AppData\Roaming\npm;D:\GIT_HUB\WEB-DEVELOPMENT\processing_related\processing-4.1.1\java\bin;. -ea 
java_command: processing.core.PApplet --location=739,133 --external --display=1 --sketch-path=D:\GIT_HUB\WEB-DEVELOPMENT\processing_related\madelbulb_3d --ui-scale=1 madelbulb_3d
java_class_path (initial): C:\Users\HPPC~1\AppData\Local\Temp\processing\madelbulb_3d10043762917841309393temp;D:\GIT_HUB\WEB-DEVELOPMENT\processing_related\processing-4.1.1\core\library\core.jar;D:\GIT_HUB\WEB-DEVELOPMENT\processing_related\processing-4.1.1\core\library\gluegen-rt-natives-linux-aarch64.jar;D:\GIT_HUB\WEB-DEVELOPMENT\processing_related\processing-4.1.1\core\library\gluegen-rt-natives-linux-amd64.jar;D:\GIT_HUB\WEB-DEVELOPMENT\processing_related\processing-4.1.1\core\library\gluegen-rt-natives-linux-armv6hf.jar;D:\GIT_HUB\WEB-DEVELOPMENT\processing_related\processing-4.1.1\core\library\gluegen-rt-natives-linux-i586.jar;D:\GIT_HUB\WEB-DEVELOPMENT\processing_related\processing-4.1.1\core\library\gluegen-rt-natives-macosx-universal.jar;D:\GIT_HUB\WEB-DEVELOPMENT\processing_related\processing-4.1.1\core\library\gluegen-rt-natives-windows-amd64.jar;D:\GIT_HUB\WEB-DEVELOPMENT\processing_related\processing-4.1.1\core\library\gluegen-rt-natives-windows-i586.jar;D:\GIT_HUB\WEB-DEVELOPMENT\processing_related\processing-4.1.1\core\library\gluegen-rt.jar;D:\GIT_HUB\WEB-DEVELOPMENT\processing_related\processing-4.1.1\core\library\jogl-all-natives-linux-aarch64.jar;D:\GIT_HUB\WEB-DEVELOPMENT\processing_related\processing-4.1.1\core\library\jogl-all-natives-linux-amd64.jar;D:\GIT_HUB\WEB-DEVELOPMENT\processing_related\processing-4.1.1\core\library\jogl-all-natives-linux-armv6hf.jar;D:\GIT_HUB\WEB-DEVELOPMENT\processing_related\processing-4.1.1\core\library\jogl-all-natives-linux-i586.jar;D:\GIT_HUB\WEB-DEVELOPMENT\processing_related\processing-4.1.1\core\library\jogl-all-natives-macosx-universal.jar;D:\GIT_HUB\WEB-DEVELOPMENT\processing_related\processing-4.1.1\core\library\jogl-all-natives-windows-amd64.jar;D:\GIT_HUB\WEB-DEVELOPMENT\processing_related\processing-4.1.1\core\library\jogl-all-natives-windows-i586.jar;D:\GIT_HUB\WEB-DEVELOPMENT\processing_related\processing-4.1.1\core\library\jogl-all.jar;C:\Users\HP PC\OneDrive\Documents\Processing\libraries\peasyc
Launcher Type: SUN_STANDARD

[Global flags]
     intx CICompilerCount                          = 4                                         {product} {ergonomic}
     uint ConcGCThreads                            = 2                                         {product} {ergonomic}
     uint G1ConcRefinementThreads                  = 8                                         {product} {ergonomic}
   size_t G1HeapRegionSize                         = 1048576                                   {product} {ergonomic}
    uintx GCDrainStackTargetSize                   = 64                                        {product} {ergonomic}
   size_t InitialHeapSize                          = 130023424                                 {product} {ergonomic}
   size_t MarkStackSize                            = 4194304                                   {product} {ergonomic}
   size_t MaxHeapSize                              = 2055208960                                {product} {ergonomic}
   size_t MaxNewSize                               = 1233125376                                {product} {ergonomic}
   size_t MinHeapDeltaBytes                        = 1048576                                   {product} {ergonomic}
   size_t MinHeapSize                              = 8388608                                   {product} {ergonomic}
    uintx NonNMethodCodeHeapSize                   = 5839372                                {pd product} {ergonomic}
    uintx NonProfiledCodeHeapSize                  = 122909434                              {pd product} {ergonomic}
    uintx ProfiledCodeHeapSize                     = 122909434                              {pd product} {ergonomic}
    uintx ReservedCodeCacheSize                    = 251658240                              {pd product} {ergonomic}
     bool SegmentedCodeCache                       = true                                      {product} {ergonomic}
   size_t SoftMaxHeapSize                          = 2055208960                             {manageable} {ergonomic}
     bool UseCompressedClassPointers               = true                           {product lp64_product} {ergonomic}
     bool UseCompressedOops                        = true                           {product lp64_product} {ergonomic}
     bool UseG1GC                                  = true                                      {product} {ergonomic}
     bool UseLargePagesIndividualAllocation        = false                                  {pd product} {ergonomic}

Logging:
Log output configuration:
 #0: stdout all=off uptime,level,tags
 #1: stderr all=off uptime,level,tags

Environment Variables:
JAVA_HOME=C:\Program Files\Java\jdk-18.0.1.1
PATH=C:\Program Files\Common Files\Oracle\Java\javapath;C:\Program Files (x86)\Common Files\Oracle\Java\javapath;C:\WINDOWS\system32;C:\WINDOWS;C:\WINDOWS\System32\Wbem;C:\WINDOWS\System32\WindowsPowerShell\v1.0\;C:\WINDOWS\System32\OpenSSH\;C:\mingw\mingw32\bin;C:\Program Files\Python310;C:\Program Files\Java\jdk-18.0.1.1\bin;C:\Program Files\Git\cmd;C:\Program Files\nodejs\;C:\Program Files\MySQL\MySQL Shell 8.0\bin\;C:\Users\HP PC\AppData\Local\Microsoft\WindowsApps;C:\Users\HP PC\AppData\Local\Programs\Microsoft VS Code\bin;C:\Program Files\Python310\Scripts;C:\Users\HP PC\AppData\Local\Programs\MiKTeX\miktex\bin\x64\;C:\Users\HP PC\AppData\Roaming\npm;D:\GIT_HUB\WEB-DEVELOPMENT\processing_related\processing-4.1.1\java\bin
USERNAME=AADITYA RAJ
OS=Windows_NT
PROCESSOR_IDENTIFIER=Intel64 Family 6 Model 140 Stepping 1, GenuineIntel
TMP=C:\Users\HPPC~1\AppData\Local\Temp
TEMP=C:\Users\HPPC~1\AppData\Local\Temp



---------------  S Y S T E M  ---------------

OS:
 Windows 11 , 64 bit Build 22621 (10.0.22621.1105)
OS uptime: 3 days 19:35 hours
Hyper-V role detected

CPU: total 8 (initial active 8) (4 cores per cpu, 2 threads per core) family 6 model 140 stepping 1 microcode 0x9a, cx8, cmov, fxsr, ht, mmx, 3dnowpref, sse, sse2, sse3, ssse3, sse4.1, sse4.2, popcnt, lzcnt, tsc, tscinvbit, avx, avx2, aes, erms, clmul, bmi1, bmi2, adx, avx512f, avx512dq, avx512cd, avx512bw, avx512vl, sha, fma, vzeroupper, avx512_vpopcntdq, avx512_vpclmulqdq, avx512_vaes, avx512_vnni, clflush, clflushopt, clwb, avx512_vbmi2, avx512_vbmi, hv

Memory: 4k page, system-wide physical 7834M (2603M free)
TotalPageFile size 11802M (AvailPageFile size 4815M)
current process WorkingSet (physical memory assigned to process): 576M, peak: 610M
current process commit charge ("private bytes"): 579M, peak: 593M

vm_info: OpenJDK 64-Bit Server VM (17.0.5+8) for windows-amd64 JRE (17.0.5+8), built on Oct 19 2022 04:48:13 by "temurin" with MS VC++ 16.7 (VS2019)

END.
