#
# A fatal error has been detected by the Java Runtime Environment:
#
#  EXCEPTION_ACCESS_VIOLATION (0xc0000005) at pc=0x00007ffb90f4cf2c, pid=14944, tid=9120
#
# JRE version: OpenJDK Runtime Environment Temurin-17.0.5+8 (17.0.5+8) (build 17.0.5+8)
# Java VM: OpenJDK 64-Bit Server VM Temurin-17.0.5+8 (17.0.5+8, mixed mode, sharing, tiered, compressed oops, compressed class ptrs, g1 gc, windows-amd64)
# Problematic frame:
# C  [igxelpicd64.dll+0x30cf2c]
#
# No core dump will be written. Minidumps are not enabled by default on client versions of Windows
#
# If you would like to submit a bug report, please visit:
#   https://github.com/adoptium/adoptium-support/issues
# The crash happened outside the Java Virtual Machine in native code.
# See problematic frame for where to report the bug.
#

---------------  S U M M A R Y ------------

Command Line: -agentlib:jdwp=transport=dt_socket,address=8372,server=y,suspend=y,quiet=y -Djna.nosys=true -Djava.library.path=;D:\GIT_HUB\WEB-DEVELOPMENT\processing_related\processing-4.1.1\core\library\windows-amd64;C:\Users\HP PC\OneDrive\Documents\Processing\libraries\peasycam\library;D:\GIT_HUB\WEB-DEVELOPMENT\processing_related\processing-4.1.1\java\bin;C:\WINDOWS\system32;C:\WINDOWS;C:\Program Files\Common Files\Oracle\Java\javapath;C:\Program Files (x86)\Common Files\Oracle\Java\javapath;C:\WINDOWS\system32;C:\WINDOWS;C:\WINDOWS\System32\Wbem;C:\WINDOWS\System32\WindowsPowerShell\v1.0;C:\WINDOWS\System32\OpenSSH;C:\mingw\mingw32\bin;C:\Program Files\Python310;C:\Program Files\Java\jdk-18.0.1.1\bin;C:\Program Files\Git\cmd;C:\Program Files\nodejs;C:\Program Files\MySQL\MySQL Shell 8.0\bin;C:\Users\HP PC\AppData\Local\Microsoft\WindowsApps;C:\Users\HP PC\AppData\Local\Programs\Microsoft VS Code\bin;C:\Program Files\Python310\Scripts;C:\Users\HP PC\AppData\Local\Programs\MiKTeX\miktex\bin\x64;C:\Users\HP PC\AppData\Roaming\npm;D:\GIT_HUB\WEB-DEVELOPMENT\processing_related\processing-4.1.1\java\bin;. -ea processing.core.PApplet --location=0,29 --external --display=1 --sketch-path=D:\GIT_HUB\WEB-DEVELOPMENT\processing_related\madelbulb_3d --ui-scale=1 madelbulb_3d

Host: 11th Gen Intel(R) Core(TM) i5-1135G7 @ 2.40GHz, 8 cores, 7G,  Windows 11 , 64 bit Build 22621 (10.0.22621.1105)
Time: Mon Jan 16 18:15:54 2023 India Standard Time elapsed time: 65.462554 seconds (0d 0h 1m 5s)

---------------  T H R E A D  ---------------

Current thread (0x000001e6f6a0e100):  JavaThread "JDWP Transport Listener: dt_socket" daemon [_thread_in_native, id=9120, stack(0x000000c686c00000,0x000000c686d00000)]

Stack: [0x000000c686c00000,0x000000c686d00000],  sp=0x000000c686cfe890,  free space=1018k
Native frames: (J=compiled Java code, j=interpreted, Vv=VM code, C=native code)
C  [igxelpicd64.dll+0x30cf2c]


siginfo: EXCEPTION_ACCESS_VIOLATION (0xc0000005), reading address 0x00000000000356f8


Register to memory mapping:

RIP=0x00007ffb90f4cf2c igxelpicd64.dll
RAX=0x000001e6f7222560 points into unknown readable memory: 0x00000000000dac7a | 7a ac 0d 00 00 00 00 00
RBX=0x000001e6f748c150 points into unknown readable memory: 0xffffffffffffffff | ff ff ff ff ff ff ff ff
RCX=0x0 is NULL
RDX=0x0000000000000004 is an unknown value
RSP=0x000000c686cfe890 is pointing into the stack for thread: 0x000001e6f6a0e100
RBP=0x0000000000000016 is an unknown value
RSI=0x000001e6f967f1e0 points into unknown readable memory: 0x34000000bebafe00 | 00 fe ba be 00 00 00 34
RDI=0x0 is NULL
R8 =0x0000000000000014 is an unknown value
R9 =0x0 is NULL
R10=0x0 is NULL
R11=0x0000000000000246 is an unknown value
R12=0x000001e6f7222908 points into unknown readable memory: 0x000001e6f72255c0 | c0 55 22 f7 e6 01 00 00
R13=0x0 is NULL
R14=0x000001e6f7222340 points into unknown readable memory: 0x000001e6f74ec8a0 | a0 c8 4e f7 e6 01 00 00
R15=0x0 is NULL


Registers:
RAX=0x000001e6f7222560, RBX=0x000001e6f748c150, RCX=0x0000000000000000, RDX=0x0000000000000004
RSP=0x000000c686cfe890, RBP=0x0000000000000016, RSI=0x000001e6f967f1e0, RDI=0x0000000000000000
R8 =0x0000000000000014, R9 =0x0000000000000000, R10=0x0000000000000000, R11=0x0000000000000246
R12=0x000001e6f7222908, R13=0x0000000000000000, R14=0x000001e6f7222340, R15=0x0000000000000000
RIP=0x00007ffb90f4cf2c, EFLAGS=0x0000000000010206

Top of Stack: (sp=0x000000c686cfe890)
0x000000c686cfe890:   000001e6f748c150 00007ffbf82841a9
0x000000c686cfe8a0:   000000c686cfe928 0000000000000000
0x000000c686cfe8b0:   0000000000000054 000001e6f748c150
0x000000c686cfe8c0:   0000000000000000 00007ffbfa4f2e44
0x000000c686cfe8d0:   0000200100000000 00007ffb90c8e41d
0x000000c686cfe8e0:   000000007a000004 000001e6f9f354b8
0x000000c686cfe8f0:   00000000000dac80 0000000000000000
0x000000c686cfe900:   0000000000000015 0000000000000000
0x000000c686cfe910:   0000000000000000 000000c686cfea30
0x000000c686cfe920:   000001e6f967f1e0 00007ffb90e2d62c
0x000000c686cfe930:   000001e600000016 000001e6f72255c0
0x000000c686cfe940:   000001e6f9f35100 000001e6f9f00600
0x000000c686cfe950:   000000c600000958 0000b80219cc0000
0x000000c686cfe960:   0000000000000000 022161d901e940d9
0x000000c686cfe970:   0000002801730b00 000080040035e000
0x000000c686cfe980:   023ee2db02147adb 01191bdd021545dc 

Instructions: (pc=0x00007ffb90f4cf2c)
0x00007ffb90f4ce2c:   41 bf 20 00 00 00 48 8b 04 38 4d 8b 3c 07 0f b6
0x00007ffb90f4ce3c:   bc 24 b0 00 00 00 4c 3b 3d f7 b6 c3 00 41 0f 44
0x00007ffb90f4ce4c:   e9 89 ac 24 a0 00 00 00 48 85 c9 0f 84 d4 07 00
0x00007ffb90f4ce5c:   00 0f 1f 00 4c 8b f1 4c 8d a1 c8 05 00 00 49 8b
0x00007ffb90f4ce6c:   04 24 48 89 84 24 a8 00 00 00 40 84 ff 74 10 48
0x00007ffb90f4ce7c:   8b d1 48 8b 09 e8 0a 49 ee ff e9 4f 07 00 00 8b
0x00007ffb90f4ce8c:   96 c8 01 00 00 48 8b 05 78 9a b3 00 83 b8 64 03
0x00007ffb90f4ce9c:   00 00 02 0f 85 18 02 00 00 83 fa 10 73 0e 48 8d
0x00007ffb90f4ceac:   42 04 48 8d 04 c2 48 8d 04 c1 eb 60 8d 4a f0 8b
0x00007ffb90f4cebc:   c1 c1 e8 04 83 f8 03 73 1d 0f ae e8 83 e1 0f 4d
0x00007ffb90f4cecc:   8b 84 c6 80 05 00 00 4d 85 c0 74 25 48 8d 0c c9
0x00007ffb90f4cedc:   49 8d 04 c8 eb 36 49 8b 86 98 05 00 00 48 85 c0
0x00007ffb90f4ceec:   74 0f 66 90 39 10 74 2f 48 8b 40 50 48 85 c0 75
0x00007ffb90f4cefc:   f3 41 80 be a0 05 00 00 00 74 22 8b c2 83 e0 0f
0x00007ffb90f4cf0c:   48 8d 04 c0 48 8d 40 20 49 8d 04 c6 48 85 c0 74
0x00007ffb90f4cf1c:   0c 48 8b 48 08 eb 09 48 83 c0 08 eb ef 49 8b c9
0x00007ffb90f4cf2c:   49 3b 8f f8 56 03 00 0f 86 84 01 00 00 83 fa 10
0x00007ffb90f4cf3c:   73 0a 48 8d 42 04 48 8d 04 c2 eb 5c 8d 4a f0 8b
0x00007ffb90f4cf4c:   c1 c1 e8 04 83 f8 03 73 1d 0f ae e8 83 e1 0f 4d
0x00007ffb90f4cf5c:   8b 84 c6 80 05 00 00 4d 85 c0 74 25 48 8d 0c c9
0x00007ffb90f4cf6c:   49 8d 04 c8 eb 36 49 8b 86 98 05 00 00 48 85 c0
0x00007ffb90f4cf7c:   74 0f 66 90 39 10 74 2f 48 8b 40 50 48 85 c0 75
0x00007ffb90f4cf8c:   f3 41 80 be a0 05 00 00 00 74 22 8b c2 83 e0 0f
0x00007ffb90f4cf9c:   48 8d 04 c0 48 8d 40 20 49 8d 04 c6 48 85 c0 74
0x00007ffb90f4cfac:   0c 48 8b 48 08 eb 09 48 83 c0 08 eb ef 49 8b c9
0x00007ffb90f4cfbc:   49 3b 8e 40 06 00 00 0f 86 f4 00 00 00 48 8b 86
0x00007ffb90f4cfcc:   78 02 00 00 49 89 04 24 4c 89 b6 78 02 00 00 ff
0x00007ffb90f4cfdc:   86 80 02 00 00 49 8b 46 08 48 8b 88 18 01 00 00
0x00007ffb90f4cfec:   48 81 e1 00 00 ff ff 48 81 c1 00 00 01 00 48 01
0x00007ffb90f4cffc:   8e 88 02 00 00 ba 01 00 00 00 49 8b 4e 08 e8 b1
0x00007ffb90f4d00c:   91 d4 ff 48 01 86 98 02 00 00 85 ed 74 75 49 8b
0x00007ffb90f4d01c:   9f 58 4f 03 00 0f 57 c0 f3 0f 7f 44 24 30 c7 44 


Stack slot to memory mapping:
stack at sp + 0 slots: 0x000001e6f748c150 points into unknown readable memory: 0xffffffffffffffff | ff ff ff ff ff ff ff ff
stack at sp + 1 slots: 0x00007ffbf82841a9 USER32.dll
stack at sp + 2 slots: 0x000000c686cfe928 is pointing into the stack for thread: 0x000001e6f6a0e100
stack at sp + 3 slots: 0x0 is NULL
stack at sp + 4 slots: 0x0000000000000054 is an unknown value
stack at sp + 5 slots: 0x000001e6f748c150 points into unknown readable memory: 0xffffffffffffffff | ff ff ff ff ff ff ff ff
stack at sp + 6 slots: 0x0 is NULL
stack at sp + 7 slots: 0x00007ffbfa4f2e44 ntdll.dll


---------------  P R O C E S S  ---------------

Threads class SMR info:
_java_thread_list=0x000001e687db3100, length=21, elements={
0x000001e6f5f5f000, 0x000001e6f5f5f9b0, 0x000001e6f5f75500, 0x000001e6f5f7bed0,
0x000001e6f5f7c880, 0x000001e6f5f7d840, 0x000001e6f5f80f90, 0x000001e6f5fa25c0,
0x000001e6f5f7e610, 0x000001e6f6a0e100, 0x000001e6f6a0f190, 0x000001e6f6a2cc80,
0x000001e6f6a36b40, 0x000001e6f6ecfd40, 0x000001e6f6ed5910, 0x000001e6f75cc120,
0x000001e6f967e1b0, 0x000001e6f9b0c390, 0x000001e6f96a6570, 0x000001e6f96a78b0,
0x000001e6f96a3ef0
}

Java Threads: ( => current thread )
  0x000001e6f5f5f000 JavaThread "Reference Handler" daemon [_thread_blocked, id=11060, stack(0x000000c686300000,0x000000c686400000)]
  0x000001e6f5f5f9b0 JavaThread "Finalizer" daemon [_thread_blocked, id=11260, stack(0x000000c686400000,0x000000c686500000)]
  0x000001e6f5f75500 JavaThread "Signal Dispatcher" daemon [_thread_blocked, id=1700, stack(0x000000c686500000,0x000000c686600000)]
  0x000001e6f5f7bed0 JavaThread "Attach Listener" daemon [_thread_blocked, id=8644, stack(0x000000c686600000,0x000000c686700000)]
  0x000001e6f5f7c880 JavaThread "Service Thread" daemon [_thread_blocked, id=16492, stack(0x000000c686700000,0x000000c686800000)]
  0x000001e6f5f7d840 JavaThread "Monitor Deflation Thread" daemon [_thread_blocked, id=19232, stack(0x000000c686800000,0x000000c686900000)]
  0x000001e6f5f80f90 JavaThread "C2 CompilerThread0" daemon [_thread_blocked, id=7396, stack(0x000000c686900000,0x000000c686a00000)]
  0x000001e6f5fa25c0 JavaThread "C1 CompilerThread0" daemon [_thread_blocked, id=2396, stack(0x000000c686a00000,0x000000c686b00000)]
  0x000001e6f5f7e610 JavaThread "Sweeper thread" daemon [_thread_blocked, id=6252, stack(0x000000c686b00000,0x000000c686c00000)]
=>0x000001e6f6a0e100 JavaThread "JDWP Transport Listener: dt_socket" daemon [_thread_in_native, id=9120, stack(0x000000c686c00000,0x000000c686d00000)]
  0x000001e6f6a0f190 JavaThread "JDWP Event Helper Thread" daemon [_thread_blocked, id=7796, stack(0x000000c686d00000,0x000000c686e00000)]
  0x000001e6f6a2cc80 JavaThread "Notification Thread" daemon [_thread_blocked, id=16184, stack(0x000000c686f00000,0x000000c687000000)]
  0x000001e6f6a36b40 JavaThread "Common-Cleaner" daemon [_thread_blocked, id=12608, stack(0x000000c687100000,0x000000c687200000)]
  0x000001e6f6ecfd40 JavaThread "Java2D Disposer" daemon [_thread_blocked, id=2436, stack(0x000000c687200000,0x000000c687300000)]
  0x000001e6f6ed5910 JavaThread "AWT-Windows" daemon [_thread_in_native, id=17764, stack(0x000000c687400000,0x000000c687500000)]
  0x000001e6f75cc120 JavaThread "main-SharedResourceRunner" daemon [_thread_blocked, id=20392, stack(0x000000c687700000,0x000000c687800000)]
  0x000001e6f967e1b0 JavaThread "main-Display-.windows_nil-1-EDT-1" daemon [_thread_blocked, id=10864, stack(0x000000c688300000,0x000000c688400000)]
  0x000001e6f9b0c390 JavaThread "HighResTimerThread" daemon [_thread_blocked, id=9340, stack(0x000000c688400000,0x000000c688500000)]
  0x000001e6f96a6570 JavaThread "Thread-2" [_thread_blocked, id=20408, stack(0x000000c688500000,0x000000c688600000)]
  0x000001e6f96a78b0 JavaThread "main-FPSAWTAnimator#00-Timer0" [_thread_in_native, id=20360, stack(0x000000c688600000,0x000000c688700000)]
  0x000001e6f96a3ef0 JavaThread "DestroyJavaVM" [_thread_blocked, id=20448, stack(0x000000c685c00000,0x000000c685d00000)]

Other Threads:
  0x000001e6f5f59860 VMThread "VM Thread" [stack: 0x000000c686200000,0x000000c686300000] [id=10168]
  0x000001e6d7edf820 WatcherThread [stack: 0x000000c687000000,0x000000c687100000] [id=13024]
  0x000001e6d7eb9750 GCTaskThread "GC Thread#0" [stack: 0x000000c685d00000,0x000000c685e00000] [id=9500]
  0x000001e6f930c730 GCTaskThread "GC Thread#1" [stack: 0x000000c687b00000,0x000000c687c00000] [id=2344]
  0x000001e6f930c9e0 GCTaskThread "GC Thread#2" [stack: 0x000000c687c00000,0x000000c687d00000] [id=14004]
  0x000001e6f9310ca0 GCTaskThread "GC Thread#3" [stack: 0x000000c687d00000,0x000000c687e00000] [id=18016]
  0x000001e6f9310f50 GCTaskThread "GC Thread#4" [stack: 0x000000c687e00000,0x000000c687f00000] [id=5896]
  0x000001e6f9311200 GCTaskThread "GC Thread#5" [stack: 0x000000c687f00000,0x000000c688000000] [id=3020]
  0x000001e6f9332450 GCTaskThread "GC Thread#6" [stack: 0x000000c688000000,0x000000c688100000] [id=16452]
  0x000001e6f9332700 GCTaskThread "GC Thread#7" [stack: 0x000000c688100000,0x000000c688200000] [id=7932]
  0x000001e6d7ec9b90 ConcurrentGCThread "G1 Main Marker" [stack: 0x000000c685e00000,0x000000c685f00000] [id=10432]
  0x000001e6d7eca5a0 ConcurrentGCThread "G1 Conc#0" [stack: 0x000000c685f00000,0x000000c686000000] [id=9364]
  0x000001e6d7f1d860 ConcurrentGCThread "G1 Refine#0" [stack: 0x000000c686000000,0x000000c686100000] [id=12412]
  0x000001e6d7f1e020 ConcurrentGCThread "G1 Service" [stack: 0x000000c686100000,0x000000c686200000] [id=16852]

Threads with active compile tasks:

VM state: not at safepoint (normal execution)

VM Mutex/Monitor currently owned by a thread: None

Heap address: 0x0000000085800000, size: 1960 MB, Compressed Oops mode: 32-bit

CDS archive(s) mapped at: [0x0000000800000000-0x0000000800bc0000-0x0000000800bc0000), size 12320768, SharedBaseAddress: 0x0000000800000000, ArchiveRelocationMode: 0.
Compressed class space mapped at: 0x0000000800c00000-0x0000000840c00000, reserved size: 1073741824
Narrow klass base: 0x0000000800000000, Narrow klass shift: 0, Narrow klass range: 0x100000000

GC Precious Log:
 CPUs: 8 total, 8 available
 Memory: 7834M
 Large Page Support: Disabled
 NUMA Support: Disabled
 Compressed Oops: Enabled (32-bit)
 Heap Region Size: 1M
 Heap Min Capacity: 8M
 Heap Initial Capacity: 124M
 Heap Max Capacity: 1960M
 Pre-touch: Disabled
 Parallel Workers: 8
 Concurrent Workers: 2
 Concurrent Refinement Workers: 8
 Periodic GC: Disabled

Heap:
 garbage-first heap   total 126976K, used 51676K [0x0000000085800000, 0x0000000100000000)
  region size 1024K, 45 young (46080K), 7 survivors (7168K)
 Metaspace       used 13292K, committed 13504K, reserved 1064960K
  class space    used 933K, committed 1024K, reserved 1048576K

Heap Regions: E=young(eden), S=young(survivor), O=old, HS=humongous(starts), HC=humongous(continues), CS=collection set, F=free, OA=open archive, CA=closed archive, TAMS=top-at-mark-start (previous, next)
|   0|0x0000000085800000, 0x0000000085900000, 0x0000000085900000|100%|HS|  |TAMS 0x0000000085800000, 0x0000000085800000| Complete 
|   1|0x0000000085900000, 0x0000000085a00000, 0x0000000085a00000|100%|HS|  |TAMS 0x0000000085900000, 0x0000000085900000| Complete 
|   2|0x0000000085a00000, 0x0000000085b00000, 0x0000000085b00000|100%| O|  |TAMS 0x0000000085a00000, 0x0000000085a00000| Untracked 
|   3|0x0000000085b00000, 0x0000000085c00000, 0x0000000085c00000|100%| O|  |TAMS 0x0000000085b00000, 0x0000000085b00000| Untracked 
|   4|0x0000000085c00000, 0x0000000085c90a00, 0x0000000085d00000| 56%| O|  |TAMS 0x0000000085c00000, 0x0000000085c00000| Untracked 
|   5|0x0000000085d00000, 0x0000000085e00000, 0x0000000085e00000|100%|HS|  |TAMS 0x0000000085d00000, 0x0000000085d00000| Complete 
|   6|0x0000000085e00000, 0x0000000085f00000, 0x0000000085f00000|100%|HC|  |TAMS 0x0000000085e00000, 0x0000000085e00000| Complete 
|   7|0x0000000085f00000, 0x0000000085f00000, 0x0000000086000000|  0%| F|  |TAMS 0x0000000085f00000, 0x0000000085f00000| Untracked 
|   8|0x0000000086000000, 0x0000000086000000, 0x0000000086100000|  0%| F|  |TAMS 0x0000000086000000, 0x0000000086000000| Untracked 
|   9|0x0000000086100000, 0x0000000086100000, 0x0000000086200000|  0%| F|  |TAMS 0x0000000086100000, 0x0000000086100000| Untracked 
|  10|0x0000000086200000, 0x0000000086200000, 0x0000000086300000|  0%| F|  |TAMS 0x0000000086200000, 0x0000000086200000| Untracked 
|  11|0x0000000086300000, 0x0000000086300000, 0x0000000086400000|  0%| F|  |TAMS 0x0000000086300000, 0x0000000086300000| Untracked 
|  12|0x0000000086400000, 0x0000000086400000, 0x0000000086500000|  0%| F|  |TAMS 0x0000000086400000, 0x0000000086400000| Untracked 
|  13|0x0000000086500000, 0x0000000086500000, 0x0000000086600000|  0%| F|  |TAMS 0x0000000086500000, 0x0000000086500000| Untracked 
|  14|0x0000000086600000, 0x0000000086600000, 0x0000000086700000|  0%| F|  |TAMS 0x0000000086600000, 0x0000000086600000| Untracked 
|  15|0x0000000086700000, 0x0000000086700000, 0x0000000086800000|  0%| F|  |TAMS 0x0000000086700000, 0x0000000086700000| Untracked 
|  16|0x0000000086800000, 0x0000000086800000, 0x0000000086900000|  0%| F|  |TAMS 0x0000000086800000, 0x0000000086800000| Untracked 
|  17|0x0000000086900000, 0x0000000086900000, 0x0000000086a00000|  0%| F|  |TAMS 0x0000000086900000, 0x0000000086900000| Untracked 
|  18|0x0000000086a00000, 0x0000000086a00000, 0x0000000086b00000|  0%| F|  |TAMS 0x0000000086a00000, 0x0000000086a00000| Untracked 
|  19|0x0000000086b00000, 0x0000000086b00000, 0x0000000086c00000|  0%| F|  |TAMS 0x0000000086b00000, 0x0000000086b00000| Untracked 
|  20|0x0000000086c00000, 0x0000000086c00000, 0x0000000086d00000|  0%| F|  |TAMS 0x0000000086c00000, 0x0000000086c00000| Untracked 
|  21|0x0000000086d00000, 0x0000000086d00000, 0x0000000086e00000|  0%| F|  |TAMS 0x0000000086d00000, 0x0000000086d00000| Untracked 
|  22|0x0000000086e00000, 0x0000000086e00000, 0x0000000086f00000|  0%| F|  |TAMS 0x0000000086e00000, 0x0000000086e00000| Untracked 
|  23|0x0000000086f00000, 0x0000000086f00000, 0x0000000087000000|  0%| F|  |TAMS 0x0000000086f00000, 0x0000000086f00000| Untracked 
|  24|0x0000000087000000, 0x0000000087000000, 0x0000000087100000|  0%| F|  |TAMS 0x0000000087000000, 0x0000000087000000| Untracked 
|  25|0x0000000087100000, 0x0000000087100000, 0x0000000087200000|  0%| F|  |TAMS 0x0000000087100000, 0x0000000087100000| Untracked 
|  26|0x0000000087200000, 0x0000000087200000, 0x0000000087300000|  0%| F|  |TAMS 0x0000000087200000, 0x0000000087200000| Untracked 
|  27|0x0000000087300000, 0x0000000087300000, 0x0000000087400000|  0%| F|  |TAMS 0x0000000087300000, 0x0000000087300000| Untracked 
|  28|0x0000000087400000, 0x0000000087400000, 0x0000000087500000|  0%| F|  |TAMS 0x0000000087400000, 0x0000000087400000| Untracked 
|  29|0x0000000087500000, 0x0000000087500000, 0x0000000087600000|  0%| F|  |TAMS 0x0000000087500000, 0x0000000087500000| Untracked 
|  30|0x0000000087600000, 0x0000000087600000, 0x0000000087700000|  0%| F|  |TAMS 0x0000000087600000, 0x0000000087600000| Untracked 
|  31|0x0000000087700000, 0x0000000087700000, 0x0000000087800000|  0%| F|  |TAMS 0x0000000087700000, 0x0000000087700000| Untracked 
|  32|0x0000000087800000, 0x0000000087800000, 0x0000000087900000|  0%| F|  |TAMS 0x0000000087800000, 0x0000000087800000| Untracked 
|  33|0x0000000087900000, 0x0000000087900000, 0x0000000087a00000|  0%| F|  |TAMS 0x0000000087900000, 0x0000000087900000| Untracked 
|  34|0x0000000087a00000, 0x0000000087a00000, 0x0000000087b00000|  0%| F|  |TAMS 0x0000000087a00000, 0x0000000087a00000| Untracked 
|  35|0x0000000087b00000, 0x0000000087b00000, 0x0000000087c00000|  0%| F|  |TAMS 0x0000000087b00000, 0x0000000087b00000| Untracked 
|  36|0x0000000087c00000, 0x0000000087c00000, 0x0000000087d00000|  0%| F|  |TAMS 0x0000000087c00000, 0x0000000087c00000| Untracked 
|  37|0x0000000087d00000, 0x0000000087d00000, 0x0000000087e00000|  0%| F|  |TAMS 0x0000000087d00000, 0x0000000087d00000| Untracked 
|  38|0x0000000087e00000, 0x0000000087e00000, 0x0000000087f00000|  0%| F|  |TAMS 0x0000000087e00000, 0x0000000087e00000| Untracked 
|  39|0x0000000087f00000, 0x0000000087f00000, 0x0000000088000000|  0%| F|  |TAMS 0x0000000087f00000, 0x0000000087f00000| Untracked 
|  40|0x0000000088000000, 0x0000000088000000, 0x0000000088100000|  0%| F|  |TAMS 0x0000000088000000, 0x0000000088000000| Untracked 
|  41|0x0000000088100000, 0x0000000088100000, 0x0000000088200000|  0%| F|  |TAMS 0x0000000088100000, 0x0000000088100000| Untracked 
|  42|0x0000000088200000, 0x0000000088200000, 0x0000000088300000|  0%| F|  |TAMS 0x0000000088200000, 0x0000000088200000| Untracked 
|  43|0x0000000088300000, 0x00000000883e66d0, 0x0000000088400000| 90%| S|CS|TAMS 0x0000000088300000, 0x0000000088300000| Complete 
|  44|0x0000000088400000, 0x0000000088500000, 0x0000000088500000|100%| S|CS|TAMS 0x0000000088400000, 0x0000000088400000| Complete 
|  45|0x0000000088500000, 0x0000000088500000, 0x0000000088600000|  0%| F|  |TAMS 0x0000000088500000, 0x0000000088500000| Untracked 
|  46|0x0000000088600000, 0x0000000088600000, 0x0000000088700000|  0%| F|  |TAMS 0x0000000088600000, 0x0000000088600000| Untracked 
|  47|0x0000000088700000, 0x0000000088800000, 0x0000000088800000|100%| S|CS|TAMS 0x0000000088700000, 0x0000000088700000| Complete 
|  48|0x0000000088800000, 0x0000000088900000, 0x0000000088900000|100%| S|CS|TAMS 0x0000000088800000, 0x0000000088800000| Complete 
|  49|0x0000000088900000, 0x0000000088a00000, 0x0000000088a00000|100%| S|CS|TAMS 0x0000000088900000, 0x0000000088900000| Complete 
|  50|0x0000000088a00000, 0x0000000088a00000, 0x0000000088b00000|  0%| F|  |TAMS 0x0000000088a00000, 0x0000000088a00000| Untracked 
|  51|0x0000000088b00000, 0x0000000088b00000, 0x0000000088c00000|  0%| F|  |TAMS 0x0000000088b00000, 0x0000000088b00000| Untracked 
|  52|0x0000000088c00000, 0x0000000088c00000, 0x0000000088d00000|  0%| F|  |TAMS 0x0000000088c00000, 0x0000000088c00000| Untracked 
|  53|0x0000000088d00000, 0x0000000088e00000, 0x0000000088e00000|100%| S|CS|TAMS 0x0000000088d00000, 0x0000000088d00000| Complete 
|  54|0x0000000088e00000, 0x0000000088f00000, 0x0000000088f00000|100%| S|CS|TAMS 0x0000000088e00000, 0x0000000088e00000| Complete 
|  55|0x0000000088f00000, 0x0000000088f00000, 0x0000000089000000|  0%| F|  |TAMS 0x0000000088f00000, 0x0000000088f00000| Untracked 
|  56|0x0000000089000000, 0x0000000089000000, 0x0000000089100000|  0%| F|  |TAMS 0x0000000089000000, 0x0000000089000000| Untracked 
|  57|0x0000000089100000, 0x0000000089100000, 0x0000000089200000|  0%| F|  |TAMS 0x0000000089100000, 0x0000000089100000| Untracked 
|  58|0x0000000089200000, 0x0000000089200000, 0x0000000089300000|  0%| F|  |TAMS 0x0000000089200000, 0x0000000089200000| Untracked 
|  59|0x0000000089300000, 0x0000000089300000, 0x0000000089400000|  0%| F|  |TAMS 0x0000000089300000, 0x0000000089300000| Untracked 
|  60|0x0000000089400000, 0x0000000089400000, 0x0000000089500000|  0%| F|  |TAMS 0x0000000089400000, 0x0000000089400000| Untracked 
|  61|0x0000000089500000, 0x0000000089500000, 0x0000000089600000|  0%| F|  |TAMS 0x0000000089500000, 0x0000000089500000| Untracked 
|  62|0x0000000089600000, 0x0000000089600000, 0x0000000089700000|  0%| F|  |TAMS 0x0000000089600000, 0x0000000089600000| Untracked 
|  63|0x0000000089700000, 0x0000000089700000, 0x0000000089800000|  0%| F|  |TAMS 0x0000000089700000, 0x0000000089700000| Untracked 
|  64|0x0000000089800000, 0x0000000089800000, 0x0000000089900000|  0%| F|  |TAMS 0x0000000089800000, 0x0000000089800000| Untracked 
|  65|0x0000000089900000, 0x0000000089900000, 0x0000000089a00000|  0%| F|  |TAMS 0x0000000089900000, 0x0000000089900000| Untracked 
|  66|0x0000000089a00000, 0x0000000089a00000, 0x0000000089b00000|  0%| F|  |TAMS 0x0000000089a00000, 0x0000000089a00000| Untracked 
|  67|0x0000000089b00000, 0x0000000089b00000, 0x0000000089c00000|  0%| F|  |TAMS 0x0000000089b00000, 0x0000000089b00000| Untracked 
|  68|0x0000000089c00000, 0x0000000089c00000, 0x0000000089d00000|  0%| F|  |TAMS 0x0000000089c00000, 0x0000000089c00000| Untracked 
|  69|0x0000000089d00000, 0x0000000089d00000, 0x0000000089e00000|  0%| F|  |TAMS 0x0000000089d00000, 0x0000000089d00000| Untracked 
|  70|0x0000000089e00000, 0x0000000089e00000, 0x0000000089f00000|  0%| F|  |TAMS 0x0000000089e00000, 0x0000000089e00000| Untracked 
|  71|0x0000000089f00000, 0x0000000089f00000, 0x000000008a000000|  0%| F|  |TAMS 0x0000000089f00000, 0x0000000089f00000| Untracked 
|  72|0x000000008a000000, 0x000000008a000000, 0x000000008a100000|  0%| F|  |TAMS 0x000000008a000000, 0x000000008a000000| Untracked 
|  73|0x000000008a100000, 0x000000008a100000, 0x000000008a200000|  0%| F|  |TAMS 0x000000008a100000, 0x000000008a100000| Untracked 
|  74|0x000000008a200000, 0x000000008a200000, 0x000000008a300000|  0%| F|  |TAMS 0x000000008a200000, 0x000000008a200000| Untracked 
|  75|0x000000008a300000, 0x000000008a300000, 0x000000008a400000|  0%| F|  |TAMS 0x000000008a300000, 0x000000008a300000| Untracked 
|  76|0x000000008a400000, 0x000000008a400000, 0x000000008a500000|  0%| F|  |TAMS 0x000000008a400000, 0x000000008a400000| Untracked 
|  77|0x000000008a500000, 0x000000008a500000, 0x000000008a600000|  0%| F|  |TAMS 0x000000008a500000, 0x000000008a500000| Untracked 
|  78|0x000000008a600000, 0x000000008a600000, 0x000000008a700000|  0%| F|  |TAMS 0x000000008a600000, 0x000000008a600000| Untracked 
|  79|0x000000008a700000, 0x000000008a700000, 0x000000008a800000|  0%| F|  |TAMS 0x000000008a700000, 0x000000008a700000| Untracked 
|  80|0x000000008a800000, 0x000000008a800000, 0x000000008a900000|  0%| F|  |TAMS 0x000000008a800000, 0x000000008a800000| Untracked 
|  81|0x000000008a900000, 0x000000008a900000, 0x000000008aa00000|  0%| F|  |TAMS 0x000000008a900000, 0x000000008a900000| Untracked 
|  82|0x000000008aa00000, 0x000000008aa00000, 0x000000008ab00000|  0%| F|  |TAMS 0x000000008aa00000, 0x000000008aa00000| Untracked 
|  83|0x000000008ab00000, 0x000000008ab00000, 0x000000008ac00000|  0%| F|  |TAMS 0x000000008ab00000, 0x000000008ab00000| Untracked 
|  84|0x000000008ac00000, 0x000000008ac00000, 0x000000008ad00000|  0%| F|  |TAMS 0x000000008ac00000, 0x000000008ac00000| Untracked 
|  85|0x000000008ad00000, 0x000000008ad00000, 0x000000008ae00000|  0%| F|  |TAMS 0x000000008ad00000, 0x000000008ad00000| Untracked 
|  86|0x000000008ae00000, 0x000000008ae92e78, 0x000000008af00000| 57%| E|  |TAMS 0x000000008ae00000, 0x000000008ae00000| Complete 
|  87|0x000000008af00000, 0x000000008b000000, 0x000000008b000000|100%| E|CS|TAMS 0x000000008af00000, 0x000000008af00000| Complete 
|  88|0x000000008b000000, 0x000000008b100000, 0x000000008b100000|100%| E|CS|TAMS 0x000000008b000000, 0x000000008b000000| Complete 
|  89|0x000000008b100000, 0x000000008b200000, 0x000000008b200000|100%| E|CS|TAMS 0x000000008b100000, 0x000000008b100000| Complete 
|  90|0x000000008b200000, 0x000000008b300000, 0x000000008b300000|100%| E|CS|TAMS 0x000000008b200000, 0x000000008b200000| Complete 
|  91|0x000000008b300000, 0x000000008b400000, 0x000000008b400000|100%| E|CS|TAMS 0x000000008b300000, 0x000000008b300000| Complete 
|  92|0x000000008b400000, 0x000000008b500000, 0x000000008b500000|100%| E|CS|TAMS 0x000000008b400000, 0x000000008b400000| Complete 
|  93|0x000000008b500000, 0x000000008b600000, 0x000000008b600000|100%| E|CS|TAMS 0x000000008b500000, 0x000000008b500000| Complete 
|  94|0x000000008b600000, 0x000000008b700000, 0x000000008b700000|100%| E|CS|TAMS 0x000000008b600000, 0x000000008b600000| Complete 
|  95|0x000000008b700000, 0x000000008b800000, 0x000000008b800000|100%| E|CS|TAMS 0x000000008b700000, 0x000000008b700000| Complete 
|  96|0x000000008b800000, 0x000000008b900000, 0x000000008b900000|100%| E|CS|TAMS 0x000000008b800000, 0x000000008b800000| Complete 
|  97|0x000000008b900000, 0x000000008ba00000, 0x000000008ba00000|100%| E|CS|TAMS 0x000000008b900000, 0x000000008b900000| Complete 
|  98|0x000000008ba00000, 0x000000008bb00000, 0x000000008bb00000|100%| E|CS|TAMS 0x000000008ba00000, 0x000000008ba00000| Complete 
|  99|0x000000008bb00000, 0x000000008bc00000, 0x000000008bc00000|100%| E|CS|TAMS 0x000000008bb00000, 0x000000008bb00000| Complete 
| 100|0x000000008bc00000, 0x000000008bd00000, 0x000000008bd00000|100%| E|CS|TAMS 0x000000008bc00000, 0x000000008bc00000| Complete 
| 101|0x000000008bd00000, 0x000000008be00000, 0x000000008be00000|100%| E|CS|TAMS 0x000000008bd00000, 0x000000008bd00000| Complete 
| 102|0x000000008be00000, 0x000000008bf00000, 0x000000008bf00000|100%| E|CS|TAMS 0x000000008be00000, 0x000000008be00000| Complete 
| 103|0x000000008bf00000, 0x000000008c000000, 0x000000008c000000|100%| E|CS|TAMS 0x000000008bf00000, 0x000000008bf00000| Complete 
| 104|0x000000008c000000, 0x000000008c100000, 0x000000008c100000|100%| E|CS|TAMS 0x000000008c000000, 0x000000008c000000| Complete 
| 105|0x000000008c100000, 0x000000008c200000, 0x000000008c200000|100%| E|CS|TAMS 0x000000008c100000, 0x000000008c100000| Complete 
| 106|0x000000008c200000, 0x000000008c300000, 0x000000008c300000|100%| E|CS|TAMS 0x000000008c200000, 0x000000008c200000| Complete 
| 107|0x000000008c300000, 0x000000008c400000, 0x000000008c400000|100%| E|CS|TAMS 0x000000008c300000, 0x000000008c300000| Complete 
| 108|0x000000008c400000, 0x000000008c500000, 0x000000008c500000|100%| E|CS|TAMS 0x000000008c400000, 0x000000008c400000| Complete 
| 109|0x000000008c500000, 0x000000008c600000, 0x000000008c600000|100%| E|CS|TAMS 0x000000008c500000, 0x000000008c500000| Complete 
| 110|0x000000008c600000, 0x000000008c700000, 0x000000008c700000|100%| E|CS|TAMS 0x000000008c600000, 0x000000008c600000| Complete 
| 111|0x000000008c700000, 0x000000008c800000, 0x000000008c800000|100%| E|CS|TAMS 0x000000008c700000, 0x000000008c700000| Complete 
| 112|0x000000008c800000, 0x000000008c900000, 0x000000008c900000|100%| E|CS|TAMS 0x000000008c800000, 0x000000008c800000| Complete 
| 113|0x000000008c900000, 0x000000008ca00000, 0x000000008ca00000|100%| E|CS|TAMS 0x000000008c900000, 0x000000008c900000| Complete 
| 114|0x000000008ca00000, 0x000000008cb00000, 0x000000008cb00000|100%| E|CS|TAMS 0x000000008ca00000, 0x000000008ca00000| Complete 
| 115|0x000000008cb00000, 0x000000008cc00000, 0x000000008cc00000|100%| E|CS|TAMS 0x000000008cb00000, 0x000000008cb00000| Complete 
| 116|0x000000008cc00000, 0x000000008cd00000, 0x000000008cd00000|100%| E|CS|TAMS 0x000000008cc00000, 0x000000008cc00000| Complete 
| 117|0x000000008cd00000, 0x000000008ce00000, 0x000000008ce00000|100%| E|CS|TAMS 0x000000008cd00000, 0x000000008cd00000| Complete 
| 118|0x000000008ce00000, 0x000000008cf00000, 0x000000008cf00000|100%| E|CS|TAMS 0x000000008ce00000, 0x000000008ce00000| Complete 
| 119|0x000000008cf00000, 0x000000008d000000, 0x000000008d000000|100%| E|CS|TAMS 0x000000008cf00000, 0x000000008cf00000| Complete 
| 120|0x000000008d000000, 0x000000008d100000, 0x000000008d100000|100%| E|CS|TAMS 0x000000008d000000, 0x000000008d000000| Complete 
| 121|0x000000008d100000, 0x000000008d200000, 0x000000008d200000|100%| E|CS|TAMS 0x000000008d100000, 0x000000008d100000| Complete 
| 122|0x000000008d200000, 0x000000008d300000, 0x000000008d300000|100%| E|CS|TAMS 0x000000008d200000, 0x000000008d200000| Complete 
| 123|0x000000008d300000, 0x000000008d400000, 0x000000008d400000|100%| E|CS|TAMS 0x000000008d300000, 0x000000008d300000| Complete 

Card table byte_map: [0x000001e6ef060000,0x000001e6ef440000] _byte_map_base: 0x000001e6eec34000

Marking Bits (Prev, Next): (CMBitMap*) 0x000001e6d7eb9d60, (CMBitMap*) 0x000001e6d7eb9da0
 Prev Bits: [0x000001e6ef820000, 0x000001e6f16c0000)
 Next Bits: [0x000001e6f16c0000, 0x000001e6f3560000)

Polling page: 0x000001e6d7620000

Metaspace:

Usage:
  Non-class:     12.07 MB used.
      Class:    933.64 KB used.
       Both:     12.98 MB used.

Virtual space:
  Non-class space:       16.00 MB reserved,      12.19 MB ( 76%) committed,  2 nodes.
      Class space:        1.00 GB reserved,       1.00 MB ( <1%) committed,  1 nodes.
             Both:        1.02 GB reserved,      13.19 MB (  1%) committed. 

Chunk freelists:
   Non-Class:  3.30 MB
       Class:  2.89 MB
        Both:  6.19 MB

MaxMetaspaceSize: unlimited
CompressedClassSpaceSize: 1.00 GB
Initial GC threshold: 21.00 MB
Current GC threshold: 21.00 MB
CDS: on
MetaspaceReclaimPolicy: balanced
 - commit_granule_bytes: 65536.
 - commit_granule_words: 8192.
 - virtual_space_node_default_size: 1048576.
 - enlarge_chunks_in_place: 1.
 - new_chunks_are_fully_committed: 0.
 - uncommit_free_chunks: 1.
 - use_allocation_guard: 0.
 - handle_deallocations: 1.


Internal statistics:

num_allocs_failed_limit: 0.
num_arena_births: 140.
num_arena_deaths: 0.
num_vsnodes_births: 3.
num_vsnodes_deaths: 0.
num_space_committed: 207.
num_space_uncommitted: 0.
num_chunks_returned_to_freelist: 0.
num_chunks_taken_from_freelist: 439.
num_chunk_merges: 0.
num_chunk_splits: 333.
num_chunks_enlarged: 261.
num_purges: 0.
num_inconsistent_stats: 0.

CodeHeap 'non-profiled nmethods': size=120000Kb used=861Kb max_used=861Kb free=119139Kb
 bounds [0x000001e6e7410000, 0x000001e6e7680000, 0x000001e6ee940000]
CodeHeap 'profiled nmethods': size=120000Kb used=3667Kb max_used=3667Kb free=116333Kb
 bounds [0x000001e6dfee0000, 0x000001e6e0280000, 0x000001e6e7410000]
CodeHeap 'non-nmethods': size=5760Kb used=1610Kb max_used=1643Kb free=4149Kb
 bounds [0x000001e6df940000, 0x000001e6dfbb0000, 0x000001e6dfee0000]
 total_blobs=2769 nmethods=1837 adapters=845
 compilation: enabled
              stopped_count=0, restarted_count=0
 full_count=0

Compilation events (20 events):
Event: 54.889 Thread 0x000001e6f5fa25c0 1825       3       processing.opengl.PGL::beginRender (426 bytes)
Event: 54.890 Thread 0x000001e6f5fa25c0 nmethod 1825 0x000001e6e026e010 code [0x000001e6e026e320, 0x000001e6e026f638]
Event: 54.951 Thread 0x000001e6f5fa25c0 1827       3       processing.opengl.PGraphicsOpenGL::lightSpecular (38 bytes)
Event: 54.951 Thread 0x000001e6f5fa25c0 nmethod 1827 0x000001e6e026fc10 code [0x000001e6e026fdc0, 0x000001e6e0270048]
Event: 54.951 Thread 0x000001e6f5fa25c0 1828       3       jogamp.opengl.gl4.GL4bcImpl::glFrontFace (43 bytes)
Event: 54.951 Thread 0x000001e6f5fa25c0 nmethod 1828 0x000001e6e0270190 code [0x000001e6e0270420, 0x000001e6e0270fe8]
Event: 54.952 Thread 0x000001e6f5fa25c0 1830       3       jogamp.opengl.gl4.GL4bcImpl::glActiveTexture (44 bytes)
Event: 54.952 Thread 0x000001e6f5fa25c0 nmethod 1830 0x000001e6e0271410 code [0x000001e6e02716a0, 0x000001e6e0272268]
Event: 54.952 Thread 0x000001e6f5fa25c0 1832       3       processing.opengl.PGL::clearDepthStencil (90 bytes)
Event: 54.953 Thread 0x000001e6f5fa25c0 nmethod 1832 0x000001e6e0272690 code [0x000001e6e0272960, 0x000001e6e02737c8]
Event: 54.953 Thread 0x000001e6f5fa25c0 1833       3       processing.core.PApplet::dequeueWindowEvents (109 bytes)
Event: 54.953 Thread 0x000001e6f5fa25c0 nmethod 1833 0x000001e6e0273c90 code [0x000001e6e0273ec0, 0x000001e6e0274978]
Event: 57.340 Thread 0x000001e6f5f80f90 1834       4       java.lang.ref.Reference::refersToImpl (6 bytes)
Event: 57.341 Thread 0x000001e6f5f80f90 nmethod 1834 0x000001e6e74e6010 code [0x000001e6e74e6180, 0x000001e6e74e6218]
Event: 59.026 Thread 0x000001e6f5f80f90 1835       4       processing.core.PMatrix3D::preApply (613 bytes)
Event: 59.027 Thread 0x000001e6f5f80f90 nmethod 1835 0x000001e6e74e6310 code [0x000001e6e74e6480, 0x000001e6e74e68b8]
Event: 63.562 Thread 0x000001e6f5f80f90 1836       4       jogamp.newt.DisplayImpl$7::run (8 bytes)
Event: 63.563 Thread 0x000001e6f5f80f90 nmethod 1836 0x000001e6e74e6910 code [0x000001e6e74e6aa0, 0x000001e6e74e6ba8]
Event: 64.265 Thread 0x000001e6f5f80f90 1837       4       java.util.concurrent.ConcurrentHashMap$Traverser::advance (188 bytes)
Event: 64.269 Thread 0x000001e6f5f80f90 nmethod 1837 0x000001e6e74e6d90 code [0x000001e6e74e6f20, 0x000001e6e74e7218]

GC Heap History (10 events):
Event: 0.956 GC heap before
{Heap before GC invocations=0 (full 0):
 garbage-first heap   total 126976K, used 23552K [0x0000000085800000, 0x0000000100000000)
  region size 1024K, 23 young (23552K), 0 survivors (0K)
 Metaspace       used 10777K, committed 10944K, reserved 1064960K
  class space    used 740K, committed 832K, reserved 1048576K
}
Event: 0.963 GC heap after
{Heap after GC invocations=1 (full 0):
 garbage-first heap   total 126976K, used 2746K [0x0000000085800000, 0x0000000100000000)
  region size 1024K, 3 young (3072K), 3 survivors (3072K)
 Metaspace       used 10777K, committed 10944K, reserved 1064960K
  class space    used 740K, committed 832K, reserved 1048576K
}
Event: 1.675 GC heap before
{Heap before GC invocations=1 (full 0):
 garbage-first heap   total 126976K, used 38586K [0x0000000085800000, 0x0000000100000000)
  region size 1024K, 36 young (36864K), 3 survivors (3072K)
 Metaspace       used 12411K, committed 12672K, reserved 1064960K
  class space    used 909K, committed 1024K, reserved 1048576K
}
Event: 1.679 GC heap after
{Heap after GC invocations=2 (full 0):
 garbage-first heap   total 126976K, used 4147K [0x0000000085800000, 0x0000000100000000)
  region size 1024K, 2 young (2048K), 2 survivors (2048K)
 Metaspace       used 12411K, committed 12672K, reserved 1064960K
  class space    used 909K, committed 1024K, reserved 1048576K
}
Event: 4.851 GC heap before
{Heap before GC invocations=2 (full 0):
 garbage-first heap   total 126976K, used 77875K [0x0000000085800000, 0x0000000100000000)
  region size 1024K, 74 young (75776K), 2 survivors (2048K)
 Metaspace       used 12411K, committed 12672K, reserved 1064960K
  class space    used 909K, committed 1024K, reserved 1048576K
}
Event: 4.855 GC heap after
{Heap after GC invocations=3 (full 0):
 garbage-first heap   total 126976K, used 5465K [0x0000000085800000, 0x0000000100000000)
  region size 1024K, 3 young (3072K), 3 survivors (3072K)
 Metaspace       used 12411K, committed 12672K, reserved 1064960K
  class space    used 909K, committed 1024K, reserved 1048576K
}
Event: 10.289 GC heap before
{Heap before GC invocations=3 (full 0):
 garbage-first heap   total 126976K, used 78169K [0x0000000085800000, 0x0000000100000000)
  region size 1024K, 74 young (75776K), 3 survivors (3072K)
 Metaspace       used 12445K, committed 12672K, reserved 1064960K
  class space    used 914K, committed 1024K, reserved 1048576K
}
Event: 10.293 GC heap after
{Heap after GC invocations=4 (full 0):
 garbage-first heap   total 126976K, used 7623K [0x0000000085800000, 0x0000000100000000)
  region size 1024K, 5 young (5120K), 5 survivors (5120K)
 Metaspace       used 12445K, committed 12672K, reserved 1064960K
  class space    used 914K, committed 1024K, reserved 1048576K
}
Event: 14.152 GC heap before
{Heap before GC invocations=4 (full 0):
 garbage-first heap   total 126976K, used 78279K [0x0000000085800000, 0x0000000100000000)
  region size 1024K, 74 young (75776K), 5 survivors (5120K)
 Metaspace       used 12445K, committed 12672K, reserved 1064960K
  class space    used 914K, committed 1024K, reserved 1048576K
}
Event: 14.156 GC heap after
{Heap after GC invocations=5 (full 0):
 garbage-first heap   total 126976K, used 9692K [0x0000000085800000, 0x0000000100000000)
  region size 1024K, 7 young (7168K), 7 survivors (7168K)
 Metaspace       used 12445K, committed 12672K, reserved 1064960K
  class space    used 914K, committed 1024K, reserved 1048576K
}

Dll operation events (15 events):
Event: 0.006 Loaded shared library D:\GIT_HUB\WEB-DEVELOPMENT\processing_related\processing-4.1.1\java\bin\java.dll
Event: 0.013 Loaded shared library D:\GIT_HUB\WEB-DEVELOPMENT\processing_related\processing-4.1.1\java\bin\jsvml.dll
Event: 0.091 Loaded shared library D:\GIT_HUB\WEB-DEVELOPMENT\processing_related\processing-4.1.1\java\bin\net.dll
Event: 0.091 Loaded shared library D:\GIT_HUB\WEB-DEVELOPMENT\processing_related\processing-4.1.1\java\bin\nio.dll
Event: 0.096 Loaded shared library D:\GIT_HUB\WEB-DEVELOPMENT\processing_related\processing-4.1.1\java\bin\zip.dll
Event: 0.147 Loaded shared library D:\GIT_HUB\WEB-DEVELOPMENT\processing_related\processing-4.1.1\java\bin\jimage.dll
Event: 0.150 Loaded shared library D:\GIT_HUB\WEB-DEVELOPMENT\processing_related\processing-4.1.1\java\bin\awt.dll
Event: 0.493 Loaded shared library C:\Users\HP PC\AppData\Local\Temp\jogamp_0000\file_cache\jln3399724064431008308\jln8771149321169002915\natives\windows-amd64\gluegen_rt.dll
Event: 0.500 Loaded shared library D:\GIT_HUB\WEB-DEVELOPMENT\processing_related\processing-4.1.1\java\bin\jawt.dll
Event: 0.526 Loaded shared library C:\Users\HP PC\AppData\Local\Temp\jogamp_0000\file_cache\jln3399724064431008308\jln8771149321169002915\natives\windows-amd64\nativewindow_awt.dll
Event: 0.567 Loaded shared library C:\Users\HP PC\AppData\Local\Temp\jogamp_0000\file_cache\jln3399724064431008308\jln8771149321169002915\natives\windows-amd64\nativewindow_win32.dll
Event: 0.695 Loaded shared library C:\Users\HP PC\AppData\Local\Temp\jogamp_0000\file_cache\jln3399724064431008308\jln8771149321169002915\natives\windows-amd64\jogl_desktop.dll
Event: 0.737 Loaded shared library C:\Users\HP PC\AppData\Local\Temp\jogamp_0000\file_cache\jln3399724064431008308\jln8771149321169002915\natives\windows-amd64\jogl_mobile.dll
Event: 1.257 Loaded shared library C:\Users\HP PC\AppData\Local\Temp\jogamp_0000\file_cache\jln3399724064431008308\jln8771149321169002915\natives\windows-amd64\newt_head.dll
Event: 1.424 Loaded shared library D:\GIT_HUB\WEB-DEVELOPMENT\processing_related\processing-4.1.1\java\bin\verify.dll

Deoptimization events (20 events):
Event: 65.296 Thread 0x000001e6f96a78b0 DEOPT PACKING pc=0x000001e6e01f9659 sp=0x000000c6886fe710
Event: 65.296 Thread 0x000001e6f96a78b0 DEOPT UNPACKING pc=0x000001e6df9966e3 sp=0x000000c6886fdc00 mode 1
Event: 65.296 Thread 0x000001e6f96a78b0 DEOPT PACKING pc=0x000001e6e01e8774 sp=0x000000c6886fe7a0
Event: 65.296 Thread 0x000001e6f96a78b0 DEOPT UNPACKING pc=0x000001e6df9966e3 sp=0x000000c6886fdc48 mode 1
Event: 65.356 Thread 0x000001e6f96a78b0 DEOPT PACKING pc=0x000001e6e01f9659 sp=0x000000c6886fe680
Event: 65.356 Thread 0x000001e6f96a78b0 DEOPT UNPACKING pc=0x000001e6df9966e3 sp=0x000000c6886fdb70 mode 1
Event: 65.356 Thread 0x000001e6f96a78b0 DEOPT PACKING pc=0x000001e6e01e8774 sp=0x000000c6886fe710
Event: 65.356 Thread 0x000001e6f96a78b0 DEOPT UNPACKING pc=0x000001e6df9966e3 sp=0x000000c6886fdbb8 mode 1
Event: 65.356 Thread 0x000001e6f96a78b0 DEOPT PACKING pc=0x000001e6e01f9659 sp=0x000000c6886fe710
Event: 65.356 Thread 0x000001e6f96a78b0 DEOPT UNPACKING pc=0x000001e6df9966e3 sp=0x000000c6886fdc00 mode 1
Event: 65.356 Thread 0x000001e6f96a78b0 DEOPT PACKING pc=0x000001e6e01e8774 sp=0x000000c6886fe7a0
Event: 65.356 Thread 0x000001e6f96a78b0 DEOPT UNPACKING pc=0x000001e6df9966e3 sp=0x000000c6886fdc48 mode 1
Event: 65.417 Thread 0x000001e6f96a78b0 DEOPT PACKING pc=0x000001e6e01f9659 sp=0x000000c6886fe680
Event: 65.417 Thread 0x000001e6f96a78b0 DEOPT UNPACKING pc=0x000001e6df9966e3 sp=0x000000c6886fdb70 mode 1
Event: 65.417 Thread 0x000001e6f96a78b0 DEOPT PACKING pc=0x000001e6e01e8774 sp=0x000000c6886fe710
Event: 65.417 Thread 0x000001e6f96a78b0 DEOPT UNPACKING pc=0x000001e6df9966e3 sp=0x000000c6886fdbb8 mode 1
Event: 65.417 Thread 0x000001e6f96a78b0 DEOPT PACKING pc=0x000001e6e01f9659 sp=0x000000c6886fe710
Event: 65.417 Thread 0x000001e6f96a78b0 DEOPT UNPACKING pc=0x000001e6df9966e3 sp=0x000000c6886fdc00 mode 1
Event: 65.417 Thread 0x000001e6f96a78b0 DEOPT PACKING pc=0x000001e6e01e8774 sp=0x000000c6886fe7a0
Event: 65.417 Thread 0x000001e6f96a78b0 DEOPT UNPACKING pc=0x000001e6df9966e3 sp=0x000000c6886fdc48 mode 1

Classes unloaded (0 events):
No events

Classes redefined (0 events):
No events

Internal exceptions (20 events):
Event: 0.141 Thread 0x000001e6d7e5d620 Exception <a 'java/lang/ClassNotFoundException'{0x000000008d0f3910}: sun/awt/resources/spi/awtProvider> (0x000000008d0f3910) 
thrown [s\src\hotspot\share\classfile\systemDictionary.cpp, line 256]
Event: 0.160 Thread 0x000001e6d7e5d620 Exception <a 'java/io/FileNotFoundException'{0x000000008cf49d48}> (0x000000008cf49d48) 
thrown [s\src\hotspot\share\prims\jni.cpp, line 516]
Event: 0.166 Thread 0x000001e6d7e5d620 Exception <a 'java/io/FileNotFoundException'{0x000000008cf76f90}> (0x000000008cf76f90) 
thrown [s\src\hotspot\share\prims\jni.cpp, line 516]
Event: 0.200 Thread 0x000001e6d7e5d620 Exception <a 'java/lang/NoSuchMethodError'{0x000000008ce059e8}: 'java.lang.Object java.lang.invoke.DirectMethodHandle$Holder.invokeStaticInit(java.lang.Object)'> (0x000000008ce059e8) 
thrown [s\src\hotspot\share\interpreter\linkResolver.cpp, line 759]
Event: 0.359 Thread 0x000001e6d7e5d620 Exception <a 'java/lang/NoSuchMethodError'{0x000000008ca1e438}: 'java.lang.Object java.lang.invoke.DirectMethodHandle$Holder.invokeStaticInit(java.lang.Object, int, int, int, int)'> (0x000000008ca1e438) 
thrown [s\src\hotspot\share\interpreter\linkResolver.cpp, line 759]
Event: 0.390 Thread 0x000001e6d7e5d620 Exception <a 'java/lang/NoSuchMethodError'{0x000000008caafb30}: 'java.lang.Object java.lang.invoke.DirectMethodHandle$Holder.invokeStaticInit(java.lang.Object, java.lang.Object, int, int, int, int)'> (0x000000008caafb30) 
thrown [s\src\hotspot\share\interpreter\linkResolver.cpp, line 759]
Event: 0.404 Thread 0x000001e6d7e5d620 Exception <a 'java/lang/NoSuchMethodError'{0x000000008cabb350}: 'void java.lang.invoke.DirectMethodHandle$Holder.invokeStatic(java.lang.Object, long)'> (0x000000008cabb350) 
thrown [s\src\hotspot\share\interpreter\linkResolver.cpp, line 759]
Event: 0.404 Thread 0x000001e6d7e5d620 Exception <a 'java/lang/NoSuchMethodError'{0x000000008cac0930}: 'java.lang.Object java.lang.invoke.DirectMethodHandle$Holder.newInvokeSpecial(java.lang.Object, long)'> (0x000000008cac0930) 
thrown [s\src\hotspot\share\interpreter\linkResolver.cpp, line 759]
Event: 0.406 Thread 0x000001e6d7e5d620 Exception <a 'java/lang/NoSuchMethodError'{0x000000008cac7b88}: 'java.lang.Object java.lang.invoke.DirectMethodHandle$Holder.invokeStatic(java.lang.Object, java.lang.Object, long, java.lang.Object)'> (0x000000008cac7b88) 
thrown [s\src\hotspot\share\interpreter\linkResolver.cpp, line 759]
Event: 0.406 Thread 0x000001e6d7e5d620 Exception <a 'java/lang/NoSuchMethodError'{0x000000008cacb620}: 'java.lang.Object java.lang.invoke.DirectMethodHandle$Holder.invokeStaticInit(java.lang.Object, java.lang.Object, long, java.lang.Object)'> (0x000000008cacb620) 
thrown [s\src\hotspot\share\interpreter\linkResolver.cpp, line 759]
Event: 0.407 Thread 0x000001e6d7e5d620 Exception <a 'java/lang/NoSuchMethodError'{0x000000008cad1be0}: 'java.lang.Object java.lang.invoke.DirectMethodHandle$Holder.newInvokeSpecial(java.lang.Object, java.lang.Object, long)'> (0x000000008cad1be0) 
thrown [s\src\hotspot\share\interpreter\linkResolver.cpp, line 759]
Event: 0.407 Thread 0x000001e6d7e5d620 Exception <a 'java/lang/NoSuchMethodError'{0x000000008cad5750}: 'java.lang.Object java.lang.invoke.Invokers$Holder.linkToTargetMethod(java.lang.Object, long, java.lang.Object)'> (0x000000008cad5750) 
thrown [s\src\hotspot\share\interpreter\linkResolver.cpp, line 759]
Event: 0.536 Thread 0x000001e6d7e5d620 Exception <a 'java/lang/NoSuchMethodError'{0x000000008c844a90}: 'java.lang.Object java.lang.invoke.DirectMethodHandle$Holder.invokeInterface(java.lang.Object, java.lang.Object)'> (0x000000008c844a90) 
thrown [s\src\hotspot\share\interpreter\linkResolver.cpp, line 759]
Event: 0.536 Thread 0x000001e6d7e5d620 Exception <a 'java/lang/IncompatibleClassChangeError'{0x000000008c848288}: Found class java.lang.Object, but interface was expected> (0x000000008c848288) 
thrown [s\src\hotspot\share\interpreter\linkResolver.cpp, line 826]
Event: 1.344 Thread 0x000001e6d7e5d620 Exception <a 'java/lang/NoSuchMethodError'{0x000000008c9c2978}: 'void java.lang.invoke.DirectMethodHandle$Holder.invokeSpecial(java.lang.Object, java.lang.Object, java.lang.Object, java.lang.Object, java.lang.Object)'> (0x000000008c9c2978) 
thrown [s\src\hotspot\share\interpreter\linkResolver.cpp, line 759]
Event: 1.345 Thread 0x000001e6d7e5d620 Exception <a 'java/lang/NoSuchMethodError'{0x000000008c9cb908}: 'void java.lang.invoke.DirectMethodHandle$Holder.invokeSpecial(java.lang.Object, java.lang.Object, java.lang.Object)'> (0x000000008c9cb908) 
thrown [s\src\hotspot\share\interpreter\linkResolver.cpp, line 759]
Event: 1.347 Thread 0x000001e6d7e5d620 Exception <a 'java/lang/NoSuchMethodError'{0x000000008c9d4a68}: 'void java.lang.invoke.DirectMethodHandle$Holder.invokeSpecial(java.lang.Object, java.lang.Object, int)'> (0x000000008c9d4a68) 
thrown [s\src\hotspot\share\interpreter\linkResolver.cpp, line 759]
Event: 1.347 Thread 0x000001e6d7e5d620 Exception <a 'java/lang/NoSuchMethodError'{0x000000008c9daa80}: 'java.lang.Object java.lang.invoke.DirectMethodHandle$Holder.newInvokeSpecial(java.lang.Object, java.lang.Object, int)'> (0x000000008c9daa80) 
thrown [s\src\hotspot\share\interpreter\linkResolver.cpp, line 759]
Event: 1.420 Thread 0x000001e6f96a78b0 Exception <a 'java/lang/NoSuchMethodError'{0x000000008c84bd68}: 'void java.lang.invoke.DirectMethodHandle$Holder.invokeSpecial(java.lang.Object, java.lang.Object, int, int)'> (0x000000008c84bd68) 
thrown [s\src\hotspot\share\interpreter\linkResolver.cpp, line 759]
Event: 1.420 Thread 0x000001e6f96a78b0 Exception <a 'java/lang/NoSuchMethodError'{0x000000008c852288}: 'java.lang.Object java.lang.invoke.DirectMethodHandle$Holder.newInvokeSpecial(java.lang.Object, java.lang.Object, int, int)'> (0x000000008c852288) 
thrown [s\src\hotspot\share\interpreter\linkResolver.cpp, line 759]

VM Operations (20 events):
Event: 39.172 Executing VM operation: Cleanup
Event: 39.172 Executing VM operation: Cleanup done
Event: 40.172 Executing VM operation: Cleanup
Event: 40.173 Executing VM operation: Cleanup done
Event: 45.174 Executing VM operation: Cleanup
Event: 45.175 Executing VM operation: Cleanup done
Event: 46.176 Executing VM operation: Cleanup
Event: 46.176 Executing VM operation: Cleanup done
Event: 47.176 Executing VM operation: Cleanup
Event: 47.177 Executing VM operation: Cleanup done
Event: 53.180 Executing VM operation: Cleanup
Event: 53.181 Executing VM operation: Cleanup done
Event: 54.181 Executing VM operation: Cleanup
Event: 54.182 Executing VM operation: Cleanup done
Event: 55.182 Executing VM operation: Cleanup
Event: 55.182 Executing VM operation: Cleanup done
Event: 58.184 Executing VM operation: Cleanup
Event: 58.184 Executing VM operation: Cleanup done
Event: 59.184 Executing VM operation: Cleanup
Event: 59.185 Executing VM operation: Cleanup done

Events (20 events):
Event: 15.073 loading class jdk/internal/reflect/ByteVector
Event: 15.073 loading class jdk/internal/reflect/ByteVector done
Event: 15.073 loading class jdk/internal/reflect/ByteVectorImpl done
Event: 15.073 loading class jdk/internal/reflect/ClassFileAssembler
Event: 15.074 loading class jdk/internal/reflect/ClassFileAssembler done
Event: 15.074 loading class jdk/internal/reflect/UTF8
Event: 15.074 loading class jdk/internal/reflect/UTF8 done
Event: 15.074 loading class jdk/internal/reflect/Label
Event: 15.074 loading class jdk/internal/reflect/Label done
Event: 15.074 loading class jdk/internal/reflect/Label$PatchInfo
Event: 15.074 loading class jdk/internal/reflect/Label$PatchInfo done
Event: 15.074 loading class jdk/internal/reflect/MethodAccessorGenerator$1
Event: 15.074 loading class jdk/internal/reflect/MethodAccessorGenerator$1 done
Event: 15.074 loading class jdk/internal/reflect/ClassDefiner
Event: 15.074 loading class jdk/internal/reflect/ClassDefiner done
Event: 15.074 loading class jdk/internal/reflect/ClassDefiner$1
Event: 15.074 loading class jdk/internal/reflect/ClassDefiner$1 done
Event: 15.214 Thread 0x000001e6f9695e70 Thread exited: 0x000001e6f9695e70
Event: 15.263 Thread 0x000001e6f72a1010 Thread exited: 0x000001e6f72a1010
Event: 65.424 Thread 0x000001e6f6a27f00 Thread exited: 0x000001e6f6a27f00


Dynamic libraries:
0x00007ff66cec0000 - 0x00007ff66cece000 	D:\GIT_HUB\WEB-DEVELOPMENT\processing_related\processing-4.1.1\java\bin\java.exe
0x00007ffbfa450000 - 0x00007ffbfa664000 	C:\WINDOWS\SYSTEM32\ntdll.dll
0x00007ffbf98b0000 - 0x00007ffbf9973000 	C:\WINDOWS\System32\KERNEL32.DLL
0x00007ffbf7ce0000 - 0x00007ffbf807d000 	C:\WINDOWS\System32\KERNELBASE.dll
0x00007ffbf7870000 - 0x00007ffbf7981000 	C:\WINDOWS\System32\ucrtbase.dll
0x00007ffbeec60000 - 0x00007ffbeec77000 	D:\GIT_HUB\WEB-DEVELOPMENT\processing_related\processing-4.1.1\java\bin\jli.dll
0x00007ffbc23c0000 - 0x00007ffbc23d9000 	D:\GIT_HUB\WEB-DEVELOPMENT\processing_related\processing-4.1.1\java\bin\VCRUNTIME140.dll
0x00007ffbf8280000 - 0x00007ffbf842d000 	C:\WINDOWS\System32\USER32.dll
0x00007ffbf8080000 - 0x00007ffbf80a6000 	C:\WINDOWS\System32\win32u.dll
0x00007ffbda230000 - 0x00007ffbda4be000 	C:\WINDOWS\WinSxS\amd64_microsoft.windows.common-controls_6595b64144ccf1df_6.0.22621.608_none_a9444ca7c10bb01d\COMCTL32.dll
0x00007ffbf8250000 - 0x00007ffbf8279000 	C:\WINDOWS\System32\GDI32.dll
0x00007ffbf9b40000 - 0x00007ffbf9be7000 	C:\WINDOWS\System32\msvcrt.dll
0x00007ffbf8120000 - 0x00007ffbf8232000 	C:\WINDOWS\System32\gdi32full.dll
0x00007ffbf7990000 - 0x00007ffbf7a2a000 	C:\WINDOWS\System32\msvcp_win.dll
0x00007ffbfa2b0000 - 0x00007ffbfa2e2000 	C:\WINDOWS\System32\IMM32.DLL
0x00007ffbeec50000 - 0x00007ffbeec5c000 	D:\GIT_HUB\WEB-DEVELOPMENT\processing_related\processing-4.1.1\java\bin\vcruntime140_1.dll
0x00007ffbacf80000 - 0x00007ffbad011000 	D:\GIT_HUB\WEB-DEVELOPMENT\processing_related\processing-4.1.1\java\bin\msvcp140.dll
0x00007ffbaae30000 - 0x00007ffbaba74000 	D:\GIT_HUB\WEB-DEVELOPMENT\processing_related\processing-4.1.1\java\bin\server\jvm.dll
0x00007ffbf96f0000 - 0x00007ffbf979e000 	C:\WINDOWS\System32\ADVAPI32.dll
0x00007ffbfa1e0000 - 0x00007ffbfa284000 	C:\WINDOWS\System32\sechost.dll
0x00007ffbf9420000 - 0x00007ffbf9535000 	C:\WINDOWS\System32\RPCRT4.dll
0x00007ffbeea00000 - 0x00007ffbeea34000 	C:\WINDOWS\SYSTEM32\WINMM.dll
0x00007ffbde490000 - 0x00007ffbde499000 	C:\WINDOWS\SYSTEM32\WSOCK32.dll
0x00007ffbf9810000 - 0x00007ffbf9881000 	C:\WINDOWS\System32\WS2_32.dll
0x00007ffbef0e0000 - 0x00007ffbef0ea000 	C:\WINDOWS\SYSTEM32\VERSION.dll
0x00007ffbf68a0000 - 0x00007ffbf68b8000 	C:\WINDOWS\SYSTEM32\kernel.appcore.dll
0x00007ffbc1410000 - 0x00007ffbc141a000 	D:\GIT_HUB\WEB-DEVELOPMENT\processing_related\processing-4.1.1\java\bin\jimage.dll
0x00007ffbf51a0000 - 0x00007ffbf53ce000 	C:\WINDOWS\SYSTEM32\DBGHELP.DLL
0x00007ffbf8840000 - 0x00007ffbf8bca000 	C:\WINDOWS\System32\combase.dll
0x00007ffbf9c70000 - 0x00007ffbf9d47000 	C:\WINDOWS\System32\OLEAUT32.dll
0x00007ffbe6d90000 - 0x00007ffbe6dc2000 	C:\WINDOWS\SYSTEM32\dbgcore.DLL
0x00007ffbf7a30000 - 0x00007ffbf7aab000 	C:\WINDOWS\System32\bcryptPrimitives.dll
0x00007ffbdc500000 - 0x00007ffbdc53b000 	D:\GIT_HUB\WEB-DEVELOPMENT\processing_related\processing-4.1.1\java\bin\jdwp.dll
0x00007ffbb0d10000 - 0x00007ffbb0d35000 	D:\GIT_HUB\WEB-DEVELOPMENT\processing_related\processing-4.1.1\java\bin\java.dll
0x00007ffbace10000 - 0x00007ffbacee6000 	D:\GIT_HUB\WEB-DEVELOPMENT\processing_related\processing-4.1.1\java\bin\jsvml.dll
0x00007ffbf8bd0000 - 0x00007ffbf93bf000 	C:\WINDOWS\System32\SHELL32.dll
0x00007ffbf5840000 - 0x00007ffbf6108000 	C:\WINDOWS\SYSTEM32\windows.storage.dll
0x00007ffbf5700000 - 0x00007ffbf583e000 	C:\WINDOWS\SYSTEM32\wintypes.dll
0x00007ffbf9560000 - 0x00007ffbf9651000 	C:\WINDOWS\System32\SHCORE.dll
0x00007ffbf93c0000 - 0x00007ffbf941e000 	C:\WINDOWS\System32\shlwapi.dll
0x00007ffbf77a0000 - 0x00007ffbf77c1000 	C:\WINDOWS\SYSTEM32\profapi.dll
0x00007ffbeee10000 - 0x00007ffbeee1c000 	D:\GIT_HUB\WEB-DEVELOPMENT\processing_related\processing-4.1.1\java\bin\dt_socket.dll
0x00007ffbf6360000 - 0x00007ffbf638d000 	C:\WINDOWS\SYSTEM32\IPHLPAPI.DLL
0x00007ffbf6da0000 - 0x00007ffbf6e09000 	C:\WINDOWS\system32\mswsock.dll
0x00007ffbb7320000 - 0x00007ffbb7339000 	D:\GIT_HUB\WEB-DEVELOPMENT\processing_related\processing-4.1.1\java\bin\net.dll
0x00007ffbf2570000 - 0x00007ffbf269f000 	C:\WINDOWS\SYSTEM32\WINHTTP.dll
0x00007ffbb0cf0000 - 0x00007ffbb0d05000 	D:\GIT_HUB\WEB-DEVELOPMENT\processing_related\processing-4.1.1\java\bin\nio.dll
0x00007ffbaed10000 - 0x00007ffbaed28000 	D:\GIT_HUB\WEB-DEVELOPMENT\processing_related\processing-4.1.1\java\bin\zip.dll
0x00007ffbac7e0000 - 0x00007ffbac96e000 	D:\GIT_HUB\WEB-DEVELOPMENT\processing_related\processing-4.1.1\java\bin\awt.dll
0x00007ffbf4720000 - 0x00007ffbf47b7000 	C:\WINDOWS\SYSTEM32\apphelp.dll
0x00007ffbf49d0000 - 0x00007ffbf4a7b000 	C:\WINDOWS\system32\uxtheme.dll
0x00007ffbfa2f0000 - 0x00007ffbfa40e000 	C:\WINDOWS\System32\MSCTF.dll
0x00007ffbf86a0000 - 0x00007ffbf883c000 	C:\WINDOWS\System32\ole32.dll
0x00007ffbf4cf0000 - 0x00007ffbf4d1b000 	C:\WINDOWS\system32\DWMAPI.DLL
0x00007ffbdfbc0000 - 0x00007ffbdfcc0000 	C:\WINDOWS\system32\opengl32.dll
0x00007ffbe75f0000 - 0x00007ffbe761d000 	C:\WINDOWS\SYSTEM32\GLU32.dll
0x00007ffbf4ab0000 - 0x00007ffbf4ae6000 	C:\WINDOWS\SYSTEM32\dxcore.dll
0x00007ffbf7000000 - 0x00007ffbf701b000 	C:\WINDOWS\SYSTEM32\CRYPTSP.dll
0x00007ffbf6810000 - 0x00007ffbf6845000 	C:\WINDOWS\system32\rsaenh.dll
0x00007ffbf6e90000 - 0x00007ffbf6eb8000 	C:\WINDOWS\SYSTEM32\USERENV.dll
0x00007ffbf7230000 - 0x00007ffbf7258000 	C:\WINDOWS\SYSTEM32\bcrypt.dll
0x00007ffbf6ff0000 - 0x00007ffbf6ffc000 	C:\WINDOWS\SYSTEM32\CRYPTBASE.dll
0x00007ffbfa290000 - 0x00007ffbfa299000 	C:\WINDOWS\System32\NSI.dll
0x00007ffbef1d0000 - 0x00007ffbef1e9000 	C:\WINDOWS\SYSTEM32\dhcpcsvc6.DLL
0x00007ffbef1b0000 - 0x00007ffbef1cf000 	C:\WINDOWS\SYSTEM32\dhcpcsvc.DLL
0x00007ffbf6390000 - 0x00007ffbf6482000 	C:\WINDOWS\SYSTEM32\DNSAPI.dll
0x000000006e8c0000 - 0x000000006e8cd000 	C:\Users\HP PC\AppData\Local\Temp\jogamp_0000\file_cache\jln3399724064431008308\jln8771149321169002915\natives\windows-amd64\gluegen_rt.dll
0x00007ffbe0090000 - 0x00007ffbe0097000 	D:\GIT_HUB\WEB-DEVELOPMENT\processing_related\processing-4.1.1\java\bin\jawt.dll
0x000000006a440000 - 0x000000006a44d000 	C:\Users\HP PC\AppData\Local\Temp\jogamp_0000\file_cache\jln3399724064431008308\jln8771149321169002915\natives\windows-amd64\nativewindow_awt.dll
0x000000006c100000 - 0x000000006c110000 	C:\Users\HP PC\AppData\Local\Temp\jogamp_0000\file_cache\jln3399724064431008308\jln8771149321169002915\natives\windows-amd64\nativewindow_win32.dll
0x0000000064500000 - 0x0000000064585000 	C:\Users\HP PC\AppData\Local\Temp\jogamp_0000\file_cache\jln3399724064431008308\jln8771149321169002915\natives\windows-amd64\jogl_desktop.dll
0x00007ffb93400000 - 0x00007ffb9373e000 	C:\Users\HP PC\AppData\Local\Programs\MiKTeX\miktex\bin\x64\libGLESv2.dll
0x00007ffbad240000 - 0x00007ffbad3e9000 	C:\WINDOWS\SYSTEM32\d3d9.dll
0x0000000064340000 - 0x0000000064391000 	C:\Users\HP PC\AppData\Local\Temp\jogamp_0000\file_cache\jln3399724064431008308\jln8771149321169002915\natives\windows-amd64\jogl_mobile.dll
0x00007ffbe75a0000 - 0x00007ffbe75e9000 	C:\WINDOWS\SYSTEM32\directxdatabasehelper.dll
0x00007ffbf8430000 - 0x00007ffbf84e7000 	C:\WINDOWS\System32\clbcatq.dll
0x00007ffbecc80000 - 0x00007ffbecdb6000 	C:\Windows\System32\AppXDeploymentClient.dll
0x00007ffb90c40000 - 0x00007ffb91c46000 	C:\WINDOWS\System32\DriverStore\FileRepository\iigd_dch.inf_amd64_9dbfad2c6843c394\igxelpicd64.dll
0x00007ffbf4af0000 - 0x00007ffbf4be7000 	C:\WINDOWS\system32\dxgi.dll
0x00007ffb90100000 - 0x00007ffb90853000 	C:\WINDOWS\System32\DriverStore\FileRepository\iigd_dch.inf_amd64_9dbfad2c6843c394\igdml64.dll
0x00007ffbd5d70000 - 0x00007ffbd6131000 	C:\WINDOWS\System32\DriverStore\FileRepository\iigd_dch.inf_amd64_9dbfad2c6843c394\igdgmm64.dll
0x00007ffbd2b10000 - 0x00007ffbd5d70000 	C:\WINDOWS\System32\DriverStore\FileRepository\iigd_dch.inf_amd64_9dbfad2c6843c394\igc64.dll
0x00007ffbf70a0000 - 0x00007ffbf70ed000 	C:\WINDOWS\SYSTEM32\powrprof.dll
0x00007ffbf7060000 - 0x00007ffbf7073000 	C:\WINDOWS\SYSTEM32\UMPDC.dll
0x0000000070d80000 - 0x0000000070d93000 	C:\Users\HP PC\AppData\Local\Temp\jogamp_0000\file_cache\jln3399724064431008308\jln8771149321169002915\natives\windows-amd64\newt_head.dll
0x00007ffbf22c0000 - 0x00007ffbf237d000 	C:\WINDOWS\SYSTEM32\mscms.dll
0x00007ffbad1c0000 - 0x00007ffbad209000 	C:\WINDOWS\SYSTEM32\icm32.dll
0x00007ffbf9d60000 - 0x00007ffbfa1da000 	C:\WINDOWS\System32\setupapi.dll
0x00007ffbf7520000 - 0x00007ffbf7553000 	C:\WINDOWS\SYSTEM32\DEVOBJ.dll
0x00007ffbf7560000 - 0x00007ffbf75ae000 	C:\WINDOWS\SYSTEM32\cfgmgr32.dll
0x00007ffbf80b0000 - 0x00007ffbf811b000 	C:\WINDOWS\System32\WINTRUST.dll
0x00007ffbf7b70000 - 0x00007ffbf7cd6000 	C:\WINDOWS\System32\CRYPT32.dll
0x00007ffbf7080000 - 0x00007ffbf7092000 	C:\WINDOWS\SYSTEM32\MSASN1.dll
0x00007ffbd0f40000 - 0x00007ffbd106d000 	C:\WINDOWS\SYSTEM32\textinputframework.dll
0x00007ffbf42a0000 - 0x00007ffbf43d3000 	C:\WINDOWS\SYSTEM32\CoreMessaging.dll
0x00007ffbd90b0000 - 0x00007ffbd941c000 	C:\WINDOWS\SYSTEM32\CoreUIComponents.dll
0x00007ffbe0070000 - 0x00007ffbe0080000 	D:\GIT_HUB\WEB-DEVELOPMENT\processing_related\processing-4.1.1\java\bin\verify.dll
0x00007ffbe30e0000 - 0x00007ffbe314b000 	C:\WINDOWS\system32\Ninput.dll

dbghelp: loaded successfully - version: 4.0.5 - missing functions: none
symbol engine: initialized successfully - sym options: 0x614 - pdb path: .;D:\GIT_HUB\WEB-DEVELOPMENT\processing_related\processing-4.1.1\java\bin;C:\WINDOWS\SYSTEM32;C:\WINDOWS\WinSxS\amd64_microsoft.windows.common-controls_6595b64144ccf1df_6.0.22621.608_none_a9444ca7c10bb01d;D:\GIT_HUB\WEB-DEVELOPMENT\processing_related\processing-4.1.1\java\bin\server;C:\Users\HP PC\AppData\Local\Temp\jogamp_0000\file_cache\jln3399724064431008308\jln8771149321169002915\natives\windows-amd64;C:\Users\HP PC\AppData\Local\Programs\MiKTeX\miktex\bin\x64;C:\WINDOWS\System32\DriverStore\FileRepository\iigd_dch.inf_amd64_9dbfad2c6843c394

VM Arguments:
jvm_args: -agentlib:jdwp=transport=dt_socket,address=8372,server=y,suspend=y,quiet=y -Djna.nosys=true -Djava.library.path=;D:\GIT_HUB\WEB-DEVELOPMENT\processing_related\processing-4.1.1\core\library\windows-amd64;C:\Users\HP PC\OneDrive\Documents\Processing\libraries\peasycam\library;D:\GIT_HUB\WEB-DEVELOPMENT\processing_related\processing-4.1.1\java\bin;C:\WINDOWS\system32;C:\WINDOWS;C:\Program Files\Common Files\Oracle\Java\javapath;C:\Program Files (x86)\Common Files\Oracle\Java\javapath;C:\WINDOWS\system32;C:\WINDOWS;C:\WINDOWS\System32\Wbem;C:\WINDOWS\System32\WindowsPowerShell\v1.0;C:\WINDOWS\System32\OpenSSH;C:\mingw\mingw32\bin;C:\Program Files\Python310;C:\Program Files\Java\jdk-18.0.1.1\bin;C:\Program Files\Git\cmd;C:\Program Files\nodejs;C:\Program Files\MySQL\MySQL Shell 8.0\bin;C:\Users\HP PC\AppData\Local\Microsoft\WindowsApps;C:\Users\HP PC\AppData\Local\Programs\Microsoft VS Code\bin;C:\Program Files\Python310\Scripts;C:\Users\HP PC\AppData\Local\Programs\MiKTeX\miktex\bin\x64;C:\Users\HP PC\AppData\Roaming\npm;D:\GIT_HUB\WEB-DEVELOPMENT\processing_related\processing-4.1.1\java\bin;. -ea 
java_command: processing.core.PApplet --location=0,29 --external --display=1 --sketch-path=D:\GIT_HUB\WEB-DEVELOPMENT\processing_related\madelbulb_3d --ui-scale=1 madelbulb_3d
java_class_path (initial): C:\Users\HPPC~1\AppData\Local\Temp\processing\madelbulb_3d5476868831151264791temp;D:\GIT_HUB\WEB-DEVELOPMENT\processing_related\processing-4.1.1\core\library\core.jar;D:\GIT_HUB\WEB-DEVELOPMENT\processing_related\processing-4.1.1\core\library\gluegen-rt-natives-linux-aarch64.jar;D:\GIT_HUB\WEB-DEVELOPMENT\processing_related\processing-4.1.1\core\library\gluegen-rt-natives-linux-amd64.jar;D:\GIT_HUB\WEB-DEVELOPMENT\processing_related\processing-4.1.1\core\library\gluegen-rt-natives-linux-armv6hf.jar;D:\GIT_HUB\WEB-DEVELOPMENT\processing_related\processing-4.1.1\core\library\gluegen-rt-natives-linux-i586.jar;D:\GIT_HUB\WEB-DEVELOPMENT\processing_related\processing-4.1.1\core\library\gluegen-rt-natives-macosx-universal.jar;D:\GIT_HUB\WEB-DEVELOPMENT\processing_related\processing-4.1.1\core\library\gluegen-rt-natives-windows-amd64.jar;D:\GIT_HUB\WEB-DEVELOPMENT\processing_related\processing-4.1.1\core\library\gluegen-rt-natives-windows-i586.jar;D:\GIT_HUB\WEB-DEVELOPMENT\processing_related\processing-4.1.1\core\library\gluegen-rt.jar;D:\GIT_HUB\WEB-DEVELOPMENT\processing_related\processing-4.1.1\core\library\jogl-all-natives-linux-aarch64.jar;D:\GIT_HUB\WEB-DEVELOPMENT\processing_related\processing-4.1.1\core\library\jogl-all-natives-linux-amd64.jar;D:\GIT_HUB\WEB-DEVELOPMENT\processing_related\processing-4.1.1\core\library\jogl-all-natives-linux-armv6hf.jar;D:\GIT_HUB\WEB-DEVELOPMENT\processing_related\processing-4.1.1\core\library\jogl-all-natives-linux-i586.jar;D:\GIT_HUB\WEB-DEVELOPMENT\processing_related\processing-4.1.1\core\library\jogl-all-natives-macosx-universal.jar;D:\GIT_HUB\WEB-DEVELOPMENT\processing_related\processing-4.1.1\core\library\jogl-all-natives-windows-amd64.jar;D:\GIT_HUB\WEB-DEVELOPMENT\processing_related\processing-4.1.1\core\library\jogl-all-natives-windows-i586.jar;D:\GIT_HUB\WEB-DEVELOPMENT\processing_related\processing-4.1.1\core\library\jogl-all.jar;C:\Users\HP PC\OneDrive\Documents\Processing\libraries\peasyca
Launcher Type: SUN_STANDARD

[Global flags]
     intx CICompilerCount                          = 4                                         {product} {ergonomic}
     uint ConcGCThreads                            = 2                                         {product} {ergonomic}
     uint G1ConcRefinementThreads                  = 8                                         {product} {ergonomic}
   size_t G1HeapRegionSize                         = 1048576                                   {product} {ergonomic}
    uintx GCDrainStackTargetSize                   = 64                                        {product} {ergonomic}
   size_t InitialHeapSize                          = 130023424                                 {product} {ergonomic}
   size_t MarkStackSize                            = 4194304                                   {product} {ergonomic}
   size_t MaxHeapSize                              = 2055208960                                {product} {ergonomic}
   size_t MaxNewSize                               = 1233125376                                {product} {ergonomic}
   size_t MinHeapDeltaBytes                        = 1048576                                   {product} {ergonomic}
   size_t MinHeapSize                              = 8388608                                   {product} {ergonomic}
    uintx NonNMethodCodeHeapSize                   = 5839372                                {pd product} {ergonomic}
    uintx NonProfiledCodeHeapSize                  = 122909434                              {pd product} {ergonomic}
    uintx ProfiledCodeHeapSize                     = 122909434                              {pd product} {ergonomic}
    uintx ReservedCodeCacheSize                    = 251658240                              {pd product} {ergonomic}
     bool SegmentedCodeCache                       = true                                      {product} {ergonomic}
   size_t SoftMaxHeapSize                          = 2055208960                             {manageable} {ergonomic}
     bool UseCompressedClassPointers               = true                           {product lp64_product} {ergonomic}
     bool UseCompressedOops                        = true                           {product lp64_product} {ergonomic}
     bool UseG1GC                                  = true                                      {product} {ergonomic}
     bool UseLargePagesIndividualAllocation        = false                                  {pd product} {ergonomic}

Logging:
Log output configuration:
 #0: stdout all=warning uptime,level,tags
 #1: stderr all=off uptime,level,tags

Environment Variables:
JAVA_HOME=C:\Program Files\Java\jdk-18.0.1.1
PATH=C:\Program Files\Common Files\Oracle\Java\javapath;C:\Program Files (x86)\Common Files\Oracle\Java\javapath;C:\WINDOWS\system32;C:\WINDOWS;C:\WINDOWS\System32\Wbem;C:\WINDOWS\System32\WindowsPowerShell\v1.0\;C:\WINDOWS\System32\OpenSSH\;C:\mingw\mingw32\bin;C:\Program Files\Python310;C:\Program Files\Java\jdk-18.0.1.1\bin;C:\Program Files\Git\cmd;C:\Program Files\nodejs\;C:\Program Files\MySQL\MySQL Shell 8.0\bin\;C:\Users\HP PC\AppData\Local\Microsoft\WindowsApps;C:\Users\HP PC\AppData\Local\Programs\Microsoft VS Code\bin;C:\Program Files\Python310\Scripts;C:\Users\HP PC\AppData\Local\Programs\MiKTeX\miktex\bin\x64\;C:\Users\HP PC\AppData\Roaming\npm;D:\GIT_HUB\WEB-DEVELOPMENT\processing_related\processing-4.1.1\java\bin
USERNAME=AADITYA RAJ
OS=Windows_NT
PROCESSOR_IDENTIFIER=Intel64 Family 6 Model 140 Stepping 1, GenuineIntel
TMP=C:\Users\HPPC~1\AppData\Local\Temp
TEMP=C:\Users\HPPC~1\AppData\Local\Temp



---------------  S Y S T E M  ---------------

OS:
 Windows 11 , 64 bit Build 22621 (10.0.22621.1105)
OS uptime: 3 days 19:32 hours
Hyper-V role detected

CPU: total 8 (initial active 8) (4 cores per cpu, 2 threads per core) family 6 model 140 stepping 1 microcode 0x9a, cx8, cmov, fxsr, ht, mmx, 3dnowpref, sse, sse2, sse3, ssse3, sse4.1, sse4.2, popcnt, lzcnt, tsc, tscinvbit, avx, avx2, aes, erms, clmul, bmi1, bmi2, adx, avx512f, avx512dq, avx512cd, avx512bw, avx512vl, sha, fma, vzeroupper, avx512_vpopcntdq, avx512_vpclmulqdq, avx512_vaes, avx512_vnni, clflush, clflushopt, clwb, avx512_vbmi2, avx512_vbmi, hv

Memory: 4k page, system-wide physical 7834M (3025M free)
TotalPageFile size 11802M (AvailPageFile size 5195M)
current process WorkingSet (physical memory assigned to process): 505M, peak: 512M
current process commit charge ("private bytes"): 539M, peak: 549M

vm_info: OpenJDK 64-Bit Server VM (17.0.5+8) for windows-amd64 JRE (17.0.5+8), built on Oct 19 2022 04:48:13 by "temurin" with MS VC++ 16.7 (VS2019)

END.
