#
# A fatal error has been detected by the Java Runtime Environment:
#
#  EXCEPTION_ACCESS_VIOLATION (0xc0000005) at pc=0x00007ff81594cf2c, pid=2432, tid=15332
#
# JRE version: OpenJDK Runtime Environment Temurin-17.0.5+8 (17.0.5+8) (build 17.0.5+8)
# Java VM: OpenJDK 64-Bit Server VM Temurin-17.0.5+8 (17.0.5+8, mixed mode, sharing, tiered, compressed oops, compressed class ptrs, g1 gc, windows-amd64)
# Problematic frame:
# C  [igxelpicd64.dll+0x30cf2c]
#
# No core dump will be written. Minidumps are not enabled by default on client versions of Windows
#
# If you would like to submit a bug report, please visit:
#   https://github.com/adoptium/adoptium-support/issues
#

---------------  S U M M A R Y ------------

Command Line: -agentlib:jdwp=transport=dt_socket,address=8807,server=y,suspend=y,quiet=y -Djna.nosys=true -Djava.library.path=;D:\GIT_HUB\WEB-DEVELOPMENT\processing_related\processing-4.1.1\core\library\windows-amd64;C:\Users\HP PC\OneDrive\Documents\Processing\libraries\peasycam\library;D:\GIT_HUB\WEB-DEVELOPMENT\processing_related\processing-4.1.1\java\bin;C:\WINDOWS\system32;C:\WINDOWS;C:\Program Files\Common Files\Oracle\Java\javapath;C:\Program Files (x86)\Common Files\Oracle\Java\javapath;C:\WINDOWS\system32;C:\WINDOWS;C:\WINDOWS\System32\Wbem;C:\WINDOWS\System32\WindowsPowerShell\v1.0;C:\WINDOWS\System32\OpenSSH;C:\mingw\mingw32\bin;C:\Program Files\Python310;C:\Program Files\Java\jdk-18.0.1.1\bin;C:\Program Files\Git\cmd;C:\Program Files\nodejs;C:\Program Files\MySQL\MySQL Shell 8.0\bin;C:\Users\HP PC\AppData\Local\Microsoft\WindowsApps;C:\Users\HP PC\AppData\Local\Programs\Microsoft VS Code\bin;C:\Program Files\Python310\Scripts;C:\Users\HP PC\AppData\Local\Programs\MiKTeX\miktex\bin\x64;C:\Users\HP PC\AppData\Roaming\npm;D:\Downloads\wget.exe;D:\GIT_HUB\WEB-DEVELOPMENT\processing_related\processing-4.1.1\java\bin;. -ea processing.core.PApplet --editor-location=446,160 --external --display=1 --sketch-path=D:\GIT_HUB\WEB-DEVELOPMENT\processing_related\madelbulb_3d --ui-scale=1 madelbulb_3d

Host: 11th Gen Intel(R) Core(TM) i5-1135G7 @ 2.40GHz, 8 cores, 7G,  Windows 11 , 64 bit Build 22621 (10.0.22621.1485)
Time: Tue Apr 11 15:25:58 2023 India Standard Time elapsed time: 93.745514 seconds (0d 0h 1m 33s)

---------------  T H R E A D  ---------------

Current thread (0x000001f6b71ced20):  VMThread "VM Thread" [stack: 0x0000002f3b300000,0x0000002f3b400000] [id=15332]

Stack: [0x0000002f3b300000,0x0000002f3b400000],  sp=0x0000002f3b3fe1f0,  free space=1016k
Native frames: (J=compiled Java code, j=interpreted, Vv=VM code, C=native code)
C  [igxelpicd64.dll+0x30cf2c]


siginfo: EXCEPTION_ACCESS_VIOLATION (0xc0000005), reading address 0x00000000000356f8


Register to memory mapping:

RIP=0x00007ff81594cf2c igxelpicd64.dll
RAX=0x000001f6cce3d0a0 points into unknown readable memory: 0x0000000000026321 | 21 63 02 00 00 00 00 00
RBX=0x000001f6b87a2eb0 points into unknown readable memory: 0xffffffffffffffff | ff ff ff ff ff ff ff ff
RCX=0x0 is NULL
RDX=0x0000000000000004 is an unknown value
RSP=0x0000002f3b3fe1f0 points into unknown readable memory: 0x000001f6b87a2eb0 | b0 2e 7a b8 f6 01 00 00
RBP=0x0000000000000016 is an unknown value
RSI=0x000001f6bab8edc0 points into unknown readable memory: 0x0000000000000000 | 00 00 00 00 00 00 00 00
RDI=0x0 is NULL
R8 =0x0000000000000014 is an unknown value
R9 =0x0 is NULL
R10=0x0 is NULL
R11=0x0000000000000246 is an unknown value
R12=0x000001f6cce3d448 points into unknown readable memory: 0x000001f6cce3c830 | 30 c8 e3 cc f6 01 00 00
R13=0x0 is NULL
R14=0x000001f6cce3ce80 points into unknown readable memory: 0x000001f6b88072d0 | d0 72 80 b8 f6 01 00 00
R15=0x0 is NULL


Registers:
RAX=0x000001f6cce3d0a0, RBX=0x000001f6b87a2eb0, RCX=0x0000000000000000, RDX=0x0000000000000004
RSP=0x0000002f3b3fe1f0, RBP=0x0000000000000016, RSI=0x000001f6bab8edc0, RDI=0x0000000000000000
R8 =0x0000000000000014, R9 =0x0000000000000000, R10=0x0000000000000000, R11=0x0000000000000246
R12=0x000001f6cce3d448, R13=0x0000000000000000, R14=0x000001f6cce3ce80, R15=0x0000000000000000
RIP=0x00007ff81594cf2c, EFLAGS=0x0000000000010206

Top of Stack: (sp=0x0000002f3b3fe1f0)
0x0000002f3b3fe1f0:   000001f6b87a2eb0 00007ff87cfe41a9
0x0000002f3b3fe200:   0000002f3b3fe288 0000000000000000
0x0000002f3b3fe210:   0000000000000054 000001f6b87a2eb0
0x0000002f3b3fe220:   00929d9d00a8e09c 00007ff87d272c94
0x0000002f3b3fe230:   0277f49f0214839f 028615a1025b41a0
0x0000002f3b3fe240:   012a9da1026623a1 000001f6bab1fd38
0x0000002f3b3fe250:   0000000000026325 0000000000000000
0x0000002f3b3fe260:   0000000000000015 0000000000000000
0x0000002f3b3fe270:   0000000000000000 0000002f3b3fe390
0x0000002f3b3fe280:   000001f6bab8edc0 00007ff81582d62c
0x0000002f3b3fe290:   000001f600000016 000001f6cce3c830
0x0000002f3b3fe2a0:   023f72a801d8fd00 024eeaa802309600
0x0000002f3b3fe2b0:   0000002f00007750 0000b80219cc0000
0x0000002f3b3fe2c0:   0000000000000000 01c99fab01a750ab
0x0000002f3b3fe2d0:   021c4dac022bf4ab 00f954ac026e52ac
0x0000002f3b3fe2e0:   01d979ac027662ac 020293ac02338aac 

Instructions: (pc=0x00007ff81594cf2c)
0x00007ff81594ce2c:   41 bf 20 00 00 00 48 8b 04 38 4d 8b 3c 07 0f b6
0x00007ff81594ce3c:   bc 24 b0 00 00 00 4c 3b 3d f7 b6 c3 00 41 0f 44
0x00007ff81594ce4c:   e9 89 ac 24 a0 00 00 00 48 85 c9 0f 84 d4 07 00
0x00007ff81594ce5c:   00 0f 1f 00 4c 8b f1 4c 8d a1 c8 05 00 00 49 8b
0x00007ff81594ce6c:   04 24 48 89 84 24 a8 00 00 00 40 84 ff 74 10 48
0x00007ff81594ce7c:   8b d1 48 8b 09 e8 0a 49 ee ff e9 4f 07 00 00 8b
0x00007ff81594ce8c:   96 c8 01 00 00 48 8b 05 78 9a b3 00 83 b8 64 03
0x00007ff81594ce9c:   00 00 02 0f 85 18 02 00 00 83 fa 10 73 0e 48 8d
0x00007ff81594ceac:   42 04 48 8d 04 c2 48 8d 04 c1 eb 60 8d 4a f0 8b
0x00007ff81594cebc:   c1 c1 e8 04 83 f8 03 73 1d 0f ae e8 83 e1 0f 4d
0x00007ff81594cecc:   8b 84 c6 80 05 00 00 4d 85 c0 74 25 48 8d 0c c9
0x00007ff81594cedc:   49 8d 04 c8 eb 36 49 8b 86 98 05 00 00 48 85 c0
0x00007ff81594ceec:   74 0f 66 90 39 10 74 2f 48 8b 40 50 48 85 c0 75
0x00007ff81594cefc:   f3 41 80 be a0 05 00 00 00 74 22 8b c2 83 e0 0f
0x00007ff81594cf0c:   48 8d 04 c0 48 8d 40 20 49 8d 04 c6 48 85 c0 74
0x00007ff81594cf1c:   0c 48 8b 48 08 eb 09 48 83 c0 08 eb ef 49 8b c9
0x00007ff81594cf2c:   49 3b 8f f8 56 03 00 0f 86 84 01 00 00 83 fa 10
0x00007ff81594cf3c:   73 0a 48 8d 42 04 48 8d 04 c2 eb 5c 8d 4a f0 8b
0x00007ff81594cf4c:   c1 c1 e8 04 83 f8 03 73 1d 0f ae e8 83 e1 0f 4d
0x00007ff81594cf5c:   8b 84 c6 80 05 00 00 4d 85 c0 74 25 48 8d 0c c9
0x00007ff81594cf6c:   49 8d 04 c8 eb 36 49 8b 86 98 05 00 00 48 85 c0
0x00007ff81594cf7c:   74 0f 66 90 39 10 74 2f 48 8b 40 50 48 85 c0 75
0x00007ff81594cf8c:   f3 41 80 be a0 05 00 00 00 74 22 8b c2 83 e0 0f
0x00007ff81594cf9c:   48 8d 04 c0 48 8d 40 20 49 8d 04 c6 48 85 c0 74
0x00007ff81594cfac:   0c 48 8b 48 08 eb 09 48 83 c0 08 eb ef 49 8b c9
0x00007ff81594cfbc:   49 3b 8e 40 06 00 00 0f 86 f4 00 00 00 48 8b 86
0x00007ff81594cfcc:   78 02 00 00 49 89 04 24 4c 89 b6 78 02 00 00 ff
0x00007ff81594cfdc:   86 80 02 00 00 49 8b 46 08 48 8b 88 18 01 00 00
0x00007ff81594cfec:   48 81 e1 00 00 ff ff 48 81 c1 00 00 01 00 48 01
0x00007ff81594cffc:   8e 88 02 00 00 ba 01 00 00 00 49 8b 4e 08 e8 b1
0x00007ff81594d00c:   91 d4 ff 48 01 86 98 02 00 00 85 ed 74 75 49 8b
0x00007ff81594d01c:   9f 58 4f 03 00 0f 57 c0 f3 0f 7f 44 24 30 c7 44 


Stack slot to memory mapping:
stack at sp + 0 slots: 0x000001f6b87a2eb0 points into unknown readable memory: 0xffffffffffffffff | ff ff ff ff ff ff ff ff
stack at sp + 1 slots: 0x00007ff87cfe41a9 USER32.dll
stack at sp + 2 slots: 0x0000002f3b3fe288 points into unknown readable memory: 0x00007ff81582d62c | 2c d6 82 15 f8 7f 00 00
stack at sp + 3 slots: 0x0 is NULL
stack at sp + 4 slots: 0x0000000000000054 is an unknown value
stack at sp + 5 slots: 0x000001f6b87a2eb0 points into unknown readable memory: 0xffffffffffffffff | ff ff ff ff ff ff ff ff
stack at sp + 6 slots: 0x00929d9d00a8e09c is an unknown value
stack at sp + 7 slots: 0x00007ff87d272c94 ntdll.dll

VM_Operation (0x0000002f3d4febf0): Exit, mode: safepoint, requested by thread 0x000001f6b845f1e0


---------------  P R O C E S S  ---------------

Threads class SMR info:
_java_thread_list=0x000001f6cc7e7ea0, length=19, elements={
0x000001f6b71d4c60, 0x000001f6b71d5e20, 0x000001f6b71e98a0, 0x000001f6b71ee260,
0x000001f6b71eec10, 0x000001f6b71ef5c0, 0x000001f6b71f1050, 0x000001f6b71f3b00,
0x000001f6b71f67d0, 0x000001f6b7d070e0, 0x000001f6b7d2b1a0, 0x000001f6b7d300b0,
0x000001f6b7d35df0, 0x000001f6b7d3c7b0, 0x000001f6b816bf60, 0x000001f6ba9739c0,
0x000001f6b845f1e0, 0x000001f6990adcb0, 0x000001f6b85964c0
}

Java Threads: ( => current thread )
  0x000001f6b71d4c60 JavaThread "Reference Handler" daemon [_thread_blocked, id=1816, stack(0x0000002f3b400000,0x0000002f3b500000)]
  0x000001f6b71d5e20 JavaThread "Finalizer" daemon [_thread_blocked, id=6204, stack(0x0000002f3b500000,0x0000002f3b600000)]
  0x000001f6b71e98a0 JavaThread "Signal Dispatcher" daemon [_thread_blocked, id=15196, stack(0x0000002f3b600000,0x0000002f3b700000)]
  0x000001f6b71ee260 JavaThread "Attach Listener" daemon [_thread_blocked, id=15992, stack(0x0000002f3b700000,0x0000002f3b800000)]
  0x000001f6b71eec10 JavaThread "Service Thread" daemon [_thread_blocked, id=12692, stack(0x0000002f3b800000,0x0000002f3b900000)]
  0x000001f6b71ef5c0 JavaThread "Monitor Deflation Thread" daemon [_thread_blocked, id=15348, stack(0x0000002f3b900000,0x0000002f3ba00000)]
  0x000001f6b71f1050 JavaThread "C2 CompilerThread0" daemon [_thread_blocked, id=13416, stack(0x0000002f3ba00000,0x0000002f3bb00000)]
  0x000001f6b71f3b00 JavaThread "C1 CompilerThread0" daemon [_thread_blocked, id=15980, stack(0x0000002f3bb00000,0x0000002f3bc00000)]
  0x000001f6b71f67d0 JavaThread "Sweeper thread" daemon [_thread_blocked, id=14240, stack(0x0000002f3bc00000,0x0000002f3bd00000)]
  0x000001f6b7d070e0 JavaThread "JDWP Transport Listener: dt_socket" daemon [_thread_blocked, id=13920, stack(0x0000002f3bd00000,0x0000002f3be00000)]
  0x000001f6b7d2b1a0 JavaThread "JDWP Event Helper Thread" daemon [_thread_blocked, id=9112, stack(0x0000002f3be00000,0x0000002f3bf00000)]
  0x000001f6b7d300b0 JavaThread "JDWP Command Reader" daemon [_thread_blocked, id=10732, stack(0x0000002f3bf00000,0x0000002f3c000000)]
  0x000001f6b7d35df0 JavaThread "Notification Thread" daemon [_thread_blocked, id=11120, stack(0x0000002f3c000000,0x0000002f3c100000)]
  0x000001f6b7d3c7b0 JavaThread "Common-Cleaner" daemon [_thread_blocked, id=3160, stack(0x0000002f3c200000,0x0000002f3c300000)]
  0x000001f6b816bf60 JavaThread "Java2D Disposer" daemon [_thread_blocked, id=9020, stack(0x0000002f3c300000,0x0000002f3c400000)]
  0x000001f6ba9739c0 JavaThread "HighResTimerThread" daemon [_thread_blocked, id=17272, stack(0x0000002f3c700000,0x0000002f3c800000)]
  0x000001f6b845f1e0 JavaThread "main-FPSAWTAnimator#00-Timer0" [_thread_blocked, id=12232, stack(0x0000002f3d400000,0x0000002f3d500000)]
  0x000001f6990adcb0 JavaThread "DestroyJavaVM" [_thread_blocked, id=12448, stack(0x0000002f3ad00000,0x0000002f3ae00000)]
  0x000001f6b85964c0 JavaThread "AWT-Shutdown" [_thread_blocked, id=8000, stack(0x0000002f3d300000,0x0000002f3d400000)]

Other Threads:
=>0x000001f6b71ced20 VMThread "VM Thread" [stack: 0x0000002f3b300000,0x0000002f3b400000] [id=15332]
  0x000001f699109ec0 GCTaskThread "GC Thread#0" [stack: 0x0000002f3ae00000,0x0000002f3af00000] [id=5864]
  0x000001f6ba3284f0 GCTaskThread "GC Thread#1" [stack: 0x0000002f3cb00000,0x0000002f3cc00000] [id=4324]
  0x000001f6ba3287a0 GCTaskThread "GC Thread#2" [stack: 0x0000002f3cc00000,0x0000002f3cd00000] [id=12216]
  0x000001f6ba328a50 GCTaskThread "GC Thread#3" [stack: 0x0000002f3cd00000,0x0000002f3ce00000] [id=14224]
  0x000001f6ba328d00 GCTaskThread "GC Thread#4" [stack: 0x0000002f3ce00000,0x0000002f3cf00000] [id=11632]
  0x000001f6ba328fb0 GCTaskThread "GC Thread#5" [stack: 0x0000002f3cf00000,0x0000002f3d000000] [id=10084]
  0x000001f6ba362100 GCTaskThread "GC Thread#6" [stack: 0x0000002f3d000000,0x0000002f3d100000] [id=2340]
  0x000001f6ba3623b0 GCTaskThread "GC Thread#7" [stack: 0x0000002f3d100000,0x0000002f3d200000] [id=14396]
  0x000001f69911a460 ConcurrentGCThread "G1 Main Marker" terminated
  0x000001f69911ae70 ConcurrentGCThread "G1 Conc#0" [stack: 0x0000002f3b000000,0x0000002f3b100000] [id=10860]
  0x000001f6b70780e0 ConcurrentGCThread "G1 Refine#0" terminated
  0x000001f6b707b8c0 ConcurrentGCThread "G1 Service" terminated

Threads with active compile tasks:

VM state: at safepoint (shutting down)

VM Mutex/Monitor currently owned by a thread:  ([mutex/lock_event])
[0x000001f6990a9d70] Threads_lock - owner thread: 0x000001f6b71ced20
[0x000001f6990aaca0] Heap_lock - owner thread: 0x000001f6b845f1e0

Heap address: 0x0000000085800000, size: 1960 MB, Compressed Oops mode: 32-bit

CDS archive(s) mapped at: [0x0000000800000000-0x0000000800bc0000-0x0000000800bc0000), size 12320768, SharedBaseAddress: 0x0000000800000000, ArchiveRelocationMode: 0.
Compressed class space mapped at: 0x0000000800c00000-0x0000000840c00000, reserved size: 1073741824
Narrow klass base: 0x0000000800000000, Narrow klass shift: 0, Narrow klass range: 0x100000000

GC Precious Log:
 CPUs: 8 total, 8 available
 Memory: 7834M
 Large Page Support: Disabled
 NUMA Support: Disabled
 Compressed Oops: Enabled (32-bit)
 Heap Region Size: 1M
 Heap Min Capacity: 8M
 Heap Initial Capacity: 124M
 Heap Max Capacity: 1960M
 Pre-touch: Disabled
 Parallel Workers: 8
 Concurrent Workers: 2
 Concurrent Refinement Workers: 8
 Periodic GC: Disabled

Heap:
 garbage-first heap   total 126976K, used 59807K [0x0000000085800000, 0x0000000100000000)
  region size 1024K, 52 young (53248K), 7 survivors (7168K)
 Metaspace       used 13343K, committed 13504K, reserved 1064960K
  class space    used 938K, committed 1024K, reserved 1048576K

Heap Regions: E=young(eden), S=young(survivor), O=old, HS=humongous(starts), HC=humongous(continues), CS=collection set, F=free, OA=open archive, CA=closed archive, TAMS=top-at-mark-start (previous, next)
|   0|0x0000000085800000, 0x00000000858d8a00, 0x0000000085900000| 84%| O|  |TAMS 0x0000000085800000, 0x0000000085800000| Untracked 
|   1|0x0000000085900000, 0x0000000085a00000, 0x0000000085a00000|100%|HS|  |TAMS 0x0000000085900000, 0x0000000085900000| Complete 
|   2|0x0000000085a00000, 0x0000000085b00000, 0x0000000085b00000|100%| O|  |TAMS 0x0000000085a00000, 0x0000000085a00000| Untracked 
|   3|0x0000000085b00000, 0x0000000085c00000, 0x0000000085c00000|100%| O|  |TAMS 0x0000000085b00000, 0x0000000085b00000| Untracked 
|   4|0x0000000085c00000, 0x0000000085d00000, 0x0000000085d00000|100%| O|  |TAMS 0x0000000085c00000, 0x0000000085c00000| Untracked 
|   5|0x0000000085d00000, 0x0000000085e00000, 0x0000000085e00000|100%|HS|  |TAMS 0x0000000085d00000, 0x0000000085d00000| Complete 
|   6|0x0000000085e00000, 0x0000000085f00000, 0x0000000085f00000|100%|HS|  |TAMS 0x0000000085e00000, 0x0000000085e00000| Complete 
|   7|0x0000000085f00000, 0x0000000086000000, 0x0000000086000000|100%|HC|  |TAMS 0x0000000085f00000, 0x0000000085f00000| Complete 
|   8|0x0000000086000000, 0x0000000086100000, 0x0000000086100000|100%|HS|  |TAMS 0x0000000086000000, 0x0000000086000000| Complete 
|   9|0x0000000086100000, 0x0000000086100000, 0x0000000086200000|  0%| F|  |TAMS 0x0000000086100000, 0x0000000086100000| Untracked 
|  10|0x0000000086200000, 0x0000000086200000, 0x0000000086300000|  0%| F|  |TAMS 0x0000000086200000, 0x0000000086200000| Untracked 
|  11|0x0000000086300000, 0x0000000086300000, 0x0000000086400000|  0%| F|  |TAMS 0x0000000086300000, 0x0000000086300000| Untracked 
|  12|0x0000000086400000, 0x0000000086400000, 0x0000000086500000|  0%| F|  |TAMS 0x0000000086400000, 0x0000000086400000| Untracked 
|  13|0x0000000086500000, 0x0000000086500000, 0x0000000086600000|  0%| F|  |TAMS 0x0000000086500000, 0x0000000086500000| Untracked 
|  14|0x0000000086600000, 0x0000000086600000, 0x0000000086700000|  0%| F|  |TAMS 0x0000000086600000, 0x0000000086600000| Untracked 
|  15|0x0000000086700000, 0x0000000086700000, 0x0000000086800000|  0%| F|  |TAMS 0x0000000086700000, 0x0000000086700000| Untracked 
|  16|0x0000000086800000, 0x0000000086800000, 0x0000000086900000|  0%| F|  |TAMS 0x0000000086800000, 0x0000000086800000| Untracked 
|  17|0x0000000086900000, 0x0000000086900000, 0x0000000086a00000|  0%| F|  |TAMS 0x0000000086900000, 0x0000000086900000| Untracked 
|  18|0x0000000086a00000, 0x0000000086a00000, 0x0000000086b00000|  0%| F|  |TAMS 0x0000000086a00000, 0x0000000086a00000| Untracked 
|  19|0x0000000086b00000, 0x0000000086b00000, 0x0000000086c00000|  0%| F|  |TAMS 0x0000000086b00000, 0x0000000086b00000| Untracked 
|  20|0x0000000086c00000, 0x0000000086c00000, 0x0000000086d00000|  0%| F|  |TAMS 0x0000000086c00000, 0x0000000086c00000| Untracked 
|  21|0x0000000086d00000, 0x0000000086d00000, 0x0000000086e00000|  0%| F|  |TAMS 0x0000000086d00000, 0x0000000086d00000| Untracked 
|  22|0x0000000086e00000, 0x0000000086e00000, 0x0000000086f00000|  0%| F|  |TAMS 0x0000000086e00000, 0x0000000086e00000| Untracked 
|  23|0x0000000086f00000, 0x0000000086f00000, 0x0000000087000000|  0%| F|  |TAMS 0x0000000086f00000, 0x0000000086f00000| Untracked 
|  24|0x0000000087000000, 0x0000000087000000, 0x0000000087100000|  0%| F|  |TAMS 0x0000000087000000, 0x0000000087000000| Untracked 
|  25|0x0000000087100000, 0x0000000087100000, 0x0000000087200000|  0%| F|  |TAMS 0x0000000087100000, 0x0000000087100000| Untracked 
|  26|0x0000000087200000, 0x0000000087200000, 0x0000000087300000|  0%| F|  |TAMS 0x0000000087200000, 0x0000000087200000| Untracked 
|  27|0x0000000087300000, 0x0000000087300000, 0x0000000087400000|  0%| F|  |TAMS 0x0000000087300000, 0x0000000087300000| Untracked 
|  28|0x0000000087400000, 0x0000000087400000, 0x0000000087500000|  0%| F|  |TAMS 0x0000000087400000, 0x0000000087400000| Untracked 
|  29|0x0000000087500000, 0x0000000087500000, 0x0000000087600000|  0%| F|  |TAMS 0x0000000087500000, 0x0000000087500000| Untracked 
|  30|0x0000000087600000, 0x0000000087600000, 0x0000000087700000|  0%| F|  |TAMS 0x0000000087600000, 0x0000000087600000| Untracked 
|  31|0x0000000087700000, 0x0000000087700000, 0x0000000087800000|  0%| F|  |TAMS 0x0000000087700000, 0x0000000087700000| Untracked 
|  32|0x0000000087800000, 0x0000000087800000, 0x0000000087900000|  0%| F|  |TAMS 0x0000000087800000, 0x0000000087800000| Untracked 
|  33|0x0000000087900000, 0x0000000087900000, 0x0000000087a00000|  0%| F|  |TAMS 0x0000000087900000, 0x0000000087900000| Untracked 
|  34|0x0000000087a00000, 0x0000000087a00000, 0x0000000087b00000|  0%| F|  |TAMS 0x0000000087a00000, 0x0000000087a00000| Untracked 
|  35|0x0000000087b00000, 0x0000000087b00000, 0x0000000087c00000|  0%| F|  |TAMS 0x0000000087b00000, 0x0000000087b00000| Untracked 
|  36|0x0000000087c00000, 0x0000000087c00000, 0x0000000087d00000|  0%| F|  |TAMS 0x0000000087c00000, 0x0000000087c00000| Untracked 
|  37|0x0000000087d00000, 0x0000000087d00000, 0x0000000087e00000|  0%| F|  |TAMS 0x0000000087d00000, 0x0000000087d00000| Untracked 
|  38|0x0000000087e00000, 0x0000000087e00000, 0x0000000087f00000|  0%| F|  |TAMS 0x0000000087e00000, 0x0000000087e00000| Untracked 
|  39|0x0000000087f00000, 0x0000000087f00000, 0x0000000088000000|  0%| F|  |TAMS 0x0000000087f00000, 0x0000000087f00000| Untracked 
|  40|0x0000000088000000, 0x0000000088000000, 0x0000000088100000|  0%| F|  |TAMS 0x0000000088000000, 0x0000000088000000| Untracked 
|  41|0x0000000088100000, 0x0000000088100000, 0x0000000088200000|  0%| F|  |TAMS 0x0000000088100000, 0x0000000088100000| Untracked 
|  42|0x0000000088200000, 0x0000000088200000, 0x0000000088300000|  0%| F|  |TAMS 0x0000000088200000, 0x0000000088200000| Untracked 
|  43|0x0000000088300000, 0x000000008838f220, 0x0000000088400000| 55%| S|CS|TAMS 0x0000000088300000, 0x0000000088300000| Complete 
|  44|0x0000000088400000, 0x0000000088400000, 0x0000000088500000|  0%| F|  |TAMS 0x0000000088400000, 0x0000000088400000| Untracked 
|  45|0x0000000088500000, 0x0000000088500000, 0x0000000088600000|  0%| F|  |TAMS 0x0000000088500000, 0x0000000088500000| Untracked 
|  46|0x0000000088600000, 0x0000000088700000, 0x0000000088700000|100%| S|CS|TAMS 0x0000000088600000, 0x0000000088600000| Complete 
|  47|0x0000000088700000, 0x0000000088800000, 0x0000000088800000|100%| S|CS|TAMS 0x0000000088700000, 0x0000000088700000| Complete 
|  48|0x0000000088800000, 0x0000000088900000, 0x0000000088900000|100%| S|CS|TAMS 0x0000000088800000, 0x0000000088800000| Complete 
|  49|0x0000000088900000, 0x0000000088a00000, 0x0000000088a00000|100%| S|CS|TAMS 0x0000000088900000, 0x0000000088900000| Complete 
|  50|0x0000000088a00000, 0x0000000088a00000, 0x0000000088b00000|  0%| F|  |TAMS 0x0000000088a00000, 0x0000000088a00000| Untracked 
|  51|0x0000000088b00000, 0x0000000088b00000, 0x0000000088c00000|  0%| F|  |TAMS 0x0000000088b00000, 0x0000000088b00000| Untracked 
|  52|0x0000000088c00000, 0x0000000088c00000, 0x0000000088d00000|  0%| F|  |TAMS 0x0000000088c00000, 0x0000000088c00000| Untracked 
|  53|0x0000000088d00000, 0x0000000088d00000, 0x0000000088e00000|  0%| F|  |TAMS 0x0000000088d00000, 0x0000000088d00000| Untracked 
|  54|0x0000000088e00000, 0x0000000088f00000, 0x0000000088f00000|100%| S|CS|TAMS 0x0000000088e00000, 0x0000000088e00000| Complete 
|  55|0x0000000088f00000, 0x0000000089000000, 0x0000000089000000|100%| S|CS|TAMS 0x0000000088f00000, 0x0000000088f00000| Complete 
|  56|0x0000000089000000, 0x0000000089000000, 0x0000000089100000|  0%| F|  |TAMS 0x0000000089000000, 0x0000000089000000| Untracked 
|  57|0x0000000089100000, 0x0000000089100000, 0x0000000089200000|  0%| F|  |TAMS 0x0000000089100000, 0x0000000089100000| Untracked 
|  58|0x0000000089200000, 0x0000000089200000, 0x0000000089300000|  0%| F|  |TAMS 0x0000000089200000, 0x0000000089200000| Untracked 
|  59|0x0000000089300000, 0x0000000089300000, 0x0000000089400000|  0%| F|  |TAMS 0x0000000089300000, 0x0000000089300000| Untracked 
|  60|0x0000000089400000, 0x0000000089400000, 0x0000000089500000|  0%| F|  |TAMS 0x0000000089400000, 0x0000000089400000| Untracked 
|  61|0x0000000089500000, 0x0000000089500000, 0x0000000089600000|  0%| F|  |TAMS 0x0000000089500000, 0x0000000089500000| Untracked 
|  62|0x0000000089600000, 0x0000000089600000, 0x0000000089700000|  0%| F|  |TAMS 0x0000000089600000, 0x0000000089600000| Untracked 
|  63|0x0000000089700000, 0x0000000089700000, 0x0000000089800000|  0%| F|  |TAMS 0x0000000089700000, 0x0000000089700000| Untracked 
|  64|0x0000000089800000, 0x0000000089800000, 0x0000000089900000|  0%| F|  |TAMS 0x0000000089800000, 0x0000000089800000| Untracked 
|  65|0x0000000089900000, 0x0000000089900000, 0x0000000089a00000|  0%| F|  |TAMS 0x0000000089900000, 0x0000000089900000| Untracked 
|  66|0x0000000089a00000, 0x0000000089a00000, 0x0000000089b00000|  0%| F|  |TAMS 0x0000000089a00000, 0x0000000089a00000| Untracked 
|  67|0x0000000089b00000, 0x0000000089b00000, 0x0000000089c00000|  0%| F|  |TAMS 0x0000000089b00000, 0x0000000089b00000| Untracked 
|  68|0x0000000089c00000, 0x0000000089c00000, 0x0000000089d00000|  0%| F|  |TAMS 0x0000000089c00000, 0x0000000089c00000| Untracked 
|  69|0x0000000089d00000, 0x0000000089d00000, 0x0000000089e00000|  0%| F|  |TAMS 0x0000000089d00000, 0x0000000089d00000| Untracked 
|  70|0x0000000089e00000, 0x0000000089e00000, 0x0000000089f00000|  0%| F|  |TAMS 0x0000000089e00000, 0x0000000089e00000| Untracked 
|  71|0x0000000089f00000, 0x0000000089f00000, 0x000000008a000000|  0%| F|  |TAMS 0x0000000089f00000, 0x0000000089f00000| Untracked 
|  72|0x000000008a000000, 0x000000008a000000, 0x000000008a100000|  0%| F|  |TAMS 0x000000008a000000, 0x000000008a000000| Untracked 
|  73|0x000000008a100000, 0x000000008a100000, 0x000000008a200000|  0%| F|  |TAMS 0x000000008a100000, 0x000000008a100000| Untracked 
|  74|0x000000008a200000, 0x000000008a200000, 0x000000008a300000|  0%| F|  |TAMS 0x000000008a200000, 0x000000008a200000| Untracked 
|  75|0x000000008a300000, 0x000000008a300000, 0x000000008a400000|  0%| F|  |TAMS 0x000000008a300000, 0x000000008a300000| Untracked 
|  76|0x000000008a400000, 0x000000008a400000, 0x000000008a500000|  0%| F|  |TAMS 0x000000008a400000, 0x000000008a400000| Untracked 
|  77|0x000000008a500000, 0x000000008a500000, 0x000000008a600000|  0%| F|  |TAMS 0x000000008a500000, 0x000000008a500000| Untracked 
|  78|0x000000008a600000, 0x000000008a600000, 0x000000008a700000|  0%| F|  |TAMS 0x000000008a600000, 0x000000008a600000| Untracked 
|  79|0x000000008a700000, 0x000000008a780800, 0x000000008a800000| 50%| E|  |TAMS 0x000000008a700000, 0x000000008a700000| Complete 
|  80|0x000000008a800000, 0x000000008a900000, 0x000000008a900000|100%| E|CS|TAMS 0x000000008a800000, 0x000000008a800000| Complete 
|  81|0x000000008a900000, 0x000000008aa00000, 0x000000008aa00000|100%| E|CS|TAMS 0x000000008a900000, 0x000000008a900000| Complete 
|  82|0x000000008aa00000, 0x000000008ab00000, 0x000000008ab00000|100%| E|CS|TAMS 0x000000008aa00000, 0x000000008aa00000| Complete 
|  83|0x000000008ab00000, 0x000000008ac00000, 0x000000008ac00000|100%| E|CS|TAMS 0x000000008ab00000, 0x000000008ab00000| Complete 
|  84|0x000000008ac00000, 0x000000008ad00000, 0x000000008ad00000|100%| E|CS|TAMS 0x000000008ac00000, 0x000000008ac00000| Complete 
|  85|0x000000008ad00000, 0x000000008ae00000, 0x000000008ae00000|100%| E|CS|TAMS 0x000000008ad00000, 0x000000008ad00000| Complete 
|  86|0x000000008ae00000, 0x000000008af00000, 0x000000008af00000|100%| E|CS|TAMS 0x000000008ae00000, 0x000000008ae00000| Complete 
|  87|0x000000008af00000, 0x000000008b000000, 0x000000008b000000|100%| E|CS|TAMS 0x000000008af00000, 0x000000008af00000| Complete 
|  88|0x000000008b000000, 0x000000008b100000, 0x000000008b100000|100%| E|  |TAMS 0x000000008b000000, 0x000000008b000000| Complete 
|  89|0x000000008b100000, 0x000000008b200000, 0x000000008b200000|100%| E|CS|TAMS 0x000000008b100000, 0x000000008b100000| Complete 
|  90|0x000000008b200000, 0x000000008b300000, 0x000000008b300000|100%| E|CS|TAMS 0x000000008b200000, 0x000000008b200000| Complete 
|  91|0x000000008b300000, 0x000000008b400000, 0x000000008b400000|100%| E|CS|TAMS 0x000000008b300000, 0x000000008b300000| Complete 
|  92|0x000000008b400000, 0x000000008b500000, 0x000000008b500000|100%| E|CS|TAMS 0x000000008b400000, 0x000000008b400000| Complete 
|  93|0x000000008b500000, 0x000000008b600000, 0x000000008b600000|100%| E|CS|TAMS 0x000000008b500000, 0x000000008b500000| Complete 
|  94|0x000000008b600000, 0x000000008b700000, 0x000000008b700000|100%| E|CS|TAMS 0x000000008b600000, 0x000000008b600000| Complete 
|  95|0x000000008b700000, 0x000000008b800000, 0x000000008b800000|100%| E|CS|TAMS 0x000000008b700000, 0x000000008b700000| Complete 
|  96|0x000000008b800000, 0x000000008b900000, 0x000000008b900000|100%| E|CS|TAMS 0x000000008b800000, 0x000000008b800000| Complete 
|  97|0x000000008b900000, 0x000000008ba00000, 0x000000008ba00000|100%| E|CS|TAMS 0x000000008b900000, 0x000000008b900000| Complete 
|  98|0x000000008ba00000, 0x000000008bb00000, 0x000000008bb00000|100%| E|CS|TAMS 0x000000008ba00000, 0x000000008ba00000| Complete 
|  99|0x000000008bb00000, 0x000000008bc00000, 0x000000008bc00000|100%| E|CS|TAMS 0x000000008bb00000, 0x000000008bb00000| Complete 
| 100|0x000000008bc00000, 0x000000008bd00000, 0x000000008bd00000|100%| E|CS|TAMS 0x000000008bc00000, 0x000000008bc00000| Complete 
| 101|0x000000008bd00000, 0x000000008be00000, 0x000000008be00000|100%| E|CS|TAMS 0x000000008bd00000, 0x000000008bd00000| Complete 
| 102|0x000000008be00000, 0x000000008bf00000, 0x000000008bf00000|100%| E|CS|TAMS 0x000000008be00000, 0x000000008be00000| Complete 
| 103|0x000000008bf00000, 0x000000008c000000, 0x000000008c000000|100%| E|CS|TAMS 0x000000008bf00000, 0x000000008bf00000| Complete 
| 104|0x000000008c000000, 0x000000008c100000, 0x000000008c100000|100%| E|CS|TAMS 0x000000008c000000, 0x000000008c000000| Complete 
| 105|0x000000008c100000, 0x000000008c200000, 0x000000008c200000|100%| E|CS|TAMS 0x000000008c100000, 0x000000008c100000| Complete 
| 106|0x000000008c200000, 0x000000008c300000, 0x000000008c300000|100%| E|CS|TAMS 0x000000008c200000, 0x000000008c200000| Complete 
| 107|0x000000008c300000, 0x000000008c400000, 0x000000008c400000|100%| E|CS|TAMS 0x000000008c300000, 0x000000008c300000| Complete 
| 108|0x000000008c400000, 0x000000008c500000, 0x000000008c500000|100%| E|CS|TAMS 0x000000008c400000, 0x000000008c400000| Complete 
| 109|0x000000008c500000, 0x000000008c600000, 0x000000008c600000|100%| E|CS|TAMS 0x000000008c500000, 0x000000008c500000| Complete 
| 110|0x000000008c600000, 0x000000008c700000, 0x000000008c700000|100%| E|CS|TAMS 0x000000008c600000, 0x000000008c600000| Complete 
| 111|0x000000008c700000, 0x000000008c800000, 0x000000008c800000|100%| E|CS|TAMS 0x000000008c700000, 0x000000008c700000| Complete 
| 112|0x000000008c800000, 0x000000008c900000, 0x000000008c900000|100%| E|CS|TAMS 0x000000008c800000, 0x000000008c800000| Complete 
| 113|0x000000008c900000, 0x000000008ca00000, 0x000000008ca00000|100%| E|CS|TAMS 0x000000008c900000, 0x000000008c900000| Complete 
| 114|0x000000008ca00000, 0x000000008cb00000, 0x000000008cb00000|100%| E|CS|TAMS 0x000000008ca00000, 0x000000008ca00000| Complete 
| 115|0x000000008cb00000, 0x000000008cc00000, 0x000000008cc00000|100%| E|CS|TAMS 0x000000008cb00000, 0x000000008cb00000| Complete 
| 116|0x000000008cc00000, 0x000000008cd00000, 0x000000008cd00000|100%| E|CS|TAMS 0x000000008cc00000, 0x000000008cc00000| Complete 
| 117|0x000000008cd00000, 0x000000008ce00000, 0x000000008ce00000|100%| E|CS|TAMS 0x000000008cd00000, 0x000000008cd00000| Complete 
| 118|0x000000008ce00000, 0x000000008cf00000, 0x000000008cf00000|100%| E|CS|TAMS 0x000000008ce00000, 0x000000008ce00000| Complete 
| 119|0x000000008cf00000, 0x000000008d000000, 0x000000008d000000|100%| E|CS|TAMS 0x000000008cf00000, 0x000000008cf00000| Complete 
| 120|0x000000008d000000, 0x000000008d100000, 0x000000008d100000|100%| E|CS|TAMS 0x000000008d000000, 0x000000008d000000| Complete 
| 121|0x000000008d100000, 0x000000008d200000, 0x000000008d200000|100%| E|CS|TAMS 0x000000008d100000, 0x000000008d100000| Complete 
| 122|0x000000008d200000, 0x000000008d300000, 0x000000008d300000|100%| E|CS|TAMS 0x000000008d200000, 0x000000008d200000| Complete 
| 123|0x000000008d300000, 0x000000008d400000, 0x000000008d400000|100%| E|CS|TAMS 0x000000008d300000, 0x000000008d300000| Complete 

Card table byte_map: [0x000001f6b02a0000,0x000001f6b0680000] _byte_map_base: 0x000001f6afe74000

Marking Bits (Prev, Next): (CMBitMap*) 0x000001f69910a4d0, (CMBitMap*) 0x000001f69910a510
 Prev Bits: [0x000001f6b0a60000, 0x000001f6b2900000)
 Next Bits: [0x000001f6b2900000, 0x000001f6b47a0000)

Polling page: 0x000001f698870000

Metaspace:

Usage:
  Non-class:     12.11 MB used.
      Class:    938.78 KB used.
       Both:     13.03 MB used.

Virtual space:
  Non-class space:       16.00 MB reserved,      12.19 MB ( 76%) committed,  2 nodes.
      Class space:        1.00 GB reserved,       1.00 MB ( <1%) committed,  1 nodes.
             Both:        1.02 GB reserved,      13.19 MB (  1%) committed. 

Chunk freelists:
   Non-Class:  3.69 MB
       Class:  2.89 MB
        Both:  6.58 MB

MaxMetaspaceSize: unlimited
CompressedClassSpaceSize: 1.00 GB
Initial GC threshold: 21.00 MB
Current GC threshold: 21.00 MB
CDS: on
MetaspaceReclaimPolicy: balanced
 - commit_granule_bytes: 65536.
 - commit_granule_words: 8192.
 - virtual_space_node_default_size: 1048576.
 - enlarge_chunks_in_place: 1.
 - new_chunks_are_fully_committed: 0.
 - uncommit_free_chunks: 1.
 - use_allocation_guard: 0.
 - handle_deallocations: 1.


Internal statistics:

num_allocs_failed_limit: 0.
num_arena_births: 140.
num_arena_deaths: 0.
num_vsnodes_births: 3.
num_vsnodes_deaths: 0.
num_space_committed: 207.
num_space_uncommitted: 0.
num_chunks_returned_to_freelist: 0.
num_chunks_taken_from_freelist: 448.
num_chunk_merges: 0.
num_chunk_splits: 335.
num_chunks_enlarged: 261.
num_purges: 0.
num_inconsistent_stats: 0.

CodeHeap 'non-profiled nmethods': size=120000Kb used=864Kb max_used=864Kb free=119136Kb
 bounds [0x000001f6a8660000, 0x000001f6a88d0000, 0x000001f6afb90000]
CodeHeap 'profiled nmethods': size=120000Kb used=3730Kb max_used=3730Kb free=116269Kb
 bounds [0x000001f6a1130000, 0x000001f6a14e0000, 0x000001f6a8660000]
CodeHeap 'non-nmethods': size=5760Kb used=1611Kb max_used=1644Kb free=4149Kb
 bounds [0x000001f6a0b90000, 0x000001f6a0e00000, 0x000001f6a1130000]
 total_blobs=2793 nmethods=1861 adapters=845
 compilation: enabled
              stopped_count=0, restarted_count=0
 full_count=0

Compilation events (20 events):
Event: 84.114 Thread 0x000001f6b71f1050 1851       4       java.lang.reflect.AccessibleObject::checkAccess (40 bytes)
Event: 84.118 Thread 0x000001f6b71f1050 nmethod 1851 0x000001f6a8735d10 code [0x000001f6a8735ea0, 0x000001f6a8736048]
Event: 84.284 Thread 0x000001f6b71f1050 1852       4       jdk.internal.reflect.DelegatingMethodAccessorImpl::invoke (10 bytes)
Event: 84.295 Thread 0x000001f6b71f1050 nmethod 1852 0x000001f6a8736290 code [0x000001f6a8736480, 0x000001f6a87369b8]
Event: 84.382 Thread 0x000001f6b71f3b00 1853       3       com.jogamp.newt.event.MouseEvent::<init> (134 bytes)
Event: 84.383 Thread 0x000001f6b71f3b00 nmethod 1853 0x000001f6a14d0e10 code [0x000001f6a14d1040, 0x000001f6a14d1768]
Event: 84.456 Thread 0x000001f6b71f1050 1854       4       java.util.concurrent.ConcurrentLinkedQueue$Itr::next (96 bytes)
Event: 84.461 Thread 0x000001f6b71f1050 nmethod 1854 0x000001f6a8737010 code [0x000001f6a8737180, 0x000001f6a8737518]
Event: 84.993 Thread 0x000001f6b71f1050 1855       4       peasy.DampedAction::impulse (11 bytes)
Event: 84.993 Thread 0x000001f6b71f1050 nmethod 1855 0x000001f6a8737610 code [0x000001f6a8737780, 0x000001f6a87377f8]
Event: 85.175 Thread 0x000001f6b71f1050 1856       4       java.util.concurrent.locks.AbstractQueuedSynchronizer::compareAndSetState (13 bytes)
Event: 85.176 Thread 0x000001f6b71f1050 nmethod 1856 0x000001f6a8737910 code [0x000001f6a8737a80, 0x000001f6a8737b18]
Event: 85.340 Thread 0x000001f6b71f3b00 1857       3       peasy.PeasyCam::mouseRotate (262 bytes)
Event: 85.341 Thread 0x000001f6b71f3b00 nmethod 1857 0x000001f6a14d1a90 code [0x000001f6a14d1e00, 0x000001f6a14d2af8]
Event: 93.648 Thread 0x000001f6b71f3b00 1860       3       jdk.internal.loader.NativeLibraries::find (72 bytes)
Event: 93.648 Thread 0x000001f6b71f3b00 nmethod 1860 0x000001f6a14d3210 code [0x000001f6a14d3440, 0x000001f6a14d3cd8]
Event: 93.648 Thread 0x000001f6b71f3b00 1861       3       java.util.HashMap$KeyIterator::<init> (11 bytes)
Event: 93.648 Thread 0x000001f6b71f3b00 nmethod 1861 0x000001f6a14d3f90 code [0x000001f6a14d4140, 0x000001f6a14d42e8]
Event: 93.648 Thread 0x000001f6b71f3b00 1859       3       java.lang.ClassLoader::findNative (21 bytes)
Event: 93.648 Thread 0x000001f6b71f3b00 nmethod 1859 0x000001f6a14d4390 code [0x000001f6a14d4560, 0x000001f6a14d4798]

GC Heap History (10 events):
Event: 1.321 GC heap before
{Heap before GC invocations=0 (full 0):
 garbage-first heap   total 126976K, used 23552K [0x0000000085800000, 0x0000000100000000)
  region size 1024K, 23 young (23552K), 0 survivors (0K)
 Metaspace       used 10780K, committed 10944K, reserved 1064960K
  class space    used 741K, committed 832K, reserved 1048576K
}
Event: 1.329 GC heap after
{Heap after GC invocations=1 (full 0):
 garbage-first heap   total 126976K, used 2781K [0x0000000085800000, 0x0000000100000000)
  region size 1024K, 3 young (3072K), 3 survivors (3072K)
 Metaspace       used 10780K, committed 10944K, reserved 1064960K
  class space    used 741K, committed 832K, reserved 1048576K
}
Event: 2.153 GC heap before
{Heap before GC invocations=1 (full 0):
 garbage-first heap   total 126976K, used 37597K [0x0000000085800000, 0x0000000100000000)
  region size 1024K, 35 young (35840K), 3 survivors (3072K)
 Metaspace       used 12419K, committed 12672K, reserved 1064960K
  class space    used 911K, committed 1024K, reserved 1048576K
}
Event: 2.157 GC heap after
{Heap after GC invocations=2 (full 0):
 garbage-first heap   total 126976K, used 4152K [0x0000000085800000, 0x0000000100000000)
  region size 1024K, 2 young (2048K), 2 survivors (2048K)
 Metaspace       used 12419K, committed 12672K, reserved 1064960K
  class space    used 911K, committed 1024K, reserved 1048576K
}
Event: 5.818 GC heap before
{Heap before GC invocations=2 (full 0):
 garbage-first heap   total 126976K, used 77880K [0x0000000085800000, 0x0000000100000000)
  region size 1024K, 74 young (75776K), 2 survivors (2048K)
 Metaspace       used 12419K, committed 12672K, reserved 1064960K
  class space    used 911K, committed 1024K, reserved 1048576K
}
Event: 5.822 GC heap after
{Heap after GC invocations=3 (full 0):
 garbage-first heap   total 126976K, used 5957K [0x0000000085800000, 0x0000000100000000)
  region size 1024K, 4 young (4096K), 4 survivors (4096K)
 Metaspace       used 12419K, committed 12672K, reserved 1064960K
  class space    used 911K, committed 1024K, reserved 1048576K
}
Event: 12.259 GC heap before
{Heap before GC invocations=3 (full 0):
 garbage-first heap   total 126976K, used 77637K [0x0000000085800000, 0x0000000100000000)
  region size 1024K, 74 young (75776K), 4 survivors (4096K)
 Metaspace       used 12447K, committed 12672K, reserved 1064960K
  class space    used 915K, committed 1024K, reserved 1048576K
}
Event: 12.264 GC heap after
{Heap after GC invocations=4 (full 0):
 garbage-first heap   total 126976K, used 8447K [0x0000000085800000, 0x0000000100000000)
  region size 1024K, 6 young (6144K), 6 survivors (6144K)
 Metaspace       used 12447K, committed 12672K, reserved 1064960K
  class space    used 915K, committed 1024K, reserved 1048576K
}
Event: 17.256 GC heap before
{Heap before GC invocations=4 (full 0):
 garbage-first heap   total 126976K, used 78079K [0x0000000085800000, 0x0000000100000000)
  region size 1024K, 74 young (75776K), 6 survivors (6144K)
 Metaspace       used 12447K, committed 12672K, reserved 1064960K
  class space    used 915K, committed 1024K, reserved 1048576K
}
Event: 17.261 GC heap after
{Heap after GC invocations=5 (full 0):
 garbage-first heap   total 126976K, used 10655K [0x0000000085800000, 0x0000000100000000)
  region size 1024K, 7 young (7168K), 7 survivors (7168K)
 Metaspace       used 12447K, committed 12672K, reserved 1064960K
  class space    used 915K, committed 1024K, reserved 1048576K
}

Dll operation events (15 events):
Event: 0.025 Loaded shared library D:\GIT_HUB\WEB-DEVELOPMENT\processing_related\processing-4.1.1\java\bin\java.dll
Event: 0.033 Loaded shared library D:\GIT_HUB\WEB-DEVELOPMENT\processing_related\processing-4.1.1\java\bin\jsvml.dll
Event: 0.250 Loaded shared library D:\GIT_HUB\WEB-DEVELOPMENT\processing_related\processing-4.1.1\java\bin\net.dll
Event: 0.252 Loaded shared library D:\GIT_HUB\WEB-DEVELOPMENT\processing_related\processing-4.1.1\java\bin\nio.dll
Event: 0.256 Loaded shared library D:\GIT_HUB\WEB-DEVELOPMENT\processing_related\processing-4.1.1\java\bin\zip.dll
Event: 0.317 Loaded shared library D:\GIT_HUB\WEB-DEVELOPMENT\processing_related\processing-4.1.1\java\bin\jimage.dll
Event: 0.320 Loaded shared library D:\GIT_HUB\WEB-DEVELOPMENT\processing_related\processing-4.1.1\java\bin\awt.dll
Event: 0.704 Loaded shared library C:\Users\HP PC\AppData\Local\Temp\jogamp_0000\file_cache\jln2293160989727502660\jln16060317990690849504\natives\windows-amd64\gluegen_rt.dll
Event: 0.714 Loaded shared library D:\GIT_HUB\WEB-DEVELOPMENT\processing_related\processing-4.1.1\java\bin\jawt.dll
Event: 0.747 Loaded shared library C:\Users\HP PC\AppData\Local\Temp\jogamp_0000\file_cache\jln2293160989727502660\jln16060317990690849504\natives\windows-amd64\nativewindow_awt.dll
Event: 0.797 Loaded shared library C:\Users\HP PC\AppData\Local\Temp\jogamp_0000\file_cache\jln2293160989727502660\jln16060317990690849504\natives\windows-amd64\nativewindow_win32.dll
Event: 0.927 Loaded shared library C:\Users\HP PC\AppData\Local\Temp\jogamp_0000\file_cache\jln2293160989727502660\jln16060317990690849504\natives\windows-amd64\jogl_desktop.dll
Event: 0.998 Loaded shared library C:\Users\HP PC\AppData\Local\Temp\jogamp_0000\file_cache\jln2293160989727502660\jln16060317990690849504\natives\windows-amd64\jogl_mobile.dll
Event: 1.733 Loaded shared library C:\Users\HP PC\AppData\Local\Temp\jogamp_0000\file_cache\jln2293160989727502660\jln16060317990690849504\natives\windows-amd64\newt_head.dll
Event: 1.970 Loaded shared library D:\GIT_HUB\WEB-DEVELOPMENT\processing_related\processing-4.1.1\java\bin\verify.dll

Deoptimization events (20 events):
Event: 93.468 Thread 0x000001f6b845f1e0 DEOPT PACKING pc=0x000001f6a1446959 sp=0x0000002f3d4fec70
Event: 93.468 Thread 0x000001f6b845f1e0 DEOPT UNPACKING pc=0x000001f6a0be66e3 sp=0x0000002f3d4fe160 mode 1
Event: 93.468 Thread 0x000001f6b845f1e0 DEOPT PACKING pc=0x000001f6a142dbf4 sp=0x0000002f3d4fed00
Event: 93.468 Thread 0x000001f6b845f1e0 DEOPT UNPACKING pc=0x000001f6a0be66e3 sp=0x0000002f3d4fe1a8 mode 1
Event: 93.468 Thread 0x000001f6b845f1e0 DEOPT PACKING pc=0x000001f6a1446959 sp=0x0000002f3d4fed00
Event: 93.468 Thread 0x000001f6b845f1e0 DEOPT UNPACKING pc=0x000001f6a0be66e3 sp=0x0000002f3d4fe1f0 mode 1
Event: 93.468 Thread 0x000001f6b845f1e0 DEOPT PACKING pc=0x000001f6a142dbf4 sp=0x0000002f3d4fed90
Event: 93.468 Thread 0x000001f6b845f1e0 DEOPT UNPACKING pc=0x000001f6a0be66e3 sp=0x0000002f3d4fe238 mode 1
Event: 93.543 Thread 0x000001f6b845f1e0 DEOPT PACKING pc=0x000001f6a1446959 sp=0x0000002f3d4fec70
Event: 93.543 Thread 0x000001f6b845f1e0 DEOPT UNPACKING pc=0x000001f6a0be66e3 sp=0x0000002f3d4fe160 mode 1
Event: 93.543 Thread 0x000001f6b845f1e0 DEOPT PACKING pc=0x000001f6a142dbf4 sp=0x0000002f3d4fed00
Event: 93.543 Thread 0x000001f6b845f1e0 DEOPT UNPACKING pc=0x000001f6a0be66e3 sp=0x0000002f3d4fe1a8 mode 1
Event: 93.543 Thread 0x000001f6b845f1e0 DEOPT PACKING pc=0x000001f6a1446959 sp=0x0000002f3d4fed00
Event: 93.543 Thread 0x000001f6b845f1e0 DEOPT UNPACKING pc=0x000001f6a0be66e3 sp=0x0000002f3d4fe1f0 mode 1
Event: 93.543 Thread 0x000001f6b845f1e0 DEOPT PACKING pc=0x000001f6a142dbf4 sp=0x0000002f3d4fed90
Event: 93.543 Thread 0x000001f6b845f1e0 DEOPT UNPACKING pc=0x000001f6a0be66e3 sp=0x0000002f3d4fe238 mode 1
Event: 93.653 Thread 0x000001f6b8595ff0 Uncommon trap: trap_request=0xffffff45 fr.pc=0x000001f6a8735fac relative=0x000000000000010c
Event: 93.653 Thread 0x000001f6b8595ff0 Uncommon trap: reason=unstable_if action=reinterpret pc=0x000001f6a8735fac method=java.lang.reflect.AccessibleObject.verifyAccess(Ljava/lang/Class;Ljava/lang/Class;Ljava/lang/Class;I)Z @ 8 c2
Event: 93.653 Thread 0x000001f6b8595ff0 DEOPT PACKING pc=0x000001f6a8735fac sp=0x0000002f3abff020
Event: 93.653 Thread 0x000001f6b8595ff0 DEOPT UNPACKING pc=0x000001f6a0be5ba3 sp=0x0000002f3abfef60 mode 2

Classes unloaded (0 events):
No events

Classes redefined (0 events):
No events

Internal exceptions (20 events):
Event: 0.333 Thread 0x000001f6990adcb0 Exception <a 'java/io/FileNotFoundException'{0x000000008cf48a80}> (0x000000008cf48a80) 
thrown [s\src\hotspot\share\prims\jni.cpp, line 516]
Event: 0.340 Thread 0x000001f6990adcb0 Exception <a 'java/io/FileNotFoundException'{0x000000008cf75a38}> (0x000000008cf75a38) 
thrown [s\src\hotspot\share\prims\jni.cpp, line 516]
Event: 0.373 Thread 0x000001f6990adcb0 Exception <a 'java/lang/NoSuchMethodError'{0x000000008ce04798}: 'java.lang.Object java.lang.invoke.DirectMethodHandle$Holder.invokeStaticInit(java.lang.Object)'> (0x000000008ce04798) 
thrown [s\src\hotspot\share\interpreter\linkResolver.cpp, line 759]
Event: 0.548 Thread 0x000001f6990adcb0 Exception <a 'java/lang/NoSuchMethodError'{0x000000008ca1e420}: 'java.lang.Object java.lang.invoke.DirectMethodHandle$Holder.invokeStaticInit(java.lang.Object, int, int, int, int)'> (0x000000008ca1e420) 
thrown [s\src\hotspot\share\interpreter\linkResolver.cpp, line 759]
Event: 0.583 Thread 0x000001f6990adcb0 Exception <a 'java/lang/NoSuchMethodError'{0x000000008c903058}: 'java.lang.Object java.lang.invoke.DirectMethodHandle$Holder.invokeStaticInit(java.lang.Object, java.lang.Object, int, int, int, int)'> (0x000000008c903058) 
thrown [s\src\hotspot\share\interpreter\linkResolver.cpp, line 759]
Event: 0.602 Thread 0x000001f6990adcb0 Exception <a 'java/lang/NoSuchMethodError'{0x000000008c90e878}: 'void java.lang.invoke.DirectMethodHandle$Holder.invokeStatic(java.lang.Object, long)'> (0x000000008c90e878) 
thrown [s\src\hotspot\share\interpreter\linkResolver.cpp, line 759]
Event: 0.603 Thread 0x000001f6990adcb0 Exception <a 'java/lang/NoSuchMethodError'{0x000000008c913e58}: 'java.lang.Object java.lang.invoke.DirectMethodHandle$Holder.newInvokeSpecial(java.lang.Object, long)'> (0x000000008c913e58) 
thrown [s\src\hotspot\share\interpreter\linkResolver.cpp, line 759]
Event: 0.605 Thread 0x000001f6990adcb0 Exception <a 'java/lang/NoSuchMethodError'{0x000000008c91b0b0}: 'java.lang.Object java.lang.invoke.DirectMethodHandle$Holder.invokeStatic(java.lang.Object, java.lang.Object, long, java.lang.Object)'> (0x000000008c91b0b0) 
thrown [s\src\hotspot\share\interpreter\linkResolver.cpp, line 759]
Event: 0.606 Thread 0x000001f6990adcb0 Exception <a 'java/lang/NoSuchMethodError'{0x000000008c91eb48}: 'java.lang.Object java.lang.invoke.DirectMethodHandle$Holder.invokeStaticInit(java.lang.Object, java.lang.Object, long, java.lang.Object)'> (0x000000008c91eb48) 
thrown [s\src\hotspot\share\interpreter\linkResolver.cpp, line 759]
Event: 0.607 Thread 0x000001f6990adcb0 Exception <a 'java/lang/NoSuchMethodError'{0x000000008c925108}: 'java.lang.Object java.lang.invoke.DirectMethodHandle$Holder.newInvokeSpecial(java.lang.Object, java.lang.Object, long)'> (0x000000008c925108) 
thrown [s\src\hotspot\share\interpreter\linkResolver.cpp, line 759]
Event: 0.607 Thread 0x000001f6990adcb0 Exception <a 'java/lang/NoSuchMethodError'{0x000000008c928c78}: 'java.lang.Object java.lang.invoke.Invokers$Holder.linkToTargetMethod(java.lang.Object, long, java.lang.Object)'> (0x000000008c928c78) 
thrown [s\src\hotspot\share\interpreter\linkResolver.cpp, line 759]
Event: 0.761 Thread 0x000001f6990adcb0 Exception <a 'java/lang/NoSuchMethodError'{0x000000008c895920}: 'java.lang.Object java.lang.invoke.DirectMethodHandle$Holder.invokeInterface(java.lang.Object, java.lang.Object)'> (0x000000008c895920) 
thrown [s\src\hotspot\share\interpreter\linkResolver.cpp, line 759]
Event: 0.762 Thread 0x000001f6990adcb0 Exception <a 'java/lang/IncompatibleClassChangeError'{0x000000008c899118}: Found class java.lang.Object, but interface was expected> (0x000000008c899118) 
thrown [s\src\hotspot\share\interpreter\linkResolver.cpp, line 826]
Event: 1.866 Thread 0x000001f6990adcb0 Exception <a 'java/lang/NoSuchMethodError'{0x000000008c738a50}: 'void java.lang.invoke.DirectMethodHandle$Holder.invokeSpecial(java.lang.Object, java.lang.Object, java.lang.Object, java.lang.Object, java.lang.Object)'> (0x000000008c738a50) 
thrown [s\src\hotspot\share\interpreter\linkResolver.cpp, line 759]
Event: 1.867 Thread 0x000001f6990adcb0 Exception <a 'java/lang/NoSuchMethodError'{0x000000008c741a10}: 'void java.lang.invoke.DirectMethodHandle$Holder.invokeSpecial(java.lang.Object, java.lang.Object, java.lang.Object)'> (0x000000008c741a10) 
thrown [s\src\hotspot\share\interpreter\linkResolver.cpp, line 759]
Event: 1.869 Thread 0x000001f6990adcb0 Exception <a 'java/lang/NoSuchMethodError'{0x000000008c74ab70}: 'void java.lang.invoke.DirectMethodHandle$Holder.invokeSpecial(java.lang.Object, java.lang.Object, int)'> (0x000000008c74ab70) 
thrown [s\src\hotspot\share\interpreter\linkResolver.cpp, line 759]
Event: 1.869 Thread 0x000001f6990adcb0 Exception <a 'java/lang/NoSuchMethodError'{0x000000008c750b88}: 'java.lang.Object java.lang.invoke.DirectMethodHandle$Holder.newInvokeSpecial(java.lang.Object, java.lang.Object, int)'> (0x000000008c750b88) 
thrown [s\src\hotspot\share\interpreter\linkResolver.cpp, line 759]
Event: 1.962 Thread 0x000001f6b845f1e0 Exception <a 'java/lang/NoSuchMethodError'{0x000000008c7a2e58}: 'void java.lang.invoke.DirectMethodHandle$Holder.invokeSpecial(java.lang.Object, java.lang.Object, int, int)'> (0x000000008c7a2e58) 
thrown [s\src\hotspot\share\interpreter\linkResolver.cpp, line 759]
Event: 1.963 Thread 0x000001f6b845f1e0 Exception <a 'java/lang/NoSuchMethodError'{0x000000008c7a9378}: 'java.lang.Object java.lang.invoke.DirectMethodHandle$Holder.newInvokeSpecial(java.lang.Object, java.lang.Object, int, int)'> (0x000000008c7a9378) 
thrown [s\src\hotspot\share\interpreter\linkResolver.cpp, line 759]
Event: 93.619 Thread 0x000001f6b7ffe900 Exception <a 'java/lang/InterruptedException'{0x000000008a800000}> (0x000000008a800000) 
thrown [s\src\hotspot\share\runtime\objectMonitor.cpp, line 1648]

VM Operations (20 events):
Event: 56.282 Executing VM operation: Cleanup done
Event: 59.283 Executing VM operation: Cleanup
Event: 59.283 Executing VM operation: Cleanup done
Event: 69.287 Executing VM operation: Cleanup
Event: 69.288 Executing VM operation: Cleanup done
Event: 70.288 Executing VM operation: Cleanup
Event: 70.289 Executing VM operation: Cleanup done
Event: 71.289 Executing VM operation: Cleanup
Event: 71.290 Executing VM operation: Cleanup done
Event: 80.294 Executing VM operation: Cleanup
Event: 80.295 Executing VM operation: Cleanup done
Event: 85.297 Executing VM operation: Cleanup
Event: 85.297 Executing VM operation: Cleanup done
Event: 86.297 Executing VM operation: Cleanup
Event: 86.298 Executing VM operation: Cleanup done
Event: 87.298 Executing VM operation: Cleanup
Event: 87.298 Executing VM operation: Cleanup done
Event: 93.302 Executing VM operation: Cleanup
Event: 93.302 Executing VM operation: Cleanup done
Event: 93.724 Executing VM operation: Exit

Events (20 events):
Event: 18.528 loading class jdk/internal/reflect/ClassDefiner done
Event: 18.528 loading class jdk/internal/reflect/ClassDefiner$1
Event: 18.528 loading class jdk/internal/reflect/ClassDefiner$1 done
Event: 35.634 Thread 0x000001f6baf4d020 Thread added: 0x000001f6baf4d020
Event: 36.708 Thread 0x000001f6baf4d020 Thread exited: 0x000001f6baf4d020
Event: 91.371 Thread 0x000001f6baf4d020 Thread added: 0x000001f6baf4d020
Event: 92.374 Thread 0x000001f6baf4d020 Thread exited: 0x000001f6baf4d020
Event: 93.619 Thread 0x000001f6baf4d020 Thread added: 0x000001f6baf4d020
Event: 93.619 Thread 0x000001f6b7ffe900 Thread exited: 0x000001f6b7ffe900
Event: 93.619 Thread 0x000001f6b8595ff0 Thread added: 0x000001f6b8595ff0
Event: 93.619 Thread 0x000001f6b859b690 Thread added: 0x000001f6b859b690
Event: 93.620 loading class java/nio/channels/ClosedChannelException
Event: 93.620 loading class java/nio/channels/ClosedChannelException done
Event: 93.620 Thread 0x000001f6b859b690 Thread exited: 0x000001f6b859b690
Event: 93.620 Thread 0x000001f6b85964c0 Thread added: 0x000001f6b85964c0
Event: 93.620 Thread 0x000001f6b873a030 Thread exited: 0x000001f6b873a030
Event: 93.625 Thread 0x000001f6b8191170 Thread exited: 0x000001f6b8191170
Event: 93.648 Thread 0x000001f6b86e0720 Thread exited: 0x000001f6b86e0720
Event: 93.653 Thread 0x000001f6b8595ff0 Thread exited: 0x000001f6b8595ff0
Event: 93.722 Thread 0x000001f6baf4d020 Thread exited: 0x000001f6baf4d020


Dynamic libraries:
0x00007ff783d70000 - 0x00007ff783d7e000 	D:\GIT_HUB\WEB-DEVELOPMENT\processing_related\processing-4.1.1\java\bin\java.exe
0x00007ff87d1d0000 - 0x00007ff87d3e4000 	C:\WINDOWS\SYSTEM32\ntdll.dll
0x00007ff87c1e0000 - 0x00007ff87c2a2000 	C:\WINDOWS\System32\KERNEL32.DLL
0x00007ff87a7f0000 - 0x00007ff87ab8c000 	C:\WINDOWS\System32\KERNELBASE.dll
0x00007ff87adf0000 - 0x00007ff87af01000 	C:\WINDOWS\System32\ucrtbase.dll
0x00007ff870e50000 - 0x00007ff870e67000 	D:\GIT_HUB\WEB-DEVELOPMENT\processing_related\processing-4.1.1\java\bin\jli.dll
0x00007ff870e70000 - 0x00007ff870e89000 	D:\GIT_HUB\WEB-DEVELOPMENT\processing_related\processing-4.1.1\java\bin\VCRUNTIME140.dll
0x00007ff87cfe0000 - 0x00007ff87d18b000 	C:\WINDOWS\System32\USER32.dll
0x00007ff85d230000 - 0x00007ff85d4be000 	C:\WINDOWS\WinSxS\amd64_microsoft.windows.common-controls_6595b64144ccf1df_6.0.22621.608_none_a9444ca7c10bb01d\COMCTL32.dll
0x00007ff87afb0000 - 0x00007ff87afd6000 	C:\WINDOWS\System32\win32u.dll
0x00007ff87c2b0000 - 0x00007ff87c357000 	C:\WINDOWS\System32\msvcrt.dll
0x00007ff87cd80000 - 0x00007ff87cda9000 	C:\WINDOWS\System32\GDI32.dll
0x00007ff87acd0000 - 0x00007ff87ade3000 	C:\WINDOWS\System32\gdi32full.dll
0x00007ff87af10000 - 0x00007ff87afaa000 	C:\WINDOWS\System32\msvcp_win.dll
0x00007ff87bd90000 - 0x00007ff87bdc1000 	C:\WINDOWS\System32\IMM32.DLL
0x00007ff870e40000 - 0x00007ff870e4c000 	D:\GIT_HUB\WEB-DEVELOPMENT\processing_related\processing-4.1.1\java\bin\vcruntime140_1.dll
0x00007ff860fd0000 - 0x00007ff861061000 	D:\GIT_HUB\WEB-DEVELOPMENT\processing_related\processing-4.1.1\java\bin\msvcp140.dll
0x00007ff81dab0000 - 0x00007ff81e6f4000 	D:\GIT_HUB\WEB-DEVELOPMENT\processing_related\processing-4.1.1\java\bin\server\jvm.dll
0x00007ff87b4d0000 - 0x00007ff87b57e000 	C:\WINDOWS\System32\ADVAPI32.dll
0x00007ff87bce0000 - 0x00007ff87bd84000 	C:\WINDOWS\System32\sechost.dll
0x00007ff87b780000 - 0x00007ff87b895000 	C:\WINDOWS\System32\RPCRT4.dll
0x00007ff870d70000 - 0x00007ff870da4000 	C:\WINDOWS\SYSTEM32\WINMM.dll
0x00007ff870e30000 - 0x00007ff870e39000 	C:\WINDOWS\SYSTEM32\WSOCK32.dll
0x00007ff86edc0000 - 0x00007ff86edca000 	C:\WINDOWS\SYSTEM32\VERSION.dll
0x00007ff87c3f0000 - 0x00007ff87c461000 	C:\WINDOWS\System32\WS2_32.dll
0x00007ff8796c0000 - 0x00007ff8796d8000 	C:\WINDOWS\SYSTEM32\kernel.appcore.dll
0x00007ff870e20000 - 0x00007ff870e2a000 	D:\GIT_HUB\WEB-DEVELOPMENT\processing_related\processing-4.1.1\java\bin\jimage.dll
0x00007ff877b80000 - 0x00007ff877dae000 	C:\WINDOWS\SYSTEM32\DBGHELP.DLL
0x00007ff87bdd0000 - 0x00007ff87c159000 	C:\WINDOWS\System32\combase.dll
0x00007ff87cdb0000 - 0x00007ff87ce87000 	C:\WINDOWS\System32\OLEAUT32.dll
0x00007ff8562a0000 - 0x00007ff8562d2000 	C:\WINDOWS\SYSTEM32\dbgcore.DLL
0x00007ff87ab90000 - 0x00007ff87ac0b000 	C:\WINDOWS\System32\bcryptPrimitives.dll
0x00007ff83abf0000 - 0x00007ff83ac2b000 	D:\GIT_HUB\WEB-DEVELOPMENT\processing_related\processing-4.1.1\java\bin\jdwp.dll
0x00007ff860fa0000 - 0x00007ff860fc5000 	D:\GIT_HUB\WEB-DEVELOPMENT\processing_related\processing-4.1.1\java\bin\java.dll
0x00007ff85f210000 - 0x00007ff85f2e6000 	D:\GIT_HUB\WEB-DEVELOPMENT\processing_related\processing-4.1.1\java\bin\jsvml.dll
0x00007ff87c590000 - 0x00007ff87cd80000 	C:\WINDOWS\System32\SHELL32.dll
0x00007ff8785e0000 - 0x00007ff878ead000 	C:\WINDOWS\SYSTEM32\windows.storage.dll
0x00007ff8784a0000 - 0x00007ff8785de000 	C:\WINDOWS\SYSTEM32\wintypes.dll
0x00007ff87c470000 - 0x00007ff87c561000 	C:\WINDOWS\System32\SHCORE.dll
0x00007ff87bc70000 - 0x00007ff87bcce000 	C:\WINDOWS\System32\shlwapi.dll
0x00007ff87a540000 - 0x00007ff87a561000 	C:\WINDOWS\SYSTEM32\profapi.dll
0x00007ff875570000 - 0x00007ff87557c000 	D:\GIT_HUB\WEB-DEVELOPMENT\processing_related\processing-4.1.1\java\bin\dt_socket.dll
0x00007ff879100000 - 0x00007ff87912d000 	C:\WINDOWS\SYSTEM32\IPHLPAPI.DLL
0x00007ff879bd0000 - 0x00007ff879c39000 	C:\WINDOWS\system32\mswsock.dll
0x00007ff860f80000 - 0x00007ff860f99000 	D:\GIT_HUB\WEB-DEVELOPMENT\processing_related\processing-4.1.1\java\bin\net.dll
0x00007ff872e10000 - 0x00007ff872f47000 	C:\WINDOWS\SYSTEM32\WINHTTP.dll
0x00007ff860f60000 - 0x00007ff860f75000 	D:\GIT_HUB\WEB-DEVELOPMENT\processing_related\processing-4.1.1\java\bin\nio.dll
0x00007ff860f40000 - 0x00007ff860f58000 	D:\GIT_HUB\WEB-DEVELOPMENT\processing_related\processing-4.1.1\java\bin\zip.dll
0x00007ff824960000 - 0x00007ff824aee000 	D:\GIT_HUB\WEB-DEVELOPMENT\processing_related\processing-4.1.1\java\bin\awt.dll
0x00007ff877560000 - 0x00007ff8775f6000 	C:\WINDOWS\SYSTEM32\apphelp.dll
0x00007ff877750000 - 0x00007ff8777fb000 	C:\WINDOWS\system32\uxtheme.dll
0x00007ff87b580000 - 0x00007ff87b69e000 	C:\WINDOWS\System32\MSCTF.dll
0x00007ff87bac0000 - 0x00007ff87bc5c000 	C:\WINDOWS\System32\ole32.dll
0x00007ff8779a0000 - 0x00007ff8779cb000 	C:\WINDOWS\system32\DWMAPI.DLL
0x00007ff85e6a0000 - 0x00007ff85e7a0000 	C:\WINDOWS\system32\opengl32.dll
0x00007ff861320000 - 0x00007ff86134d000 	C:\WINDOWS\SYSTEM32\GLU32.dll
0x00007ff877850000 - 0x00007ff877886000 	C:\WINDOWS\SYSTEM32\dxcore.dll
0x00007ff879e20000 - 0x00007ff879e3b000 	C:\WINDOWS\SYSTEM32\CRYPTSP.dll
0x00007ff879620000 - 0x00007ff879655000 	C:\WINDOWS\system32\rsaenh.dll
0x00007ff879cd0000 - 0x00007ff879cf8000 	C:\WINDOWS\SYSTEM32\USERENV.dll
0x00007ff879fe0000 - 0x00007ff87a008000 	C:\WINDOWS\SYSTEM32\bcrypt.dll
0x00007ff879e40000 - 0x00007ff879e4c000 	C:\WINDOWS\SYSTEM32\CRYPTBASE.dll
0x00007ff87afe0000 - 0x00007ff87afe9000 	C:\WINDOWS\System32\NSI.dll
0x00007ff872b90000 - 0x00007ff872ba9000 	C:\WINDOWS\SYSTEM32\dhcpcsvc6.DLL
0x00007ff872b70000 - 0x00007ff872b8f000 	C:\WINDOWS\SYSTEM32\dhcpcsvc.DLL
0x00007ff879170000 - 0x00007ff879263000 	C:\WINDOWS\SYSTEM32\DNSAPI.dll
0x000000006e8c0000 - 0x000000006e8cd000 	C:\Users\HP PC\AppData\Local\Temp\jogamp_0000\file_cache\jln2293160989727502660\jln16060317990690849504\natives\windows-amd64\gluegen_rt.dll
0x00007ff85f120000 - 0x00007ff85f127000 	D:\GIT_HUB\WEB-DEVELOPMENT\processing_related\processing-4.1.1\java\bin\jawt.dll
0x000000006a440000 - 0x000000006a44d000 	C:\Users\HP PC\AppData\Local\Temp\jogamp_0000\file_cache\jln2293160989727502660\jln16060317990690849504\natives\windows-amd64\nativewindow_awt.dll
0x000000006c100000 - 0x000000006c110000 	C:\Users\HP PC\AppData\Local\Temp\jogamp_0000\file_cache\jln2293160989727502660\jln16060317990690849504\natives\windows-amd64\nativewindow_win32.dll
0x0000000064500000 - 0x0000000064585000 	C:\Users\HP PC\AppData\Local\Temp\jogamp_0000\file_cache\jln2293160989727502660\jln16060317990690849504\natives\windows-amd64\jogl_desktop.dll
0x00007ff81d770000 - 0x00007ff81daae000 	C:\Users\HP PC\AppData\Local\Programs\MiKTeX\miktex\bin\x64\libGLESv2.dll
0x00007ff81d5c0000 - 0x00007ff81d769000 	C:\WINDOWS\SYSTEM32\d3d9.dll
0x0000000064340000 - 0x0000000064391000 	C:\Users\HP PC\AppData\Local\Temp\jogamp_0000\file_cache\jln2293160989727502660\jln16060317990690849504\natives\windows-amd64\jogl_mobile.dll
0x00007ff8743a0000 - 0x00007ff8743e8000 	C:\WINDOWS\SYSTEM32\directxdatabasehelper.dll
0x00007ff87b6c0000 - 0x00007ff87b770000 	C:\WINDOWS\System32\clbcatq.dll
0x00007ff815640000 - 0x00007ff816646000 	C:\WINDOWS\System32\DriverStore\FileRepository\iigd_dch.inf_amd64_9dbfad2c6843c394\igxelpicd64.dll
0x00007ff877890000 - 0x00007ff877986000 	C:\WINDOWS\system32\dxgi.dll
0x00007ff817650000 - 0x00007ff817da3000 	C:\WINDOWS\System32\DriverStore\FileRepository\iigd_dch.inf_amd64_9dbfad2c6843c394\igdml64.dll
0x00007ff8706d0000 - 0x00007ff870a91000 	C:\WINDOWS\System32\DriverStore\FileRepository\iigd_dch.inf_amd64_9dbfad2c6843c394\igdgmm64.dll
0x00007ff865980000 - 0x00007ff868be0000 	C:\WINDOWS\System32\DriverStore\FileRepository\iigd_dch.inf_amd64_9dbfad2c6843c394\igc64.dll
0x00007ff879960000 - 0x00007ff8799ad000 	C:\WINDOWS\SYSTEM32\powrprof.dll
0x00007ff8798e0000 - 0x00007ff8798f3000 	C:\WINDOWS\SYSTEM32\UMPDC.dll
0x0000000070d80000 - 0x0000000070d93000 	C:\Users\HP PC\AppData\Local\Temp\jogamp_0000\file_cache\jln2293160989727502660\jln16060317990690849504\natives\windows-amd64\newt_head.dll
0x00007ff871f50000 - 0x00007ff87200c000 	C:\WINDOWS\SYSTEM32\mscms.dll
0x00007ff829f00000 - 0x00007ff829f49000 	C:\WINDOWS\SYSTEM32\icm32.dll
0x00007ff87aff0000 - 0x00007ff87b464000 	C:\WINDOWS\System32\setupapi.dll
0x00007ff87a2d0000 - 0x00007ff87a2fc000 	C:\WINDOWS\SYSTEM32\DEVOBJ.dll
0x00007ff87a300000 - 0x00007ff87a34e000 	C:\WINDOWS\SYSTEM32\cfgmgr32.dll
0x00007ff87a780000 - 0x00007ff87a7eb000 	C:\WINDOWS\System32\WINTRUST.dll
0x00007ff87a610000 - 0x00007ff87a776000 	C:\WINDOWS\System32\CRYPT32.dll
0x00007ff879e80000 - 0x00007ff879e92000 	C:\WINDOWS\SYSTEM32\MSASN1.dll
0x00007ff85cd30000 - 0x00007ff85ce5e000 	C:\WINDOWS\SYSTEM32\textinputframework.dll
0x00007ff877280000 - 0x00007ff8773b3000 	C:\WINDOWS\SYSTEM32\CoreMessaging.dll
0x00007ff873bf0000 - 0x00007ff873f5c000 	C:\WINDOWS\SYSTEM32\CoreUIComponents.dll
0x00007ff85f100000 - 0x00007ff85f110000 	D:\GIT_HUB\WEB-DEVELOPMENT\processing_related\processing-4.1.1\java\bin\verify.dll
0x00007ff85ccc0000 - 0x00007ff85cd2b000 	C:\WINDOWS\system32\Ninput.dll

dbghelp: loaded successfully - version: 4.0.5 - missing functions: none
symbol engine: initialized successfully - sym options: 0x614 - pdb path: .;D:\GIT_HUB\WEB-DEVELOPMENT\processing_related\processing-4.1.1\java\bin;C:\WINDOWS\SYSTEM32;C:\WINDOWS\WinSxS\amd64_microsoft.windows.common-controls_6595b64144ccf1df_6.0.22621.608_none_a9444ca7c10bb01d;D:\GIT_HUB\WEB-DEVELOPMENT\processing_related\processing-4.1.1\java\bin\server;C:\Users\HP PC\AppData\Local\Temp\jogamp_0000\file_cache\jln2293160989727502660\jln16060317990690849504\natives\windows-amd64;C:\Users\HP PC\AppData\Local\Programs\MiKTeX\miktex\bin\x64;C:\WINDOWS\System32\DriverStore\FileRepository\iigd_dch.inf_amd64_9dbfad2c6843c394

VM Arguments:
jvm_args: -agentlib:jdwp=transport=dt_socket,address=8807,server=y,suspend=y,quiet=y -Djna.nosys=true -Djava.library.path=;D:\GIT_HUB\WEB-DEVELOPMENT\processing_related\processing-4.1.1\core\library\windows-amd64;C:\Users\HP PC\OneDrive\Documents\Processing\libraries\peasycam\library;D:\GIT_HUB\WEB-DEVELOPMENT\processing_related\processing-4.1.1\java\bin;C:\WINDOWS\system32;C:\WINDOWS;C:\Program Files\Common Files\Oracle\Java\javapath;C:\Program Files (x86)\Common Files\Oracle\Java\javapath;C:\WINDOWS\system32;C:\WINDOWS;C:\WINDOWS\System32\Wbem;C:\WINDOWS\System32\WindowsPowerShell\v1.0;C:\WINDOWS\System32\OpenSSH;C:\mingw\mingw32\bin;C:\Program Files\Python310;C:\Program Files\Java\jdk-18.0.1.1\bin;C:\Program Files\Git\cmd;C:\Program Files\nodejs;C:\Program Files\MySQL\MySQL Shell 8.0\bin;C:\Users\HP PC\AppData\Local\Microsoft\WindowsApps;C:\Users\HP PC\AppData\Local\Programs\Microsoft VS Code\bin;C:\Program Files\Python310\Scripts;C:\Users\HP PC\AppData\Local\Programs\MiKTeX\miktex\bin\x64;C:\Users\HP PC\AppData\Roaming\npm;D:\Downloads\wget.exe;D:\GIT_HUB\WEB-DEVELOPMENT\processing_related\processing-4.1.1\java\bin;. -ea 
java_command: processing.core.PApplet --editor-location=446,160 --external --display=1 --sketch-path=D:\GIT_HUB\WEB-DEVELOPMENT\processing_related\madelbulb_3d --ui-scale=1 madelbulb_3d
java_class_path (initial): C:\Users\HPPC~1\AppData\Local\Temp\processing\madelbulb_3d7027870282230922214temp;D:\GIT_HUB\WEB-DEVELOPMENT\processing_related\processing-4.1.1\core\library\core.jar;D:\GIT_HUB\WEB-DEVELOPMENT\processing_related\processing-4.1.1\core\library\gluegen-rt-natives-linux-aarch64.jar;D:\GIT_HUB\WEB-DEVELOPMENT\processing_related\processing-4.1.1\core\library\gluegen-rt-natives-linux-amd64.jar;D:\GIT_HUB\WEB-DEVELOPMENT\processing_related\processing-4.1.1\core\library\gluegen-rt-natives-linux-armv6hf.jar;D:\GIT_HUB\WEB-DEVELOPMENT\processing_related\processing-4.1.1\core\library\gluegen-rt-natives-linux-i586.jar;D:\GIT_HUB\WEB-DEVELOPMENT\processing_related\processing-4.1.1\core\library\gluegen-rt-natives-macosx-universal.jar;D:\GIT_HUB\WEB-DEVELOPMENT\processing_related\processing-4.1.1\core\library\gluegen-rt-natives-windows-amd64.jar;D:\GIT_HUB\WEB-DEVELOPMENT\processing_related\processing-4.1.1\core\library\gluegen-rt-natives-windows-i586.jar;D:\GIT_HUB\WEB-DEVELOPMENT\processing_related\processing-4.1.1\core\library\gluegen-rt.jar;D:\GIT_HUB\WEB-DEVELOPMENT\processing_related\processing-4.1.1\core\library\jogl-all-natives-linux-aarch64.jar;D:\GIT_HUB\WEB-DEVELOPMENT\processing_related\processing-4.1.1\core\library\jogl-all-natives-linux-amd64.jar;D:\GIT_HUB\WEB-DEVELOPMENT\processing_related\processing-4.1.1\core\library\jogl-all-natives-linux-armv6hf.jar;D:\GIT_HUB\WEB-DEVELOPMENT\processing_related\processing-4.1.1\core\library\jogl-all-natives-linux-i586.jar;D:\GIT_HUB\WEB-DEVELOPMENT\processing_related\processing-4.1.1\core\library\jogl-all-natives-macosx-universal.jar;D:\GIT_HUB\WEB-DEVELOPMENT\processing_related\processing-4.1.1\core\library\jogl-all-natives-windows-amd64.jar;D:\GIT_HUB\WEB-DEVELOPMENT\processing_related\processing-4.1.1\core\library\jogl-all-natives-windows-i586.jar;D:\GIT_HUB\WEB-DEVELOPMENT\processing_related\processing-4.1.1\core\library\jogl-all.jar;C:\Users\HP PC\OneDrive\Documents\Processing\libraries\peasyca
Launcher Type: SUN_STANDARD

[Global flags]
     intx CICompilerCount                          = 4                                         {product} {ergonomic}
     uint ConcGCThreads                            = 2                                         {product} {ergonomic}
     uint G1ConcRefinementThreads                  = 8                                         {product} {ergonomic}
   size_t G1HeapRegionSize                         = 1048576                                   {product} {ergonomic}
    uintx GCDrainStackTargetSize                   = 64                                        {product} {ergonomic}
   size_t InitialHeapSize                          = 130023424                                 {product} {ergonomic}
   size_t MarkStackSize                            = 4194304                                   {product} {ergonomic}
   size_t MaxHeapSize                              = 2055208960                                {product} {ergonomic}
   size_t MaxNewSize                               = 1233125376                                {product} {ergonomic}
   size_t MinHeapDeltaBytes                        = 1048576                                   {product} {ergonomic}
   size_t MinHeapSize                              = 8388608                                   {product} {ergonomic}
    uintx NonNMethodCodeHeapSize                   = 5839372                                {pd product} {ergonomic}
    uintx NonProfiledCodeHeapSize                  = 122909434                              {pd product} {ergonomic}
    uintx ProfiledCodeHeapSize                     = 122909434                              {pd product} {ergonomic}
    uintx ReservedCodeCacheSize                    = 251658240                              {pd product} {ergonomic}
     bool SegmentedCodeCache                       = true                                      {product} {ergonomic}
   size_t SoftMaxHeapSize                          = 2055208960                             {manageable} {ergonomic}
     bool UseCompressedClassPointers               = true                           {product lp64_product} {ergonomic}
     bool UseCompressedOops                        = true                           {product lp64_product} {ergonomic}
     bool UseG1GC                                  = true                                      {product} {ergonomic}
     bool UseLargePagesIndividualAllocation        = false                                  {pd product} {ergonomic}

Logging:
Log output configuration:
 #0: stdout all=off uptime,level,tags
 #1: stderr all=off uptime,level,tags

Environment Variables:
JAVA_HOME=C:\Program Files\Java\jdk-18.0.1.1
PATH=C:\Program Files\Common Files\Oracle\Java\javapath;C:\Program Files (x86)\Common Files\Oracle\Java\javapath;C:\WINDOWS\system32;C:\WINDOWS;C:\WINDOWS\System32\Wbem;C:\WINDOWS\System32\WindowsPowerShell\v1.0\;C:\WINDOWS\System32\OpenSSH\;C:\mingw\mingw32\bin;C:\Program Files\Python310;C:\Program Files\Java\jdk-18.0.1.1\bin;C:\Program Files\Git\cmd;C:\Program Files\nodejs\;C:\Program Files\MySQL\MySQL Shell 8.0\bin\;C:\Users\HP PC\AppData\Local\Microsoft\WindowsApps;C:\Users\HP PC\AppData\Local\Programs\Microsoft VS Code\bin;C:\Program Files\Python310\Scripts;C:\Users\HP PC\AppData\Local\Programs\MiKTeX\miktex\bin\x64\;C:\Users\HP PC\AppData\Roaming\npm;D:\Downloads\wget.exe;;D:\GIT_HUB\WEB-DEVELOPMENT\processing_related\processing-4.1.1\java\bin
USERNAME=AADITYA RAJ
OS=Windows_NT
PROCESSOR_IDENTIFIER=Intel64 Family 6 Model 140 Stepping 1, GenuineIntel
TMP=C:\Users\HPPC~1\AppData\Local\Temp
TEMP=C:\Users\HPPC~1\AppData\Local\Temp



---------------  S Y S T E M  ---------------

OS:
 Windows 11 , 64 bit Build 22621 (10.0.22621.1485)
OS uptime: 0 days 7:15 hours
Hyper-V role detected

CPU: total 8 (initial active 8) (4 cores per cpu, 2 threads per core) family 6 model 140 stepping 1 microcode 0x9a, cx8, cmov, fxsr, ht, mmx, 3dnowpref, sse, sse2, sse3, ssse3, sse4.1, sse4.2, popcnt, lzcnt, tsc, tscinvbit, avx, avx2, aes, erms, clmul, bmi1, bmi2, adx, avx512f, avx512dq, avx512cd, avx512bw, avx512vl, sha, fma, vzeroupper, avx512_vpopcntdq, avx512_vpclmulqdq, avx512_vaes, avx512_vnni, clflush, clflushopt, clwb, avx512_vbmi2, avx512_vbmi, hv

Memory: 4k page, system-wide physical 7834M (1675M free)
TotalPageFile size 10778M (AvailPageFile size 3630M)
current process WorkingSet (physical memory assigned to process): 576M, peak: 593M
current process commit charge ("private bytes"): 580M, peak: 602M

vm_info: OpenJDK 64-Bit Server VM (17.0.5+8) for windows-amd64 JRE (17.0.5+8), built on Oct 19 2022 04:48:13 by "temurin" with MS VC++ 16.7 (VS2019)

END.
