#
# A fatal error has been detected by the Java Runtime Environment:
#
#  EXCEPTION_ACCESS_VIOLATION (0xc0000005) at pc=0x00007ffb90f4cf2c, pid=15512, tid=2504
#
# JRE version: OpenJDK Runtime Environment Temurin-17.0.5+8 (17.0.5+8) (build 17.0.5+8)
# Java VM: OpenJDK 64-Bit Server VM Temurin-17.0.5+8 (17.0.5+8, mixed mode, sharing, tiered, compressed oops, compressed class ptrs, g1 gc, windows-amd64)
# Problematic frame:
# C  [igxelpicd64.dll+0x30cf2c]
#
# No core dump will be written. Minidumps are not enabled by default on client versions of Windows
#
# If you would like to submit a bug report, please visit:
#   https://github.com/adoptium/adoptium-support/issues
#

---------------  S U M M A R Y ------------

Command Line: -agentlib:jdwp=transport=dt_socket,address=8416,server=y,suspend=y,quiet=y -Djna.nosys=true -Djava.library.path=;D:\GIT_HUB\WEB-DEVELOPMENT\processing_related\processing-4.1.1\core\library\windows-amd64;C:\Users\HP PC\OneDrive\Documents\Processing\libraries\peasycam\library;D:\GIT_HUB\WEB-DEVELOPMENT\processing_related\processing-4.1.1\java\bin;C:\WINDOWS\system32;C:\WINDOWS;C:\Program Files\Common Files\Oracle\Java\javapath;C:\Program Files (x86)\Common Files\Oracle\Java\javapath;C:\WINDOWS\system32;C:\WINDOWS;C:\WINDOWS\System32\Wbem;C:\WINDOWS\System32\WindowsPowerShell\v1.0;C:\WINDOWS\System32\OpenSSH;C:\mingw\mingw32\bin;C:\Program Files\Python310;C:\Program Files\Java\jdk-18.0.1.1\bin;C:\Program Files\Git\cmd;C:\Program Files\nodejs;C:\Program Files\MySQL\MySQL Shell 8.0\bin;C:\Users\HP PC\AppData\Local\Microsoft\WindowsApps;C:\Users\HP PC\AppData\Local\Programs\Microsoft VS Code\bin;C:\Program Files\Python310\Scripts;C:\Users\HP PC\AppData\Local\Programs\MiKTeX\miktex\bin\x64;C:\Users\HP PC\AppData\Roaming\npm;D:\GIT_HUB\WEB-DEVELOPMENT\processing_related\processing-4.1.1\java\bin;. -ea processing.core.PApplet --location=0,29 --external --display=1 --sketch-path=D:\GIT_HUB\WEB-DEVELOPMENT\processing_related\madelbulb_3d --ui-scale=1 madelbulb_3d

Host: 11th Gen Intel(R) Core(TM) i5-1135G7 @ 2.40GHz, 8 cores, 7G,  Windows 11 , 64 bit Build 22621 (10.0.22621.1105)
Time: Mon Jan 16 18:19:20 2023 India Standard Time elapsed time: 17.315356 seconds (0d 0h 0m 17s)

---------------  T H R E A D  ---------------

Current thread (0x0000013af7b6d820):  VMThread "VM Thread" [stack: 0x00000001f0400000,0x00000001f0500000] [id=2504]

Stack: [0x00000001f0400000,0x00000001f0500000],  sp=0x00000001f04fe570,  free space=1017k
Native frames: (J=compiled Java code, j=interpreted, Vv=VM code, C=native code)
C  [igxelpicd64.dll+0x30cf2c]


siginfo: EXCEPTION_ACCESS_VIOLATION (0xc0000005), reading address 0x00000000000356f8


Register to memory mapping:

RIP=0x00007ffb90f4cf2c igxelpicd64.dll
RAX=0x0000013afb90fa30 points into unknown readable memory: 0x0000000000000013 | 13 00 00 00 00 00 00 00
RBX=0x0000013af9092490 points into unknown readable memory: 0xffffffffffffffff | ff ff ff ff ff ff ff ff
RCX=0x0 is NULL
RDX=0x0000000000000004 is an unknown value
RSP=0x00000001f04fe570 points into unknown readable memory: 0x0000013af9092490 | 90 24 09 f9 3a 01 00 00
RBP=0x0000000000000016 is an unknown value
RSI=0x0000013afb5ae7c0 points into unknown readable memory: 0x0000013afb5c8500 | 00 85 5c fb 3a 01 00 00
RDI=0x0 is NULL
R8 =0x0000000000000014 is an unknown value
R9 =0x0 is NULL
R10=0x0 is NULL
R11=0x0000000000000246 is an unknown value
R12=0x0000013afb90fdd8 points into unknown readable memory: 0x0000013afb9117a0 | a0 17 91 fb 3a 01 00 00
R13=0x0 is NULL
R14=0x0000013afb90f810 points into unknown readable memory: 0x0000013af91a71f0 | f0 71 1a f9 3a 01 00 00
R15=0x0 is NULL


Registers:
RAX=0x0000013afb90fa30, RBX=0x0000013af9092490, RCX=0x0000000000000000, RDX=0x0000000000000004
RSP=0x00000001f04fe570, RBP=0x0000000000000016, RSI=0x0000013afb5ae7c0, RDI=0x0000000000000000
R8 =0x0000000000000014, R9 =0x0000000000000000, R10=0x0000000000000000, R11=0x0000000000000246
R12=0x0000013afb90fdd8, R13=0x0000000000000000, R14=0x0000013afb90f810, R15=0x0000000000000000
RIP=0x00007ffb90f4cf2c, EFLAGS=0x0000000000010206

Top of Stack: (sp=0x00000001f04fe570)
0x00000001f04fe570:   0000013af9092490 00007ffbf82841a9
0x00000001f04fe580:   00000001f04fe608 0000000000000000
0x00000001f04fe590:   0000000000000054 0000013af9092490
0x00000001f04fe5a0:   0239b8c802595cc8 00007ffbfa4f2e44
0x00000001f04fe5b0:   01cf96ca00b723ca 023353cb024d47cb
0x00000001f04fe5c0:   024119cd005649cc 0000013afb8a46b8
0x00000001f04fe5d0:   000000000000001e 0000000000000000
0x00000001f04fe5e0:   0000000000000015 0000000000000000
0x00000001f04fe5f0:   0000000000000000 00000001f04fe710
0x00000001f04fe600:   0000013afb5ae7c0 00007ffb90e2d62c
0x00000001f04fe610:   0000013a00000016 0000013afb9117a0
0x00000001f04fe620:   018839d5025ccf00 0258efd6021f2300
0x00000001f04fe630:   00000001000003bc 0000b80219e00000
0x00000001f04fe640:   0000000000000000 022161d901e940d9
0x00000001f04fe650:   01c838da01730bda 013125db0184ffda
0x00000001f04fe660:   023ee2db02147adb 01191bdd021545dc 

Instructions: (pc=0x00007ffb90f4cf2c)
0x00007ffb90f4ce2c:   41 bf 20 00 00 00 48 8b 04 38 4d 8b 3c 07 0f b6
0x00007ffb90f4ce3c:   bc 24 b0 00 00 00 4c 3b 3d f7 b6 c3 00 41 0f 44
0x00007ffb90f4ce4c:   e9 89 ac 24 a0 00 00 00 48 85 c9 0f 84 d4 07 00
0x00007ffb90f4ce5c:   00 0f 1f 00 4c 8b f1 4c 8d a1 c8 05 00 00 49 8b
0x00007ffb90f4ce6c:   04 24 48 89 84 24 a8 00 00 00 40 84 ff 74 10 48
0x00007ffb90f4ce7c:   8b d1 48 8b 09 e8 0a 49 ee ff e9 4f 07 00 00 8b
0x00007ffb90f4ce8c:   96 c8 01 00 00 48 8b 05 78 9a b3 00 83 b8 64 03
0x00007ffb90f4ce9c:   00 00 02 0f 85 18 02 00 00 83 fa 10 73 0e 48 8d
0x00007ffb90f4ceac:   42 04 48 8d 04 c2 48 8d 04 c1 eb 60 8d 4a f0 8b
0x00007ffb90f4cebc:   c1 c1 e8 04 83 f8 03 73 1d 0f ae e8 83 e1 0f 4d
0x00007ffb90f4cecc:   8b 84 c6 80 05 00 00 4d 85 c0 74 25 48 8d 0c c9
0x00007ffb90f4cedc:   49 8d 04 c8 eb 36 49 8b 86 98 05 00 00 48 85 c0
0x00007ffb90f4ceec:   74 0f 66 90 39 10 74 2f 48 8b 40 50 48 85 c0 75
0x00007ffb90f4cefc:   f3 41 80 be a0 05 00 00 00 74 22 8b c2 83 e0 0f
0x00007ffb90f4cf0c:   48 8d 04 c0 48 8d 40 20 49 8d 04 c6 48 85 c0 74
0x00007ffb90f4cf1c:   0c 48 8b 48 08 eb 09 48 83 c0 08 eb ef 49 8b c9
0x00007ffb90f4cf2c:   49 3b 8f f8 56 03 00 0f 86 84 01 00 00 83 fa 10
0x00007ffb90f4cf3c:   73 0a 48 8d 42 04 48 8d 04 c2 eb 5c 8d 4a f0 8b
0x00007ffb90f4cf4c:   c1 c1 e8 04 83 f8 03 73 1d 0f ae e8 83 e1 0f 4d
0x00007ffb90f4cf5c:   8b 84 c6 80 05 00 00 4d 85 c0 74 25 48 8d 0c c9
0x00007ffb90f4cf6c:   49 8d 04 c8 eb 36 49 8b 86 98 05 00 00 48 85 c0
0x00007ffb90f4cf7c:   74 0f 66 90 39 10 74 2f 48 8b 40 50 48 85 c0 75
0x00007ffb90f4cf8c:   f3 41 80 be a0 05 00 00 00 74 22 8b c2 83 e0 0f
0x00007ffb90f4cf9c:   48 8d 04 c0 48 8d 40 20 49 8d 04 c6 48 85 c0 74
0x00007ffb90f4cfac:   0c 48 8b 48 08 eb 09 48 83 c0 08 eb ef 49 8b c9
0x00007ffb90f4cfbc:   49 3b 8e 40 06 00 00 0f 86 f4 00 00 00 48 8b 86
0x00007ffb90f4cfcc:   78 02 00 00 49 89 04 24 4c 89 b6 78 02 00 00 ff
0x00007ffb90f4cfdc:   86 80 02 00 00 49 8b 46 08 48 8b 88 18 01 00 00
0x00007ffb90f4cfec:   48 81 e1 00 00 ff ff 48 81 c1 00 00 01 00 48 01
0x00007ffb90f4cffc:   8e 88 02 00 00 ba 01 00 00 00 49 8b 4e 08 e8 b1
0x00007ffb90f4d00c:   91 d4 ff 48 01 86 98 02 00 00 85 ed 74 75 49 8b
0x00007ffb90f4d01c:   9f 58 4f 03 00 0f 57 c0 f3 0f 7f 44 24 30 c7 44 


Stack slot to memory mapping:
stack at sp + 0 slots: 0x0000013af9092490 points into unknown readable memory: 0xffffffffffffffff | ff ff ff ff ff ff ff ff
stack at sp + 1 slots: 0x00007ffbf82841a9 USER32.dll
stack at sp + 2 slots: 0x00000001f04fe608 points into unknown readable memory: 0x00007ffb90e2d62c | 2c d6 e2 90 fb 7f 00 00
stack at sp + 3 slots: 0x0 is NULL
stack at sp + 4 slots: 0x0000000000000054 is an unknown value
stack at sp + 5 slots: 0x0000013af9092490 points into unknown readable memory: 0xffffffffffffffff | ff ff ff ff ff ff ff ff
stack at sp + 6 slots: 0x0239b8c802595cc8 is an unknown value
stack at sp + 7 slots: 0x00007ffbfa4f2e44 ntdll.dll

VM_Operation (0x00000001f28fe760): Exit, mode: safepoint, requested by thread 0x0000013afb658cd0


---------------  P R O C E S S  ---------------

Threads class SMR info:
_java_thread_list=0x0000013afbafea20, length=19, elements={
0x0000013af7b73880, 0x0000013af7b74140, 0x0000013af7b88760, 0x0000013af7b8d030,
0x0000013af7b8d8f0, 0x0000013af7b8e950, 0x0000013af7b97e00, 0x0000013af7b9cec0,
0x0000013af7b9ef70, 0x0000013af85fb180, 0x0000013af862b030, 0x0000013af8630f60,
0x0000013af86370a0, 0x0000013af863e620, 0x0000013af8addc40, 0x0000013afb658800,
0x0000013afb658cd0, 0x0000013afb658330, 0x0000013afb659b40
}

Java Threads: ( => current thread )
  0x0000013af7b73880 JavaThread "Reference Handler" daemon [_thread_blocked, id=14680, stack(0x00000001f0500000,0x00000001f0600000)]
  0x0000013af7b74140 JavaThread "Finalizer" daemon [_thread_blocked, id=18816, stack(0x00000001f0600000,0x00000001f0700000)]
  0x0000013af7b88760 JavaThread "Signal Dispatcher" daemon [_thread_blocked, id=13304, stack(0x00000001f0700000,0x00000001f0800000)]
  0x0000013af7b8d030 JavaThread "Attach Listener" daemon [_thread_blocked, id=1892, stack(0x00000001f0800000,0x00000001f0900000)]
  0x0000013af7b8d8f0 JavaThread "Service Thread" daemon [_thread_blocked, id=7964, stack(0x00000001f0900000,0x00000001f0a00000)]
  0x0000013af7b8e950 JavaThread "Monitor Deflation Thread" daemon [_thread_blocked, id=6396, stack(0x00000001f0a00000,0x00000001f0b00000)]
  0x0000013af7b97e00 JavaThread "C2 CompilerThread0" daemon [_thread_blocked, id=14468, stack(0x00000001f0b00000,0x00000001f0c00000)]
  0x0000013af7b9cec0 JavaThread "C1 CompilerThread0" daemon [_thread_blocked, id=16560, stack(0x00000001f0c00000,0x00000001f0d00000)]
  0x0000013af7b9ef70 JavaThread "Sweeper thread" daemon [_thread_blocked, id=12880, stack(0x00000001f0d00000,0x00000001f0e00000)]
  0x0000013af85fb180 JavaThread "JDWP Transport Listener: dt_socket" daemon [_thread_blocked, id=2364, stack(0x00000001f0e00000,0x00000001f0f00000)]
  0x0000013af862b030 JavaThread "JDWP Event Helper Thread" daemon [_thread_blocked, id=13236, stack(0x00000001f0f00000,0x00000001f1000000)]
  0x0000013af8630f60 JavaThread "JDWP Command Reader" daemon [_thread_blocked, id=9376, stack(0x00000001f1000000,0x00000001f1100000)]
  0x0000013af86370a0 JavaThread "Notification Thread" daemon [_thread_blocked, id=8232, stack(0x00000001f1100000,0x00000001f1200000)]
  0x0000013af863e620 JavaThread "Common-Cleaner" daemon [_thread_blocked, id=20160, stack(0x00000001f1300000,0x00000001f1400000)]
  0x0000013af8addc40 JavaThread "Java2D Disposer" daemon [_thread_blocked, id=14248, stack(0x00000001f1400000,0x00000001f1500000)]
  0x0000013afb658800 JavaThread "HighResTimerThread" daemon [_thread_blocked, id=9460, stack(0x00000001f2600000,0x00000001f2700000)]
  0x0000013afb658cd0 JavaThread "main-FPSAWTAnimator#00-Timer0" [_thread_blocked, id=16196, stack(0x00000001f2800000,0x00000001f2900000)]
  0x0000013afb658330 JavaThread "DestroyJavaVM" [_thread_blocked, id=18168, stack(0x00000001efe00000,0x00000001eff00000)]
  0x0000013afb659b40 JavaThread "AWT-Shutdown" [_thread_blocked, id=14988, stack(0x00000001f2400000,0x00000001f2500000)]

Other Threads:
=>0x0000013af7b6d820 VMThread "VM Thread" [stack: 0x00000001f0400000,0x00000001f0500000] [id=2504]
  0x0000013ad9acc7c0 GCTaskThread "GC Thread#0" [stack: 0x00000001eff00000,0x00000001f0000000] [id=17388]
  0x0000013afaf25d60 GCTaskThread "GC Thread#1" [stack: 0x00000001f1700000,0x00000001f1800000] [id=4536]
  0x0000013afaf26010 GCTaskThread "GC Thread#2" [stack: 0x00000001f1d00000,0x00000001f1e00000] [id=12900]
  0x0000013afaf262c0 GCTaskThread "GC Thread#3" [stack: 0x00000001f1e00000,0x00000001f1f00000] [id=12124]
  0x0000013afaf26570 GCTaskThread "GC Thread#4" [stack: 0x00000001f1f00000,0x00000001f2000000] [id=17072]
  0x0000013afaf26820 GCTaskThread "GC Thread#5" [stack: 0x00000001f2000000,0x00000001f2100000] [id=7884]
  0x0000013afaf45600 GCTaskThread "GC Thread#6" [stack: 0x00000001f2100000,0x00000001f2200000] [id=17248]
  0x0000013afaf458b0 GCTaskThread "GC Thread#7" [stack: 0x00000001f2200000,0x00000001f2300000] [id=13532]
  0x0000013ad9adca10 ConcurrentGCThread "G1 Main Marker" terminated
  0x0000013ad9add230 ConcurrentGCThread "G1 Conc#0" [stack: 0x00000001f0100000,0x00000001f0200000] [id=16604]
  0x0000013ad9b2ec40 ConcurrentGCThread "G1 Refine#0" terminated
  0x0000013af7a174d0 ConcurrentGCThread "G1 Service" terminated

Threads with active compile tasks:

VM state: at safepoint (shutting down)

VM Mutex/Monitor currently owned by a thread:  ([mutex/lock_event])
[0x0000013ad9a6c100] Threads_lock - owner thread: 0x0000013af7b6d820
[0x0000013ad9a6d420] Heap_lock - owner thread: 0x0000013afb658cd0

Heap address: 0x0000000085800000, size: 1960 MB, Compressed Oops mode: 32-bit

CDS archive(s) mapped at: [0x0000000800000000-0x0000000800bc0000-0x0000000800bc0000), size 12320768, SharedBaseAddress: 0x0000000800000000, ArchiveRelocationMode: 0.
Compressed class space mapped at: 0x0000000800c00000-0x0000000840c00000, reserved size: 1073741824
Narrow klass base: 0x0000000800000000, Narrow klass shift: 0, Narrow klass range: 0x100000000

GC Precious Log:
 CPUs: 8 total, 8 available
 Memory: 7834M
 Large Page Support: Disabled
 NUMA Support: Disabled
 Compressed Oops: Enabled (32-bit)
 Heap Region Size: 1M
 Heap Min Capacity: 8M
 Heap Initial Capacity: 124M
 Heap Max Capacity: 1960M
 Pre-touch: Disabled
 Parallel Workers: 8
 Concurrent Workers: 2
 Concurrent Refinement Workers: 8
 Periodic GC: Disabled

Heap:
 garbage-first heap   total 126976K, used 50842K [0x0000000085800000, 0x0000000100000000)
  region size 1024K, 42 young (43008K), 3 survivors (3072K)
 Metaspace       used 12496K, committed 12736K, reserved 1064960K
  class space    used 914K, committed 1024K, reserved 1048576K

Heap Regions: E=young(eden), S=young(survivor), O=old, HS=humongous(starts), HC=humongous(continues), CS=collection set, F=free, OA=open archive, CA=closed archive, TAMS=top-at-mark-start (previous, next)
|   0|0x0000000085800000, 0x0000000085900000, 0x0000000085900000|100%| O|  |TAMS 0x0000000085800000, 0x0000000085800000| Untracked 
|   1|0x0000000085900000, 0x0000000085a00000, 0x0000000085a00000|100%| O|  |TAMS 0x0000000085900000, 0x0000000085900000| Untracked 
|   2|0x0000000085a00000, 0x0000000085b00000, 0x0000000085b00000|100%| O|  |TAMS 0x0000000085a00000, 0x0000000085a00000| Untracked 
|   3|0x0000000085b00000, 0x0000000085c00000, 0x0000000085c00000|100%| O|  |TAMS 0x0000000085b00000, 0x0000000085b00000| Untracked 
|   4|0x0000000085c00000, 0x0000000085d00000, 0x0000000085d00000|100%| O|  |TAMS 0x0000000085c00000, 0x0000000085c00000| Untracked 
|   5|0x0000000085d00000, 0x0000000085e00000, 0x0000000085e00000|100%| O|  |TAMS 0x0000000085d00000, 0x0000000085d00000| Untracked 
|   6|0x0000000085e00000, 0x0000000085f00000, 0x0000000085f00000|100%| O|  |TAMS 0x0000000085e00000, 0x0000000085e00000| Untracked 
|   7|0x0000000085f00000, 0x0000000085faf600, 0x0000000086000000| 68%| O|  |TAMS 0x0000000085f00000, 0x0000000085f00000| Untracked 
|   8|0x0000000086000000, 0x0000000086100000, 0x0000000086100000|100%|HS|  |TAMS 0x0000000086000000, 0x0000000086000000| Complete 
|   9|0x0000000086100000, 0x0000000086100000, 0x0000000086200000|  0%| F|  |TAMS 0x0000000086100000, 0x0000000086100000| Untracked 
|  10|0x0000000086200000, 0x0000000086200000, 0x0000000086300000|  0%| F|  |TAMS 0x0000000086200000, 0x0000000086200000| Untracked 
|  11|0x0000000086300000, 0x0000000086300000, 0x0000000086400000|  0%| F|  |TAMS 0x0000000086300000, 0x0000000086300000| Untracked 
|  12|0x0000000086400000, 0x0000000086400000, 0x0000000086500000|  0%| F|  |TAMS 0x0000000086400000, 0x0000000086400000| Untracked 
|  13|0x0000000086500000, 0x0000000086500000, 0x0000000086600000|  0%| F|  |TAMS 0x0000000086500000, 0x0000000086500000| Untracked 
|  14|0x0000000086600000, 0x0000000086600000, 0x0000000086700000|  0%| F|  |TAMS 0x0000000086600000, 0x0000000086600000| Untracked 
|  15|0x0000000086700000, 0x0000000086700000, 0x0000000086800000|  0%| F|  |TAMS 0x0000000086700000, 0x0000000086700000| Untracked 
|  16|0x0000000086800000, 0x0000000086800000, 0x0000000086900000|  0%| F|  |TAMS 0x0000000086800000, 0x0000000086800000| Untracked 
|  17|0x0000000086900000, 0x0000000086900000, 0x0000000086a00000|  0%| F|  |TAMS 0x0000000086900000, 0x0000000086900000| Untracked 
|  18|0x0000000086a00000, 0x0000000086a00000, 0x0000000086b00000|  0%| F|  |TAMS 0x0000000086a00000, 0x0000000086a00000| Untracked 
|  19|0x0000000086b00000, 0x0000000086b00000, 0x0000000086c00000|  0%| F|  |TAMS 0x0000000086b00000, 0x0000000086b00000| Untracked 
|  20|0x0000000086c00000, 0x0000000086c00000, 0x0000000086d00000|  0%| F|  |TAMS 0x0000000086c00000, 0x0000000086c00000| Untracked 
|  21|0x0000000086d00000, 0x0000000086d00000, 0x0000000086e00000|  0%| F|  |TAMS 0x0000000086d00000, 0x0000000086d00000| Untracked 
|  22|0x0000000086e00000, 0x0000000086e00000, 0x0000000086f00000|  0%| F|  |TAMS 0x0000000086e00000, 0x0000000086e00000| Untracked 
|  23|0x0000000086f00000, 0x0000000086f00000, 0x0000000087000000|  0%| F|  |TAMS 0x0000000086f00000, 0x0000000086f00000| Untracked 
|  24|0x0000000087000000, 0x0000000087000000, 0x0000000087100000|  0%| F|  |TAMS 0x0000000087000000, 0x0000000087000000| Untracked 
|  25|0x0000000087100000, 0x0000000087100000, 0x0000000087200000|  0%| F|  |TAMS 0x0000000087100000, 0x0000000087100000| Untracked 
|  26|0x0000000087200000, 0x0000000087200000, 0x0000000087300000|  0%| F|  |TAMS 0x0000000087200000, 0x0000000087200000| Untracked 
|  27|0x0000000087300000, 0x0000000087300000, 0x0000000087400000|  0%| F|  |TAMS 0x0000000087300000, 0x0000000087300000| Untracked 
|  28|0x0000000087400000, 0x0000000087400000, 0x0000000087500000|  0%| F|  |TAMS 0x0000000087400000, 0x0000000087400000| Untracked 
|  29|0x0000000087500000, 0x0000000087500000, 0x0000000087600000|  0%| F|  |TAMS 0x0000000087500000, 0x0000000087500000| Untracked 
|  30|0x0000000087600000, 0x0000000087600000, 0x0000000087700000|  0%| F|  |TAMS 0x0000000087600000, 0x0000000087600000| Untracked 
|  31|0x0000000087700000, 0x0000000087700000, 0x0000000087800000|  0%| F|  |TAMS 0x0000000087700000, 0x0000000087700000| Untracked 
|  32|0x0000000087800000, 0x0000000087800000, 0x0000000087900000|  0%| F|  |TAMS 0x0000000087800000, 0x0000000087800000| Untracked 
|  33|0x0000000087900000, 0x0000000087900000, 0x0000000087a00000|  0%| F|  |TAMS 0x0000000087900000, 0x0000000087900000| Untracked 
|  34|0x0000000087a00000, 0x0000000087a00000, 0x0000000087b00000|  0%| F|  |TAMS 0x0000000087a00000, 0x0000000087a00000| Untracked 
|  35|0x0000000087b00000, 0x0000000087b00000, 0x0000000087c00000|  0%| F|  |TAMS 0x0000000087b00000, 0x0000000087b00000| Untracked 
|  36|0x0000000087c00000, 0x0000000087c00000, 0x0000000087d00000|  0%| F|  |TAMS 0x0000000087c00000, 0x0000000087c00000| Untracked 
|  37|0x0000000087d00000, 0x0000000087d00000, 0x0000000087e00000|  0%| F|  |TAMS 0x0000000087d00000, 0x0000000087d00000| Untracked 
|  38|0x0000000087e00000, 0x0000000087e00000, 0x0000000087f00000|  0%| F|  |TAMS 0x0000000087e00000, 0x0000000087e00000| Untracked 
|  39|0x0000000087f00000, 0x0000000087f00000, 0x0000000088000000|  0%| F|  |TAMS 0x0000000087f00000, 0x0000000087f00000| Untracked 
|  40|0x0000000088000000, 0x0000000088000000, 0x0000000088100000|  0%| F|  |TAMS 0x0000000088000000, 0x0000000088000000| Untracked 
|  41|0x0000000088100000, 0x0000000088100000, 0x0000000088200000|  0%| F|  |TAMS 0x0000000088100000, 0x0000000088100000| Untracked 
|  42|0x0000000088200000, 0x0000000088200000, 0x0000000088300000|  0%| F|  |TAMS 0x0000000088200000, 0x0000000088200000| Untracked 
|  43|0x0000000088300000, 0x0000000088300000, 0x0000000088400000|  0%| F|  |TAMS 0x0000000088300000, 0x0000000088300000| Untracked 
|  44|0x0000000088400000, 0x0000000088400000, 0x0000000088500000|  0%| F|  |TAMS 0x0000000088400000, 0x0000000088400000| Untracked 
|  45|0x0000000088500000, 0x0000000088500000, 0x0000000088600000|  0%| F|  |TAMS 0x0000000088500000, 0x0000000088500000| Untracked 
|  46|0x0000000088600000, 0x0000000088600000, 0x0000000088700000|  0%| F|  |TAMS 0x0000000088600000, 0x0000000088600000| Untracked 
|  47|0x0000000088700000, 0x00000000887f7490, 0x0000000088800000| 96%| S|CS|TAMS 0x0000000088700000, 0x0000000088700000| Complete 
|  48|0x0000000088800000, 0x0000000088900000, 0x0000000088900000|100%| S|CS|TAMS 0x0000000088800000, 0x0000000088800000| Complete 
|  49|0x0000000088900000, 0x0000000088a00000, 0x0000000088a00000|100%| S|CS|TAMS 0x0000000088900000, 0x0000000088900000| Complete 
|  50|0x0000000088a00000, 0x0000000088a00000, 0x0000000088b00000|  0%| F|  |TAMS 0x0000000088a00000, 0x0000000088a00000| Untracked 
|  51|0x0000000088b00000, 0x0000000088b00000, 0x0000000088c00000|  0%| F|  |TAMS 0x0000000088b00000, 0x0000000088b00000| Untracked 
|  52|0x0000000088c00000, 0x0000000088c00000, 0x0000000088d00000|  0%| F|  |TAMS 0x0000000088c00000, 0x0000000088c00000| Untracked 
|  53|0x0000000088d00000, 0x0000000088d00000, 0x0000000088e00000|  0%| F|  |TAMS 0x0000000088d00000, 0x0000000088d00000| Untracked 
|  54|0x0000000088e00000, 0x0000000088e00000, 0x0000000088f00000|  0%| F|  |TAMS 0x0000000088e00000, 0x0000000088e00000| Untracked 
|  55|0x0000000088f00000, 0x0000000088f00000, 0x0000000089000000|  0%| F|  |TAMS 0x0000000088f00000, 0x0000000088f00000| Untracked 
|  56|0x0000000089000000, 0x0000000089000000, 0x0000000089100000|  0%| F|  |TAMS 0x0000000089000000, 0x0000000089000000| Untracked 
|  57|0x0000000089100000, 0x0000000089100000, 0x0000000089200000|  0%| F|  |TAMS 0x0000000089100000, 0x0000000089100000| Untracked 
|  58|0x0000000089200000, 0x0000000089200000, 0x0000000089300000|  0%| F|  |TAMS 0x0000000089200000, 0x0000000089200000| Untracked 
|  59|0x0000000089300000, 0x0000000089300000, 0x0000000089400000|  0%| F|  |TAMS 0x0000000089300000, 0x0000000089300000| Untracked 
|  60|0x0000000089400000, 0x0000000089400000, 0x0000000089500000|  0%| F|  |TAMS 0x0000000089400000, 0x0000000089400000| Untracked 
|  61|0x0000000089500000, 0x0000000089500000, 0x0000000089600000|  0%| F|  |TAMS 0x0000000089500000, 0x0000000089500000| Untracked 
|  62|0x0000000089600000, 0x0000000089600000, 0x0000000089700000|  0%| F|  |TAMS 0x0000000089600000, 0x0000000089600000| Untracked 
|  63|0x0000000089700000, 0x0000000089700000, 0x0000000089800000|  0%| F|  |TAMS 0x0000000089700000, 0x0000000089700000| Untracked 
|  64|0x0000000089800000, 0x0000000089800000, 0x0000000089900000|  0%| F|  |TAMS 0x0000000089800000, 0x0000000089800000| Untracked 
|  65|0x0000000089900000, 0x0000000089900000, 0x0000000089a00000|  0%| F|  |TAMS 0x0000000089900000, 0x0000000089900000| Untracked 
|  66|0x0000000089a00000, 0x0000000089a00000, 0x0000000089b00000|  0%| F|  |TAMS 0x0000000089a00000, 0x0000000089a00000| Untracked 
|  67|0x0000000089b00000, 0x0000000089b00000, 0x0000000089c00000|  0%| F|  |TAMS 0x0000000089b00000, 0x0000000089b00000| Untracked 
|  68|0x0000000089c00000, 0x0000000089c00000, 0x0000000089d00000|  0%| F|  |TAMS 0x0000000089c00000, 0x0000000089c00000| Untracked 
|  69|0x0000000089d00000, 0x0000000089d00000, 0x0000000089e00000|  0%| F|  |TAMS 0x0000000089d00000, 0x0000000089d00000| Untracked 
|  70|0x0000000089e00000, 0x0000000089e00000, 0x0000000089f00000|  0%| F|  |TAMS 0x0000000089e00000, 0x0000000089e00000| Untracked 
|  71|0x0000000089f00000, 0x0000000089f00000, 0x000000008a000000|  0%| F|  |TAMS 0x0000000089f00000, 0x0000000089f00000| Untracked 
|  72|0x000000008a000000, 0x000000008a000000, 0x000000008a100000|  0%| F|  |TAMS 0x000000008a000000, 0x000000008a000000| Untracked 
|  73|0x000000008a100000, 0x000000008a100000, 0x000000008a200000|  0%| F|  |TAMS 0x000000008a100000, 0x000000008a100000| Untracked 
|  74|0x000000008a200000, 0x000000008a200000, 0x000000008a300000|  0%| F|  |TAMS 0x000000008a200000, 0x000000008a200000| Untracked 
|  75|0x000000008a300000, 0x000000008a300000, 0x000000008a400000|  0%| F|  |TAMS 0x000000008a300000, 0x000000008a300000| Untracked 
|  76|0x000000008a400000, 0x000000008a400000, 0x000000008a500000|  0%| F|  |TAMS 0x000000008a400000, 0x000000008a400000| Untracked 
|  77|0x000000008a500000, 0x000000008a500000, 0x000000008a600000|  0%| F|  |TAMS 0x000000008a500000, 0x000000008a500000| Untracked 
|  78|0x000000008a600000, 0x000000008a600000, 0x000000008a700000|  0%| F|  |TAMS 0x000000008a600000, 0x000000008a600000| Untracked 
|  79|0x000000008a700000, 0x000000008a700000, 0x000000008a800000|  0%| F|  |TAMS 0x000000008a700000, 0x000000008a700000| Untracked 
|  80|0x000000008a800000, 0x000000008a800000, 0x000000008a900000|  0%| F|  |TAMS 0x000000008a800000, 0x000000008a800000| Untracked 
|  81|0x000000008a900000, 0x000000008a900000, 0x000000008aa00000|  0%| F|  |TAMS 0x000000008a900000, 0x000000008a900000| Untracked 
|  82|0x000000008aa00000, 0x000000008aa00000, 0x000000008ab00000|  0%| F|  |TAMS 0x000000008aa00000, 0x000000008aa00000| Untracked 
|  83|0x000000008ab00000, 0x000000008ab00000, 0x000000008ac00000|  0%| F|  |TAMS 0x000000008ab00000, 0x000000008ab00000| Untracked 
|  84|0x000000008ac00000, 0x000000008ac00000, 0x000000008ad00000|  0%| F|  |TAMS 0x000000008ac00000, 0x000000008ac00000| Untracked 
|  85|0x000000008ad00000, 0x000000008ad80800, 0x000000008ae00000| 50%| E|  |TAMS 0x000000008ad00000, 0x000000008ad00000| Complete 
|  86|0x000000008ae00000, 0x000000008af00000, 0x000000008af00000|100%| E|CS|TAMS 0x000000008ae00000, 0x000000008ae00000| Complete 
|  87|0x000000008af00000, 0x000000008b000000, 0x000000008b000000|100%| E|CS|TAMS 0x000000008af00000, 0x000000008af00000| Complete 
|  88|0x000000008b000000, 0x000000008b100000, 0x000000008b100000|100%| E|CS|TAMS 0x000000008b000000, 0x000000008b000000| Complete 
|  89|0x000000008b100000, 0x000000008b200000, 0x000000008b200000|100%| E|CS|TAMS 0x000000008b100000, 0x000000008b100000| Complete 
|  90|0x000000008b200000, 0x000000008b300000, 0x000000008b300000|100%| E|CS|TAMS 0x000000008b200000, 0x000000008b200000| Complete 
|  91|0x000000008b300000, 0x000000008b400000, 0x000000008b400000|100%| E|CS|TAMS 0x000000008b300000, 0x000000008b300000| Complete 
|  92|0x000000008b400000, 0x000000008b500000, 0x000000008b500000|100%| E|CS|TAMS 0x000000008b400000, 0x000000008b400000| Complete 
|  93|0x000000008b500000, 0x000000008b600000, 0x000000008b600000|100%| E|CS|TAMS 0x000000008b500000, 0x000000008b500000| Complete 
|  94|0x000000008b600000, 0x000000008b700000, 0x000000008b700000|100%| E|CS|TAMS 0x000000008b600000, 0x000000008b600000| Complete 
|  95|0x000000008b700000, 0x000000008b800000, 0x000000008b800000|100%| E|CS|TAMS 0x000000008b700000, 0x000000008b700000| Complete 
|  96|0x000000008b800000, 0x000000008b900000, 0x000000008b900000|100%| E|CS|TAMS 0x000000008b800000, 0x000000008b800000| Complete 
|  97|0x000000008b900000, 0x000000008ba00000, 0x000000008ba00000|100%| E|CS|TAMS 0x000000008b900000, 0x000000008b900000| Complete 
|  98|0x000000008ba00000, 0x000000008bb00000, 0x000000008bb00000|100%| E|CS|TAMS 0x000000008ba00000, 0x000000008ba00000| Complete 
|  99|0x000000008bb00000, 0x000000008bc00000, 0x000000008bc00000|100%| E|CS|TAMS 0x000000008bb00000, 0x000000008bb00000| Complete 
| 100|0x000000008bc00000, 0x000000008bd00000, 0x000000008bd00000|100%| E|CS|TAMS 0x000000008bc00000, 0x000000008bc00000| Complete 
| 101|0x000000008bd00000, 0x000000008be00000, 0x000000008be00000|100%| E|CS|TAMS 0x000000008bd00000, 0x000000008bd00000| Complete 
| 102|0x000000008be00000, 0x000000008bf00000, 0x000000008bf00000|100%| E|CS|TAMS 0x000000008be00000, 0x000000008be00000| Complete 
| 103|0x000000008bf00000, 0x000000008c000000, 0x000000008c000000|100%| E|CS|TAMS 0x000000008bf00000, 0x000000008bf00000| Complete 
| 104|0x000000008c000000, 0x000000008c100000, 0x000000008c100000|100%| E|CS|TAMS 0x000000008c000000, 0x000000008c000000| Complete 
| 105|0x000000008c100000, 0x000000008c200000, 0x000000008c200000|100%| E|CS|TAMS 0x000000008c100000, 0x000000008c100000| Complete 
| 106|0x000000008c200000, 0x000000008c300000, 0x000000008c300000|100%| E|CS|TAMS 0x000000008c200000, 0x000000008c200000| Complete 
| 107|0x000000008c300000, 0x000000008c400000, 0x000000008c400000|100%| E|CS|TAMS 0x000000008c300000, 0x000000008c300000| Complete 
| 108|0x000000008c400000, 0x000000008c500000, 0x000000008c500000|100%| E|CS|TAMS 0x000000008c400000, 0x000000008c400000| Complete 
| 109|0x000000008c500000, 0x000000008c600000, 0x000000008c600000|100%| E|CS|TAMS 0x000000008c500000, 0x000000008c500000| Complete 
| 110|0x000000008c600000, 0x000000008c700000, 0x000000008c700000|100%| E|CS|TAMS 0x000000008c600000, 0x000000008c600000| Complete 
| 111|0x000000008c700000, 0x000000008c800000, 0x000000008c800000|100%| E|CS|TAMS 0x000000008c700000, 0x000000008c700000| Complete 
| 112|0x000000008c800000, 0x000000008c900000, 0x000000008c900000|100%| E|CS|TAMS 0x000000008c800000, 0x000000008c800000| Complete 
| 113|0x000000008c900000, 0x000000008ca00000, 0x000000008ca00000|100%| E|CS|TAMS 0x000000008c900000, 0x000000008c900000| Complete 
| 114|0x000000008ca00000, 0x000000008cb00000, 0x000000008cb00000|100%| E|CS|TAMS 0x000000008ca00000, 0x000000008ca00000| Complete 
| 115|0x000000008cb00000, 0x000000008cc00000, 0x000000008cc00000|100%| E|CS|TAMS 0x000000008cb00000, 0x000000008cb00000| Complete 
| 116|0x000000008cc00000, 0x000000008cd00000, 0x000000008cd00000|100%| E|CS|TAMS 0x000000008cc00000, 0x000000008cc00000| Complete 
| 117|0x000000008cd00000, 0x000000008ce00000, 0x000000008ce00000|100%| E|CS|TAMS 0x000000008cd00000, 0x000000008cd00000| Complete 
| 118|0x000000008ce00000, 0x000000008cf00000, 0x000000008cf00000|100%| E|CS|TAMS 0x000000008ce00000, 0x000000008ce00000| Complete 
| 119|0x000000008cf00000, 0x000000008d000000, 0x000000008d000000|100%| E|CS|TAMS 0x000000008cf00000, 0x000000008cf00000| Complete 
| 120|0x000000008d000000, 0x000000008d100000, 0x000000008d100000|100%| E|CS|TAMS 0x000000008d000000, 0x000000008d000000| Complete 
| 121|0x000000008d100000, 0x000000008d200000, 0x000000008d200000|100%| E|CS|TAMS 0x000000008d100000, 0x000000008d100000| Complete 
| 122|0x000000008d200000, 0x000000008d300000, 0x000000008d300000|100%| E|CS|TAMS 0x000000008d200000, 0x000000008d200000| Complete 
| 123|0x000000008d300000, 0x000000008d400000, 0x000000008d400000|100%| E|CS|TAMS 0x000000008d300000, 0x000000008d300000| Complete 

Card table byte_map: [0x0000013af0c60000,0x0000013af1040000] _byte_map_base: 0x0000013af0834000

Marking Bits (Prev, Next): (CMBitMap*) 0x0000013ad9accbe0, (CMBitMap*) 0x0000013ad9accc20
 Prev Bits: [0x0000013af1420000, 0x0000013af32c0000)
 Next Bits: [0x0000013af32c0000, 0x0000013af5160000)

Polling page: 0x0000013ad9230000

Metaspace:

Usage:
  Non-class:     11.31 MB used.
      Class:    914.65 KB used.
       Both:     12.20 MB used.

Virtual space:
  Non-class space:       16.00 MB reserved,      11.44 MB ( 71%) committed,  2 nodes.
      Class space:        1.00 GB reserved,       1.00 MB ( <1%) committed,  1 nodes.
             Both:        1.02 GB reserved,      12.44 MB (  1%) committed. 

Chunk freelists:
   Non-Class:  240.00 KB
       Class:  2.91 MB
        Both:  3.14 MB

MaxMetaspaceSize: unlimited
CompressedClassSpaceSize: 1.00 GB
Initial GC threshold: 21.00 MB
Current GC threshold: 21.00 MB
CDS: on
MetaspaceReclaimPolicy: balanced
 - commit_granule_bytes: 65536.
 - commit_granule_words: 8192.
 - virtual_space_node_default_size: 1048576.
 - enlarge_chunks_in_place: 1.
 - new_chunks_are_fully_committed: 0.
 - uncommit_free_chunks: 1.
 - use_allocation_guard: 0.
 - handle_deallocations: 1.


Internal statistics:

num_allocs_failed_limit: 0.
num_arena_births: 110.
num_arena_deaths: 0.
num_vsnodes_births: 3.
num_vsnodes_deaths: 0.
num_space_committed: 195.
num_space_uncommitted: 0.
num_chunks_returned_to_freelist: 0.
num_chunks_taken_from_freelist: 381.
num_chunk_merges: 0.
num_chunk_splits: 292.
num_chunks_enlarged: 235.
num_purges: 0.
num_inconsistent_stats: 0.

CodeHeap 'non-profiled nmethods': size=120000Kb used=457Kb max_used=457Kb free=119543Kb
 bounds [0x0000013ae9020000, 0x0000013ae9290000, 0x0000013af0550000]
CodeHeap 'profiled nmethods': size=120000Kb used=2099Kb max_used=2099Kb free=117900Kb
 bounds [0x0000013ae1af0000, 0x0000013ae1d60000, 0x0000013ae9020000]
CodeHeap 'non-nmethods': size=5760Kb used=1605Kb max_used=1625Kb free=4154Kb
 bounds [0x0000013ae1550000, 0x0000013ae17c0000, 0x0000013ae1af0000]
 total_blobs=2052 nmethods=1125 adapters=840
 compilation: enabled
              stopped_count=0, restarted_count=0
 full_count=0

Compilation events (20 events):
Event: 11.974 Thread 0x0000013af7b9cec0 1116       3       java.util.concurrent.locks.ReentrantLock$Sync::isHeldExclusively (16 bytes)
Event: 11.974 Thread 0x0000013af7b9cec0 nmethod 1116 0x0000013ae1cf7f10 code [0x0000013ae1cf80a0, 0x0000013ae1cf8238]
Event: 12.005 Thread 0x0000013af7b9cec0 1117       3       java.util.concurrent.LinkedBlockingQueue$Node::<init> (10 bytes)
Event: 12.005 Thread 0x0000013af7b9cec0 nmethod 1117 0x0000013ae1cf8310 code [0x0000013ae1cf84a0, 0x0000013ae1cf8658]
Event: 12.005 Thread 0x0000013af7b9cec0 1118       3       java.util.concurrent.atomic.AtomicInteger::getAndIncrement (12 bytes)
Event: 12.005 Thread 0x0000013af7b9cec0 nmethod 1118 0x0000013ae1cf8710 code [0x0000013ae1cf88a0, 0x0000013ae1cf89b8]
Event: 12.015 Thread 0x0000013af7b9cec0 1120       3       jogamp.newt.WindowImpl::dispatchMouseEvent (202 bytes)
Event: 12.017 Thread 0x0000013af7b9cec0 nmethod 1120 0x0000013ae1cf8a90 code [0x0000013ae1cf8e60, 0x0000013ae1cfa588]
Event: 12.017 Thread 0x0000013af7b9cec0 1119       3       com.jogamp.newt.event.InputEvent::<init> (14 bytes)
Event: 12.017 Thread 0x0000013af7b9cec0 nmethod 1119 0x0000013ae1cfb010 code [0x0000013ae1cfb1e0, 0x0000013ae1cfb5e8]
Event: 12.025 Thread 0x0000013af7b9cec0 1121       3       jogamp.newt.WindowImpl::sendMouseEvent (21 bytes)
Event: 12.026 Thread 0x0000013af7b9cec0 nmethod 1121 0x0000013ae1cfb790 code [0x0000013ae1cfb960, 0x0000013ae1cfbbb8]
Event: 12.026 Thread 0x0000013af7b9cec0 1122       3       com.jogamp.newt.event.MouseEvent::getRotationXYZ (36 bytes)
Event: 12.026 Thread 0x0000013af7b9cec0 nmethod 1122 0x0000013ae1cfbd10 code [0x0000013ae1cfbea0, 0x0000013ae1cfc0d8]
Event: 12.036 Thread 0x0000013af7b9cec0 1123       3       com.jogamp.nativewindow.util.Point::set (12 bytes)
Event: 12.037 Thread 0x0000013af7b9cec0 nmethod 1123 0x0000013ae1cfc190 code [0x0000013ae1cfc320, 0x0000013ae1cfc438]
Event: 12.037 Thread 0x0000013af7b9cec0 1124       3       com.jogamp.newt.event.InputEvent::getButtonMask (19 bytes)
Event: 12.037 Thread 0x0000013af7b9cec0 nmethod 1124 0x0000013ae1cfc510 code [0x0000013ae1cfc6a0, 0x0000013ae1cfc838]
Event: 12.046 Thread 0x0000013af7b9cec0 1125       3       com.jogamp.newt.event.InputEvent::getButtonDownCount (11 bytes)
Event: 12.047 Thread 0x0000013af7b9cec0 nmethod 1125 0x0000013ae1cfc910 code [0x0000013ae1cfcaa0, 0x0000013ae1cfcbe8]

GC Heap History (20 events):
Event: 12.988 GC heap before
{Heap before GC invocations=26 (full 0):
 garbage-first heap   total 126976K, used 81787K [0x0000000085800000, 0x0000000100000000)
  region size 1024K, 74 young (75776K), 3 survivors (3072K)
 Metaspace       used 12452K, committed 12672K, reserved 1064960K
  class space    used 911K, committed 1024K, reserved 1048576K
}
Event: 12.990 GC heap after
{Heap after GC invocations=27 (full 0):
 garbage-first heap   total 126976K, used 9281K [0x0000000085800000, 0x0000000100000000)
  region size 1024K, 3 young (3072K), 3 survivors (3072K)
 Metaspace       used 12452K, committed 12672K, reserved 1064960K
  class space    used 911K, committed 1024K, reserved 1048576K
}
Event: 13.448 GC heap before
{Heap before GC invocations=27 (full 0):
 garbage-first heap   total 126976K, used 81985K [0x0000000085800000, 0x0000000100000000)
  region size 1024K, 74 young (75776K), 3 survivors (3072K)
 Metaspace       used 12452K, committed 12672K, reserved 1064960K
  class space    used 911K, committed 1024K, reserved 1048576K
}
Event: 13.451 GC heap after
{Heap after GC invocations=28 (full 0):
 garbage-first heap   total 126976K, used 9533K [0x0000000085800000, 0x0000000100000000)
  region size 1024K, 3 young (3072K), 3 survivors (3072K)
 Metaspace       used 12452K, committed 12672K, reserved 1064960K
  class space    used 911K, committed 1024K, reserved 1048576K
}
Event: 13.908 GC heap before
{Heap before GC invocations=28 (full 0):
 garbage-first heap   total 126976K, used 82237K [0x0000000085800000, 0x0000000100000000)
  region size 1024K, 74 young (75776K), 3 survivors (3072K)
 Metaspace       used 12452K, committed 12672K, reserved 1064960K
  class space    used 911K, committed 1024K, reserved 1048576K
}
Event: 13.910 GC heap after
{Heap after GC invocations=29 (full 0):
 garbage-first heap   total 126976K, used 9779K [0x0000000085800000, 0x0000000100000000)
  region size 1024K, 3 young (3072K), 3 survivors (3072K)
 Metaspace       used 12452K, committed 12672K, reserved 1064960K
  class space    used 911K, committed 1024K, reserved 1048576K
}
Event: 14.369 GC heap before
{Heap before GC invocations=29 (full 0):
 garbage-first heap   total 126976K, used 82483K [0x0000000085800000, 0x0000000100000000)
  region size 1024K, 74 young (75776K), 3 survivors (3072K)
 Metaspace       used 12452K, committed 12672K, reserved 1064960K
  class space    used 911K, committed 1024K, reserved 1048576K
}
Event: 14.371 GC heap after
{Heap after GC invocations=30 (full 0):
 garbage-first heap   total 126976K, used 9939K [0x0000000085800000, 0x0000000100000000)
  region size 1024K, 3 young (3072K), 3 survivors (3072K)
 Metaspace       used 12452K, committed 12672K, reserved 1064960K
  class space    used 911K, committed 1024K, reserved 1048576K
}
Event: 14.827 GC heap before
{Heap before GC invocations=30 (full 0):
 garbage-first heap   total 126976K, used 82643K [0x0000000085800000, 0x0000000100000000)
  region size 1024K, 74 young (75776K), 3 survivors (3072K)
 Metaspace       used 12452K, committed 12672K, reserved 1064960K
  class space    used 911K, committed 1024K, reserved 1048576K
}
Event: 14.830 GC heap after
{Heap after GC invocations=31 (full 0):
 garbage-first heap   total 126976K, used 10106K [0x0000000085800000, 0x0000000100000000)
  region size 1024K, 3 young (3072K), 3 survivors (3072K)
 Metaspace       used 12452K, committed 12672K, reserved 1064960K
  class space    used 911K, committed 1024K, reserved 1048576K
}
Event: 15.276 GC heap before
{Heap before GC invocations=31 (full 0):
 garbage-first heap   total 126976K, used 82810K [0x0000000085800000, 0x0000000100000000)
  region size 1024K, 74 young (75776K), 3 survivors (3072K)
 Metaspace       used 12452K, committed 12672K, reserved 1064960K
  class space    used 911K, committed 1024K, reserved 1048576K
}
Event: 15.278 GC heap after
{Heap after GC invocations=32 (full 0):
 garbage-first heap   total 126976K, used 10428K [0x0000000085800000, 0x0000000100000000)
  region size 1024K, 4 young (4096K), 4 survivors (4096K)
 Metaspace       used 12452K, committed 12672K, reserved 1064960K
  class space    used 911K, committed 1024K, reserved 1048576K
}
Event: 15.722 GC heap before
{Heap before GC invocations=32 (full 0):
 garbage-first heap   total 126976K, used 82108K [0x0000000085800000, 0x0000000100000000)
  region size 1024K, 74 young (75776K), 4 survivors (4096K)
 Metaspace       used 12452K, committed 12672K, reserved 1064960K
  class space    used 911K, committed 1024K, reserved 1048576K
}
Event: 15.724 GC heap after
{Heap after GC invocations=33 (full 0):
 garbage-first heap   total 126976K, used 10517K [0x0000000085800000, 0x0000000100000000)
  region size 1024K, 4 young (4096K), 4 survivors (4096K)
 Metaspace       used 12452K, committed 12672K, reserved 1064960K
  class space    used 911K, committed 1024K, reserved 1048576K
}
Event: 16.157 GC heap before
{Heap before GC invocations=33 (full 0):
 garbage-first heap   total 126976K, used 82197K [0x0000000085800000, 0x0000000100000000)
  region size 1024K, 74 young (75776K), 4 survivors (4096K)
 Metaspace       used 12452K, committed 12672K, reserved 1064960K
  class space    used 911K, committed 1024K, reserved 1048576K
}
Event: 16.159 GC heap after
{Heap after GC invocations=34 (full 0):
 garbage-first heap   total 126976K, used 10860K [0x0000000085800000, 0x0000000100000000)
  region size 1024K, 4 young (4096K), 4 survivors (4096K)
 Metaspace       used 12452K, committed 12672K, reserved 1064960K
  class space    used 911K, committed 1024K, reserved 1048576K
}
Event: 16.581 GC heap before
{Heap before GC invocations=34 (full 0):
 garbage-first heap   total 126976K, used 83564K [0x0000000085800000, 0x0000000100000000)
  region size 1024K, 74 young (75776K), 4 survivors (4096K)
 Metaspace       used 12452K, committed 12672K, reserved 1064960K
  class space    used 911K, committed 1024K, reserved 1048576K
}
Event: 16.584 GC heap after
{Heap after GC invocations=35 (full 0):
 garbage-first heap   total 126976K, used 11714K [0x0000000085800000, 0x0000000100000000)
  region size 1024K, 3 young (3072K), 3 survivors (3072K)
 Metaspace       used 12452K, committed 12672K, reserved 1064960K
  class space    used 911K, committed 1024K, reserved 1048576K
}
Event: 17.000 GC heap before
{Heap before GC invocations=35 (full 0):
 garbage-first heap   total 126976K, used 84418K [0x0000000085800000, 0x0000000100000000)
  region size 1024K, 74 young (75776K), 3 survivors (3072K)
 Metaspace       used 12452K, committed 12672K, reserved 1064960K
  class space    used 911K, committed 1024K, reserved 1048576K
}
Event: 17.002 GC heap after
{Heap after GC invocations=36 (full 0):
 garbage-first heap   total 126976K, used 11930K [0x0000000085800000, 0x0000000100000000)
  region size 1024K, 3 young (3072K), 3 survivors (3072K)
 Metaspace       used 12452K, committed 12672K, reserved 1064960K
  class space    used 911K, committed 1024K, reserved 1048576K
}

Dll operation events (15 events):
Event: 0.006 Loaded shared library D:\GIT_HUB\WEB-DEVELOPMENT\processing_related\processing-4.1.1\java\bin\java.dll
Event: 0.012 Loaded shared library D:\GIT_HUB\WEB-DEVELOPMENT\processing_related\processing-4.1.1\java\bin\jsvml.dll
Event: 0.094 Loaded shared library D:\GIT_HUB\WEB-DEVELOPMENT\processing_related\processing-4.1.1\java\bin\net.dll
Event: 0.095 Loaded shared library D:\GIT_HUB\WEB-DEVELOPMENT\processing_related\processing-4.1.1\java\bin\nio.dll
Event: 0.099 Loaded shared library D:\GIT_HUB\WEB-DEVELOPMENT\processing_related\processing-4.1.1\java\bin\zip.dll
Event: 0.149 Loaded shared library D:\GIT_HUB\WEB-DEVELOPMENT\processing_related\processing-4.1.1\java\bin\jimage.dll
Event: 0.153 Loaded shared library D:\GIT_HUB\WEB-DEVELOPMENT\processing_related\processing-4.1.1\java\bin\awt.dll
Event: 0.484 Loaded shared library C:\Users\HP PC\AppData\Local\Temp\jogamp_0000\file_cache\jln9322216402480085424\jln8936879357047441431\natives\windows-amd64\gluegen_rt.dll
Event: 0.491 Loaded shared library D:\GIT_HUB\WEB-DEVELOPMENT\processing_related\processing-4.1.1\java\bin\jawt.dll
Event: 0.517 Loaded shared library C:\Users\HP PC\AppData\Local\Temp\jogamp_0000\file_cache\jln9322216402480085424\jln8936879357047441431\natives\windows-amd64\nativewindow_awt.dll
Event: 0.568 Loaded shared library C:\Users\HP PC\AppData\Local\Temp\jogamp_0000\file_cache\jln9322216402480085424\jln8936879357047441431\natives\windows-amd64\nativewindow_win32.dll
Event: 0.685 Loaded shared library C:\Users\HP PC\AppData\Local\Temp\jogamp_0000\file_cache\jln9322216402480085424\jln8936879357047441431\natives\windows-amd64\jogl_desktop.dll
Event: 0.736 Loaded shared library C:\Users\HP PC\AppData\Local\Temp\jogamp_0000\file_cache\jln9322216402480085424\jln8936879357047441431\natives\windows-amd64\jogl_mobile.dll
Event: 1.266 Loaded shared library C:\Users\HP PC\AppData\Local\Temp\jogamp_0000\file_cache\jln9322216402480085424\jln8936879357047441431\natives\windows-amd64\newt_head.dll
Event: 1.445 Loaded shared library D:\GIT_HUB\WEB-DEVELOPMENT\processing_related\processing-4.1.1\java\bin\verify.dll

Deoptimization events (20 events):
Event: 1.436 Thread 0x0000013afb658cd0 Uncommon trap: trap_request=0xffffff45 fr.pc=0x0000013ae9047948 relative=0x00000000000001a8
Event: 1.436 Thread 0x0000013afb658cd0 Uncommon trap: reason=unstable_if action=reinterpret pc=0x0000013ae9047948 method=java.lang.String.indexOf(II)I @ 4 c2
Event: 1.436 Thread 0x0000013afb658cd0 DEOPT PACKING pc=0x0000013ae9047948 sp=0x00000001f28fe7a0
Event: 1.436 Thread 0x0000013afb658cd0 DEOPT UNPACKING pc=0x0000013ae15a5ba3 sp=0x00000001f28fe760 mode 2
Event: 1.436 Thread 0x0000013afb658cd0 Uncommon trap: trap_request=0xffffff45 fr.pc=0x0000013ae905e178 relative=0x00000000000003d8
Event: 1.436 Thread 0x0000013afb658cd0 Uncommon trap: reason=unstable_if action=reinterpret pc=0x0000013ae905e178 method=java.lang.AbstractStringBuilder.isLatin1()Z @ 10 c2
Event: 1.436 Thread 0x0000013afb658cd0 DEOPT PACKING pc=0x0000013ae905e178 sp=0x00000001f28fe8e0
Event: 1.436 Thread 0x0000013afb658cd0 DEOPT UNPACKING pc=0x0000013ae15a5ba3 sp=0x00000001f28fe870 mode 2
Event: 1.437 Thread 0x0000013afb658cd0 Uncommon trap: trap_request=0xffffff45 fr.pc=0x0000013ae902a140 relative=0x00000000000001c0
Event: 1.437 Thread 0x0000013afb658cd0 Uncommon trap: reason=unstable_if action=reinterpret pc=0x0000013ae902a140 method=java.lang.String.hashCode()I @ 20 c2
Event: 1.437 Thread 0x0000013afb658cd0 DEOPT PACKING pc=0x0000013ae902a140 sp=0x00000001f28fe8f0
Event: 1.437 Thread 0x0000013afb658cd0 DEOPT UNPACKING pc=0x0000013ae15a5ba3 sp=0x00000001f28fe880 mode 2
Event: 1.509 Thread 0x0000013afb658cd0 DEOPT PACKING pc=0x0000013ae1ce9d01 sp=0x00000001f28fe7f0
Event: 1.509 Thread 0x0000013afb658cd0 DEOPT UNPACKING pc=0x0000013ae15a66e3 sp=0x00000001f28fddc0 mode 0
Event: 1.520 Thread 0x0000013afb658cd0 Uncommon trap: trap_request=0xffffff45 fr.pc=0x0000013ae9087b8c relative=0x0000000000000b4c
Event: 1.520 Thread 0x0000013afb658cd0 Uncommon trap: reason=unstable_if action=reinterpret pc=0x0000013ae9087b8c method=madelbulb_3d.setup()V @ 370 c2
Event: 1.520 Thread 0x0000013afb658cd0 DEOPT PACKING pc=0x0000013ae9087b8c sp=0x00000001f28fe8f0
Event: 1.520 Thread 0x0000013afb658cd0 DEOPT UNPACKING pc=0x0000013ae15a5ba3 sp=0x00000001f28fe8d0 mode 2
Event: 1.553 Thread 0x0000013afb658cd0 DEOPT PACKING pc=0x0000013ae1ceed49 sp=0x00000001f28fe830
Event: 1.553 Thread 0x0000013afb658cd0 DEOPT UNPACKING pc=0x0000013ae15a66e3 sp=0x00000001f28fddc0 mode 0

Classes unloaded (0 events):
No events

Classes redefined (0 events):
No events

Internal exceptions (20 events):
Event: 0.165 Thread 0x0000013ad9a70790 Exception <a 'java/io/FileNotFoundException'{0x000000008cf48848}> (0x000000008cf48848) 
thrown [s\src\hotspot\share\prims\jni.cpp, line 516]
Event: 0.170 Thread 0x0000013ad9a70790 Exception <a 'java/io/FileNotFoundException'{0x000000008cf75800}> (0x000000008cf75800) 
thrown [s\src\hotspot\share\prims\jni.cpp, line 516]
Event: 0.205 Thread 0x0000013ad9a70790 Exception <a 'java/lang/NoSuchMethodError'{0x000000008ce04d40}: 'java.lang.Object java.lang.invoke.DirectMethodHandle$Holder.invokeStaticInit(java.lang.Object)'> (0x000000008ce04d40) 
thrown [s\src\hotspot\share\interpreter\linkResolver.cpp, line 759]
Event: 0.355 Thread 0x0000013ad9a70790 Exception <a 'java/lang/NoSuchMethodError'{0x000000008ca1b340}: 'java.lang.Object java.lang.invoke.DirectMethodHandle$Holder.invokeStaticInit(java.lang.Object, int, int, int, int)'> (0x000000008ca1b340) 
thrown [s\src\hotspot\share\interpreter\linkResolver.cpp, line 759]
Event: 0.388 Thread 0x0000013ad9a70790 Exception <a 'java/lang/NoSuchMethodError'{0x000000008caace28}: 'java.lang.Object java.lang.invoke.DirectMethodHandle$Holder.invokeStaticInit(java.lang.Object, java.lang.Object, int, int, int, int)'> (0x000000008caace28) 
thrown [s\src\hotspot\share\interpreter\linkResolver.cpp, line 759]
Event: 0.400 Thread 0x0000013ad9a70790 Exception <a 'java/lang/NoSuchMethodError'{0x000000008cab8648}: 'void java.lang.invoke.DirectMethodHandle$Holder.invokeStatic(java.lang.Object, long)'> (0x000000008cab8648) 
thrown [s\src\hotspot\share\interpreter\linkResolver.cpp, line 759]
Event: 0.401 Thread 0x0000013ad9a70790 Exception <a 'java/lang/NoSuchMethodError'{0x000000008cabdc28}: 'java.lang.Object java.lang.invoke.DirectMethodHandle$Holder.newInvokeSpecial(java.lang.Object, long)'> (0x000000008cabdc28) 
thrown [s\src\hotspot\share\interpreter\linkResolver.cpp, line 759]
Event: 0.402 Thread 0x0000013ad9a70790 Exception <a 'java/lang/NoSuchMethodError'{0x000000008cac4e80}: 'java.lang.Object java.lang.invoke.DirectMethodHandle$Holder.invokeStatic(java.lang.Object, java.lang.Object, long, java.lang.Object)'> (0x000000008cac4e80) 
thrown [s\src\hotspot\share\interpreter\linkResolver.cpp, line 759]
Event: 0.402 Thread 0x0000013ad9a70790 Exception <a 'java/lang/NoSuchMethodError'{0x000000008cac8918}: 'java.lang.Object java.lang.invoke.DirectMethodHandle$Holder.invokeStaticInit(java.lang.Object, java.lang.Object, long, java.lang.Object)'> (0x000000008cac8918) 
thrown [s\src\hotspot\share\interpreter\linkResolver.cpp, line 759]
Event: 0.403 Thread 0x0000013ad9a70790 Exception <a 'java/lang/NoSuchMethodError'{0x000000008caceed8}: 'java.lang.Object java.lang.invoke.DirectMethodHandle$Holder.newInvokeSpecial(java.lang.Object, java.lang.Object, long)'> (0x000000008caceed8) 
thrown [s\src\hotspot\share\interpreter\linkResolver.cpp, line 759]
Event: 0.403 Thread 0x0000013ad9a70790 Exception <a 'java/lang/NoSuchMethodError'{0x000000008cad2a48}: 'java.lang.Object java.lang.invoke.Invokers$Holder.linkToTargetMethod(java.lang.Object, long, java.lang.Object)'> (0x000000008cad2a48) 
thrown [s\src\hotspot\share\interpreter\linkResolver.cpp, line 759]
Event: 0.530 Thread 0x0000013ad9a70790 Exception <a 'java/lang/NoSuchMethodError'{0x000000008c9deea0}: 'java.lang.Object java.lang.invoke.DirectMethodHandle$Holder.invokeInterface(java.lang.Object, java.lang.Object)'> (0x000000008c9deea0) 
thrown [s\src\hotspot\share\interpreter\linkResolver.cpp, line 759]
Event: 0.530 Thread 0x0000013ad9a70790 Exception <a 'java/lang/IncompatibleClassChangeError'{0x000000008c9e2698}: Found class java.lang.Object, but interface was expected> (0x000000008c9e2698) 
thrown [s\src\hotspot\share\interpreter\linkResolver.cpp, line 826]
Event: 1.377 Thread 0x0000013ad9a70790 Exception <a 'java/lang/NoSuchMethodError'{0x000000008c9beb48}: 'void java.lang.invoke.DirectMethodHandle$Holder.invokeSpecial(java.lang.Object, java.lang.Object, java.lang.Object, java.lang.Object, java.lang.Object)'> (0x000000008c9beb48) 
thrown [s\src\hotspot\share\interpreter\linkResolver.cpp, line 759]
Event: 1.378 Thread 0x0000013ad9a70790 Exception <a 'java/lang/NoSuchMethodError'{0x000000008c9c7ad8}: 'void java.lang.invoke.DirectMethodHandle$Holder.invokeSpecial(java.lang.Object, java.lang.Object, java.lang.Object)'> (0x000000008c9c7ad8) 
thrown [s\src\hotspot\share\interpreter\linkResolver.cpp, line 759]
Event: 1.379 Thread 0x0000013ad9a70790 Exception <a 'java/lang/NoSuchMethodError'{0x000000008c9d0c38}: 'void java.lang.invoke.DirectMethodHandle$Holder.invokeSpecial(java.lang.Object, java.lang.Object, int)'> (0x000000008c9d0c38) 
thrown [s\src\hotspot\share\interpreter\linkResolver.cpp, line 759]
Event: 1.381 Thread 0x0000013ad9a70790 Exception <a 'java/lang/NoSuchMethodError'{0x000000008c9d6c50}: 'java.lang.Object java.lang.invoke.DirectMethodHandle$Holder.newInvokeSpecial(java.lang.Object, java.lang.Object, int)'> (0x000000008c9d6c50) 
thrown [s\src\hotspot\share\interpreter\linkResolver.cpp, line 759]
Event: 1.441 Thread 0x0000013afb658cd0 Exception <a 'java/lang/NoSuchMethodError'{0x000000008c84b780}: 'void java.lang.invoke.DirectMethodHandle$Holder.invokeSpecial(java.lang.Object, java.lang.Object, int, int)'> (0x000000008c84b780) 
thrown [s\src\hotspot\share\interpreter\linkResolver.cpp, line 759]
Event: 1.441 Thread 0x0000013afb658cd0 Exception <a 'java/lang/NoSuchMethodError'{0x000000008c851ca0}: 'java.lang.Object java.lang.invoke.DirectMethodHandle$Holder.newInvokeSpecial(java.lang.Object, java.lang.Object, int, int)'> (0x000000008c851ca0) 
thrown [s\src\hotspot\share\interpreter\linkResolver.cpp, line 759]
Event: 17.199 Thread 0x0000013afb657e60 Exception <a 'java/lang/InterruptedException'{0x000000008af80800}> (0x000000008af80800) 
thrown [s\src\hotspot\share\runtime\objectMonitor.cpp, line 1648]

VM Operations (20 events):
Event: 12.991 Executing VM operation: G1CollectForAllocation done
Event: 13.448 Executing VM operation: G1CollectForAllocation
Event: 13.451 Executing VM operation: G1CollectForAllocation done
Event: 13.907 Executing VM operation: G1CollectForAllocation
Event: 13.910 Executing VM operation: G1CollectForAllocation done
Event: 14.368 Executing VM operation: G1CollectForAllocation
Event: 14.371 Executing VM operation: G1CollectForAllocation done
Event: 14.827 Executing VM operation: G1CollectForAllocation
Event: 14.830 Executing VM operation: G1CollectForAllocation done
Event: 15.276 Executing VM operation: G1CollectForAllocation
Event: 15.278 Executing VM operation: G1CollectForAllocation done
Event: 15.722 Executing VM operation: G1CollectForAllocation
Event: 15.725 Executing VM operation: G1CollectForAllocation done
Event: 16.156 Executing VM operation: G1CollectForAllocation
Event: 16.159 Executing VM operation: G1CollectForAllocation done
Event: 16.581 Executing VM operation: G1CollectForAllocation
Event: 16.584 Executing VM operation: G1CollectForAllocation done
Event: 16.999 Executing VM operation: G1CollectForAllocation
Event: 17.002 Executing VM operation: G1CollectForAllocation done
Event: 17.302 Executing VM operation: Exit

Events (20 events):
Event: 1.551 Thread 0x0000013af8ae0b50 Thread exited: 0x0000013af8ae0b50
Event: 1.551 Thread 0x0000013af8ff43d0 Thread exited: 0x0000013af8ff43d0
Event: 6.442 loading class java/lang/Throwable$WrappedPrintStream
Event: 6.442 loading class java/lang/Throwable$PrintStreamOrWriter
Event: 6.442 loading class java/lang/Throwable$PrintStreamOrWriter done
Event: 6.442 loading class java/lang/Throwable$WrappedPrintStream done
Event: 6.443 Thread 0x0000013afb4f0310 Thread exited: 0x0000013afb4f0310
Event: 17.199 Thread 0x0000013afb6591a0 Thread added: 0x0000013afb6591a0
Event: 17.199 Thread 0x0000013afb659670 Thread added: 0x0000013afb659670
Event: 17.199 Thread 0x0000013afb65b350 Thread added: 0x0000013afb65b350
Event: 17.199 Thread 0x0000013afb657e60 Thread exited: 0x0000013afb657e60
Event: 17.200 loading class java/nio/channels/ClosedChannelException
Event: 17.200 loading class java/nio/channels/ClosedChannelException done
Event: 17.200 Thread 0x0000013afb65b350 Thread exited: 0x0000013afb65b350
Event: 17.200 Thread 0x0000013afb659b40 Thread added: 0x0000013afb659b40
Event: 17.200 Thread 0x0000013afb657990 Thread exited: 0x0000013afb657990
Event: 17.205 Thread 0x0000013af8ae6070 Thread exited: 0x0000013af8ae6070
Event: 17.227 Thread 0x0000013af91ce5e0 Thread exited: 0x0000013af91ce5e0
Event: 17.230 Thread 0x0000013afb659670 Thread exited: 0x0000013afb659670
Event: 17.301 Thread 0x0000013afb6591a0 Thread exited: 0x0000013afb6591a0


Dynamic libraries:
0x00007ff66cec0000 - 0x00007ff66cece000 	D:\GIT_HUB\WEB-DEVELOPMENT\processing_related\processing-4.1.1\java\bin\java.exe
0x00007ffbfa450000 - 0x00007ffbfa664000 	C:\WINDOWS\SYSTEM32\ntdll.dll
0x00007ffbf98b0000 - 0x00007ffbf9973000 	C:\WINDOWS\System32\KERNEL32.DLL
0x00007ffbf7ce0000 - 0x00007ffbf807d000 	C:\WINDOWS\System32\KERNELBASE.dll
0x00007ffbf7870000 - 0x00007ffbf7981000 	C:\WINDOWS\System32\ucrtbase.dll
0x00007ffbeec60000 - 0x00007ffbeec77000 	D:\GIT_HUB\WEB-DEVELOPMENT\processing_related\processing-4.1.1\java\bin\jli.dll
0x00007ffbc23c0000 - 0x00007ffbc23d9000 	D:\GIT_HUB\WEB-DEVELOPMENT\processing_related\processing-4.1.1\java\bin\VCRUNTIME140.dll
0x00007ffbf8280000 - 0x00007ffbf842d000 	C:\WINDOWS\System32\USER32.dll
0x00007ffbf8080000 - 0x00007ffbf80a6000 	C:\WINDOWS\System32\win32u.dll
0x00007ffbda230000 - 0x00007ffbda4be000 	C:\WINDOWS\WinSxS\amd64_microsoft.windows.common-controls_6595b64144ccf1df_6.0.22621.608_none_a9444ca7c10bb01d\COMCTL32.dll
0x00007ffbf9b40000 - 0x00007ffbf9be7000 	C:\WINDOWS\System32\msvcrt.dll
0x00007ffbf8250000 - 0x00007ffbf8279000 	C:\WINDOWS\System32\GDI32.dll
0x00007ffbf8120000 - 0x00007ffbf8232000 	C:\WINDOWS\System32\gdi32full.dll
0x00007ffbf7990000 - 0x00007ffbf7a2a000 	C:\WINDOWS\System32\msvcp_win.dll
0x00007ffbfa2b0000 - 0x00007ffbfa2e2000 	C:\WINDOWS\System32\IMM32.DLL
0x00007ffbeec50000 - 0x00007ffbeec5c000 	D:\GIT_HUB\WEB-DEVELOPMENT\processing_related\processing-4.1.1\java\bin\vcruntime140_1.dll
0x00007ffbacf80000 - 0x00007ffbad011000 	D:\GIT_HUB\WEB-DEVELOPMENT\processing_related\processing-4.1.1\java\bin\msvcp140.dll
0x00007ffbaae30000 - 0x00007ffbaba74000 	D:\GIT_HUB\WEB-DEVELOPMENT\processing_related\processing-4.1.1\java\bin\server\jvm.dll
0x00007ffbf96f0000 - 0x00007ffbf979e000 	C:\WINDOWS\System32\ADVAPI32.dll
0x00007ffbfa1e0000 - 0x00007ffbfa284000 	C:\WINDOWS\System32\sechost.dll
0x00007ffbf9420000 - 0x00007ffbf9535000 	C:\WINDOWS\System32\RPCRT4.dll
0x00007ffbeea00000 - 0x00007ffbeea34000 	C:\WINDOWS\SYSTEM32\WINMM.dll
0x00007ffbde490000 - 0x00007ffbde499000 	C:\WINDOWS\SYSTEM32\WSOCK32.dll
0x00007ffbef0e0000 - 0x00007ffbef0ea000 	C:\WINDOWS\SYSTEM32\VERSION.dll
0x00007ffbf9810000 - 0x00007ffbf9881000 	C:\WINDOWS\System32\WS2_32.dll
0x00007ffbf68a0000 - 0x00007ffbf68b8000 	C:\WINDOWS\SYSTEM32\kernel.appcore.dll
0x00007ffbc1410000 - 0x00007ffbc141a000 	D:\GIT_HUB\WEB-DEVELOPMENT\processing_related\processing-4.1.1\java\bin\jimage.dll
0x00007ffbf51a0000 - 0x00007ffbf53ce000 	C:\WINDOWS\SYSTEM32\DBGHELP.DLL
0x00007ffbf8840000 - 0x00007ffbf8bca000 	C:\WINDOWS\System32\combase.dll
0x00007ffbf9c70000 - 0x00007ffbf9d47000 	C:\WINDOWS\System32\OLEAUT32.dll
0x00007ffbe6d90000 - 0x00007ffbe6dc2000 	C:\WINDOWS\SYSTEM32\dbgcore.DLL
0x00007ffbf7a30000 - 0x00007ffbf7aab000 	C:\WINDOWS\System32\bcryptPrimitives.dll
0x00007ffbdc500000 - 0x00007ffbdc53b000 	D:\GIT_HUB\WEB-DEVELOPMENT\processing_related\processing-4.1.1\java\bin\jdwp.dll
0x00007ffbb0d10000 - 0x00007ffbb0d35000 	D:\GIT_HUB\WEB-DEVELOPMENT\processing_related\processing-4.1.1\java\bin\java.dll
0x00007ffbace10000 - 0x00007ffbacee6000 	D:\GIT_HUB\WEB-DEVELOPMENT\processing_related\processing-4.1.1\java\bin\jsvml.dll
0x00007ffbf8bd0000 - 0x00007ffbf93bf000 	C:\WINDOWS\System32\SHELL32.dll
0x00007ffbf5840000 - 0x00007ffbf6108000 	C:\WINDOWS\SYSTEM32\windows.storage.dll
0x00007ffbf5700000 - 0x00007ffbf583e000 	C:\WINDOWS\SYSTEM32\wintypes.dll
0x00007ffbf9560000 - 0x00007ffbf9651000 	C:\WINDOWS\System32\SHCORE.dll
0x00007ffbf93c0000 - 0x00007ffbf941e000 	C:\WINDOWS\System32\shlwapi.dll
0x00007ffbf77a0000 - 0x00007ffbf77c1000 	C:\WINDOWS\SYSTEM32\profapi.dll
0x00007ffbeee10000 - 0x00007ffbeee1c000 	D:\GIT_HUB\WEB-DEVELOPMENT\processing_related\processing-4.1.1\java\bin\dt_socket.dll
0x00007ffbf6360000 - 0x00007ffbf638d000 	C:\WINDOWS\SYSTEM32\IPHLPAPI.DLL
0x00007ffbf6da0000 - 0x00007ffbf6e09000 	C:\WINDOWS\system32\mswsock.dll
0x00007ffbb7320000 - 0x00007ffbb7339000 	D:\GIT_HUB\WEB-DEVELOPMENT\processing_related\processing-4.1.1\java\bin\net.dll
0x00007ffbf2570000 - 0x00007ffbf269f000 	C:\WINDOWS\SYSTEM32\WINHTTP.dll
0x00007ffbb0cf0000 - 0x00007ffbb0d05000 	D:\GIT_HUB\WEB-DEVELOPMENT\processing_related\processing-4.1.1\java\bin\nio.dll
0x00007ffbaed10000 - 0x00007ffbaed28000 	D:\GIT_HUB\WEB-DEVELOPMENT\processing_related\processing-4.1.1\java\bin\zip.dll
0x00007ffbac7e0000 - 0x00007ffbac96e000 	D:\GIT_HUB\WEB-DEVELOPMENT\processing_related\processing-4.1.1\java\bin\awt.dll
0x00007ffbf4720000 - 0x00007ffbf47b7000 	C:\WINDOWS\SYSTEM32\apphelp.dll
0x00007ffbf49d0000 - 0x00007ffbf4a7b000 	C:\WINDOWS\system32\uxtheme.dll
0x00007ffbfa2f0000 - 0x00007ffbfa40e000 	C:\WINDOWS\System32\MSCTF.dll
0x00007ffbf86a0000 - 0x00007ffbf883c000 	C:\WINDOWS\System32\ole32.dll
0x00007ffbf4cf0000 - 0x00007ffbf4d1b000 	C:\WINDOWS\system32\DWMAPI.DLL
0x00007ffbdfbc0000 - 0x00007ffbdfcc0000 	C:\WINDOWS\system32\opengl32.dll
0x00007ffbe75f0000 - 0x00007ffbe761d000 	C:\WINDOWS\SYSTEM32\GLU32.dll
0x00007ffbf4ab0000 - 0x00007ffbf4ae6000 	C:\WINDOWS\SYSTEM32\dxcore.dll
0x00007ffbf7000000 - 0x00007ffbf701b000 	C:\WINDOWS\SYSTEM32\CRYPTSP.dll
0x00007ffbf6810000 - 0x00007ffbf6845000 	C:\WINDOWS\system32\rsaenh.dll
0x00007ffbf6e90000 - 0x00007ffbf6eb8000 	C:\WINDOWS\SYSTEM32\USERENV.dll
0x00007ffbf7230000 - 0x00007ffbf7258000 	C:\WINDOWS\SYSTEM32\bcrypt.dll
0x00007ffbf6ff0000 - 0x00007ffbf6ffc000 	C:\WINDOWS\SYSTEM32\CRYPTBASE.dll
0x00007ffbfa290000 - 0x00007ffbfa299000 	C:\WINDOWS\System32\NSI.dll
0x00007ffbef1d0000 - 0x00007ffbef1e9000 	C:\WINDOWS\SYSTEM32\dhcpcsvc6.DLL
0x00007ffbef1b0000 - 0x00007ffbef1cf000 	C:\WINDOWS\SYSTEM32\dhcpcsvc.DLL
0x00007ffbf6390000 - 0x00007ffbf6482000 	C:\WINDOWS\SYSTEM32\DNSAPI.dll
0x000000006e8c0000 - 0x000000006e8cd000 	C:\Users\HP PC\AppData\Local\Temp\jogamp_0000\file_cache\jln9322216402480085424\jln8936879357047441431\natives\windows-amd64\gluegen_rt.dll
0x00007ffbe0090000 - 0x00007ffbe0097000 	D:\GIT_HUB\WEB-DEVELOPMENT\processing_related\processing-4.1.1\java\bin\jawt.dll
0x000000006a440000 - 0x000000006a44d000 	C:\Users\HP PC\AppData\Local\Temp\jogamp_0000\file_cache\jln9322216402480085424\jln8936879357047441431\natives\windows-amd64\nativewindow_awt.dll
0x000000006c100000 - 0x000000006c110000 	C:\Users\HP PC\AppData\Local\Temp\jogamp_0000\file_cache\jln9322216402480085424\jln8936879357047441431\natives\windows-amd64\nativewindow_win32.dll
0x0000000064500000 - 0x0000000064585000 	C:\Users\HP PC\AppData\Local\Temp\jogamp_0000\file_cache\jln9322216402480085424\jln8936879357047441431\natives\windows-amd64\jogl_desktop.dll
0x00007ffb93400000 - 0x00007ffb9373e000 	C:\Users\HP PC\AppData\Local\Programs\MiKTeX\miktex\bin\x64\libGLESv2.dll
0x00007ffbad240000 - 0x00007ffbad3e9000 	C:\WINDOWS\SYSTEM32\d3d9.dll
0x0000000064340000 - 0x0000000064391000 	C:\Users\HP PC\AppData\Local\Temp\jogamp_0000\file_cache\jln9322216402480085424\jln8936879357047441431\natives\windows-amd64\jogl_mobile.dll
0x00007ffbe75a0000 - 0x00007ffbe75e9000 	C:\WINDOWS\SYSTEM32\directxdatabasehelper.dll
0x00007ffbf8430000 - 0x00007ffbf84e7000 	C:\WINDOWS\System32\clbcatq.dll
0x00007ffb90c40000 - 0x00007ffb91c46000 	C:\WINDOWS\System32\DriverStore\FileRepository\iigd_dch.inf_amd64_9dbfad2c6843c394\igxelpicd64.dll
0x00007ffbf4af0000 - 0x00007ffbf4be7000 	C:\WINDOWS\system32\dxgi.dll
0x00007ffb90100000 - 0x00007ffb90853000 	C:\WINDOWS\System32\DriverStore\FileRepository\iigd_dch.inf_amd64_9dbfad2c6843c394\igdml64.dll
0x00007ffbd5d70000 - 0x00007ffbd6131000 	C:\WINDOWS\System32\DriverStore\FileRepository\iigd_dch.inf_amd64_9dbfad2c6843c394\igdgmm64.dll
0x00007ffbd2b10000 - 0x00007ffbd5d70000 	C:\WINDOWS\System32\DriverStore\FileRepository\iigd_dch.inf_amd64_9dbfad2c6843c394\igc64.dll
0x00007ffbf70a0000 - 0x00007ffbf70ed000 	C:\WINDOWS\SYSTEM32\powrprof.dll
0x00007ffbf7060000 - 0x00007ffbf7073000 	C:\WINDOWS\SYSTEM32\UMPDC.dll
0x0000000070d80000 - 0x0000000070d93000 	C:\Users\HP PC\AppData\Local\Temp\jogamp_0000\file_cache\jln9322216402480085424\jln8936879357047441431\natives\windows-amd64\newt_head.dll
0x00007ffbf22c0000 - 0x00007ffbf237d000 	C:\WINDOWS\SYSTEM32\mscms.dll
0x00007ffbad1c0000 - 0x00007ffbad209000 	C:\WINDOWS\SYSTEM32\icm32.dll
0x00007ffbf9d60000 - 0x00007ffbfa1da000 	C:\WINDOWS\System32\setupapi.dll
0x00007ffbf7520000 - 0x00007ffbf7553000 	C:\WINDOWS\SYSTEM32\DEVOBJ.dll
0x00007ffbf7560000 - 0x00007ffbf75ae000 	C:\WINDOWS\SYSTEM32\cfgmgr32.dll
0x00007ffbf80b0000 - 0x00007ffbf811b000 	C:\WINDOWS\System32\WINTRUST.dll
0x00007ffbf7b70000 - 0x00007ffbf7cd6000 	C:\WINDOWS\System32\CRYPT32.dll
0x00007ffbf7080000 - 0x00007ffbf7092000 	C:\WINDOWS\SYSTEM32\MSASN1.dll
0x00007ffbd0f40000 - 0x00007ffbd106d000 	C:\WINDOWS\SYSTEM32\textinputframework.dll
0x00007ffbf42a0000 - 0x00007ffbf43d3000 	C:\WINDOWS\SYSTEM32\CoreMessaging.dll
0x00007ffbd90b0000 - 0x00007ffbd941c000 	C:\WINDOWS\SYSTEM32\CoreUIComponents.dll
0x00007ffbe0070000 - 0x00007ffbe0080000 	D:\GIT_HUB\WEB-DEVELOPMENT\processing_related\processing-4.1.1\java\bin\verify.dll

dbghelp: loaded successfully - version: 4.0.5 - missing functions: none
symbol engine: initialized successfully - sym options: 0x614 - pdb path: .;D:\GIT_HUB\WEB-DEVELOPMENT\processing_related\processing-4.1.1\java\bin;C:\WINDOWS\SYSTEM32;C:\WINDOWS\WinSxS\amd64_microsoft.windows.common-controls_6595b64144ccf1df_6.0.22621.608_none_a9444ca7c10bb01d;D:\GIT_HUB\WEB-DEVELOPMENT\processing_related\processing-4.1.1\java\bin\server;C:\Users\HP PC\AppData\Local\Temp\jogamp_0000\file_cache\jln9322216402480085424\jln8936879357047441431\natives\windows-amd64;C:\Users\HP PC\AppData\Local\Programs\MiKTeX\miktex\bin\x64;C:\WINDOWS\System32\DriverStore\FileRepository\iigd_dch.inf_amd64_9dbfad2c6843c394

VM Arguments:
jvm_args: -agentlib:jdwp=transport=dt_socket,address=8416,server=y,suspend=y,quiet=y -Djna.nosys=true -Djava.library.path=;D:\GIT_HUB\WEB-DEVELOPMENT\processing_related\processing-4.1.1\core\library\windows-amd64;C:\Users\HP PC\OneDrive\Documents\Processing\libraries\peasycam\library;D:\GIT_HUB\WEB-DEVELOPMENT\processing_related\processing-4.1.1\java\bin;C:\WINDOWS\system32;C:\WINDOWS;C:\Program Files\Common Files\Oracle\Java\javapath;C:\Program Files (x86)\Common Files\Oracle\Java\javapath;C:\WINDOWS\system32;C:\WINDOWS;C:\WINDOWS\System32\Wbem;C:\WINDOWS\System32\WindowsPowerShell\v1.0;C:\WINDOWS\System32\OpenSSH;C:\mingw\mingw32\bin;C:\Program Files\Python310;C:\Program Files\Java\jdk-18.0.1.1\bin;C:\Program Files\Git\cmd;C:\Program Files\nodejs;C:\Program Files\MySQL\MySQL Shell 8.0\bin;C:\Users\HP PC\AppData\Local\Microsoft\WindowsApps;C:\Users\HP PC\AppData\Local\Programs\Microsoft VS Code\bin;C:\Program Files\Python310\Scripts;C:\Users\HP PC\AppData\Local\Programs\MiKTeX\miktex\bin\x64;C:\Users\HP PC\AppData\Roaming\npm;D:\GIT_HUB\WEB-DEVELOPMENT\processing_related\processing-4.1.1\java\bin;. -ea 
java_command: processing.core.PApplet --location=0,29 --external --display=1 --sketch-path=D:\GIT_HUB\WEB-DEVELOPMENT\processing_related\madelbulb_3d --ui-scale=1 madelbulb_3d
java_class_path (initial): C:\Users\HPPC~1\AppData\Local\Temp\processing\madelbulb_3d2061793813294086642temp;D:\GIT_HUB\WEB-DEVELOPMENT\processing_related\processing-4.1.1\core\library\core.jar;D:\GIT_HUB\WEB-DEVELOPMENT\processing_related\processing-4.1.1\core\library\gluegen-rt-natives-linux-aarch64.jar;D:\GIT_HUB\WEB-DEVELOPMENT\processing_related\processing-4.1.1\core\library\gluegen-rt-natives-linux-amd64.jar;D:\GIT_HUB\WEB-DEVELOPMENT\processing_related\processing-4.1.1\core\library\gluegen-rt-natives-linux-armv6hf.jar;D:\GIT_HUB\WEB-DEVELOPMENT\processing_related\processing-4.1.1\core\library\gluegen-rt-natives-linux-i586.jar;D:\GIT_HUB\WEB-DEVELOPMENT\processing_related\processing-4.1.1\core\library\gluegen-rt-natives-macosx-universal.jar;D:\GIT_HUB\WEB-DEVELOPMENT\processing_related\processing-4.1.1\core\library\gluegen-rt-natives-windows-amd64.jar;D:\GIT_HUB\WEB-DEVELOPMENT\processing_related\processing-4.1.1\core\library\gluegen-rt-natives-windows-i586.jar;D:\GIT_HUB\WEB-DEVELOPMENT\processing_related\processing-4.1.1\core\library\gluegen-rt.jar;D:\GIT_HUB\WEB-DEVELOPMENT\processing_related\processing-4.1.1\core\library\jogl-all-natives-linux-aarch64.jar;D:\GIT_HUB\WEB-DEVELOPMENT\processing_related\processing-4.1.1\core\library\jogl-all-natives-linux-amd64.jar;D:\GIT_HUB\WEB-DEVELOPMENT\processing_related\processing-4.1.1\core\library\jogl-all-natives-linux-armv6hf.jar;D:\GIT_HUB\WEB-DEVELOPMENT\processing_related\processing-4.1.1\core\library\jogl-all-natives-linux-i586.jar;D:\GIT_HUB\WEB-DEVELOPMENT\processing_related\processing-4.1.1\core\library\jogl-all-natives-macosx-universal.jar;D:\GIT_HUB\WEB-DEVELOPMENT\processing_related\processing-4.1.1\core\library\jogl-all-natives-windows-amd64.jar;D:\GIT_HUB\WEB-DEVELOPMENT\processing_related\processing-4.1.1\core\library\jogl-all-natives-windows-i586.jar;D:\GIT_HUB\WEB-DEVELOPMENT\processing_related\processing-4.1.1\core\library\jogl-all.jar;C:\Users\HP PC\OneDrive\Documents\Processing\libraries\peasyca
Launcher Type: SUN_STANDARD

[Global flags]
     intx CICompilerCount                          = 4                                         {product} {ergonomic}
     uint ConcGCThreads                            = 2                                         {product} {ergonomic}
     uint G1ConcRefinementThreads                  = 8                                         {product} {ergonomic}
   size_t G1HeapRegionSize                         = 1048576                                   {product} {ergonomic}
    uintx GCDrainStackTargetSize                   = 64                                        {product} {ergonomic}
   size_t InitialHeapSize                          = 130023424                                 {product} {ergonomic}
   size_t MarkStackSize                            = 4194304                                   {product} {ergonomic}
   size_t MaxHeapSize                              = 2055208960                                {product} {ergonomic}
   size_t MaxNewSize                               = 1233125376                                {product} {ergonomic}
   size_t MinHeapDeltaBytes                        = 1048576                                   {product} {ergonomic}
   size_t MinHeapSize                              = 8388608                                   {product} {ergonomic}
    uintx NonNMethodCodeHeapSize                   = 5839372                                {pd product} {ergonomic}
    uintx NonProfiledCodeHeapSize                  = 122909434                              {pd product} {ergonomic}
    uintx ProfiledCodeHeapSize                     = 122909434                              {pd product} {ergonomic}
    uintx ReservedCodeCacheSize                    = 251658240                              {pd product} {ergonomic}
     bool SegmentedCodeCache                       = true                                      {product} {ergonomic}
   size_t SoftMaxHeapSize                          = 2055208960                             {manageable} {ergonomic}
     bool UseCompressedClassPointers               = true                           {product lp64_product} {ergonomic}
     bool UseCompressedOops                        = true                           {product lp64_product} {ergonomic}
     bool UseG1GC                                  = true                                      {product} {ergonomic}
     bool UseLargePagesIndividualAllocation        = false                                  {pd product} {ergonomic}

Logging:
Log output configuration:
 #0: stdout all=off uptime,level,tags
 #1: stderr all=off uptime,level,tags

Environment Variables:
JAVA_HOME=C:\Program Files\Java\jdk-18.0.1.1
PATH=C:\Program Files\Common Files\Oracle\Java\javapath;C:\Program Files (x86)\Common Files\Oracle\Java\javapath;C:\WINDOWS\system32;C:\WINDOWS;C:\WINDOWS\System32\Wbem;C:\WINDOWS\System32\WindowsPowerShell\v1.0\;C:\WINDOWS\System32\OpenSSH\;C:\mingw\mingw32\bin;C:\Program Files\Python310;C:\Program Files\Java\jdk-18.0.1.1\bin;C:\Program Files\Git\cmd;C:\Program Files\nodejs\;C:\Program Files\MySQL\MySQL Shell 8.0\bin\;C:\Users\HP PC\AppData\Local\Microsoft\WindowsApps;C:\Users\HP PC\AppData\Local\Programs\Microsoft VS Code\bin;C:\Program Files\Python310\Scripts;C:\Users\HP PC\AppData\Local\Programs\MiKTeX\miktex\bin\x64\;C:\Users\HP PC\AppData\Roaming\npm;D:\GIT_HUB\WEB-DEVELOPMENT\processing_related\processing-4.1.1\java\bin
USERNAME=AADITYA RAJ
OS=Windows_NT
PROCESSOR_IDENTIFIER=Intel64 Family 6 Model 140 Stepping 1, GenuineIntel
TMP=C:\Users\HPPC~1\AppData\Local\Temp
TEMP=C:\Users\HPPC~1\AppData\Local\Temp



---------------  S Y S T E M  ---------------

OS:
 Windows 11 , 64 bit Build 22621 (10.0.22621.1105)
OS uptime: 3 days 19:35 hours
Hyper-V role detected

CPU: total 8 (initial active 8) (4 cores per cpu, 2 threads per core) family 6 model 140 stepping 1 microcode 0x9a, cx8, cmov, fxsr, ht, mmx, 3dnowpref, sse, sse2, sse3, ssse3, sse4.1, sse4.2, popcnt, lzcnt, tsc, tscinvbit, avx, avx2, aes, erms, clmul, bmi1, bmi2, adx, avx512f, avx512dq, avx512cd, avx512bw, avx512vl, sha, fma, vzeroupper, avx512_vpopcntdq, avx512_vpclmulqdq, avx512_vaes, avx512_vnni, clflush, clflushopt, clwb, avx512_vbmi2, avx512_vbmi, hv

Memory: 4k page, system-wide physical 7834M (2846M free)
TotalPageFile size 11802M (AvailPageFile size 5061M)
current process WorkingSet (physical memory assigned to process): 355M, peak: 361M
current process commit charge ("private bytes"): 388M, peak: 409M

vm_info: OpenJDK 64-Bit Server VM (17.0.5+8) for windows-amd64 JRE (17.0.5+8), built on Oct 19 2022 04:48:13 by "temurin" with MS VC++ 16.7 (VS2019)

END.
