#
# A fatal error has been detected by the Java Runtime Environment:
#
#  EXCEPTION_ACCESS_VIOLATION (0xc0000005) at pc=0x00007ffe7e0bcf2c, pid=14560, tid=11828
#
# JRE version: OpenJDK Runtime Environment Temurin-17.0.5+8 (17.0.5+8) (build 17.0.5+8)
# Java VM: OpenJDK 64-Bit Server VM Temurin-17.0.5+8 (17.0.5+8, mixed mode, sharing, tiered, compressed oops, compressed class ptrs, g1 gc, windows-amd64)
# Problematic frame:
# C  [igxelpicd64.dll+0x30cf2c]
#
# No core dump will be written. Minidumps are not enabled by default on client versions of Windows
#
# If you would like to submit a bug report, please visit:
#   https://github.com/adoptium/adoptium-support/issues
#

---------------  S U M M A R Y ------------

Command Line: -agentlib:jdwp=transport=dt_socket,address=8059,server=y,suspend=y,quiet=y -Djna.nosys=true -Djava.library.path=;D:\GIT_HUB\WEB-DEVELOPMENT\processing_related\processing-4.1.1\core\library\windows-amd64;C:\Users\HP PC\OneDrive\Documents\Processing\libraries\peasycam\library;D:\GIT_HUB\WEB-DEVELOPMENT\processing_related\processing-4.1.1\java\bin;C:\WINDOWS\system32;C:\WINDOWS;C:\Program Files\Common Files\Oracle\Java\javapath;C:\Program Files (x86)\Common Files\Oracle\Java\javapath;C:\WINDOWS\system32;C:\WINDOWS;C:\WINDOWS\System32\Wbem;C:\WINDOWS\System32\WindowsPowerShell\v1.0;C:\WINDOWS\System32\OpenSSH;C:\mingw\mingw32\bin;C:\Program Files\Python310;C:\Program Files\Java\jdk-18.0.1.1\bin;C:\Program Files\Git\cmd;C:\Program Files\nodejs;C:\Program Files\MySQL\MySQL Shell 8.0\bin;C:\Users\HP PC\AppData\Local\Microsoft\WindowsApps;C:\Users\HP PC\AppData\Local\Programs\Microsoft VS Code\bin;C:\Program Files\Python310\Scripts;C:\Users\HP PC\AppData\Local\Programs\MiKTeX\miktex\bin\x64;C:\Users\HP PC\AppData\Roaming\npm;D:\GIT_HUB\WEB-DEVELOPMENT\processing_related\processing-4.1.1\java\bin;. -ea processing.core.PApplet --editor-location=446,160 --external --display=1 --sketch-path=D:\GIT_HUB\WEB-DEVELOPMENT\processing_related\madelbulb_3d --ui-scale=1 madelbulb_3d

Host: 11th Gen Intel(R) Core(TM) i5-1135G7 @ 2.40GHz, 8 cores, 7G,  Windows 11 , 64 bit Build 22621 (10.0.22621.1105)
Time: Mon Jan 30 13:08:53 2023 India Standard Time elapsed time: 65.744081 seconds (0d 0h 1m 5s)

---------------  T H R E A D  ---------------

Current thread (0x000001107fdef470):  VMThread "VM Thread" [stack: 0x0000000f04b00000,0x0000000f04c00000] [id=11828]

Stack: [0x0000000f04b00000,0x0000000f04c00000],  sp=0x0000000f04bfe850,  free space=1018k
Native frames: (J=compiled Java code, j=interpreted, Vv=VM code, C=native code)
C  [igxelpicd64.dll+0x30cf2c]


siginfo: EXCEPTION_ACCESS_VIOLATION (0xc0000005), reading address 0x00000000000356f8


Register to memory mapping:

RIP=0x00007ffe7e0bcf2c igxelpicd64.dll
RAX=0x00000110100efe90 points into unknown readable memory: 0x000000000007a073 | 73 a0 07 00 00 00 00 00
RBX=0x00000110103869f0 points into unknown readable memory: 0xffffffffffffffff | ff ff ff ff ff ff ff ff
RCX=0x0 is NULL
RDX=0x0000000000000004 is an unknown value
RSP=0x0000000f04bfe850 points into unknown readable memory: 0x00000110103869f0 | f0 69 38 10 10 01 00 00
RBP=0x0000000000000016 is an unknown value
RSI=0x00000110123a4700 points into unknown readable memory: 0x691f5d1d95404500 | 00 45 40 95 1d 5d 1f 69
RDI=0x0 is NULL
R8 =0x0000000000000014 is an unknown value
R9 =0x0 is NULL
R10=0x0 is NULL
R11=0x0000000000000246 is an unknown value
R12=0x00000110100f0238 points into unknown readable memory: 0x00000110100ebd50 | 50 bd 0e 10 10 01 00 00
R13=0x0 is NULL
R14=0x00000110100efc70 points into unknown readable memory: 0x0000011010341200 | 00 12 34 10 10 01 00 00
R15=0x0 is NULL


Registers:
RAX=0x00000110100efe90, RBX=0x00000110103869f0, RCX=0x0000000000000000, RDX=0x0000000000000004
RSP=0x0000000f04bfe850, RBP=0x0000000000000016, RSI=0x00000110123a4700, RDI=0x0000000000000000
R8 =0x0000000000000014, R9 =0x0000000000000000, R10=0x0000000000000000, R11=0x0000000000000246
R12=0x00000110100f0238, R13=0x0000000000000000, R14=0x00000110100efc70, R15=0x0000000000000000
RIP=0x00007ffe7e0bcf2c, EFLAGS=0x0000000000010206

Top of Stack: (sp=0x0000000f04bfe850)
0x0000000f04bfe850:   00000110103869f0 00007ffef37d41a9
0x0000000f04bfe860:   0000000f04bfe8e8 0000000000000000
0x0000000f04bfe870:   0000000000000054 00000110103869f0
0x0000000f04bfe880:   0000000000000000 00007ffef53f2e44
0x0000000f04bfe890:   0000200100000000 00007ffe7ddfe41d
0x0000000f04bfe8a0:   000000007a000004 00000110128f5938
0x0000000f04bfe8b0:   000000000007a07b 0000000000000000
0x0000000f04bfe8c0:   0000000000000015 0000000000000000
0x0000000f04bfe8d0:   0000000000000000 0000000f04bfe9f0
0x0000000f04bfe8e0:   00000110123a4700 00007ffe7df9d62c
0x0000000f04bfe8f0:   0000011000000016 00000110100ebd50
0x0000000f04bfe900:   00000110128f5600 00000110128c0a00
0x0000000f04bfe910:   0000000f00000b68 0000b80219cc0000
0x0000000f04bfe920:   0000000000000000 023ee2e701e9a3e7
0x0000000f04bfe930:   0000002801d92d00 000080040035e000
0x0000000f04bfe940:   01df7feb0234eae9 01c563ec02338deb 

Instructions: (pc=0x00007ffe7e0bcf2c)
0x00007ffe7e0bce2c:   41 bf 20 00 00 00 48 8b 04 38 4d 8b 3c 07 0f b6
0x00007ffe7e0bce3c:   bc 24 b0 00 00 00 4c 3b 3d f7 b6 c3 00 41 0f 44
0x00007ffe7e0bce4c:   e9 89 ac 24 a0 00 00 00 48 85 c9 0f 84 d4 07 00
0x00007ffe7e0bce5c:   00 0f 1f 00 4c 8b f1 4c 8d a1 c8 05 00 00 49 8b
0x00007ffe7e0bce6c:   04 24 48 89 84 24 a8 00 00 00 40 84 ff 74 10 48
0x00007ffe7e0bce7c:   8b d1 48 8b 09 e8 0a 49 ee ff e9 4f 07 00 00 8b
0x00007ffe7e0bce8c:   96 c8 01 00 00 48 8b 05 78 9a b3 00 83 b8 64 03
0x00007ffe7e0bce9c:   00 00 02 0f 85 18 02 00 00 83 fa 10 73 0e 48 8d
0x00007ffe7e0bceac:   42 04 48 8d 04 c2 48 8d 04 c1 eb 60 8d 4a f0 8b
0x00007ffe7e0bcebc:   c1 c1 e8 04 83 f8 03 73 1d 0f ae e8 83 e1 0f 4d
0x00007ffe7e0bcecc:   8b 84 c6 80 05 00 00 4d 85 c0 74 25 48 8d 0c c9
0x00007ffe7e0bcedc:   49 8d 04 c8 eb 36 49 8b 86 98 05 00 00 48 85 c0
0x00007ffe7e0bceec:   74 0f 66 90 39 10 74 2f 48 8b 40 50 48 85 c0 75
0x00007ffe7e0bcefc:   f3 41 80 be a0 05 00 00 00 74 22 8b c2 83 e0 0f
0x00007ffe7e0bcf0c:   48 8d 04 c0 48 8d 40 20 49 8d 04 c6 48 85 c0 74
0x00007ffe7e0bcf1c:   0c 48 8b 48 08 eb 09 48 83 c0 08 eb ef 49 8b c9
0x00007ffe7e0bcf2c:   49 3b 8f f8 56 03 00 0f 86 84 01 00 00 83 fa 10
0x00007ffe7e0bcf3c:   73 0a 48 8d 42 04 48 8d 04 c2 eb 5c 8d 4a f0 8b
0x00007ffe7e0bcf4c:   c1 c1 e8 04 83 f8 03 73 1d 0f ae e8 83 e1 0f 4d
0x00007ffe7e0bcf5c:   8b 84 c6 80 05 00 00 4d 85 c0 74 25 48 8d 0c c9
0x00007ffe7e0bcf6c:   49 8d 04 c8 eb 36 49 8b 86 98 05 00 00 48 85 c0
0x00007ffe7e0bcf7c:   74 0f 66 90 39 10 74 2f 48 8b 40 50 48 85 c0 75
0x00007ffe7e0bcf8c:   f3 41 80 be a0 05 00 00 00 74 22 8b c2 83 e0 0f
0x00007ffe7e0bcf9c:   48 8d 04 c0 48 8d 40 20 49 8d 04 c6 48 85 c0 74
0x00007ffe7e0bcfac:   0c 48 8b 48 08 eb 09 48 83 c0 08 eb ef 49 8b c9
0x00007ffe7e0bcfbc:   49 3b 8e 40 06 00 00 0f 86 f4 00 00 00 48 8b 86
0x00007ffe7e0bcfcc:   78 02 00 00 49 89 04 24 4c 89 b6 78 02 00 00 ff
0x00007ffe7e0bcfdc:   86 80 02 00 00 49 8b 46 08 48 8b 88 18 01 00 00
0x00007ffe7e0bcfec:   48 81 e1 00 00 ff ff 48 81 c1 00 00 01 00 48 01
0x00007ffe7e0bcffc:   8e 88 02 00 00 ba 01 00 00 00 49 8b 4e 08 e8 b1
0x00007ffe7e0bd00c:   91 d4 ff 48 01 86 98 02 00 00 85 ed 74 75 49 8b
0x00007ffe7e0bd01c:   9f 58 4f 03 00 0f 57 c0 f3 0f 7f 44 24 30 c7 44 


Stack slot to memory mapping:
stack at sp + 0 slots: 0x00000110103869f0 points into unknown readable memory: 0xffffffffffffffff | ff ff ff ff ff ff ff ff
stack at sp + 1 slots: 0x00007ffef37d41a9 USER32.dll
stack at sp + 2 slots: 0x0000000f04bfe8e8 points into unknown readable memory: 0x00007ffe7df9d62c | 2c d6 f9 7d fe 7f 00 00
stack at sp + 3 slots: 0x0 is NULL
stack at sp + 4 slots: 0x0000000000000054 is an unknown value
stack at sp + 5 slots: 0x00000110103869f0 points into unknown readable memory: 0xffffffffffffffff | ff ff ff ff ff ff ff ff
stack at sp + 6 slots: 0x0 is NULL
stack at sp + 7 slots: 0x00007ffef53f2e44 ntdll.dll

VM_Operation (0x0000000f06dfe690): Exit, mode: safepoint, requested by thread 0x000001107fe15f30


---------------  P R O C E S S  ---------------

Threads class SMR info:
_java_thread_list=0x000001101259bbb0, length=19, elements={
0x000001107fdf4e20, 0x000001107fdf57d0, 0x000001107fe0c440, 0x000001107fe0cdf0,
0x000001107fe0e3c0, 0x000001107fe14250, 0x000001107fe18a40, 0x000001107fe12dc0,
0x000001107fe2a590, 0x000001100f91b550, 0x000001100f91be20, 0x000001100f92ff40,
0x000001107fe17740, 0x000001107fe16400, 0x000001107fe14bf0, 0x000001107fe168d0,
0x000001107fe15f30, 0x000001107fe14720, 0x00000110249d52b0
}

Java Threads: ( => current thread )
  0x000001107fdf4e20 JavaThread "Reference Handler" daemon [_thread_blocked, id=19428, stack(0x0000000f04c00000,0x0000000f04d00000)]
  0x000001107fdf57d0 JavaThread "Finalizer" daemon [_thread_blocked, id=20444, stack(0x0000000f04d00000,0x0000000f04e00000)]
  0x000001107fe0c440 JavaThread "Signal Dispatcher" daemon [_thread_blocked, id=6836, stack(0x0000000f04e00000,0x0000000f04f00000)]
  0x000001107fe0cdf0 JavaThread "Attach Listener" daemon [_thread_blocked, id=10764, stack(0x0000000f04f00000,0x0000000f05000000)]
  0x000001107fe0e3c0 JavaThread "Service Thread" daemon [_thread_blocked, id=15148, stack(0x0000000f05000000,0x0000000f05100000)]
  0x000001107fe14250 JavaThread "Monitor Deflation Thread" daemon [_thread_blocked, id=18400, stack(0x0000000f05100000,0x0000000f05200000)]
  0x000001107fe18a40 JavaThread "C2 CompilerThread0" daemon [_thread_blocked, id=1708, stack(0x0000000f05200000,0x0000000f05300000)]
  0x000001107fe12dc0 JavaThread "C1 CompilerThread0" daemon [_thread_blocked, id=920, stack(0x0000000f05300000,0x0000000f05400000)]
  0x000001107fe2a590 JavaThread "Sweeper thread" daemon [_thread_blocked, id=13416, stack(0x0000000f05400000,0x0000000f05500000)]
  0x000001100f91b550 JavaThread "JDWP Transport Listener: dt_socket" daemon [_thread_blocked, id=16328, stack(0x0000000f05500000,0x0000000f05600000)]
  0x000001100f91be20 JavaThread "JDWP Event Helper Thread" daemon [_thread_blocked, id=11300, stack(0x0000000f05600000,0x0000000f05700000)]
  0x000001100f92ff40 JavaThread "JDWP Command Reader" daemon [_thread_blocked, id=13504, stack(0x0000000f05700000,0x0000000f05800000)]
  0x000001107fe17740 JavaThread "Notification Thread" daemon [_thread_blocked, id=9436, stack(0x0000000f05800000,0x0000000f05900000)]
  0x000001107fe16400 JavaThread "Common-Cleaner" daemon [_thread_blocked, id=15804, stack(0x0000000f05a00000,0x0000000f05b00000)]
  0x000001107fe14bf0 JavaThread "Java2D Disposer" daemon [_thread_blocked, id=15464, stack(0x0000000f05b00000,0x0000000f05c00000)]
  0x000001107fe168d0 JavaThread "HighResTimerThread" daemon [_thread_blocked, id=19064, stack(0x0000000f06b00000,0x0000000f06c00000)]
  0x000001107fe15f30 JavaThread "main-FPSAWTAnimator#00-Timer0" [_thread_blocked, id=11800, stack(0x0000000f06d00000,0x0000000f06e00000)]
  0x000001107fe14720 JavaThread "DestroyJavaVM" [_thread_blocked, id=14628, stack(0x0000000f04500000,0x0000000f04600000)]
  0x00000110249d52b0 JavaThread "AWT-Shutdown" [_thread_blocked, id=17620, stack(0x0000000f06c00000,0x0000000f06d00000)]

Other Threads:
=>0x000001107fdef470 VMThread "VM Thread" [stack: 0x0000000f04b00000,0x0000000f04c00000] [id=11828]
  0x0000011070d6a3b0 GCTaskThread "GC Thread#0" [stack: 0x0000000f04600000,0x0000000f04700000] [id=1880]
  0x0000011011f025f0 GCTaskThread "GC Thread#1" [stack: 0x0000000f06300000,0x0000000f06400000] [id=13452]
  0x0000011011f028a0 GCTaskThread "GC Thread#2" [stack: 0x0000000f06400000,0x0000000f06500000] [id=13880]
  0x0000011011f02b50 GCTaskThread "GC Thread#3" [stack: 0x0000000f06500000,0x0000000f06600000] [id=540]
  0x0000011011f07210 GCTaskThread "GC Thread#4" [stack: 0x0000000f06600000,0x0000000f06700000] [id=2532]
  0x0000011011f074c0 GCTaskThread "GC Thread#5" [stack: 0x0000000f06700000,0x0000000f06800000] [id=11344]
  0x0000011011f2e210 GCTaskThread "GC Thread#6" [stack: 0x0000000f06800000,0x0000000f06900000] [id=7192]
  0x0000011011f2e4c0 GCTaskThread "GC Thread#7" [stack: 0x0000000f06900000,0x0000000f06a00000] [id=7400]
  0x0000011070d7a6f0 ConcurrentGCThread "G1 Main Marker" terminated
  0x0000011070d7b160 ConcurrentGCThread "G1 Conc#0" [stack: 0x0000000f04800000,0x0000000f04900000] [id=19652]
  0x000001107fc98d50 ConcurrentGCThread "G1 Refine#0" terminated
  0x000001107fc99420 ConcurrentGCThread "G1 Service" terminated

Threads with active compile tasks:

VM state: at safepoint (shutting down)

VM Mutex/Monitor currently owned by a thread:  ([mutex/lock_event])
[0x0000011070d0bcd0] Threads_lock - owner thread: 0x000001107fdef470
[0x0000011070d0b610] Heap_lock - owner thread: 0x000001107fe15f30

Heap address: 0x0000000085800000, size: 1960 MB, Compressed Oops mode: 32-bit

CDS archive(s) mapped at: [0x0000000800000000-0x0000000800bc0000-0x0000000800bc0000), size 12320768, SharedBaseAddress: 0x0000000800000000, ArchiveRelocationMode: 0.
Compressed class space mapped at: 0x0000000800c00000-0x0000000840c00000, reserved size: 1073741824
Narrow klass base: 0x0000000800000000, Narrow klass shift: 0, Narrow klass range: 0x100000000

GC Precious Log:
 CPUs: 8 total, 8 available
 Memory: 7834M
 Large Page Support: Disabled
 NUMA Support: Disabled
 Compressed Oops: Enabled (32-bit)
 Heap Region Size: 1M
 Heap Min Capacity: 8M
 Heap Initial Capacity: 124M
 Heap Max Capacity: 1960M
 Pre-touch: Disabled
 Parallel Workers: 8
 Concurrent Workers: 2
 Concurrent Refinement Workers: 8
 Periodic GC: Disabled

Heap:
 garbage-first heap   total 126976K, used 51718K [0x0000000085800000, 0x0000000100000000)
  region size 1024K, 41 young (41984K), 4 survivors (4096K)
 Metaspace       used 13301K, committed 13504K, reserved 1064960K
  class space    used 936K, committed 1024K, reserved 1048576K

Heap Regions: E=young(eden), S=young(survivor), O=old, HS=humongous(starts), HC=humongous(continues), CS=collection set, F=free, OA=open archive, CA=closed archive, TAMS=top-at-mark-start (previous, next)
|   0|0x0000000085800000, 0x0000000085900000, 0x0000000085900000|100%| O|  |TAMS 0x0000000085800000, 0x0000000085800000| Untracked 
|   1|0x0000000085900000, 0x0000000085a00000, 0x0000000085a00000|100%| O|  |TAMS 0x0000000085900000, 0x0000000085900000| Untracked 
|   2|0x0000000085a00000, 0x0000000085b00000, 0x0000000085b00000|100%| O|  |TAMS 0x0000000085a00000, 0x0000000085a00000| Untracked 
|   3|0x0000000085b00000, 0x0000000085c00000, 0x0000000085c00000|100%| O|  |TAMS 0x0000000085b00000, 0x0000000085b00000| Untracked 
|   4|0x0000000085c00000, 0x0000000085d00000, 0x0000000085d00000|100%| O|  |TAMS 0x0000000085c00000, 0x0000000085c00000| Untracked 
|   5|0x0000000085d00000, 0x0000000085e00000, 0x0000000085e00000|100%| O|  |TAMS 0x0000000085d00000, 0x0000000085d00000| Untracked 
|   6|0x0000000085e00000, 0x0000000085f00000, 0x0000000085f00000|100%| O|  |TAMS 0x0000000085e00000, 0x0000000085e00000| Untracked 
|   7|0x0000000085f00000, 0x0000000085f6b800, 0x0000000086000000| 41%| O|  |TAMS 0x0000000085f00000, 0x0000000085f00000| Untracked 
|   8|0x0000000086000000, 0x0000000086100000, 0x0000000086100000|100%|HS|  |TAMS 0x0000000086000000, 0x0000000086000000| Complete 
|   9|0x0000000086100000, 0x0000000086200000, 0x0000000086200000|100%|HS|  |TAMS 0x0000000086100000, 0x0000000086100000| Complete 
|  10|0x0000000086200000, 0x0000000086300000, 0x0000000086300000|100%|HS|  |TAMS 0x0000000086200000, 0x0000000086200000| Complete 
|  11|0x0000000086300000, 0x0000000086400000, 0x0000000086400000|100%|HC|  |TAMS 0x0000000086300000, 0x0000000086300000| Complete 
|  12|0x0000000086400000, 0x0000000086500000, 0x0000000086500000|100%|HS|  |TAMS 0x0000000086400000, 0x0000000086400000| Complete 
|  13|0x0000000086500000, 0x0000000086500000, 0x0000000086600000|  0%| F|  |TAMS 0x0000000086500000, 0x0000000086500000| Untracked 
|  14|0x0000000086600000, 0x0000000086600000, 0x0000000086700000|  0%| F|  |TAMS 0x0000000086600000, 0x0000000086600000| Untracked 
|  15|0x0000000086700000, 0x0000000086700000, 0x0000000086800000|  0%| F|  |TAMS 0x0000000086700000, 0x0000000086700000| Untracked 
|  16|0x0000000086800000, 0x0000000086800000, 0x0000000086900000|  0%| F|  |TAMS 0x0000000086800000, 0x0000000086800000| Untracked 
|  17|0x0000000086900000, 0x0000000086900000, 0x0000000086a00000|  0%| F|  |TAMS 0x0000000086900000, 0x0000000086900000| Untracked 
|  18|0x0000000086a00000, 0x0000000086a00000, 0x0000000086b00000|  0%| F|  |TAMS 0x0000000086a00000, 0x0000000086a00000| Untracked 
|  19|0x0000000086b00000, 0x0000000086b00000, 0x0000000086c00000|  0%| F|  |TAMS 0x0000000086b00000, 0x0000000086b00000| Untracked 
|  20|0x0000000086c00000, 0x0000000086c00000, 0x0000000086d00000|  0%| F|  |TAMS 0x0000000086c00000, 0x0000000086c00000| Untracked 
|  21|0x0000000086d00000, 0x0000000086d00000, 0x0000000086e00000|  0%| F|  |TAMS 0x0000000086d00000, 0x0000000086d00000| Untracked 
|  22|0x0000000086e00000, 0x0000000086e00000, 0x0000000086f00000|  0%| F|  |TAMS 0x0000000086e00000, 0x0000000086e00000| Untracked 
|  23|0x0000000086f00000, 0x0000000086f00000, 0x0000000087000000|  0%| F|  |TAMS 0x0000000086f00000, 0x0000000086f00000| Untracked 
|  24|0x0000000087000000, 0x0000000087000000, 0x0000000087100000|  0%| F|  |TAMS 0x0000000087000000, 0x0000000087000000| Untracked 
|  25|0x0000000087100000, 0x0000000087100000, 0x0000000087200000|  0%| F|  |TAMS 0x0000000087100000, 0x0000000087100000| Untracked 
|  26|0x0000000087200000, 0x0000000087200000, 0x0000000087300000|  0%| F|  |TAMS 0x0000000087200000, 0x0000000087200000| Untracked 
|  27|0x0000000087300000, 0x0000000087300000, 0x0000000087400000|  0%| F|  |TAMS 0x0000000087300000, 0x0000000087300000| Untracked 
|  28|0x0000000087400000, 0x0000000087400000, 0x0000000087500000|  0%| F|  |TAMS 0x0000000087400000, 0x0000000087400000| Untracked 
|  29|0x0000000087500000, 0x0000000087500000, 0x0000000087600000|  0%| F|  |TAMS 0x0000000087500000, 0x0000000087500000| Untracked 
|  30|0x0000000087600000, 0x0000000087600000, 0x0000000087700000|  0%| F|  |TAMS 0x0000000087600000, 0x0000000087600000| Untracked 
|  31|0x0000000087700000, 0x0000000087700000, 0x0000000087800000|  0%| F|  |TAMS 0x0000000087700000, 0x0000000087700000| Untracked 
|  32|0x0000000087800000, 0x0000000087800000, 0x0000000087900000|  0%| F|  |TAMS 0x0000000087800000, 0x0000000087800000| Untracked 
|  33|0x0000000087900000, 0x0000000087900000, 0x0000000087a00000|  0%| F|  |TAMS 0x0000000087900000, 0x0000000087900000| Untracked 
|  34|0x0000000087a00000, 0x0000000087a00000, 0x0000000087b00000|  0%| F|  |TAMS 0x0000000087a00000, 0x0000000087a00000| Untracked 
|  35|0x0000000087b00000, 0x0000000087b00000, 0x0000000087c00000|  0%| F|  |TAMS 0x0000000087b00000, 0x0000000087b00000| Untracked 
|  36|0x0000000087c00000, 0x0000000087c00000, 0x0000000087d00000|  0%| F|  |TAMS 0x0000000087c00000, 0x0000000087c00000| Untracked 
|  37|0x0000000087d00000, 0x0000000087d00000, 0x0000000087e00000|  0%| F|  |TAMS 0x0000000087d00000, 0x0000000087d00000| Untracked 
|  38|0x0000000087e00000, 0x0000000087e00000, 0x0000000087f00000|  0%| F|  |TAMS 0x0000000087e00000, 0x0000000087e00000| Untracked 
|  39|0x0000000087f00000, 0x0000000087f00000, 0x0000000088000000|  0%| F|  |TAMS 0x0000000087f00000, 0x0000000087f00000| Untracked 
|  40|0x0000000088000000, 0x0000000088000000, 0x0000000088100000|  0%| F|  |TAMS 0x0000000088000000, 0x0000000088000000| Untracked 
|  41|0x0000000088100000, 0x0000000088100000, 0x0000000088200000|  0%| F|  |TAMS 0x0000000088100000, 0x0000000088100000| Untracked 
|  42|0x0000000088200000, 0x0000000088200000, 0x0000000088300000|  0%| F|  |TAMS 0x0000000088200000, 0x0000000088200000| Untracked 
|  43|0x0000000088300000, 0x0000000088300000, 0x0000000088400000|  0%| F|  |TAMS 0x0000000088300000, 0x0000000088300000| Untracked 
|  44|0x0000000088400000, 0x0000000088400000, 0x0000000088500000|  0%| F|  |TAMS 0x0000000088400000, 0x0000000088400000| Untracked 
|  45|0x0000000088500000, 0x0000000088500000, 0x0000000088600000|  0%| F|  |TAMS 0x0000000088500000, 0x0000000088500000| Untracked 
|  46|0x0000000088600000, 0x0000000088616178, 0x0000000088700000|  8%| S|CS|TAMS 0x0000000088600000, 0x0000000088600000| Complete 
|  47|0x0000000088700000, 0x0000000088800000, 0x0000000088800000|100%| S|CS|TAMS 0x0000000088700000, 0x0000000088700000| Complete 
|  48|0x0000000088800000, 0x0000000088800000, 0x0000000088900000|  0%| F|  |TAMS 0x0000000088800000, 0x0000000088800000| Untracked 
|  49|0x0000000088900000, 0x0000000088900000, 0x0000000088a00000|  0%| F|  |TAMS 0x0000000088900000, 0x0000000088900000| Untracked 
|  50|0x0000000088a00000, 0x0000000088b00000, 0x0000000088b00000|100%| S|CS|TAMS 0x0000000088a00000, 0x0000000088a00000| Complete 
|  51|0x0000000088b00000, 0x0000000088c00000, 0x0000000088c00000|100%| S|CS|TAMS 0x0000000088b00000, 0x0000000088b00000| Complete 
|  52|0x0000000088c00000, 0x0000000088c00000, 0x0000000088d00000|  0%| F|  |TAMS 0x0000000088c00000, 0x0000000088c00000| Untracked 
|  53|0x0000000088d00000, 0x0000000088d00000, 0x0000000088e00000|  0%| F|  |TAMS 0x0000000088d00000, 0x0000000088d00000| Untracked 
|  54|0x0000000088e00000, 0x0000000088e00000, 0x0000000088f00000|  0%| F|  |TAMS 0x0000000088e00000, 0x0000000088e00000| Untracked 
|  55|0x0000000088f00000, 0x0000000088f00000, 0x0000000089000000|  0%| F|  |TAMS 0x0000000088f00000, 0x0000000088f00000| Untracked 
|  56|0x0000000089000000, 0x0000000089000000, 0x0000000089100000|  0%| F|  |TAMS 0x0000000089000000, 0x0000000089000000| Untracked 
|  57|0x0000000089100000, 0x0000000089100000, 0x0000000089200000|  0%| F|  |TAMS 0x0000000089100000, 0x0000000089100000| Untracked 
|  58|0x0000000089200000, 0x0000000089200000, 0x0000000089300000|  0%| F|  |TAMS 0x0000000089200000, 0x0000000089200000| Untracked 
|  59|0x0000000089300000, 0x0000000089300000, 0x0000000089400000|  0%| F|  |TAMS 0x0000000089300000, 0x0000000089300000| Untracked 
|  60|0x0000000089400000, 0x0000000089400000, 0x0000000089500000|  0%| F|  |TAMS 0x0000000089400000, 0x0000000089400000| Untracked 
|  61|0x0000000089500000, 0x0000000089500000, 0x0000000089600000|  0%| F|  |TAMS 0x0000000089500000, 0x0000000089500000| Untracked 
|  62|0x0000000089600000, 0x0000000089600000, 0x0000000089700000|  0%| F|  |TAMS 0x0000000089600000, 0x0000000089600000| Untracked 
|  63|0x0000000089700000, 0x0000000089700000, 0x0000000089800000|  0%| F|  |TAMS 0x0000000089700000, 0x0000000089700000| Untracked 
|  64|0x0000000089800000, 0x0000000089800000, 0x0000000089900000|  0%| F|  |TAMS 0x0000000089800000, 0x0000000089800000| Untracked 
|  65|0x0000000089900000, 0x0000000089900000, 0x0000000089a00000|  0%| F|  |TAMS 0x0000000089900000, 0x0000000089900000| Untracked 
|  66|0x0000000089a00000, 0x0000000089a00000, 0x0000000089b00000|  0%| F|  |TAMS 0x0000000089a00000, 0x0000000089a00000| Untracked 
|  67|0x0000000089b00000, 0x0000000089b00000, 0x0000000089c00000|  0%| F|  |TAMS 0x0000000089b00000, 0x0000000089b00000| Untracked 
|  68|0x0000000089c00000, 0x0000000089c00000, 0x0000000089d00000|  0%| F|  |TAMS 0x0000000089c00000, 0x0000000089c00000| Untracked 
|  69|0x0000000089d00000, 0x0000000089d00000, 0x0000000089e00000|  0%| F|  |TAMS 0x0000000089d00000, 0x0000000089d00000| Untracked 
|  70|0x0000000089e00000, 0x0000000089e00000, 0x0000000089f00000|  0%| F|  |TAMS 0x0000000089e00000, 0x0000000089e00000| Untracked 
|  71|0x0000000089f00000, 0x0000000089f00000, 0x000000008a000000|  0%| F|  |TAMS 0x0000000089f00000, 0x0000000089f00000| Untracked 
|  72|0x000000008a000000, 0x000000008a000000, 0x000000008a100000|  0%| F|  |TAMS 0x000000008a000000, 0x000000008a000000| Untracked 
|  73|0x000000008a100000, 0x000000008a100000, 0x000000008a200000|  0%| F|  |TAMS 0x000000008a100000, 0x000000008a100000| Untracked 
|  74|0x000000008a200000, 0x000000008a200000, 0x000000008a300000|  0%| F|  |TAMS 0x000000008a200000, 0x000000008a200000| Untracked 
|  75|0x000000008a300000, 0x000000008a300000, 0x000000008a400000|  0%| F|  |TAMS 0x000000008a300000, 0x000000008a300000| Untracked 
|  76|0x000000008a400000, 0x000000008a400000, 0x000000008a500000|  0%| F|  |TAMS 0x000000008a400000, 0x000000008a400000| Untracked 
|  77|0x000000008a500000, 0x000000008a500000, 0x000000008a600000|  0%| F|  |TAMS 0x000000008a500000, 0x000000008a500000| Untracked 
|  78|0x000000008a600000, 0x000000008a600000, 0x000000008a700000|  0%| F|  |TAMS 0x000000008a600000, 0x000000008a600000| Untracked 
|  79|0x000000008a700000, 0x000000008a700000, 0x000000008a800000|  0%| F|  |TAMS 0x000000008a700000, 0x000000008a700000| Untracked 
|  80|0x000000008a800000, 0x000000008a800000, 0x000000008a900000|  0%| F|  |TAMS 0x000000008a800000, 0x000000008a800000| Untracked 
|  81|0x000000008a900000, 0x000000008a900000, 0x000000008aa00000|  0%| F|  |TAMS 0x000000008a900000, 0x000000008a900000| Untracked 
|  82|0x000000008aa00000, 0x000000008aa00000, 0x000000008ab00000|  0%| F|  |TAMS 0x000000008aa00000, 0x000000008aa00000| Untracked 
|  83|0x000000008ab00000, 0x000000008ab00000, 0x000000008ac00000|  0%| F|  |TAMS 0x000000008ab00000, 0x000000008ab00000| Untracked 
|  84|0x000000008ac00000, 0x000000008ac00000, 0x000000008ad00000|  0%| F|  |TAMS 0x000000008ac00000, 0x000000008ac00000| Untracked 
|  85|0x000000008ad00000, 0x000000008ad00000, 0x000000008ae00000|  0%| F|  |TAMS 0x000000008ad00000, 0x000000008ad00000| Untracked 
|  86|0x000000008ae00000, 0x000000008ae00000, 0x000000008af00000|  0%| F|  |TAMS 0x000000008ae00000, 0x000000008ae00000| Untracked 
|  87|0x000000008af00000, 0x000000008b000000, 0x000000008b000000|100%| E|  |TAMS 0x000000008af00000, 0x000000008af00000| Complete 
|  88|0x000000008b000000, 0x000000008b100000, 0x000000008b100000|100%| E|CS|TAMS 0x000000008b000000, 0x000000008b000000| Complete 
|  89|0x000000008b100000, 0x000000008b200000, 0x000000008b200000|100%| E|CS|TAMS 0x000000008b100000, 0x000000008b100000| Complete 
|  90|0x000000008b200000, 0x000000008b300000, 0x000000008b300000|100%| E|CS|TAMS 0x000000008b200000, 0x000000008b200000| Complete 
|  91|0x000000008b300000, 0x000000008b400000, 0x000000008b400000|100%| E|CS|TAMS 0x000000008b300000, 0x000000008b300000| Complete 
|  92|0x000000008b400000, 0x000000008b500000, 0x000000008b500000|100%| E|CS|TAMS 0x000000008b400000, 0x000000008b400000| Complete 
|  93|0x000000008b500000, 0x000000008b600000, 0x000000008b600000|100%| E|CS|TAMS 0x000000008b500000, 0x000000008b500000| Complete 
|  94|0x000000008b600000, 0x000000008b700000, 0x000000008b700000|100%| E|  |TAMS 0x000000008b600000, 0x000000008b600000| Complete 
|  95|0x000000008b700000, 0x000000008b800000, 0x000000008b800000|100%| E|CS|TAMS 0x000000008b700000, 0x000000008b700000| Complete 
|  96|0x000000008b800000, 0x000000008b900000, 0x000000008b900000|100%| E|CS|TAMS 0x000000008b800000, 0x000000008b800000| Complete 
|  97|0x000000008b900000, 0x000000008ba00000, 0x000000008ba00000|100%| E|CS|TAMS 0x000000008b900000, 0x000000008b900000| Complete 
|  98|0x000000008ba00000, 0x000000008bb00000, 0x000000008bb00000|100%| E|CS|TAMS 0x000000008ba00000, 0x000000008ba00000| Complete 
|  99|0x000000008bb00000, 0x000000008bc00000, 0x000000008bc00000|100%| E|CS|TAMS 0x000000008bb00000, 0x000000008bb00000| Complete 
| 100|0x000000008bc00000, 0x000000008bd00000, 0x000000008bd00000|100%| E|CS|TAMS 0x000000008bc00000, 0x000000008bc00000| Complete 
| 101|0x000000008bd00000, 0x000000008be00000, 0x000000008be00000|100%| E|CS|TAMS 0x000000008bd00000, 0x000000008bd00000| Complete 
| 102|0x000000008be00000, 0x000000008bf00000, 0x000000008bf00000|100%| E|CS|TAMS 0x000000008be00000, 0x000000008be00000| Complete 
| 103|0x000000008bf00000, 0x000000008c000000, 0x000000008c000000|100%| E|CS|TAMS 0x000000008bf00000, 0x000000008bf00000| Complete 
| 104|0x000000008c000000, 0x000000008c100000, 0x000000008c100000|100%| E|CS|TAMS 0x000000008c000000, 0x000000008c000000| Complete 
| 105|0x000000008c100000, 0x000000008c200000, 0x000000008c200000|100%| E|CS|TAMS 0x000000008c100000, 0x000000008c100000| Complete 
| 106|0x000000008c200000, 0x000000008c300000, 0x000000008c300000|100%| E|CS|TAMS 0x000000008c200000, 0x000000008c200000| Complete 
| 107|0x000000008c300000, 0x000000008c400000, 0x000000008c400000|100%| E|CS|TAMS 0x000000008c300000, 0x000000008c300000| Complete 
| 108|0x000000008c400000, 0x000000008c500000, 0x000000008c500000|100%| E|CS|TAMS 0x000000008c400000, 0x000000008c400000| Complete 
| 109|0x000000008c500000, 0x000000008c600000, 0x000000008c600000|100%| E|CS|TAMS 0x000000008c500000, 0x000000008c500000| Complete 
| 110|0x000000008c600000, 0x000000008c700000, 0x000000008c700000|100%| E|CS|TAMS 0x000000008c600000, 0x000000008c600000| Complete 
| 111|0x000000008c700000, 0x000000008c800000, 0x000000008c800000|100%| E|CS|TAMS 0x000000008c700000, 0x000000008c700000| Complete 
| 112|0x000000008c800000, 0x000000008c900000, 0x000000008c900000|100%| E|CS|TAMS 0x000000008c800000, 0x000000008c800000| Complete 
| 113|0x000000008c900000, 0x000000008ca00000, 0x000000008ca00000|100%| E|CS|TAMS 0x000000008c900000, 0x000000008c900000| Complete 
| 114|0x000000008ca00000, 0x000000008cb00000, 0x000000008cb00000|100%| E|CS|TAMS 0x000000008ca00000, 0x000000008ca00000| Complete 
| 115|0x000000008cb00000, 0x000000008cc00000, 0x000000008cc00000|100%| E|CS|TAMS 0x000000008cb00000, 0x000000008cb00000| Complete 
| 116|0x000000008cc00000, 0x000000008cd00000, 0x000000008cd00000|100%| E|CS|TAMS 0x000000008cc00000, 0x000000008cc00000| Complete 
| 117|0x000000008cd00000, 0x000000008ce00000, 0x000000008ce00000|100%| E|CS|TAMS 0x000000008cd00000, 0x000000008cd00000| Complete 
| 118|0x000000008ce00000, 0x000000008cf00000, 0x000000008cf00000|100%| E|CS|TAMS 0x000000008ce00000, 0x000000008ce00000| Complete 
| 119|0x000000008cf00000, 0x000000008d000000, 0x000000008d000000|100%| E|CS|TAMS 0x000000008cf00000, 0x000000008cf00000| Complete 
| 120|0x000000008d000000, 0x000000008d100000, 0x000000008d100000|100%| E|CS|TAMS 0x000000008d000000, 0x000000008d000000| Complete 
| 121|0x000000008d100000, 0x000000008d200000, 0x000000008d200000|100%| E|CS|TAMS 0x000000008d100000, 0x000000008d100000| Complete 
| 122|0x000000008d200000, 0x000000008d300000, 0x000000008d300000|100%| E|CS|TAMS 0x000000008d200000, 0x000000008d200000| Complete 
| 123|0x000000008d300000, 0x000000008d400000, 0x000000008d400000|100%| E|CS|TAMS 0x000000008d300000, 0x000000008d300000| Complete 

Card table byte_map: [0x0000011078ec0000,0x00000110792a0000] _byte_map_base: 0x0000011078a94000

Marking Bits (Prev, Next): (CMBitMap*) 0x0000011070d6a8c0, (CMBitMap*) 0x0000011070d6a900
 Prev Bits: [0x0000011079680000, 0x000001107b520000)
 Next Bits: [0x000001107b520000, 0x000001107d3c0000)

Polling page: 0x000001106ec40000

Metaspace:

Usage:
  Non-class:     12.08 MB used.
      Class:    936.70 KB used.
       Both:     12.99 MB used.

Virtual space:
  Non-class space:       16.00 MB reserved,      12.19 MB ( 76%) committed,  2 nodes.
      Class space:        1.00 GB reserved,       1.00 MB ( <1%) committed,  1 nodes.
             Both:        1.02 GB reserved,      13.19 MB (  1%) committed. 

Chunk freelists:
   Non-Class:  3.31 MB
       Class:  2.90 MB
        Both:  6.21 MB

MaxMetaspaceSize: unlimited
CompressedClassSpaceSize: 1.00 GB
Initial GC threshold: 21.00 MB
Current GC threshold: 21.00 MB
CDS: on
MetaspaceReclaimPolicy: balanced
 - commit_granule_bytes: 65536.
 - commit_granule_words: 8192.
 - virtual_space_node_default_size: 1048576.
 - enlarge_chunks_in_place: 1.
 - new_chunks_are_fully_committed: 0.
 - uncommit_free_chunks: 1.
 - use_allocation_guard: 0.
 - handle_deallocations: 1.


Internal statistics:

num_allocs_failed_limit: 0.
num_arena_births: 130.
num_arena_deaths: 0.
num_vsnodes_births: 3.
num_vsnodes_deaths: 0.
num_space_committed: 207.
num_space_uncommitted: 0.
num_chunks_returned_to_freelist: 0.
num_chunks_taken_from_freelist: 436.
num_chunk_merges: 0.
num_chunk_splits: 325.
num_chunks_enlarged: 255.
num_purges: 0.
num_inconsistent_stats: 0.

CodeHeap 'non-profiled nmethods': size=120000Kb used=804Kb max_used=804Kb free=119196Kb
 bounds [0x0000011007ad0000, 0x0000011007d40000, 0x000001100f000000]
CodeHeap 'profiled nmethods': size=120000Kb used=3594Kb max_used=3594Kb free=116406Kb
 bounds [0x00000110005a0000, 0x0000011000930000, 0x0000011007ad0000]
CodeHeap 'non-nmethods': size=5760Kb used=1612Kb max_used=1647Kb free=4147Kb
 bounds [0x0000011000000000, 0x0000011000270000, 0x00000110005a0000]
 total_blobs=2749 nmethods=1817 adapters=845
 compilation: enabled
              stopped_count=0, restarted_count=0
 full_count=0

Compilation events (20 events):
Event: 60.243 Thread 0x000001107fe12dc0 1808       3       processing.opengl.PJOGL::viewportImpl (15 bytes)
Event: 60.243 Thread 0x000001107fe12dc0 nmethod 1808 0x000001100091d390 code [0x000001100091d540, 0x000001100091d748]
Event: 60.243 Thread 0x000001107fe12dc0 1809       3       processing.opengl.PGraphicsOpenGL::beginOnscreenDraw (151 bytes)
Event: 60.244 Thread 0x000001107fe12dc0 nmethod 1809 0x000001100091d810 code [0x000001100091dac0, 0x000001100091ee68]
Event: 60.244 Thread 0x000001107fe12dc0 1810       3       processing.opengl.PGL::beginRender (426 bytes)
Event: 60.245 Thread 0x000001107fe12dc0 nmethod 1810 0x000001100091f390 code [0x000001100091f6a0, 0x00000110009209b8]
Event: 60.245 Thread 0x000001107fe12dc0 1811       3       processing.opengl.PGL::getDrawFramebuffer (37 bytes)
Event: 60.245 Thread 0x000001107fe12dc0 nmethod 1811 0x0000011000920f90 code [0x0000011000921160, 0x00000110009214f8]
Event: 60.245 Thread 0x000001107fe12dc0 1812       3       processing.opengl.PGL::getReadFramebuffer (20 bytes)
Event: 60.246 Thread 0x000001107fe12dc0 nmethod 1812 0x0000011000921610 code [0x00000110009217c0, 0x0000011000921a28]
Event: 60.380 Thread 0x000001107fe12dc0 1813       3       processing.core.PGraphics::colorMode (122 bytes)
Event: 60.381 Thread 0x000001107fe12dc0 nmethod 1813 0x0000011000921b10 code [0x0000011000921d00, 0x00000110009221f8]
Event: 64.390 Thread 0x000001107fe18a40 1814       4       processing.core.PMatrix3D::determinant (388 bytes)
Event: 64.392 Thread 0x000001107fe18a40 nmethod 1814 0x0000011007b98410 code [0x0000011007b98580, 0x0000011007b98778]
Event: 64.983 Thread 0x000001107fe18a40 1815       4       jogamp.newt.DisplayImpl$7::run (8 bytes)
Event: 64.984 Thread 0x000001107fe18a40 nmethod 1815 0x0000011007b98810 code [0x0000011007b989a0, 0x0000011007b98aa8]
Event: 65.642 Thread 0x000001107fe12dc0 1816       3       java.lang.ClassLoader::findNative (21 bytes)
Event: 65.642 Thread 0x000001107fe12dc0 nmethod 1816 0x0000011000922290 code [0x0000011000922460, 0x0000011000922698]
Event: 65.656 Thread 0x000001107fe18a40 1817       4       java.lang.CharacterDataLatin1::toUpperCase (53 bytes)
Event: 65.658 Thread 0x000001107fe18a40 nmethod 1817 0x0000011007b98c90 code [0x0000011007b98e00, 0x0000011007b98ef8]

GC Heap History (20 events):
Event: 15.416 GC heap before
{Heap before GC invocations=26 (full 0):
 garbage-first heap   total 126976K, used 81497K [0x0000000085800000, 0x0000000100000000)
  region size 1024K, 74 young (75776K), 3 survivors (3072K)
 Metaspace       used 12415K, committed 12608K, reserved 1064960K
  class space    used 912K, committed 1024K, reserved 1048576K
}
Event: 15.419 GC heap after
{Heap after GC invocations=27 (full 0):
 garbage-first heap   total 126976K, used 9108K [0x0000000085800000, 0x0000000100000000)
  region size 1024K, 3 young (3072K), 3 survivors (3072K)
 Metaspace       used 12415K, committed 12608K, reserved 1064960K
  class space    used 912K, committed 1024K, reserved 1048576K
}
Event: 15.888 GC heap before
{Heap before GC invocations=27 (full 0):
 garbage-first heap   total 126976K, used 81812K [0x0000000085800000, 0x0000000100000000)
  region size 1024K, 74 young (75776K), 3 survivors (3072K)
 Metaspace       used 12415K, committed 12608K, reserved 1064960K
  class space    used 912K, committed 1024K, reserved 1048576K
}
Event: 15.890 GC heap after
{Heap after GC invocations=28 (full 0):
 garbage-first heap   total 126976K, used 9215K [0x0000000085800000, 0x0000000100000000)
  region size 1024K, 3 young (3072K), 3 survivors (3072K)
 Metaspace       used 12415K, committed 12608K, reserved 1064960K
  class space    used 912K, committed 1024K, reserved 1048576K
}
Event: 16.356 GC heap before
{Heap before GC invocations=28 (full 0):
 garbage-first heap   total 126976K, used 81919K [0x0000000085800000, 0x0000000100000000)
  region size 1024K, 74 young (75776K), 3 survivors (3072K)
 Metaspace       used 12415K, committed 12608K, reserved 1064960K
  class space    used 912K, committed 1024K, reserved 1048576K
}
Event: 16.359 GC heap after
{Heap after GC invocations=29 (full 0):
 garbage-first heap   total 126976K, used 9303K [0x0000000085800000, 0x0000000100000000)
  region size 1024K, 3 young (3072K), 3 survivors (3072K)
 Metaspace       used 12415K, committed 12608K, reserved 1064960K
  class space    used 912K, committed 1024K, reserved 1048576K
}
Event: 16.823 GC heap before
{Heap before GC invocations=29 (full 0):
 garbage-first heap   total 126976K, used 82007K [0x0000000085800000, 0x0000000100000000)
  region size 1024K, 74 young (75776K), 3 survivors (3072K)
 Metaspace       used 12415K, committed 12608K, reserved 1064960K
  class space    used 912K, committed 1024K, reserved 1048576K
}
Event: 16.826 GC heap after
{Heap after GC invocations=30 (full 0):
 garbage-first heap   total 126976K, used 9683K [0x0000000085800000, 0x0000000100000000)
  region size 1024K, 3 young (3072K), 3 survivors (3072K)
 Metaspace       used 12415K, committed 12608K, reserved 1064960K
  class space    used 912K, committed 1024K, reserved 1048576K
}
Event: 17.275 GC heap before
{Heap before GC invocations=30 (full 0):
 garbage-first heap   total 126976K, used 82387K [0x0000000085800000, 0x0000000100000000)
  region size 1024K, 74 young (75776K), 3 survivors (3072K)
 Metaspace       used 12415K, committed 12608K, reserved 1064960K
  class space    used 912K, committed 1024K, reserved 1048576K
}
Event: 17.278 GC heap after
{Heap after GC invocations=31 (full 0):
 garbage-first heap   total 126976K, used 9693K [0x0000000085800000, 0x0000000100000000)
  region size 1024K, 3 young (3072K), 3 survivors (3072K)
 Metaspace       used 12415K, committed 12608K, reserved 1064960K
  class space    used 912K, committed 1024K, reserved 1048576K
}
Event: 17.731 GC heap before
{Heap before GC invocations=31 (full 0):
 garbage-first heap   total 126976K, used 82397K [0x0000000085800000, 0x0000000100000000)
  region size 1024K, 74 young (75776K), 3 survivors (3072K)
 Metaspace       used 12415K, committed 12608K, reserved 1064960K
  class space    used 912K, committed 1024K, reserved 1048576K
}
Event: 17.734 GC heap after
{Heap after GC invocations=32 (full 0):
 garbage-first heap   total 126976K, used 10027K [0x0000000085800000, 0x0000000100000000)
  region size 1024K, 3 young (3072K), 3 survivors (3072K)
 Metaspace       used 12415K, committed 12608K, reserved 1064960K
  class space    used 912K, committed 1024K, reserved 1048576K
}
Event: 18.185 GC heap before
{Heap before GC invocations=32 (full 0):
 garbage-first heap   total 126976K, used 82731K [0x0000000085800000, 0x0000000100000000)
  region size 1024K, 74 young (75776K), 3 survivors (3072K)
 Metaspace       used 12415K, committed 12608K, reserved 1064960K
  class space    used 912K, committed 1024K, reserved 1048576K
}
Event: 18.188 GC heap after
{Heap after GC invocations=33 (full 0):
 garbage-first heap   total 126976K, used 10202K [0x0000000085800000, 0x0000000100000000)
  region size 1024K, 3 young (3072K), 3 survivors (3072K)
 Metaspace       used 12415K, committed 12608K, reserved 1064960K
  class space    used 912K, committed 1024K, reserved 1048576K
}
Event: 18.636 GC heap before
{Heap before GC invocations=33 (full 0):
 garbage-first heap   total 126976K, used 82906K [0x0000000085800000, 0x0000000100000000)
  region size 1024K, 74 young (75776K), 3 survivors (3072K)
 Metaspace       used 12415K, committed 12608K, reserved 1064960K
  class space    used 912K, committed 1024K, reserved 1048576K
}
Event: 18.639 GC heap after
{Heap after GC invocations=34 (full 0):
 garbage-first heap   total 126976K, used 10441K [0x0000000085800000, 0x0000000100000000)
  region size 1024K, 4 young (4096K), 4 survivors (4096K)
 Metaspace       used 12415K, committed 12608K, reserved 1064960K
  class space    used 912K, committed 1024K, reserved 1048576K
}
Event: 19.069 GC heap before
{Heap before GC invocations=34 (full 0):
 garbage-first heap   total 126976K, used 83145K [0x0000000085800000, 0x0000000100000000)
  region size 1024K, 74 young (75776K), 4 survivors (4096K)
 Metaspace       used 12415K, committed 12608K, reserved 1064960K
  class space    used 912K, committed 1024K, reserved 1048576K
}
Event: 19.072 GC heap after
{Heap after GC invocations=35 (full 0):
 garbage-first heap   total 126976K, used 11431K [0x0000000085800000, 0x0000000100000000)
  region size 1024K, 3 young (3072K), 3 survivors (3072K)
 Metaspace       used 12415K, committed 12608K, reserved 1064960K
  class space    used 912K, committed 1024K, reserved 1048576K
}
Event: 19.488 GC heap before
{Heap before GC invocations=35 (full 0):
 garbage-first heap   total 126976K, used 84135K [0x0000000085800000, 0x0000000100000000)
  region size 1024K, 74 young (75776K), 3 survivors (3072K)
 Metaspace       used 12415K, committed 12608K, reserved 1064960K
  class space    used 912K, committed 1024K, reserved 1048576K
}
Event: 19.490 GC heap after
{Heap after GC invocations=36 (full 0):
 garbage-first heap   total 126976K, used 11782K [0x0000000085800000, 0x0000000100000000)
  region size 1024K, 4 young (4096K), 4 survivors (4096K)
 Metaspace       used 12415K, committed 12608K, reserved 1064960K
  class space    used 912K, committed 1024K, reserved 1048576K
}

Dll operation events (15 events):
Event: 0.035 Loaded shared library D:\GIT_HUB\WEB-DEVELOPMENT\processing_related\processing-4.1.1\java\bin\java.dll
Event: 0.042 Loaded shared library D:\GIT_HUB\WEB-DEVELOPMENT\processing_related\processing-4.1.1\java\bin\jsvml.dll
Event: 0.302 Loaded shared library D:\GIT_HUB\WEB-DEVELOPMENT\processing_related\processing-4.1.1\java\bin\net.dll
Event: 0.304 Loaded shared library D:\GIT_HUB\WEB-DEVELOPMENT\processing_related\processing-4.1.1\java\bin\nio.dll
Event: 0.311 Loaded shared library D:\GIT_HUB\WEB-DEVELOPMENT\processing_related\processing-4.1.1\java\bin\zip.dll
Event: 0.423 Loaded shared library D:\GIT_HUB\WEB-DEVELOPMENT\processing_related\processing-4.1.1\java\bin\jimage.dll
Event: 0.429 Loaded shared library D:\GIT_HUB\WEB-DEVELOPMENT\processing_related\processing-4.1.1\java\bin\awt.dll
Event: 1.953 Loaded shared library C:\Users\HP PC\AppData\Local\Temp\jogamp_0000\file_cache\jln3257109186202447059\jln12640119515092618914\natives\windows-amd64\gluegen_rt.dll
Event: 1.975 Loaded shared library D:\GIT_HUB\WEB-DEVELOPMENT\processing_related\processing-4.1.1\java\bin\jawt.dll
Event: 2.032 Loaded shared library C:\Users\HP PC\AppData\Local\Temp\jogamp_0000\file_cache\jln3257109186202447059\jln12640119515092618914\natives\windows-amd64\nativewindow_awt.dll
Event: 2.138 Loaded shared library C:\Users\HP PC\AppData\Local\Temp\jogamp_0000\file_cache\jln3257109186202447059\jln12640119515092618914\natives\windows-amd64\nativewindow_win32.dll
Event: 2.347 Loaded shared library C:\Users\HP PC\AppData\Local\Temp\jogamp_0000\file_cache\jln3257109186202447059\jln12640119515092618914\natives\windows-amd64\jogl_desktop.dll
Event: 2.414 Loaded shared library C:\Users\HP PC\AppData\Local\Temp\jogamp_0000\file_cache\jln3257109186202447059\jln12640119515092618914\natives\windows-amd64\jogl_mobile.dll
Event: 3.245 Loaded shared library C:\Users\HP PC\AppData\Local\Temp\jogamp_0000\file_cache\jln3257109186202447059\jln12640119515092618914\natives\windows-amd64\newt_head.dll
Event: 3.491 Loaded shared library D:\GIT_HUB\WEB-DEVELOPMENT\processing_related\processing-4.1.1\java\bin\verify.dll

Deoptimization events (20 events):
Event: 65.265 Thread 0x000001107fe15f30 DEOPT PACKING pc=0x00000110008b50d9 sp=0x0000000f06dfe710
Event: 65.265 Thread 0x000001107fe15f30 DEOPT UNPACKING pc=0x00000110000566e3 sp=0x0000000f06dfdc00 mode 1
Event: 65.265 Thread 0x000001107fe15f30 DEOPT PACKING pc=0x00000110008a6df4 sp=0x0000000f06dfe7a0
Event: 65.265 Thread 0x000001107fe15f30 DEOPT UNPACKING pc=0x00000110000566e3 sp=0x0000000f06dfdc48 mode 1
Event: 65.265 Thread 0x000001107fe15f30 DEOPT PACKING pc=0x00000110008b50d9 sp=0x0000000f06dfe7a0
Event: 65.265 Thread 0x000001107fe15f30 DEOPT UNPACKING pc=0x00000110000566e3 sp=0x0000000f06dfdc90 mode 1
Event: 65.265 Thread 0x000001107fe15f30 DEOPT PACKING pc=0x00000110008a6df4 sp=0x0000000f06dfe830
Event: 65.265 Thread 0x000001107fe15f30 DEOPT UNPACKING pc=0x00000110000566e3 sp=0x0000000f06dfdcd8 mode 1
Event: 65.436 Thread 0x000001107fe15f30 DEOPT PACKING pc=0x00000110008b50d9 sp=0x0000000f06dfe710
Event: 65.436 Thread 0x000001107fe15f30 DEOPT UNPACKING pc=0x00000110000566e3 sp=0x0000000f06dfdc00 mode 1
Event: 65.436 Thread 0x000001107fe15f30 DEOPT PACKING pc=0x00000110008a6df4 sp=0x0000000f06dfe7a0
Event: 65.436 Thread 0x000001107fe15f30 DEOPT UNPACKING pc=0x00000110000566e3 sp=0x0000000f06dfdc48 mode 1
Event: 65.436 Thread 0x000001107fe15f30 DEOPT PACKING pc=0x00000110008b50d9 sp=0x0000000f06dfe7a0
Event: 65.436 Thread 0x000001107fe15f30 DEOPT UNPACKING pc=0x00000110000566e3 sp=0x0000000f06dfdc90 mode 1
Event: 65.436 Thread 0x000001107fe15f30 DEOPT PACKING pc=0x00000110008a6df4 sp=0x0000000f06dfe830
Event: 65.436 Thread 0x000001107fe15f30 DEOPT UNPACKING pc=0x00000110000566e3 sp=0x0000000f06dfdcd8 mode 1
Event: 65.628 Thread 0x000001107fe16da0 Uncommon trap: trap_request=0xffffff45 fr.pc=0x0000011007b4c8e8 relative=0x00000000000001e8
Event: 65.628 Thread 0x000001107fe16da0 Uncommon trap: reason=unstable_if action=reinterpret pc=0x0000011007b4c8e8 method=java.util.HashMap$HashIterator.<init>(Ljava/util/HashMap;)V @ 38 c2
Event: 65.628 Thread 0x000001107fe16da0 DEOPT PACKING pc=0x0000011007b4c8e8 sp=0x0000000f05fff010
Event: 65.628 Thread 0x000001107fe16da0 DEOPT UNPACKING pc=0x0000011000055ba3 sp=0x0000000f05ffefc8 mode 2

Classes unloaded (0 events):
No events

Classes redefined (0 events):
No events

Internal exceptions (20 events):
Event: 0.455 Thread 0x0000011070d10590 Exception <a 'java/io/FileNotFoundException'{0x000000008cf48778}> (0x000000008cf48778) 
thrown [s\src\hotspot\share\prims\jni.cpp, line 516]
Event: 0.470 Thread 0x0000011070d10590 Exception <a 'java/io/FileNotFoundException'{0x000000008cf75730}> (0x000000008cf75730) 
thrown [s\src\hotspot\share\prims\jni.cpp, line 516]
Event: 0.544 Thread 0x0000011070d10590 Exception <a 'java/lang/NoSuchMethodError'{0x000000008ce04d40}: 'java.lang.Object java.lang.invoke.DirectMethodHandle$Holder.invokeStaticInit(java.lang.Object)'> (0x000000008ce04d40) 
thrown [s\src\hotspot\share\interpreter\linkResolver.cpp, line 759]
Event: 0.922 Thread 0x0000011070d10590 Exception <a 'java/lang/NoSuchMethodError'{0x000000008ca1b598}: 'java.lang.Object java.lang.invoke.DirectMethodHandle$Holder.invokeStaticInit(java.lang.Object, int, int, int, int)'> (0x000000008ca1b598) 
thrown [s\src\hotspot\share\interpreter\linkResolver.cpp, line 759]
Event: 0.985 Thread 0x0000011070d10590 Exception <a 'java/lang/NoSuchMethodError'{0x000000008ca6f168}: 'java.lang.Object java.lang.invoke.DirectMethodHandle$Holder.invokeStaticInit(java.lang.Object, java.lang.Object, int, int, int, int)'> (0x000000008ca6f168) 
thrown [s\src\hotspot\share\interpreter\linkResolver.cpp, line 759]
Event: 0.999 Thread 0x0000011070d10590 Exception <a 'java/lang/NoSuchMethodError'{0x000000008ca7acc0}: 'void java.lang.invoke.DirectMethodHandle$Holder.invokeStatic(java.lang.Object, long)'> (0x000000008ca7acc0) 
thrown [s\src\hotspot\share\interpreter\linkResolver.cpp, line 759]
Event: 1.000 Thread 0x0000011070d10590 Exception <a 'java/lang/NoSuchMethodError'{0x000000008ca802a0}: 'java.lang.Object java.lang.invoke.DirectMethodHandle$Holder.newInvokeSpecial(java.lang.Object, long)'> (0x000000008ca802a0) 
thrown [s\src\hotspot\share\interpreter\linkResolver.cpp, line 759]
Event: 1.002 Thread 0x0000011070d10590 Exception <a 'java/lang/NoSuchMethodError'{0x000000008ca874f8}: 'java.lang.Object java.lang.invoke.DirectMethodHandle$Holder.invokeStatic(java.lang.Object, java.lang.Object, long, java.lang.Object)'> (0x000000008ca874f8) 
thrown [s\src\hotspot\share\interpreter\linkResolver.cpp, line 759]
Event: 1.002 Thread 0x0000011070d10590 Exception <a 'java/lang/NoSuchMethodError'{0x000000008ca8afd0}: 'java.lang.Object java.lang.invoke.DirectMethodHandle$Holder.invokeStaticInit(java.lang.Object, java.lang.Object, long, java.lang.Object)'> (0x000000008ca8afd0) 
thrown [s\src\hotspot\share\interpreter\linkResolver.cpp, line 759]
Event: 1.003 Thread 0x0000011070d10590 Exception <a 'java/lang/NoSuchMethodError'{0x000000008ca91590}: 'java.lang.Object java.lang.invoke.DirectMethodHandle$Holder.newInvokeSpecial(java.lang.Object, java.lang.Object, long)'> (0x000000008ca91590) 
thrown [s\src\hotspot\share\interpreter\linkResolver.cpp, line 759]
Event: 1.004 Thread 0x0000011070d10590 Exception <a 'java/lang/NoSuchMethodError'{0x000000008ca95100}: 'java.lang.Object java.lang.invoke.Invokers$Holder.linkToTargetMethod(java.lang.Object, long, java.lang.Object)'> (0x000000008ca95100) 
thrown [s\src\hotspot\share\interpreter\linkResolver.cpp, line 759]
Event: 2.061 Thread 0x0000011070d10590 Exception <a 'java/lang/NoSuchMethodError'{0x000000008c817f80}: 'java.lang.Object java.lang.invoke.DirectMethodHandle$Holder.invokeInterface(java.lang.Object, java.lang.Object)'> (0x000000008c817f80) 
thrown [s\src\hotspot\share\interpreter\linkResolver.cpp, line 759]
Event: 2.061 Thread 0x0000011070d10590 Exception <a 'java/lang/IncompatibleClassChangeError'{0x000000008c81b778}: Found class java.lang.Object, but interface was expected> (0x000000008c81b778) 
thrown [s\src\hotspot\share\interpreter\linkResolver.cpp, line 826]
Event: 3.392 Thread 0x0000011070d10590 Exception <a 'java/lang/NoSuchMethodError'{0x000000008c9c8b00}: 'void java.lang.invoke.DirectMethodHandle$Holder.invokeSpecial(java.lang.Object, java.lang.Object, java.lang.Object, java.lang.Object, java.lang.Object)'> (0x000000008c9c8b00) 
thrown [s\src\hotspot\share\interpreter\linkResolver.cpp, line 759]
Event: 3.394 Thread 0x0000011070d10590 Exception <a 'java/lang/NoSuchMethodError'{0x000000008c9d1ac0}: 'void java.lang.invoke.DirectMethodHandle$Holder.invokeSpecial(java.lang.Object, java.lang.Object, java.lang.Object)'> (0x000000008c9d1ac0) 
thrown [s\src\hotspot\share\interpreter\linkResolver.cpp, line 759]
Event: 3.395 Thread 0x0000011070d10590 Exception <a 'java/lang/NoSuchMethodError'{0x000000008c9dac20}: 'void java.lang.invoke.DirectMethodHandle$Holder.invokeSpecial(java.lang.Object, java.lang.Object, int)'> (0x000000008c9dac20) 
thrown [s\src\hotspot\share\interpreter\linkResolver.cpp, line 759]
Event: 3.396 Thread 0x0000011070d10590 Exception <a 'java/lang/NoSuchMethodError'{0x000000008c9e0c38}: 'java.lang.Object java.lang.invoke.DirectMethodHandle$Holder.newInvokeSpecial(java.lang.Object, java.lang.Object, int)'> (0x000000008c9e0c38) 
thrown [s\src\hotspot\share\interpreter\linkResolver.cpp, line 759]
Event: 3.482 Thread 0x000001107fe15f30 Exception <a 'java/lang/NoSuchMethodError'{0x000000008c8a1940}: 'void java.lang.invoke.DirectMethodHandle$Holder.invokeSpecial(java.lang.Object, java.lang.Object, int, int)'> (0x000000008c8a1940) 
thrown [s\src\hotspot\share\interpreter\linkResolver.cpp, line 759]
Event: 3.484 Thread 0x000001107fe15f30 Exception <a 'java/lang/NoSuchMethodError'{0x000000008c8a7e60}: 'java.lang.Object java.lang.invoke.DirectMethodHandle$Holder.newInvokeSpecial(java.lang.Object, java.lang.Object, int, int)'> (0x000000008c8a7e60) 
thrown [s\src\hotspot\share\interpreter\linkResolver.cpp, line 759]
Event: 65.605 Thread 0x000001107fe17c10 Exception <a 'java/lang/InterruptedException'{0x000000008b003e80}> (0x000000008b003e80) 
thrown [s\src\hotspot\share\runtime\objectMonitor.cpp, line 1648]

VM Operations (20 events):
Event: 32.499 Executing VM operation: Cleanup done
Event: 35.500 Executing VM operation: Cleanup
Event: 35.500 Executing VM operation: Cleanup done
Event: 39.502 Executing VM operation: Cleanup
Event: 39.502 Executing VM operation: Cleanup done
Event: 40.502 Executing VM operation: Cleanup
Event: 40.503 Executing VM operation: Cleanup done
Event: 41.503 Executing VM operation: Cleanup
Event: 41.504 Executing VM operation: Cleanup done
Event: 45.504 Executing VM operation: Cleanup
Event: 45.505 Executing VM operation: Cleanup done
Event: 47.505 Executing VM operation: Cleanup
Event: 47.505 Executing VM operation: Cleanup done
Event: 50.508 Executing VM operation: Cleanup
Event: 50.508 Executing VM operation: Cleanup done
Event: 54.509 Executing VM operation: Cleanup
Event: 54.509 Executing VM operation: Cleanup done
Event: 60.511 Executing VM operation: Cleanup
Event: 60.511 Executing VM operation: Cleanup done
Event: 65.713 Executing VM operation: Exit

Events (20 events):
Event: 20.214 loading class jdk/internal/reflect/Label$PatchInfo done
Event: 20.214 loading class jdk/internal/reflect/MethodAccessorGenerator$1
Event: 20.214 loading class jdk/internal/reflect/MethodAccessorGenerator$1 done
Event: 20.214 loading class jdk/internal/reflect/ClassDefiner
Event: 20.214 loading class jdk/internal/reflect/ClassDefiner done
Event: 20.214 loading class jdk/internal/reflect/ClassDefiner$1
Event: 20.214 loading class jdk/internal/reflect/ClassDefiner$1 done
Event: 65.605 Thread 0x00000110249d18f0 Thread added: 0x00000110249d18f0
Event: 65.606 Thread 0x00000110249d1420 Thread added: 0x00000110249d1420
Event: 65.606 Thread 0x000001107fe17c10 Thread exited: 0x000001107fe17c10
Event: 65.606 Thread 0x00000110249d6f90 Thread added: 0x00000110249d6f90
Event: 65.607 Thread 0x00000110249d52b0 Thread added: 0x00000110249d52b0
Event: 65.607 loading class java/nio/channels/ClosedChannelException
Event: 65.608 Thread 0x000001107fe15a60 Thread exited: 0x000001107fe15a60
Event: 65.608 loading class java/nio/channels/ClosedChannelException done
Event: 65.608 Thread 0x00000110249d6f90 Thread exited: 0x00000110249d6f90
Event: 65.621 Thread 0x000001107fe150c0 Thread exited: 0x000001107fe150c0
Event: 65.649 Thread 0x000001107fe16da0 Thread exited: 0x000001107fe16da0
Event: 65.659 Thread 0x00000110249d1420 Thread exited: 0x00000110249d1420
Event: 65.711 Thread 0x00000110249d18f0 Thread exited: 0x00000110249d18f0


Dynamic libraries:
0x00007ff645290000 - 0x00007ff64529e000 	D:\GIT_HUB\WEB-DEVELOPMENT\processing_related\processing-4.1.1\java\bin\java.exe
0x00007ffef5350000 - 0x00007ffef5564000 	C:\WINDOWS\SYSTEM32\ntdll.dll
0x00007ffef3dc0000 - 0x00007ffef3e83000 	C:\WINDOWS\System32\KERNEL32.DLL
0x00007ffef2b40000 - 0x00007ffef2edd000 	C:\WINDOWS\System32\KERNELBASE.dll
0x00007ffef2770000 - 0x00007ffef2881000 	C:\WINDOWS\System32\ucrtbase.dll
0x00007ffed92a0000 - 0x00007ffed92b7000 	D:\GIT_HUB\WEB-DEVELOPMENT\processing_related\processing-4.1.1\java\bin\jli.dll
0x00007ffeed7c0000 - 0x00007ffeed7d9000 	D:\GIT_HUB\WEB-DEVELOPMENT\processing_related\processing-4.1.1\java\bin\VCRUNTIME140.dll
0x00007ffef37d0000 - 0x00007ffef397d000 	C:\WINDOWS\System32\USER32.dll
0x00007ffef29a0000 - 0x00007ffef29c6000 	C:\WINDOWS\System32\win32u.dll
0x00007ffed47b0000 - 0x00007ffed4a3e000 	C:\WINDOWS\WinSxS\amd64_microsoft.windows.common-controls_6595b64144ccf1df_6.0.22621.608_none_a9444ca7c10bb01d\COMCTL32.dll
0x00007ffef3ba0000 - 0x00007ffef3bc9000 	C:\WINDOWS\System32\GDI32.dll
0x00007ffef39e0000 - 0x00007ffef3a87000 	C:\WINDOWS\System32\msvcrt.dll
0x00007ffef3020000 - 0x00007ffef3132000 	C:\WINDOWS\System32\gdi32full.dll
0x00007ffef2890000 - 0x00007ffef292a000 	C:\WINDOWS\System32\msvcp_win.dll
0x00007ffef3980000 - 0x00007ffef39b2000 	C:\WINDOWS\System32\IMM32.DLL
0x00007ffeef440000 - 0x00007ffeef44c000 	D:\GIT_HUB\WEB-DEVELOPMENT\processing_related\processing-4.1.1\java\bin\vcruntime140_1.dll
0x00007ffed24b0000 - 0x00007ffed2541000 	D:\GIT_HUB\WEB-DEVELOPMENT\processing_related\processing-4.1.1\java\bin\msvcp140.dll
0x00007ffe91170000 - 0x00007ffe91db4000 	D:\GIT_HUB\WEB-DEVELOPMENT\processing_related\processing-4.1.1\java\bin\server\jvm.dll
0x00007ffef3720000 - 0x00007ffef37ce000 	C:\WINDOWS\System32\ADVAPI32.dll
0x00007ffef3a90000 - 0x00007ffef3b34000 	C:\WINDOWS\System32\sechost.dll
0x00007ffef3bd0000 - 0x00007ffef3ce5000 	C:\WINDOWS\System32\RPCRT4.dll
0x00007ffeed800000 - 0x00007ffeed809000 	C:\WINDOWS\SYSTEM32\WSOCK32.dll
0x00007ffee9ae0000 - 0x00007ffee9b14000 	C:\WINDOWS\SYSTEM32\WINMM.dll
0x00007ffee99a0000 - 0x00007ffee99aa000 	C:\WINDOWS\SYSTEM32\VERSION.dll
0x00007ffef5070000 - 0x00007ffef50e1000 	C:\WINDOWS\System32\WS2_32.dll
0x00007ffef1890000 - 0x00007ffef18a8000 	C:\WINDOWS\SYSTEM32\kernel.appcore.dll
0x00007ffeeac90000 - 0x00007ffeeac9a000 	D:\GIT_HUB\WEB-DEVELOPMENT\processing_related\processing-4.1.1\java\bin\jimage.dll
0x00007ffef00a0000 - 0x00007ffef02ce000 	C:\WINDOWS\SYSTEM32\DBGHELP.DLL
0x00007ffef4cc0000 - 0x00007ffef504a000 	C:\WINDOWS\System32\combase.dll
0x00007ffef3e90000 - 0x00007ffef3f67000 	C:\WINDOWS\System32\OLEAUT32.dll
0x00007ffeca3c0000 - 0x00007ffeca3f2000 	C:\WINDOWS\SYSTEM32\dbgcore.DLL
0x00007ffef2fa0000 - 0x00007ffef301b000 	C:\WINDOWS\System32\bcryptPrimitives.dll
0x00007ffeb1ea0000 - 0x00007ffeb1edb000 	D:\GIT_HUB\WEB-DEVELOPMENT\processing_related\processing-4.1.1\java\bin\jdwp.dll
0x00007ffed2480000 - 0x00007ffed24a5000 	D:\GIT_HUB\WEB-DEVELOPMENT\processing_related\processing-4.1.1\java\bin\java.dll
0x00007ffeb6b70000 - 0x00007ffeb6c46000 	D:\GIT_HUB\WEB-DEVELOPMENT\processing_related\processing-4.1.1\java\bin\jsvml.dll
0x00007ffef3f80000 - 0x00007ffef476f000 	C:\WINDOWS\System32\SHELL32.dll
0x00007ffef0750000 - 0x00007ffef1018000 	C:\WINDOWS\SYSTEM32\windows.storage.dll
0x00007ffef0610000 - 0x00007ffef074e000 	C:\WINDOWS\SYSTEM32\wintypes.dll
0x00007ffef50f0000 - 0x00007ffef51e1000 	C:\WINDOWS\System32\SHCORE.dll
0x00007ffef3d60000 - 0x00007ffef3dbe000 	C:\WINDOWS\System32\shlwapi.dll
0x00007ffef26a0000 - 0x00007ffef26c1000 	C:\WINDOWS\SYSTEM32\profapi.dll
0x00007ffecc660000 - 0x00007ffecc66c000 	D:\GIT_HUB\WEB-DEVELOPMENT\processing_related\processing-4.1.1\java\bin\dt_socket.dll
0x00007ffef12e0000 - 0x00007ffef130d000 	C:\WINDOWS\SYSTEM32\IPHLPAPI.DLL
0x00007ffef1d20000 - 0x00007ffef1d89000 	C:\WINDOWS\system32\mswsock.dll
0x00007ffed2460000 - 0x00007ffed2479000 	D:\GIT_HUB\WEB-DEVELOPMENT\processing_related\processing-4.1.1\java\bin\net.dll
0x00007ffeec950000 - 0x00007ffeeca7f000 	C:\WINDOWS\SYSTEM32\WINHTTP.dll
0x00007ffed2440000 - 0x00007ffed2455000 	D:\GIT_HUB\WEB-DEVELOPMENT\processing_related\processing-4.1.1\java\bin\nio.dll
0x00007ffed2420000 - 0x00007ffed2438000 	D:\GIT_HUB\WEB-DEVELOPMENT\processing_related\processing-4.1.1\java\bin\zip.dll
0x00007ffeb69e0000 - 0x00007ffeb6b6e000 	D:\GIT_HUB\WEB-DEVELOPMENT\processing_related\processing-4.1.1\java\bin\awt.dll
0x00007ffeef6d0000 - 0x00007ffeef767000 	C:\WINDOWS\SYSTEM32\apphelp.dll
0x00007ffeef880000 - 0x00007ffeef92b000 	C:\WINDOWS\system32\uxtheme.dll
0x00007ffef51f0000 - 0x00007ffef530e000 	C:\WINDOWS\System32\MSCTF.dll
0x00007ffef4850000 - 0x00007ffef49ec000 	C:\WINDOWS\System32\ole32.dll
0x00007ffeefb00000 - 0x00007ffeefb2b000 	C:\WINDOWS\system32\DWMAPI.DLL
0x00007ffed5020000 - 0x00007ffed5120000 	C:\WINDOWS\system32\opengl32.dll
0x00007ffed98e0000 - 0x00007ffed990d000 	C:\WINDOWS\SYSTEM32\GLU32.dll
0x00007ffeef990000 - 0x00007ffeef9c6000 	C:\WINDOWS\SYSTEM32\dxcore.dll
0x00007ffef1f70000 - 0x00007ffef1f8b000 	C:\WINDOWS\SYSTEM32\CRYPTSP.dll
0x00007ffef1800000 - 0x00007ffef1835000 	C:\WINDOWS\system32\rsaenh.dll
0x00007ffef1e10000 - 0x00007ffef1e38000 	C:\WINDOWS\SYSTEM32\USERENV.dll
0x00007ffef2130000 - 0x00007ffef2158000 	C:\WINDOWS\SYSTEM32\bcrypt.dll
0x00007ffef1f90000 - 0x00007ffef1f9c000 	C:\WINDOWS\SYSTEM32\CRYPTBASE.dll
0x00007ffef31d0000 - 0x00007ffef31d9000 	C:\WINDOWS\System32\NSI.dll
0x00007ffeeb880000 - 0x00007ffeeb899000 	C:\WINDOWS\SYSTEM32\dhcpcsvc6.DLL
0x00007ffeeb860000 - 0x00007ffeeb87f000 	C:\WINDOWS\SYSTEM32\dhcpcsvc.DLL
0x00007ffef1310000 - 0x00007ffef1402000 	C:\WINDOWS\SYSTEM32\DNSAPI.dll
0x000000006e8c0000 - 0x000000006e8cd000 	C:\Users\HP PC\AppData\Local\Temp\jogamp_0000\file_cache\jln3257109186202447059\jln12640119515092618914\natives\windows-amd64\gluegen_rt.dll
0x00007ffed5260000 - 0x00007ffed5267000 	D:\GIT_HUB\WEB-DEVELOPMENT\processing_related\processing-4.1.1\java\bin\jawt.dll
0x000000006a440000 - 0x000000006a44d000 	C:\Users\HP PC\AppData\Local\Temp\jogamp_0000\file_cache\jln3257109186202447059\jln12640119515092618914\natives\windows-amd64\nativewindow_awt.dll
0x000000006c100000 - 0x000000006c110000 	C:\Users\HP PC\AppData\Local\Temp\jogamp_0000\file_cache\jln3257109186202447059\jln12640119515092618914\natives\windows-amd64\nativewindow_win32.dll
0x0000000064500000 - 0x0000000064585000 	C:\Users\HP PC\AppData\Local\Temp\jogamp_0000\file_cache\jln3257109186202447059\jln12640119515092618914\natives\windows-amd64\jogl_desktop.dll
0x00007ffe80ba0000 - 0x00007ffe80ede000 	C:\Users\HP PC\AppData\Local\Programs\MiKTeX\miktex\bin\x64\libGLESv2.dll
0x00007ffe8b4e0000 - 0x00007ffe8b689000 	C:\WINDOWS\SYSTEM32\d3d9.dll
0x0000000064340000 - 0x0000000064391000 	C:\Users\HP PC\AppData\Local\Temp\jogamp_0000\file_cache\jln3257109186202447059\jln12640119515092618914\natives\windows-amd64\jogl_mobile.dll
0x00007ffeed0e0000 - 0x00007ffeed129000 	C:\WINDOWS\SYSTEM32\directxdatabasehelper.dll
0x00007ffef31e0000 - 0x00007ffef3297000 	C:\WINDOWS\System32\clbcatq.dll
0x00007ffe7ddb0000 - 0x00007ffe7edb6000 	C:\WINDOWS\System32\DriverStore\FileRepository\iigd_dch.inf_amd64_9dbfad2c6843c394\igxelpicd64.dll
0x00007ffeef9d0000 - 0x00007ffeefac7000 	C:\WINDOWS\system32\dxgi.dll
0x00007ffe80440000 - 0x00007ffe80b93000 	C:\WINDOWS\System32\DriverStore\FileRepository\iigd_dch.inf_amd64_9dbfad2c6843c394\igdml64.dll
0x00007ffee4bd0000 - 0x00007ffee4f91000 	C:\WINDOWS\System32\DriverStore\FileRepository\iigd_dch.inf_amd64_9dbfad2c6843c394\igdgmm64.dll
0x00007ffee0d40000 - 0x00007ffee3fa0000 	C:\WINDOWS\System32\DriverStore\FileRepository\iigd_dch.inf_amd64_9dbfad2c6843c394\igc64.dll
0x00007ffef1650000 - 0x00007ffef169d000 	C:\WINDOWS\SYSTEM32\powrprof.dll
0x00007ffef1630000 - 0x00007ffef1643000 	C:\WINDOWS\SYSTEM32\UMPDC.dll
0x0000000070d80000 - 0x0000000070d93000 	C:\Users\HP PC\AppData\Local\Temp\jogamp_0000\file_cache\jln3257109186202447059\jln12640119515092618914\natives\windows-amd64\newt_head.dll
0x00007ffeeb1f0000 - 0x00007ffeeb2ad000 	C:\WINDOWS\SYSTEM32\mscms.dll
0x00007ffeb1410000 - 0x00007ffeb1459000 	C:\WINDOWS\SYSTEM32\icm32.dll
0x00007ffef32a0000 - 0x00007ffef371a000 	C:\WINDOWS\System32\setupapi.dll
0x00007ffef2420000 - 0x00007ffef2453000 	C:\WINDOWS\SYSTEM32\DEVOBJ.dll
0x00007ffef2480000 - 0x00007ffef24ce000 	C:\WINDOWS\SYSTEM32\cfgmgr32.dll
0x00007ffef2930000 - 0x00007ffef299b000 	C:\WINDOWS\System32\WINTRUST.dll
0x00007ffef29d0000 - 0x00007ffef2b36000 	C:\WINDOWS\System32\CRYPT32.dll
0x00007ffef1fd0000 - 0x00007ffef1fe2000 	C:\WINDOWS\SYSTEM32\MSASN1.dll
0x00007ffed3ce0000 - 0x00007ffed3e0d000 	C:\WINDOWS\SYSTEM32\textinputframework.dll
0x00007ffeef300000 - 0x00007ffeef433000 	C:\WINDOWS\SYSTEM32\CoreMessaging.dll
0x00007ffeec580000 - 0x00007ffeec8ec000 	C:\WINDOWS\SYSTEM32\CoreUIComponents.dll
0x00007ffed0d60000 - 0x00007ffed0d70000 	D:\GIT_HUB\WEB-DEVELOPMENT\processing_related\processing-4.1.1\java\bin\verify.dll
0x00007ffed5970000 - 0x00007ffed59db000 	C:\WINDOWS\system32\Ninput.dll

dbghelp: loaded successfully - version: 4.0.5 - missing functions: none
symbol engine: initialized successfully - sym options: 0x614 - pdb path: .;D:\GIT_HUB\WEB-DEVELOPMENT\processing_related\processing-4.1.1\java\bin;C:\WINDOWS\SYSTEM32;C:\WINDOWS\WinSxS\amd64_microsoft.windows.common-controls_6595b64144ccf1df_6.0.22621.608_none_a9444ca7c10bb01d;D:\GIT_HUB\WEB-DEVELOPMENT\processing_related\processing-4.1.1\java\bin\server;C:\Users\HP PC\AppData\Local\Temp\jogamp_0000\file_cache\jln3257109186202447059\jln12640119515092618914\natives\windows-amd64;C:\Users\HP PC\AppData\Local\Programs\MiKTeX\miktex\bin\x64;C:\WINDOWS\System32\DriverStore\FileRepository\iigd_dch.inf_amd64_9dbfad2c6843c394

VM Arguments:
jvm_args: -agentlib:jdwp=transport=dt_socket,address=8059,server=y,suspend=y,quiet=y -Djna.nosys=true -Djava.library.path=;D:\GIT_HUB\WEB-DEVELOPMENT\processing_related\processing-4.1.1\core\library\windows-amd64;C:\Users\HP PC\OneDrive\Documents\Processing\libraries\peasycam\library;D:\GIT_HUB\WEB-DEVELOPMENT\processing_related\processing-4.1.1\java\bin;C:\WINDOWS\system32;C:\WINDOWS;C:\Program Files\Common Files\Oracle\Java\javapath;C:\Program Files (x86)\Common Files\Oracle\Java\javapath;C:\WINDOWS\system32;C:\WINDOWS;C:\WINDOWS\System32\Wbem;C:\WINDOWS\System32\WindowsPowerShell\v1.0;C:\WINDOWS\System32\OpenSSH;C:\mingw\mingw32\bin;C:\Program Files\Python310;C:\Program Files\Java\jdk-18.0.1.1\bin;C:\Program Files\Git\cmd;C:\Program Files\nodejs;C:\Program Files\MySQL\MySQL Shell 8.0\bin;C:\Users\HP PC\AppData\Local\Microsoft\WindowsApps;C:\Users\HP PC\AppData\Local\Programs\Microsoft VS Code\bin;C:\Program Files\Python310\Scripts;C:\Users\HP PC\AppData\Local\Programs\MiKTeX\miktex\bin\x64;C:\Users\HP PC\AppData\Roaming\npm;D:\GIT_HUB\WEB-DEVELOPMENT\processing_related\processing-4.1.1\java\bin;. -ea 
java_command: processing.core.PApplet --editor-location=446,160 --external --display=1 --sketch-path=D:\GIT_HUB\WEB-DEVELOPMENT\processing_related\madelbulb_3d --ui-scale=1 madelbulb_3d
java_class_path (initial): C:\Users\HPPC~1\AppData\Local\Temp\processing\madelbulb_3d16769624795098113700temp;D:\GIT_HUB\WEB-DEVELOPMENT\processing_related\processing-4.1.1\core\library\core.jar;D:\GIT_HUB\WEB-DEVELOPMENT\processing_related\processing-4.1.1\core\library\gluegen-rt-natives-linux-aarch64.jar;D:\GIT_HUB\WEB-DEVELOPMENT\processing_related\processing-4.1.1\core\library\gluegen-rt-natives-linux-amd64.jar;D:\GIT_HUB\WEB-DEVELOPMENT\processing_related\processing-4.1.1\core\library\gluegen-rt-natives-linux-armv6hf.jar;D:\GIT_HUB\WEB-DEVELOPMENT\processing_related\processing-4.1.1\core\library\gluegen-rt-natives-linux-i586.jar;D:\GIT_HUB\WEB-DEVELOPMENT\processing_related\processing-4.1.1\core\library\gluegen-rt-natives-macosx-universal.jar;D:\GIT_HUB\WEB-DEVELOPMENT\processing_related\processing-4.1.1\core\library\gluegen-rt-natives-windows-amd64.jar;D:\GIT_HUB\WEB-DEVELOPMENT\processing_related\processing-4.1.1\core\library\gluegen-rt-natives-windows-i586.jar;D:\GIT_HUB\WEB-DEVELOPMENT\processing_related\processing-4.1.1\core\library\gluegen-rt.jar;D:\GIT_HUB\WEB-DEVELOPMENT\processing_related\processing-4.1.1\core\library\jogl-all-natives-linux-aarch64.jar;D:\GIT_HUB\WEB-DEVELOPMENT\processing_related\processing-4.1.1\core\library\jogl-all-natives-linux-amd64.jar;D:\GIT_HUB\WEB-DEVELOPMENT\processing_related\processing-4.1.1\core\library\jogl-all-natives-linux-armv6hf.jar;D:\GIT_HUB\WEB-DEVELOPMENT\processing_related\processing-4.1.1\core\library\jogl-all-natives-linux-i586.jar;D:\GIT_HUB\WEB-DEVELOPMENT\processing_related\processing-4.1.1\core\library\jogl-all-natives-macosx-universal.jar;D:\GIT_HUB\WEB-DEVELOPMENT\processing_related\processing-4.1.1\core\library\jogl-all-natives-windows-amd64.jar;D:\GIT_HUB\WEB-DEVELOPMENT\processing_related\processing-4.1.1\core\library\jogl-all-natives-windows-i586.jar;D:\GIT_HUB\WEB-DEVELOPMENT\processing_related\processing-4.1.1\core\library\jogl-all.jar;C:\Users\HP PC\OneDrive\Documents\Processing\libraries\peasyc
Launcher Type: SUN_STANDARD

[Global flags]
     intx CICompilerCount                          = 4                                         {product} {ergonomic}
     uint ConcGCThreads                            = 2                                         {product} {ergonomic}
     uint G1ConcRefinementThreads                  = 8                                         {product} {ergonomic}
   size_t G1HeapRegionSize                         = 1048576                                   {product} {ergonomic}
    uintx GCDrainStackTargetSize                   = 64                                        {product} {ergonomic}
   size_t InitialHeapSize                          = 130023424                                 {product} {ergonomic}
   size_t MarkStackSize                            = 4194304                                   {product} {ergonomic}
   size_t MaxHeapSize                              = 2055208960                                {product} {ergonomic}
   size_t MaxNewSize                               = 1233125376                                {product} {ergonomic}
   size_t MinHeapDeltaBytes                        = 1048576                                   {product} {ergonomic}
   size_t MinHeapSize                              = 8388608                                   {product} {ergonomic}
    uintx NonNMethodCodeHeapSize                   = 5839372                                {pd product} {ergonomic}
    uintx NonProfiledCodeHeapSize                  = 122909434                              {pd product} {ergonomic}
    uintx ProfiledCodeHeapSize                     = 122909434                              {pd product} {ergonomic}
    uintx ReservedCodeCacheSize                    = 251658240                              {pd product} {ergonomic}
     bool SegmentedCodeCache                       = true                                      {product} {ergonomic}
   size_t SoftMaxHeapSize                          = 2055208960                             {manageable} {ergonomic}
     bool UseCompressedClassPointers               = true                           {product lp64_product} {ergonomic}
     bool UseCompressedOops                        = true                           {product lp64_product} {ergonomic}
     bool UseG1GC                                  = true                                      {product} {ergonomic}
     bool UseLargePagesIndividualAllocation        = false                                  {pd product} {ergonomic}

Logging:
Log output configuration:
 #0: stdout all=off uptime,level,tags
 #1: stderr all=off uptime,level,tags

Environment Variables:
JAVA_HOME=C:\Program Files\Java\jdk-18.0.1.1
PATH=C:\Program Files\Common Files\Oracle\Java\javapath;C:\Program Files (x86)\Common Files\Oracle\Java\javapath;C:\WINDOWS\system32;C:\WINDOWS;C:\WINDOWS\System32\Wbem;C:\WINDOWS\System32\WindowsPowerShell\v1.0\;C:\WINDOWS\System32\OpenSSH\;C:\mingw\mingw32\bin;C:\Program Files\Python310;C:\Program Files\Java\jdk-18.0.1.1\bin;C:\Program Files\Git\cmd;C:\Program Files\nodejs\;C:\Program Files\MySQL\MySQL Shell 8.0\bin\;C:\Users\HP PC\AppData\Local\Microsoft\WindowsApps;C:\Users\HP PC\AppData\Local\Programs\Microsoft VS Code\bin;C:\Program Files\Python310\Scripts;C:\Users\HP PC\AppData\Local\Programs\MiKTeX\miktex\bin\x64\;C:\Users\HP PC\AppData\Roaming\npm;D:\GIT_HUB\WEB-DEVELOPMENT\processing_related\processing-4.1.1\java\bin
USERNAME=AADITYA RAJ
OS=Windows_NT
PROCESSOR_IDENTIFIER=Intel64 Family 6 Model 140 Stepping 1, GenuineIntel
TMP=C:\Users\HPPC~1\AppData\Local\Temp
TEMP=C:\Users\HPPC~1\AppData\Local\Temp



---------------  S Y S T E M  ---------------

OS:
 Windows 11 , 64 bit Build 22621 (10.0.22621.1105)
OS uptime: 1 days 13:52 hours
Hyper-V role detected

CPU: total 8 (initial active 8) (4 cores per cpu, 2 threads per core) family 6 model 140 stepping 1 microcode 0x9a, cx8, cmov, fxsr, ht, mmx, 3dnowpref, sse, sse2, sse3, ssse3, sse4.1, sse4.2, popcnt, lzcnt, tsc, tscinvbit, avx, avx2, aes, erms, clmul, bmi1, bmi2, adx, avx512f, avx512dq, avx512cd, avx512bw, avx512vl, sha, fma, vzeroupper, avx512_vpopcntdq, avx512_vpclmulqdq, avx512_vaes, avx512_vnni, clflush, clflushopt, clwb, avx512_vbmi2, avx512_vbmi, hv

Memory: 4k page, system-wide physical 7834M (2504M free)
TotalPageFile size 11418M (AvailPageFile size 4473M)
current process WorkingSet (physical memory assigned to process): 583M, peak: 592M
current process commit charge ("private bytes"): 580M, peak: 594M

vm_info: OpenJDK 64-Bit Server VM (17.0.5+8) for windows-amd64 JRE (17.0.5+8), built on Oct 19 2022 04:48:13 by "temurin" with MS VC++ 16.7 (VS2019)

END.
